<<<<<<< HEAD
BLOCK00/SES000/SA000S13	SES013	-8.238
BLOCK00/SES000/SA000S14	SES013	-8.31555
BLOCK00/SES000/SA000S22	SES000	-10.2984
BLOCK00/SES000/SA000S24	SES002	-11.8264
BLOCK00/SES000/SA000S28	SES013	-8.62255
BLOCK00/SES001/SA001S14	SES001	-9.63985
BLOCK00/SES001/SA001S15	SES001	-7.64695
BLOCK00/SES001/SA001S24	SES011	-11.3978
BLOCK00/SES001/SA001S27	SES001	-6.40632
BLOCK00/SES001/SA001S29	SES001	-9.61894
BLOCK00/SES002/SA002S12	SES002	-9.37919
BLOCK00/SES002/SA002S13	SES013	-9.42542
BLOCK00/SES002/SA002S23	SES002	-9.4757
BLOCK00/SES002/SA002S26	SES002	-12.4831
BLOCK00/SES002/SA002S28	SES002	-10.5962
BLOCK00/SES003/SA003S11	SES003	-5.75194
BLOCK00/SES003/SA003S15	SES002	-8.70522
BLOCK00/SES003/SA003S22	SES014	-7.20475
BLOCK00/SES003/SA003S25	SES003	-6.97502
BLOCK00/SES003/SA003S29	SES003	-6.12308
BLOCK00/SES004/SA004S12	SES004	-6.02012
BLOCK00/SES004/SA004S17	SES004	-6.32579
BLOCK00/SES004/SA004S24	SES004	-7.83849
BLOCK00/SES004/SA004S26	SES004	-7.44188
BLOCK00/SES004/SA004S28	SES008	-3.56969
BLOCK00/SES005/SA005S12	SES004	-8.97778
BLOCK00/SES005/SA005S13	SES007	-6.89783
BLOCK00/SES005/SA005S20	SES005	-8.12216
BLOCK00/SES005/SA005S24	SES005	-9.0002
BLOCK00/SES005/SA005S28	SES005	-5.46843
BLOCK00/SES006/SA006S10	SES006	-11.6144
BLOCK00/SES006/SA006S11	SES006	-9.58377
BLOCK00/SES006/SA006S23	SES006	-10.8841
BLOCK00/SES006/SA006S26	SES006	-9.50911
BLOCK00/SES006/SA006S28	SES006	-11.0765
BLOCK00/SES007/SA007S14	SES007	-9.07417
BLOCK00/SES007/SA007S15	SES007	-9.38328
BLOCK00/SES007/SA007S24	SES007	-8.46808
BLOCK00/SES007/SA007S27	SES007	-11.0566
BLOCK00/SES007/SA007S29	SES007	-7.25516
BLOCK00/SES008/SA008S11	SES008	-4.62993
BLOCK00/SES008/SA008S12	SES008	-5.22185
BLOCK00/SES008/SA008S19	SES008	-5.99079
BLOCK00/SES008/SA008S22	SES008	-6.67067
BLOCK00/SES008/SA008S29	SES008	-4.56032
BLOCK00/SES009/SA009S12	SES009	-10.821
BLOCK00/SES009/SA009S15	SES009	-10.2481
BLOCK00/SES009/SA009S24	SES009	-11.2543
BLOCK00/SES009/SA009S26	SES009	-9.40528
BLOCK00/SES009/SA009S29	SES009	-9.00789
BLOCK01/SES010/SA010S11	SES010	-6.43876
BLOCK01/SES010/SA010S12	SES010	-7.8209
BLOCK01/SES010/SA010S20	SES010	-8.40515
BLOCK01/SES010/SA010S24	SES010	-9.45219
BLOCK01/SES010/SA010S29	SES010	-7.36677
BLOCK01/SES011/SA011S10	SES011	-13.4681
BLOCK01/SES011/SA011S11	SES011	-11.6851
BLOCK01/SES011/SA011S22	SES011	-13.0429
BLOCK01/SES011/SA011S24	SES011	-10.8185
BLOCK01/SES011/SA011S27	SES011	-10.9885
BLOCK01/SES012/SA012S11	SES012	-8.2386
BLOCK01/SES012/SA012S14	SES012	-10.6989
BLOCK01/SES012/SA012S24	SES012	-12.5442
BLOCK01/SES012/SA012S26	SES012	-11.8125
BLOCK01/SES012/SA012S29	SES009	-6.54693
BLOCK01/SES013/SA013S16	SES013	-11.2093
BLOCK01/SES013/SA013S17	SES013	-7.65993
BLOCK01/SES013/SA013S23	SES013	-8.52307
BLOCK01/SES013/SA013S25	SES013	-7.86154
BLOCK01/SES013/SA013S29	SES013	-9.00747
BLOCK01/SES014/SA014S10	SES014	-8.29167
BLOCK01/SES014/SA014S12	SES014	-7.44351
BLOCK01/SES014/SA014S24	SES014	-7.88261
BLOCK01/SES014/SA014S26	SES014	-9.19838
BLOCK01/SES014/SA014S28	SES014	-4.89484
BLOCK01/SES015/SA015S11	SES002	-7.98557
BLOCK01/SES015/SA015S12	SES013	-8.07335
BLOCK01/SES015/SA015S23	SES001	-7.83588
BLOCK01/SES015/SA015S25	SES024	-9.47412
BLOCK01/SES015/SA015S29	SES023	-11.7405
BLOCK01/SES016/SA016S12	SES016	-10.7121
BLOCK01/SES016/SA016S13	SES016	-9.89456
BLOCK01/SES016/SA016S22	SES016	-9.93246
BLOCK01/SES016/SA016S25	SES016	-8.97752
BLOCK01/SES016/SA016S27	SES016	-11.1056
BLOCK01/SES017/SA017S11	SES017	-10.1941
BLOCK01/SES017/SA017S12	SES017	-9.85094
BLOCK01/SES017/SA017S19	SES017	-8.01088
BLOCK01/SES017/SA017S23	SES017	-9.0049
BLOCK01/SES017/SA017S27	SES017	-11.0956
BLOCK01/SES019/SA019S13	SES019	-8.53088
BLOCK01/SES019/SA019S14	SES019	-9.42228
BLOCK01/SES019/SA019S22	SES019	-8.10238
BLOCK01/SES019/SA019S25	SES019	-9.71
BLOCK01/SES019/SA019S29	SES019	-9.63358
BLOCK02/SES020/SA020S15	SES020	-7.30679
BLOCK02/SES020/SA020S16	SES020	-10.3455
BLOCK02/SES020/SA020S24	SES020	-10.1473
BLOCK02/SES020/SA020S26	SES020	-9.48929
BLOCK02/SES020/SA020S29	SES020	-9.78425
BLOCK02/SES021/SA021S13	SES023	-10.9843
BLOCK02/SES021/SA021S15	SES021	-9.33439
BLOCK02/SES021/SA021S23	SES021	-10.3323
BLOCK02/SES021/SA021S27	SES021	-9.01169
BLOCK02/SES021/SA021S29	SES021	-10.235
BLOCK02/SES022/SA022S13	SES022	-11.4527
BLOCK02/SES022/SA022S14	SES022	-9.14799
BLOCK02/SES022/SA022S23	SES022	-8.22973
BLOCK02/SES022/SA022S25	SES022	-9.22565
BLOCK02/SES022/SA022S29	SES022	-9.33706
BLOCK02/SES023/SA023S11	SES023	-8.24161
BLOCK02/SES023/SA023S13	SES019	-11.2459
BLOCK02/SES023/SA023S24	SES023	-9.29098
BLOCK02/SES023/SA023S26	SES023	-13.1308
BLOCK02/SES023/SA023S28	SES023	-8.73542
BLOCK02/SES024/SA024S10	SES024	-11.6986
BLOCK02/SES024/SA024S11	SES024	-9.15885
BLOCK02/SES024/SA024S19	SES024	-8.14162
BLOCK02/SES024/SA024S26	SES024	-9.14284
BLOCK02/SES024/SA024S28	SES024	-8.14313
BLOCK02/SES025/SA025S10	SES025	-8.20042
BLOCK02/SES025/SA025S13	SES027	-9.5229
BLOCK02/SES025/SA025S21	SES025	-8.62724
BLOCK02/SES025/SA025S24	SES025	-8.81207
BLOCK02/SES025/SA025S29	SES025	-8.49763
BLOCK02/SES026/SA026S12	SES026	-10.8558
BLOCK02/SES026/SA026S13	SES026	-11.405
BLOCK02/SES026/SA026S21	SES026	-11.393
BLOCK02/SES026/SA026S26	SES019	-10.8128
BLOCK02/SES026/SA026S28	SES026	-10.4093
BLOCK02/SES027/SA027S11	SES025	-8.4902
BLOCK02/SES027/SA027S12	SES025	-9.33371
BLOCK02/SES027/SA027S21	SES027	-8.23295
BLOCK02/SES027/SA027S23	SES023	-9.79892
BLOCK02/SES027/SA027S25	SES027	-7.76819
BLOCK02/SES029/SA029S11	SES029	-8.82993
BLOCK02/SES029/SA029S12	SES029	-9.17829
BLOCK02/SES029/SA029S20	SES029	-8.23954
BLOCK02/SES029/SA029S25	SES016	-9.43152
BLOCK02/SES029/SA029S28	SES029	-9.78816
BLOCK04/SES040/SA040S08	SES040	-8.86587
BLOCK04/SES040/SA040S09	SES040	-8.54247
BLOCK04/SES040/SA040S20	SES040	-8.42145
BLOCK04/SES040/SA040S23	SES040	-8.56935
BLOCK04/SES040/SA040S27	SES040	-9.7378
BLOCK04/SES042/SA042S12	SES042	-8.61244
BLOCK04/SES042/SA042S15	SES042	-9.67091
BLOCK04/SES042/SA042S22	SES042	-11.102
BLOCK04/SES042/SA042S25	SES042	-11.1819
BLOCK04/SES042/SA042S27	SES042	-10.6782
BLOCK04/SES043/SA043S09	SES043	-9.89443
BLOCK04/SES043/SA043S11	SES043	-7.65383
BLOCK04/SES043/SA043S23	SES043	-8.43925
BLOCK04/SES043/SA043S26	SES044	-11.5317
BLOCK04/SES043/SA043S28	SES043	-10.1368
BLOCK04/SES044/SA044S10	SES044	-9.70426
BLOCK04/SES044/SA044S11	SES044	-9.24407
BLOCK04/SES044/SA044S24	SES044	-9.95844
BLOCK04/SES044/SA044S26	SES044	-7.73767
BLOCK04/SES044/SA044S29	SES016	-9.53209
BLOCK04/SES045/SA045S11	SES045	-9.06113
BLOCK04/SES045/SA045S13	SES044	-8.66709
BLOCK04/SES045/SA045S22	SES045	-9.13911
BLOCK04/SES045/SA045S25	SES045	-9.07664
BLOCK04/SES045/SA045S29	SES045	-11.5591
BLOCK04/SES046/SA046S13	SES043	-10.6614
BLOCK04/SES046/SA046S15	SES016	-8.52689
BLOCK04/SES046/SA046S22	SES144	-8.46065
BLOCK04/SES046/SA046S25	SES200	-4.98711
BLOCK04/SES046/SA046S28	SES048	-7.27307
BLOCK04/SES047/SA047S10	SES047	-8.02771
BLOCK04/SES047/SA047S11	SES047	-5.76238
BLOCK04/SES047/SA047S22	SES047	-6.58497
BLOCK04/SES047/SA047S24	SES166	-9.90522
BLOCK04/SES047/SA047S27	SES047	-6.6771
BLOCK04/SES048/SA048S11	SES048	-7.12358
BLOCK04/SES048/SA048S12	SES048	-9.42658
BLOCK04/SES048/SA048S20	SES206	-9.03545
BLOCK04/SES048/SA048S23	SES102	-6.02231
BLOCK04/SES048/SA048S27	SES102	-9.0724
BLOCK04/SES049/SA049S16	SES227	-10.3008
BLOCK04/SES049/SA049S18	SES108	-8.04147
BLOCK04/SES049/SA049S25	SES049	-8.77028
BLOCK04/SES049/SA049S27	SES049	-3.78378
BLOCK04/SES049/SA049S29	SES049	-4.13453
BLOCK06/SES060/SA060S11	SES060	-9.90765
BLOCK06/SES060/SA060S12	SES060	-11.0775
BLOCK06/SES060/SA060S22	SES172	-9.67064
BLOCK06/SES060/SA060S24	SES132	-6.1483
BLOCK06/SES060/SA060S28	SES062	-5.3827
BLOCK06/SES061/SA061S10	SES206	-12.5288
BLOCK06/SES061/SA061S11	SES122	-11.2059
BLOCK06/SES061/SA061S18	SES128	-14.3962
BLOCK06/SES061/SA061S23	SES061	-11.7522
BLOCK06/SES061/SA061S26	SES061	-10.9119
BLOCK06/SES062/SA062S10	SES062	-8.60366
BLOCK06/SES062/SA062S11	SES221	-10.0817
BLOCK06/SES062/SA062S21	SES177	-4.45859
BLOCK06/SES062/SA062S26	SES062	-7.66168
BLOCK06/SES062/SA062S29	SES062	-5.76885
BLOCK06/SES063/SA063S09	SES063	-9.04171
BLOCK06/SES063/SA063S10	SES063	-8.3793
BLOCK06/SES063/SA063S20	SES063	-9.97843
BLOCK06/SES063/SA063S24	SES063	-10.2914
BLOCK06/SES063/SA063S27	SES063	-10.2572
BLOCK06/SES064/SA064S12	SES064	-9.44179
BLOCK06/SES064/SA064S14	SES064	-6.56958
BLOCK06/SES064/SA064S22	SES064	-5.69523
BLOCK06/SES064/SA064S26	SES064	-5.62588
BLOCK06/SES064/SA064S29	SES064	-6.33296
BLOCK06/SES065/SA065S11	SES221	-8.27648
BLOCK06/SES065/SA065S13	SES065	-7.43833
BLOCK06/SES065/SA065S22	SES065	-6.53275
BLOCK06/SES065/SA065S24	SES065	-6.59805
BLOCK06/SES065/SA065S29	SES085	-10.296
BLOCK06/SES066/SA066S13	SES171	-12.6483
BLOCK06/SES066/SA066S14	SES066	-7.50716
BLOCK06/SES066/SA066S21	SES066	-4.54422
BLOCK06/SES066/SA066S25	SES066	-8.42084
BLOCK06/SES066/SA066S29	SES066	-10.1464
BLOCK06/SES067/SA067S12	SES067	-6.48968
BLOCK06/SES067/SA067S14	SES067	-4.11676
BLOCK06/SES067/SA067S21	SES187	-8.85346
BLOCK06/SES067/SA067S25	SES170	-9.3268
BLOCK06/SES067/SA067S29	SES129	-9.49455
BLOCK06/SES068/SA068S14	SES068	-7.33789
BLOCK06/SES068/SA068S15	SES062	-7.98051
BLOCK06/SES068/SA068S23	SES185	-9.66168
BLOCK06/SES068/SA068S27	SES068	-8.23653
BLOCK06/SES068/SA068S29	SES068	-9.26749
BLOCK06/SES069/SA069S12	SES069	-6.70659
BLOCK06/SES069/SA069S13	SES069	-5.1142
BLOCK06/SES069/SA069S23	SES069	-2.08927
BLOCK06/SES069/SA069S25	SES047	-6.18511
BLOCK06/SES069/SA069S27	SES069	-7.94889
BLOCK08/SES080/SA080S11	SES080	-9.91327
BLOCK08/SES080/SA080S12	SES080	-9.629
BLOCK08/SES080/SA080S21	SES272	-9.40831
BLOCK08/SES080/SA080S25	SES080	-11.2151
BLOCK08/SES080/SA080S28	SES080	-13.1867
BLOCK08/SES081/SA081S11	SES081	-10.279
BLOCK08/SES081/SA081S13	SES081	-7.43394
BLOCK08/SES081/SA081S24	SES081	-8.87718
BLOCK08/SES081/SA081S27	SES081	-14.0267
BLOCK08/SES081/SA081S29	SES081	-12.1504
BLOCK08/SES082/SA082S12	SES157	-7.2142
BLOCK08/SES082/SA082S14	SES082	-7.65481
BLOCK08/SES082/SA082S21	SES082	-6.78859
BLOCK08/SES082/SA082S24	SES082	-8.58547
BLOCK08/SES082/SA082S28	SES082	-9.97255
BLOCK08/SES083/SA083S14	SES170	-7.40563
BLOCK08/SES083/SA083S15	SES083	-9.41854
BLOCK08/SES083/SA083S24	SES083	-8.31547
BLOCK08/SES083/SA083S26	SES107	-10.6586
BLOCK08/SES083/SA083S29	SES083	-8.92557
BLOCK08/SES084/SA084S14	SES084	-9.55071
BLOCK08/SES084/SA084S15	SES147	-6.61613
BLOCK08/SES084/SA084S22	SES084	-7.1305
BLOCK08/SES084/SA084S27	SES290	-9.09894
BLOCK08/SES084/SA084S29	SES085	-8.69885
BLOCK08/SES085/SA085S10	SES085	-6.15434
BLOCK08/SES085/SA085S13	SES085	-9.31322
BLOCK08/SES085/SA085S22	SES062	-7.02266
BLOCK08/SES085/SA085S26	SES068	-10.8133
BLOCK08/SES085/SA085S28	SES068	-6.55668
BLOCK08/SES086/SA086S11	SES086	-11.4945
BLOCK08/SES086/SA086S12	SES086	-9.15841
BLOCK08/SES086/SA086S20	SES122	-9.01602
BLOCK08/SES086/SA086S24	SES086	-9.08246
BLOCK08/SES086/SA086S28	SES086	-6.02418
BLOCK08/SES087/SA087S15	SES087	-7.78408
BLOCK08/SES087/SA087S16	SES087	-7.53862
BLOCK08/SES087/SA087S24	SES086	-10.5332
BLOCK08/SES087/SA087S26	SES279	-7.87453
BLOCK08/SES087/SA087S29	SES087	-6.46145
BLOCK08/SES088/SA088S15	SES160	-8.88405
BLOCK08/SES088/SA088S17	SES088	-11.407
BLOCK08/SES088/SA088S24	SES081	-9.12333
BLOCK08/SES088/SA088S27	SES275	-8.31203
BLOCK08/SES088/SA088S29	SES081	-10.1286
BLOCK08/SES089/SA089S13	SES089	-9.22246
BLOCK08/SES089/SA089S14	SES066	-7.502
BLOCK08/SES089/SA089S23	SES089	-10.6439
BLOCK08/SES089/SA089S25	SES089	-8.80786
BLOCK08/SES089/SA089S28	SES089	-7.06317
BLOCK09/SES097/SA097S11	SES097	-5.68951
BLOCK09/SES097/SA097S14	SES145	-5.49573
BLOCK09/SES097/SA097S22	SES097	-6.97799
BLOCK09/SES097/SA097S26	SES097	-6.14598
BLOCK09/SES097/SA097S28	SES097	-6.07605
BLOCK09/SES098/SA098S11	SES098	-8.77413
BLOCK09/SES098/SA098S12	SES098	-11.6681
BLOCK09/SES098/SA098S20	SES160	-14.767
BLOCK09/SES098/SA098S23	SES117	-10.6653
BLOCK09/SES098/SA098S27	SES098	-11.7507
BLOCK09/SES099/SA099S15	SES279	-9.1074
BLOCK09/SES099/SA099S16	SES069	-5.38205
BLOCK09/SES099/SA099S24	SES279	-7.22372
BLOCK09/SES099/SA099S26	SES086	-8.46999
BLOCK09/SES099/SA099S29	SES099	-8.15001
BLOCK10/SES100/SA100S13	SES080	-7.52782
BLOCK10/SES100/SA100S14	SES100	-13.1182
BLOCK10/SES100/SA100S24	SES226	-9.09923
BLOCK10/SES100/SA100S27	SES100	-11.0853
BLOCK10/SES100/SA100S29	SES163	-9.24174
BLOCK10/SES101/SA101S11	SES102	-8.09085
BLOCK10/SES101/SA101S13	SES102	-5.56341
BLOCK10/SES101/SA101S22	SES101	-7.76847
BLOCK10/SES101/SA101S24	SES107	-8.36743
BLOCK10/SES101/SA101S28	SES171	-7.92988
BLOCK10/SES102/SA102S13	SES102	-10.87
BLOCK10/SES102/SA102S14	SES102	-8.50775
BLOCK10/SES102/SA102S22	SES102	-8.38825
BLOCK10/SES102/SA102S25	SES102	-8.93073
BLOCK10/SES102/SA102S27	SES102	-7.06312
BLOCK10/SES103/SA103S14	SES158	-13.9354
BLOCK10/SES103/SA103S15	SES103	-11.5939
BLOCK10/SES103/SA103S24	SES103	-7.82007
BLOCK10/SES103/SA103S26	SES103	-10.7933
BLOCK10/SES103/SA103S28	SES103	-11.989
BLOCK10/SES104/SA104S11	SES291	-7.37607
BLOCK10/SES104/SA104S12	SES104	-8.28661
BLOCK10/SES104/SA104S21	SES104	-7.53687
BLOCK10/SES104/SA104S24	SES120	-11.6056
BLOCK10/SES104/SA104S28	SES128	-9.94418
BLOCK10/SES105/SA105S12	SES105	-9.47169
BLOCK10/SES105/SA105S13	SES109	-10.1728
BLOCK10/SES105/SA105S22	SES109	-9.70533
BLOCK10/SES105/SA105S26	SES107	-10.3511
BLOCK10/SES105/SA105S29	SES159	-7.94892
BLOCK10/SES106/SA106S09	SES106	-11.9179
BLOCK10/SES106/SA106S11	SES106	-9.37538
BLOCK10/SES106/SA106S22	SES106	-12.7872
BLOCK10/SES106/SA106S27	SES106	-8.08647
BLOCK10/SES106/SA106S29	SES106	-8.41585
BLOCK10/SES107/SA107S08	SES107	-7.76702
BLOCK10/SES107/SA107S09	SES107	-10.1816
BLOCK10/SES107/SA107S20	SES107	-10.8332
BLOCK10/SES107/SA107S24	SES102	-9.71658
BLOCK10/SES107/SA107S28	SES107	-9.4596
BLOCK10/SES108/SA108S13	SES108	-11.373
BLOCK10/SES108/SA108S14	SES279	-8.67533
BLOCK10/SES108/SA108S24	SES108	-9.50412
BLOCK10/SES108/SA108S27	SES279	-9.88902
BLOCK10/SES108/SA108S29	SES108	-14.1075
BLOCK10/SES109/SA109S14	SES109	-10.6233
BLOCK10/SES109/SA109S15	SES117	-9.36852
BLOCK10/SES109/SA109S21	SES109	-12.3533
BLOCK10/SES109/SA109S25	SES109	-11.6421
BLOCK10/SES109/SA109S28	SES109	-11.4414
BLOCK11/SES117/SA117S12	SES144	-9.39817
BLOCK11/SES117/SA117S13	SES172	-6.56017
BLOCK11/SES117/SA117S23	SES117	-10.9568
BLOCK11/SES117/SA117S25	SES117	-7.50943
BLOCK11/SES117/SA117S28	SES117	-10.5148
BLOCK11/SES118/SA118S14	SES118	-6.5367
BLOCK11/SES118/SA118S16	SES207	-7.41075
BLOCK11/SES118/SA118S23	SES126	-7.55271
BLOCK11/SES118/SA118S26	SES118	-8.34623
BLOCK11/SES118/SA118S29	SES118	-10.4558
BLOCK11/SES119/SA119S10	SES119	-4.62477
BLOCK11/SES119/SA119S12	SES119	-6.43984
BLOCK11/SES119/SA119S19	SES119	-4.78984
BLOCK11/SES119/SA119S22	SES133	-7.18704
BLOCK11/SES119/SA119S27	SES119	-6.99804
BLOCK12/SES120/SA120S08	SES120	-11.9035
BLOCK12/SES120/SA120S11	SES120	-15.294
BLOCK12/SES120/SA120S22	SES209	-8.47136
BLOCK12/SES120/SA120S24	SES107	-13.1191
BLOCK12/SES120/SA120S28	SES120	-11.1313
BLOCK12/SES121/SA121S12	SES121	-7.84326
BLOCK12/SES121/SA121S14	SES121	-12.9655
BLOCK12/SES121/SA121S23	SES121	-9.33397
BLOCK12/SES121/SA121S25	SES121	-12.8172
BLOCK12/SES121/SA121S27	SES121	-12.1996
BLOCK12/SES122/SA122S11	SES122	-11.5239
BLOCK12/SES122/SA122S13	SES122	-11.9533
BLOCK12/SES122/SA122S22	SES122	-10.5817
BLOCK12/SES122/SA122S24	SES168	-8.39791
BLOCK12/SES122/SA122S27	SES122	-9.72112
BLOCK12/SES123/SA123S10	SES123	-9.13944
BLOCK12/SES123/SA123S12	SES123	-9.25817
BLOCK12/SES123/SA123S23	SES123	-8.8896
BLOCK12/SES123/SA123S26	SES123	-9.37456
BLOCK12/SES123/SA123S29	SES123	-7.91414
BLOCK12/SES124/SA124S16	SES124	-7.04372
BLOCK12/SES124/SA124S17	SES124	-11.5788
BLOCK12/SES124/SA124S23	SES124	-5.19564
BLOCK12/SES124/SA124S26	SES124	-8.61561
BLOCK12/SES124/SA124S28	SES124	-6.38697
BLOCK12/SES125/SA125S13	SES125	-10.7196
BLOCK12/SES125/SA125S14	SES125	-11.8753
BLOCK12/SES125/SA125S25	SES125	-8.80548
BLOCK12/SES125/SA125S27	SES125	-9.54981
BLOCK12/SES125/SA125S29	SES125	-8.60723
BLOCK12/SES126/SA126S13	SES126	-9.83224
BLOCK12/SES126/SA126S14	SES177	-7.71124
BLOCK12/SES126/SA126S20	SES126	-4.66264
BLOCK12/SES126/SA126S24	SES126	-6.7747
BLOCK12/SES126/SA126S26	SES126	-5.59868
BLOCK12/SES127/SA127S11	SES127	-6.93597
BLOCK12/SES127/SA127S12	SES148	-3.64446
BLOCK12/SES127/SA127S23	SES127	-6.44722
BLOCK12/SES127/SA127S25	SES276	-5.10556
BLOCK12/SES127/SA127S27	SES129	-6.70307
BLOCK12/SES128/SA128S10	SES122	-8.22738
BLOCK12/SES128/SA128S12	SES128	-10.8174
BLOCK12/SES128/SA128S21	SES128	-8.46197
BLOCK12/SES128/SA128S24	SES128	-9.97681
BLOCK12/SES128/SA128S27	SES128	-9.16982
BLOCK12/SES129/SA129S11	SES129	-5.55539
BLOCK12/SES129/SA129S12	SES129	-5.67477
BLOCK12/SES129/SA129S22	SES165	-5.3403
BLOCK12/SES129/SA129S27	SES129	-5.08776
BLOCK12/SES129/SA129S29	SES129	-11.1043
BLOCK13/SES130/SA130S13	SES107	-9.27344
BLOCK13/SES130/SA130S15	SES130	-6.32831
BLOCK13/SES130/SA130S23	SES130	-5.51975
BLOCK13/SES130/SA130S25	SES130	-4.13449
BLOCK13/SES130/SA130S28	SES118	-7.47517
BLOCK13/SES131/SA131S13	SES131	-7.51997
BLOCK13/SES131/SA131S14	SES131	-3.00511
BLOCK13/SES131/SA131S20	SES131	-9.79913
BLOCK13/SES131/SA131S22	SES080	-7.83641
BLOCK13/SES131/SA131S29	SES131	-10.3261
BLOCK13/SES132/SA132S11	SES132	-10.9034
BLOCK13/SES132/SA132S12	SES132	-7.20649
BLOCK13/SES132/SA132S22	SES120	-10.112
BLOCK13/SES132/SA132S24	SES132	-7.91477
BLOCK13/SES132/SA132S27	SES160	-11.1848
BLOCK13/SES133/SA133S12	SES133	-7.65798
BLOCK13/SES133/SA133S14	SES133	-4.23265
BLOCK13/SES133/SA133S22	SES133	-4.92536
BLOCK13/SES133/SA133S24	SES130	-9.19807
BLOCK13/SES133/SA133S28	SES133	-3.63483
BLOCK14/SES140/SA140S10	SES177	-9.49556
BLOCK14/SES140/SA140S13	SES140	-7.28777
BLOCK14/SES140/SA140S20	SES177	-5.77201
BLOCK14/SES140/SA140S22	SES140	-7.5645
BLOCK14/SES140/SA140S28	SES062	-7.2128
BLOCK14/SES141/SA141S09	SES141	-6.28576
BLOCK14/SES141/SA141S15	SES141	-7.72695
BLOCK14/SES141/SA141S24	SES141	-9.28238
BLOCK14/SES141/SA141S26	SES141	-8.72796
BLOCK14/SES141/SA141S29	SES140	-6.76981
BLOCK14/SES142/SA142S11	SES126	-6.86607
BLOCK14/SES142/SA142S12	SES142	-11.3317
BLOCK14/SES142/SA142S24	SES142	-9.94695
BLOCK14/SES142/SA142S27	SES120	-10.4442
BLOCK14/SES142/SA142S29	SES142	-9.50926
BLOCK14/SES143/SA143S12	SES143	-7.76978
BLOCK14/SES143/SA143S13	SES143	-7.62981
BLOCK14/SES143/SA143S23	SES143	-7.43369
BLOCK14/SES143/SA143S25	SES098	-12.2401
BLOCK14/SES143/SA143S28	SES117	-10.5675
BLOCK14/SES144/SA144S09	SES144	-7.00478
BLOCK14/SES144/SA144S11	SES069	-8.04811
BLOCK14/SES144/SA144S21	SES081	-6.42357
BLOCK14/SES144/SA144S25	SES118	-7.19771
BLOCK14/SES144/SA144S29	SES183	-9.55317
BLOCK14/SES145/SA145S12	SES145	-5.76916
BLOCK14/SES145/SA145S13	SES145	-6.26365
BLOCK14/SES145/SA145S23	SES145	-7.34825
BLOCK14/SES145/SA145S25	SES145	-4.19082
BLOCK14/SES145/SA145S28	SES145	-4.36185
BLOCK14/SES146/SA146S14	SES146	-8.0278
BLOCK14/SES146/SA146S15	SES146	-9.72251
BLOCK14/SES146/SA146S24	SES146	-9.70976
BLOCK14/SES146/SA146S26	SES182	-9.06505
BLOCK14/SES146/SA146S29	SES146	-9.8692
BLOCK14/SES147/SA147S11	SES147	-9.12752
BLOCK14/SES147/SA147S13	SES047	-5.93781
BLOCK14/SES147/SA147S23	SES147	-6.11869
BLOCK14/SES147/SA147S26	SES147	-5.87082
BLOCK14/SES147/SA147S28	SES130	-3.90603
BLOCK14/SES148/SA148S10	SES088	-6.45818
BLOCK14/SES148/SA148S12	SES143	-7.38443
BLOCK14/SES148/SA148S22	SES148	-4.75652
BLOCK14/SES148/SA148S26	SES290	-4.78155
BLOCK14/SES148/SA148S29	SES148	-8.2223
BLOCK14/SES149/SA149S13	SES271	-8.01072
BLOCK14/SES149/SA149S14	SES160	-6.52519
BLOCK14/SES149/SA149S24	SES149	-6.67635
BLOCK14/SES149/SA149S26	SES149	-8.76286
BLOCK14/SES149/SA149S28	SES149	-2.67096
BLOCK15/SES157/SA157S08	SES118	-6.50394
BLOCK15/SES157/SA157S11	SES171	-7.4865
BLOCK15/SES157/SA157S21	SES157	-5.05466
BLOCK15/SES157/SA157S24	SES157	-8.39697
BLOCK15/SES157/SA157S26	SES130	-6.72108
BLOCK15/SES158/SA158S13	SES158	-11.7608
BLOCK15/SES158/SA158S14	SES158	-12.6066
BLOCK15/SES158/SA158S23	SES158	-10.6608
BLOCK15/SES158/SA158S26	SES158	-12.5954
BLOCK15/SES158/SA158S28	SES291	-10.9645
BLOCK15/SES159/SA159S10	SES159	-11.4249
BLOCK15/SES159/SA159S12	SES203	-11.1189
BLOCK15/SES159/SA159S22	SES159	-11.9476
BLOCK15/SES159/SA159S25	SES159	-9.63339
BLOCK15/SES159/SA159S28	SES189	-10.1603
BLOCK16/SES160/SA160S12	SES143	-7.11711
BLOCK16/SES160/SA160S14	SES185	-11.1265
BLOCK16/SES160/SA160S24	SES120	-16.8795
BLOCK16/SES160/SA160S26	SES159	-10.1726
BLOCK16/SES160/SA160S28	SES159	-11.2521
BLOCK16/SES161/SA161S10	SES161	-9.04298
BLOCK16/SES161/SA161S12	SES161	-10.9413
BLOCK16/SES161/SA161S20	SES080	-12.5927
BLOCK16/SES161/SA161S23	SES161	-11.3273
BLOCK16/SES161/SA161S28	SES122	-13.0911
BLOCK16/SES162/SA162S10	SES166	-9.84239
BLOCK16/SES162/SA162S11	SES162	-6.43935
BLOCK16/SES162/SA162S21	SES162	-6.72453
BLOCK16/SES162/SA162S24	SES162	-5.36015
BLOCK16/SES162/SA162S27	SES166	-9.29269
BLOCK16/SES163/SA163S11	SES163	-11.1131
BLOCK16/SES163/SA163S13	SES163	-5.58219
BLOCK16/SES163/SA163S22	SES163	-9.43961
BLOCK16/SES163/SA163S25	SES163	-7.02014
BLOCK16/SES163/SA163S27	SES163	-8.5242
BLOCK16/SES164/SA164S11	SES164	-3.69015
BLOCK16/SES164/SA164S13	SES164	-5.85745
BLOCK16/SES164/SA164S24	SES164	-4.63723
BLOCK16/SES164/SA164S27	SES164	-4.23835
BLOCK16/SES164/SA164S29	SES164	-4.22852
BLOCK16/SES165/SA165S08	SES167	-2.92168
BLOCK16/SES165/SA165S09	SES165	-7.79134
BLOCK16/SES165/SA165S21	SES117	-11.8649
BLOCK16/SES165/SA165S23	SES165	-7.64328
BLOCK16/SES165/SA165S26	SES165	-6.88805
BLOCK16/SES166/SA166S12	SES166	-9.92089
BLOCK16/SES166/SA166S14	SES118	-9.4959
BLOCK16/SES166/SA166S23	SES118	-7.12146
BLOCK16/SES166/SA166S25	SES166	-7.57735
BLOCK16/SES166/SA166S27	SES166	-9.7913
BLOCK16/SES167/SA167S14	SES167	-4.38072
BLOCK16/SES167/SA167S15	SES148	-3.07759
BLOCK16/SES167/SA167S21	SES167	-3.05048
BLOCK16/SES167/SA167S25	SES167	-4.93969
BLOCK16/SES167/SA167S29	SES167	-2.37052
BLOCK16/SES168/SA168S10	SES168	-3.85627
BLOCK16/SES168/SA168S11	SES168	-4.72146
BLOCK16/SES168/SA168S21	SES168	-6.38086
BLOCK16/SES168/SA168S25	SES168	-3.89194
BLOCK16/SES168/SA168S28	SES168	-4.65508
BLOCK16/SES169/SA169S13	SES169	-9.43299
BLOCK16/SES169/SA169S14	SES276	-5.66849
BLOCK16/SES169/SA169S24	SES169	-7.93603
BLOCK16/SES169/SA169S27	SES169	-8.38385
BLOCK16/SES169/SA169S29	SES118	-5.04914
BLOCK17/SES170/SA170S09	SES170	-5.37668
BLOCK17/SES170/SA170S10	SES290	-6.27349
BLOCK17/SES170/SA170S22	SES170	-7.41623
BLOCK17/SES170/SA170S24	SES170	-6.71336
BLOCK17/SES170/SA170S28	SES170	-8.56713
BLOCK17/SES171/SA171S12	SES171	-8.86464
BLOCK17/SES171/SA171S15	SES171	-8.22591
BLOCK17/SES171/SA171S22	SES200	-5.28285
BLOCK17/SES171/SA171S25	SES143	-9.99904
BLOCK17/SES171/SA171S27	SES171	-8.9407
BLOCK17/SES172/SA172S12	SES172	-8.09632
BLOCK17/SES172/SA172S13	SES172	-9.2215
BLOCK17/SES172/SA172S23	SES140	-5.49492
BLOCK17/SES172/SA172S27	SES147	-10.1956
BLOCK17/SES172/SA172S29	SES172	-5.94957
BLOCK17/SES173/SA173S13	SES173	-9.12475
BLOCK17/SES173/SA173S14	SES173	-8.14225
BLOCK17/SES173/SA173S24	SES173	-8.83535
BLOCK17/SES173/SA173S27	SES173	-9.26173
BLOCK17/SES173/SA173S29	SES173	-5.71756
BLOCK17/SES175/SA175S11	SES177	-11.3598
BLOCK17/SES175/SA175S13	SES175	-5.43224
BLOCK17/SES175/SA175S23	SES143	-7.14905
BLOCK17/SES175/SA175S25	SES175	-8.75618
BLOCK17/SES175/SA175S28	SES143	-9.68064
BLOCK17/SES177/SA177S15	SES189	-9.38777
BLOCK17/SES177/SA177S17	SES160	-9.53118
BLOCK17/SES177/SA177S23	SES118	-8.55729
BLOCK17/SES177/SA177S26	SES159	-6.43795
BLOCK17/SES177/SA177S28	SES098	-11.0925
BLOCK18/SES180/SA180S13	SES180	-11.6777
BLOCK18/SES180/SA180S15	SES180	-6.13547
BLOCK18/SES180/SA180S24	SES290	-6.79495
BLOCK18/SES180/SA180S26	SES180	-8.80919
BLOCK18/SES180/SA180S29	SES294	-11.1299
BLOCK18/SES182/SA182S10	SES182	-8.55114
BLOCK18/SES182/SA182S12	SES159	-9.36373
BLOCK18/SES182/SA182S21	SES182	-9.80617
BLOCK18/SES182/SA182S23	SES182	-13.1849
BLOCK18/SES182/SA182S25	SES126	-8.78944
BLOCK18/SES183/SA183S13	SES183	-7.65478
BLOCK18/SES183/SA183S14	SES083	-8.02693
BLOCK18/SES183/SA183S24	SES183	-10.2427
BLOCK18/SES183/SA183S27	SES183	-8.62665
BLOCK18/SES183/SA183S29	SES183	-6.71283
BLOCK18/SES184/SA184S12	SES172	-7.40673
BLOCK18/SES184/SA184S13	SES143	-8.76075
BLOCK18/SES184/SA184S22	SES144	-7.15511
BLOCK18/SES184/SA184S25	SES129	-6.78222
BLOCK18/SES184/SA184S27	SES184	-6.97548
BLOCK18/SES185/SA185S12	SES084	-7.9001
BLOCK18/SES185/SA185S13	SES185	-9.44473
BLOCK18/SES185/SA185S23	SES185	-7.95618
BLOCK18/SES185/SA185S27	SES185	-8.86005
BLOCK18/SES185/SA185S29	SES177	-9.2165
BLOCK18/SES186/SA186S14	SES186	-10.0337
BLOCK18/SES186/SA186S15	SES186	-10.3665
BLOCK18/SES186/SA186S23	SES186	-4.92612
BLOCK18/SES186/SA186S26	SES186	-8.65424
BLOCK18/SES186/SA186S28	SES186	-9.40475
BLOCK18/SES187/SA187S13	SES187	-9.15239
BLOCK18/SES187/SA187S14	SES187	-10.1395
BLOCK18/SES187/SA187S24	SES187	-9.35937
BLOCK18/SES187/SA187S27	SES187	-8.10332
BLOCK18/SES187/SA187S29	SES187	-12.5122
BLOCK18/SES188/SA188S10	SES159	-7.18493
BLOCK18/SES188/SA188S14	SES188	-7.2365
BLOCK18/SES188/SA188S22	SES188	-9.78351
BLOCK18/SES188/SA188S24	SES159	-10.6884
BLOCK18/SES188/SA188S26	SES188	-10.8015
BLOCK18/SES189/SA189S10	SES189	-9.46151
BLOCK18/SES189/SA189S13	SES189	-13.25
BLOCK18/SES189/SA189S24	SES189	-9.06625
BLOCK18/SES189/SA189S26	SES189	-10.187
BLOCK18/SES189/SA189S29	SES189	-8.4864
BLOCK20/SES200/SA200S10	SES200	-4.04057
BLOCK20/SES200/SA200S11	SES200	-3.9555
BLOCK20/SES200/SA200S20	SES200	-5.60271
BLOCK20/SES200/SA200S25	SES200	-4.21801
BLOCK20/SES200/SA200S29	SES200	-7.58935
BLOCK20/SES201/SA201S12	SES206	-9.87905
BLOCK20/SES201/SA201S15	SES122	-9.15464
BLOCK20/SES201/SA201S23	SES086	-12.3183
BLOCK20/SES201/SA201S25	SES201	-5.75021
BLOCK20/SES201/SA201S29	SES201	-12.0049
BLOCK20/SES202/SA202S12	SES202	-11.9903
BLOCK20/SES202/SA202S14	SES202	-9.69805
BLOCK20/SES202/SA202S24	SES202	-10.577
BLOCK20/SES202/SA202S27	SES202	-7.42778
BLOCK20/SES202/SA202S29	SES126	-9.03449
BLOCK20/SES203/SA203S10	SES177	-10.2434
BLOCK20/SES203/SA203S11	SES203	-10.2376
BLOCK20/SES203/SA203S22	SES203	-10.1856
BLOCK20/SES203/SA203S24	SES203	-5.26592
BLOCK20/SES203/SA203S27	SES203	-7.44794
BLOCK20/SES204/SA204S12	SES204	-7.61665
BLOCK20/SES204/SA204S14	SES204	-6.08426
BLOCK20/SES204/SA204S22	SES128	-8.21221
BLOCK20/SES204/SA204S25	SES225	-8.57551
BLOCK20/SES204/SA204S27	SES204	-7.21694
BLOCK20/SES205/SA205S12	SES102	-9.07337
BLOCK20/SES205/SA205S13	SES291	-11.1941
BLOCK20/SES205/SA205S21	SES205	-12.9935
BLOCK20/SES205/SA205S24	SES205	-12.1281
BLOCK20/SES205/SA205S26	SES200	-4.83879
BLOCK20/SES206/SA206S15	SES291	-7.00425
BLOCK20/SES206/SA206S17	SES206	-9.6127
BLOCK20/SES206/SA206S24	SES206	-7.14012
BLOCK20/SES206/SA206S27	SES206	-9.97803
BLOCK20/SES206/SA206S29	SES206	-10.7387
BLOCK20/SES207/SA207S10	SES257	-6.86594
BLOCK20/SES207/SA207S11	SES148	-6.57404
BLOCK20/SES207/SA207S25	SES147	-9.00994
BLOCK20/SES207/SA207S27	SES207	-10.7844
BLOCK20/SES207/SA207S29	SES276	-4.86756
BLOCK20/SES209/SA209S12	SES209	-9.10711
BLOCK20/SES209/SA209S13	SES209	-13.2445
BLOCK20/SES209/SA209S21	SES209	-8.15444
BLOCK20/SES209/SA209S25	SES062	-9.04536
BLOCK20/SES209/SA209S28	SES062	-5.55938
BLOCK22/SES220/SA220S10	SES220	-8.58723
BLOCK22/SES220/SA220S13	SES220	-10.3801
BLOCK22/SES220/SA220S24	SES172	-10.132
BLOCK22/SES220/SA220S26	SES203	-9.21889
BLOCK22/SES220/SA220S28	SES220	-8.32321
BLOCK22/SES221/SA221S12	SES221	-7.25669
BLOCK22/SES221/SA221S15	SES221	-7.05293
BLOCK22/SES221/SA221S23	SES221	-8.37935
BLOCK22/SES221/SA221S27	SES085	-7.71796
BLOCK22/SES221/SA221S29	SES221	-10.5609
BLOCK22/SES223/SA223S11	SES223	-9.29038
BLOCK22/SES223/SA223S13	SES188	-12.0378
BLOCK22/SES223/SA223S22	SES223	-8.13189
BLOCK22/SES223/SA223S25	SES221	-9.29846
BLOCK22/SES223/SA223S27	SES223	-11.1347
BLOCK22/SES225/SA225S12	SES225	-7.32317
BLOCK22/SES225/SA225S13	SES225	-6.9438
BLOCK22/SES225/SA225S21	SES084	-5.1635
BLOCK22/SES225/SA225S25	SES225	-5.33537
BLOCK22/SES225/SA225S28	SES225	-9.60443
BLOCK22/SES226/SA226S12	SES226	-8.385
BLOCK22/SES226/SA226S13	SES142	-8.13735
BLOCK22/SES226/SA226S20	SES226	-8.37815
BLOCK22/SES226/SA226S23	SES069	-7.05094
BLOCK22/SES226/SA226S28	SES226	-6.84209
BLOCK22/SES227/SA227S14	SES227	-7.72068
BLOCK22/SES227/SA227S15	SES227	-4.7251
BLOCK22/SES227/SA227S23	SES227	-8.24606
BLOCK22/SES227/SA227S26	SES227	-5.09809
BLOCK22/SES227/SA227S29	SES069	-7.20138
BLOCK25/SES257/SA257S11	SES257	-10.0996
BLOCK25/SES257/SA257S13	SES257	-7.07928
BLOCK25/SES257/SA257S20	SES257	-7.12548
BLOCK25/SES257/SA257S22	SES257	-8.38161
BLOCK25/SES257/SA257S29	SES257	-8.46525
BLOCK25/SES258/SA258S10	SES258	-4.73431
BLOCK25/SES258/SA258S11	SES258	-7.01383
BLOCK25/SES258/SA258S20	SES258	-7.76998
BLOCK25/SES258/SA258S25	SES258	-6.96202
BLOCK25/SES258/SA258S28	SES258	-9.88414
BLOCK25/SES259/SA259S13	SES259	-9.44046
BLOCK25/SES259/SA259S14	SES259	-9.54244
BLOCK25/SES259/SA259S22	SES259	-9.40012
BLOCK25/SES259/SA259S24	SES128	-10.2928
BLOCK25/SES259/SA259S28	SES122	-9.1043
BLOCK27/SES270/SA270S14	SES270	-7.70917
BLOCK27/SES270/SA270S16	SES270	-6.43611
BLOCK27/SES270/SA270S22	SES270	-7.5149
BLOCK27/SES270/SA270S26	SES270	-7.95381
BLOCK27/SES270/SA270S28	SES270	-5.46819
BLOCK27/SES271/SA271S14	SES271	-8.38898
BLOCK27/SES271/SA271S15	SES160	-8.8997
BLOCK27/SES271/SA271S22	SES271	-7.32345
BLOCK27/SES271/SA271S27	SES149	-9.63655
BLOCK27/SES271/SA271S29	SES271	-7.13541
BLOCK27/SES272/SA272S10	SES272	-6.38728
BLOCK27/SES272/SA272S13	SES100	-5.854
BLOCK27/SES272/SA272S21	SES272	-4.90976
BLOCK27/SES272/SA272S24	SES272	-8.08957
BLOCK27/SES272/SA272S29	SES272	-5.16263
BLOCK27/SES273/SA273S12	SES206	-10.1198
BLOCK27/SES273/SA273S13	SES273	-6.00801
BLOCK27/SES273/SA273S21	SES069	-7.51085
BLOCK27/SES273/SA273S25	SES273	-9.55653
BLOCK27/SES273/SA273S27	SES273	-5.1601
BLOCK27/SES274/SA274S10	SES143	-5.51737
BLOCK27/SES274/SA274S11	SES273	-8.31309
BLOCK27/SES274/SA274S21	SES274	-7.39877
BLOCK27/SES274/SA274S24	SES274	-7.07997
BLOCK27/SES274/SA274S29	SES274	-7.38891
BLOCK27/SES275/SA275S17	SES202	-8.86043
BLOCK27/SES275/SA275S18	SES157	-8.7064
BLOCK27/SES275/SA275S24	SES290	-9.13306
BLOCK27/SES275/SA275S26	SES275	-7.91529
BLOCK27/SES275/SA275S28	SES189	-8.88148
BLOCK27/SES276/SA276S16	SES172	-8.79976
BLOCK27/SES276/SA276S17	SES276	-6.50762
BLOCK27/SES276/SA276S24	SES290	-6.93447
BLOCK27/SES276/SA276S26	SES276	-3.41841
BLOCK27/SES276/SA276S28	SES276	-4.76439
BLOCK27/SES277/SA277S12	SES277	-10.5899
BLOCK27/SES277/SA277S14	SES171	-9.08024
BLOCK27/SES277/SA277S21	SES277	-8.88648
BLOCK27/SES277/SA277S24	SES277	-9.91026
BLOCK27/SES277/SA277S29	SES187	-6.06661
BLOCK27/SES278/SA278S12	SES186	-11.5627
BLOCK27/SES278/SA278S16	SES278	-8.73226
BLOCK27/SES278/SA278S24	SES278	-9.55876
BLOCK27/SES278/SA278S26	SES278	-7.51349
BLOCK27/SES278/SA278S29	SES069	-8.57086
BLOCK27/SES279/SA279S09	SES279	-6.52233
BLOCK27/SES279/SA279S10	SES047	-7.54027
BLOCK27/SES279/SA279S20	SES122	-9.46504
BLOCK27/SES279/SA279S26	SES279	-8.75956
BLOCK27/SES279/SA279S28	SES279	-4.0616
BLOCK29/SES290/SA290S12	SES290	-7.08504
BLOCK29/SES290/SA290S13	SES290	-7.4213
BLOCK29/SES290/SA290S22	SES290	-7.48973
BLOCK29/SES290/SA290S25	SES290	-8.51081
BLOCK29/SES290/SA290S29	SES290	-5.7075
BLOCK29/SES291/SA291S11	SES082	-10.3518
BLOCK29/SES291/SA291S12	SES291	-11.5626
BLOCK29/SES291/SA291S22	SES080	-7.89209
BLOCK29/SES291/SA291S24	SES291	-10.0797
BLOCK29/SES291/SA291S27	SES291	-7.75505
BLOCK29/SES292/SA292S10	SES292	-8.60581
BLOCK29/SES292/SA292S12	SES292	-10.1821
BLOCK29/SES292/SA292S22	SES292	-8.66203
BLOCK29/SES292/SA292S24	SES292	-6.36654
BLOCK29/SES292/SA292S27	SES273	-7.81651
BLOCK29/SES294/SA294S13	SES294	-7.35964
BLOCK29/SES294/SA294S14	SES276	-6.36447
BLOCK29/SES294/SA294S23	SES294	-7.83155
BLOCK29/SES294/SA294S25	SES144	-7.84246
BLOCK29/SES294/SA294S28	SES294	-8.31151
nerr=240	ntot=785	error_rate=30.57%
=======
BLOCK00/SES000/SA000S13	SES000	-9.26518
BLOCK00/SES000/SA000S14	SES145	-8.74367
BLOCK00/SES000/SA000S22	SES000	-9.4824
BLOCK00/SES000/SA000S24	SES000	-10.0976
BLOCK00/SES000/SA000S28	SES002	-9.1469
BLOCK00/SES001/SA001S14	SES001	-9.5918
BLOCK00/SES001/SA001S15	SES001	-8.49008
BLOCK00/SES001/SA001S24	SES002	-8.87247
BLOCK00/SES001/SA001S27	SES015	-7.51097
BLOCK00/SES001/SA001S29	SES001	-9.1941
BLOCK00/SES002/SA002S12	SES080	-9.25962
BLOCK00/SES002/SA002S13	SES002	-9.87275
BLOCK00/SES002/SA002S23	SES291	-9.29812
BLOCK00/SES002/SA002S26	SES002	-10.9009
BLOCK00/SES002/SA002S28	SES080	-9.45908
BLOCK00/SES003/SA003S11	SES003	-8.81476
BLOCK00/SES003/SA003S15	SES221	-8.20615
BLOCK00/SES003/SA003S22	SES040	-8.86914
BLOCK00/SES003/SA003S25	SES097	-9.20423
BLOCK00/SES003/SA003S29	SES020	-8.88789
BLOCK00/SES004/SA004S12	SES004	-8.25975
BLOCK00/SES004/SA004S17	SES004	-8.4749
BLOCK00/SES004/SA004S24	SES203	-8.46587
BLOCK00/SES004/SA004S26	SES004	-8.2496
BLOCK00/SES004/SA004S28	SES184	-7.77674
BLOCK00/SES005/SA005S12	SES140	-8.20887
BLOCK00/SES005/SA005S13	SES005	-8.77307
BLOCK00/SES005/SA005S20	SES005	-8.85917
BLOCK00/SES005/SA005S24	SES202	-8.37335
BLOCK00/SES005/SA005S28	SES005	-8.22087
BLOCK00/SES006/SA006S10	SES006	-9.46686
BLOCK00/SES006/SA006S11	SES006	-9.60585
BLOCK00/SES006/SA006S23	SES006	-11.077
BLOCK00/SES006/SA006S26	SES006	-9.43805
BLOCK00/SES006/SA006S28	SES006	-10.199
BLOCK00/SES007/SA007S14	SES098	-8.30155
BLOCK00/SES007/SA007S15	SES007	-9.00483
BLOCK00/SES007/SA007S24	SES007	-8.65804
BLOCK00/SES007/SA007S27	SES160	-9.87905
BLOCK00/SES007/SA007S29	SES007	-8.41648
BLOCK00/SES008/SA008S11	SES008	-7.49791
BLOCK00/SES008/SA008S12	SES008	-8.08002
BLOCK00/SES008/SA008S19	SES008	-8.18758
BLOCK00/SES008/SA008S22	SES008	-8.65997
BLOCK00/SES008/SA008S29	SES008	-7.92487
BLOCK00/SES009/SA009S12	SES009	-9.33514
BLOCK00/SES009/SA009S15	SES009	-8.50959
BLOCK00/SES009/SA009S24	SES009	-9.16975
BLOCK00/SES009/SA009S26	SES221	-9.03242
BLOCK00/SES009/SA009S29	SES009	-9.07421
BLOCK01/SES010/SA010S11	SES010	-7.73143
BLOCK01/SES010/SA010S12	SES010	-8.09276
BLOCK01/SES010/SA010S20	SES010	-8.59652
BLOCK01/SES010/SA010S24	SES010	-8.64405
BLOCK01/SES010/SA010S29	SES010	-8.19203
BLOCK01/SES011/SA011S10	SES042	-9.85367
BLOCK01/SES011/SA011S11	SES042	-9.08276
BLOCK01/SES011/SA011S22	SES011	-9.80236
BLOCK01/SES011/SA011S24	SES042	-8.71142
BLOCK01/SES011/SA011S27	SES011	-9.30619
BLOCK01/SES012/SA012S11	SES188	-8.58762
BLOCK01/SES012/SA012S14	SES012	-9.8066
BLOCK01/SES012/SA012S24	SES206	-10.1544
BLOCK01/SES012/SA012S26	SES012	-10.2239
BLOCK01/SES012/SA012S29	SES221	-8.32262
BLOCK01/SES013/SA013S16	SES013	-10.8459
BLOCK01/SES013/SA013S17	SES097	-9.25811
BLOCK01/SES013/SA013S23	SES013	-10.1048
BLOCK01/SES013/SA013S25	SES013	-9.70645
BLOCK01/SES013/SA013S29	SES013	-9.89476
BLOCK01/SES014/SA014S10	SES014	-9.1354
BLOCK01/SES014/SA014S12	SES014	-8.83484
BLOCK01/SES014/SA014S24	SES014	-8.6369
BLOCK01/SES014/SA014S26	SES014	-8.88353
BLOCK01/SES014/SA014S28	SES014	-7.62694
BLOCK01/SES015/SA015S11	SES204	-8.18762
BLOCK01/SES015/SA015S12	SES015	-9.35767
BLOCK01/SES015/SA015S23	SES204	-7.42748
BLOCK01/SES015/SA015S25	SES097	-9.66408
BLOCK01/SES015/SA015S29	SES017	-9.16203
BLOCK01/SES016/SA016S12	SES016	-10.3267
BLOCK01/SES016/SA016S13	SES022	-9.26151
BLOCK01/SES016/SA016S22	SES016	-9.00913
BLOCK01/SES016/SA016S25	SES081	-8.02095
BLOCK01/SES016/SA016S27	SES098	-8.57246
BLOCK01/SES017/SA017S11	SES017	-9.37979
BLOCK01/SES017/SA017S12	SES017	-9.31753
BLOCK01/SES017/SA017S19	SES017	-8.77972
BLOCK01/SES017/SA017S23	SES204	-8.66184
BLOCK01/SES017/SA017S27	SES017	-10.2228
BLOCK01/SES019/SA019S13	SES019	-8.42055
BLOCK01/SES019/SA019S14	SES019	-9.85364
BLOCK01/SES019/SA019S22	SES019	-8.61196
BLOCK01/SES019/SA019S25	SES019	-9.44953
BLOCK01/SES019/SA019S29	SES019	-9.39485
BLOCK02/SES020/SA020S15	SES145	-8.37084
BLOCK02/SES020/SA020S16	SES020	-10.373
BLOCK02/SES020/SA020S24	SES020	-10.3227
BLOCK02/SES020/SA020S26	SES020	-9.85979
BLOCK02/SES020/SA020S29	SES020	-10.3455
BLOCK02/SES021/SA021S13	SES023	-9.48423
BLOCK02/SES021/SA021S15	SES021	-8.80398
BLOCK02/SES021/SA021S23	SES104	-10.088
BLOCK02/SES021/SA021S27	SES291	-9.15049
BLOCK02/SES021/SA021S29	SES021	-10.4576
BLOCK02/SES022/SA022S13	SES022	-10.0527
BLOCK02/SES022/SA022S14	SES022	-9.5295
BLOCK02/SES022/SA022S23	SES083	-7.98268
BLOCK02/SES022/SA022S25	SES184	-8.76955
BLOCK02/SES022/SA022S29	SES022	-8.9189
BLOCK02/SES023/SA023S11	SES023	-9.11896
BLOCK02/SES023/SA023S13	SES023	-9.91339
BLOCK02/SES023/SA023S24	SES023	-8.74985
BLOCK02/SES023/SA023S26	SES023	-10.2395
BLOCK02/SES023/SA023S28	SES022	-9.05065
BLOCK02/SES024/SA024S10	SES278	-9.58096
BLOCK02/SES024/SA024S11	SES024	-9.71285
BLOCK02/SES024/SA024S19	SES204	-8.61339
BLOCK02/SES024/SA024S26	SES024	-9.16302
BLOCK02/SES024/SA024S28	SES024	-8.7802
BLOCK02/SES025/SA025S10	SES106	-8.96067
BLOCK02/SES025/SA025S13	SES270	-9.48208
BLOCK02/SES025/SA025S21	SES226	-9.7627
BLOCK02/SES025/SA025S24	SES025	-8.86154
BLOCK02/SES025/SA025S29	SES020	-9.09545
BLOCK02/SES026/SA026S12	SES026	-10.1727
BLOCK02/SES026/SA026S13	SES026	-11.1448
BLOCK02/SES026/SA026S21	SES026	-10.8614
BLOCK02/SES026/SA026S26	SES026	-10.079
BLOCK02/SES026/SA026S28	SES026	-9.99024
BLOCK02/SES027/SA027S11	SES013	-9.40591
BLOCK02/SES027/SA027S12	SES025	-10.9013
BLOCK02/SES027/SA027S21	SES069	-9.313
BLOCK02/SES027/SA027S23	SES080	-10.092
BLOCK02/SES027/SA027S25	SES027	-9.41261
BLOCK02/SES029/SA029S11	SES085	-8.59631
BLOCK02/SES029/SA029S12	SES146	-9.05991
BLOCK02/SES029/SA029S20	SES062	-8.73898
BLOCK02/SES029/SA029S25	SES085	-9.20649
BLOCK02/SES029/SA029S28	SES160	-8.99612
BLOCK04/SES040/SA040S08	SES204	-7.60513
BLOCK04/SES040/SA040S09	SES204	-8.9858
BLOCK04/SES040/SA040S20	SES081	-8.11101
BLOCK04/SES040/SA040S23	SES188	-8.90093
BLOCK04/SES040/SA040S27	SES204	-8.56103
BLOCK04/SES042/SA042S12	SES042	-8.75182
BLOCK04/SES042/SA042S15	SES042	-8.2824
BLOCK04/SES042/SA042S22	SES042	-9.72987
BLOCK04/SES042/SA042S25	SES042	-10.4315
BLOCK04/SES042/SA042S27	SES042	-9.7898
BLOCK04/SES043/SA043S09	SES144	-9.78898
BLOCK04/SES043/SA043S11	SES043	-8.42503
BLOCK04/SES043/SA043S23	SES043	-8.76443
BLOCK04/SES043/SA043S26	SES043	-10.0717
BLOCK04/SES043/SA043S28	SES162	-9.46236
BLOCK04/SES044/SA044S10	SES277	-9.40534
BLOCK04/SES044/SA044S11	SES102	-9.38036
BLOCK04/SES044/SA044S24	SES277	-9.22255
BLOCK04/SES044/SA044S26	SES044	-8.73775
BLOCK04/SES044/SA044S29	SES107	-9.04385
BLOCK04/SES045/SA045S11	SES045	-9.36102
BLOCK04/SES045/SA045S13	SES045	-8.63466
BLOCK04/SES045/SA045S22	SES045	-8.97022
BLOCK04/SES045/SA045S25	SES045	-8.87384
BLOCK04/SES045/SA045S29	SES046	-10.5909
BLOCK04/SES046/SA046S13	SES046	-10.2609
BLOCK04/SES046/SA046S15	SES107	-8.62537
BLOCK04/SES046/SA046S22	SES046	-9.26529
BLOCK04/SES046/SA046S25	SES046	-8.19796
BLOCK04/SES046/SA046S28	SES046	-8.87574
BLOCK04/SES047/SA047S10	SES188	-9.35109
BLOCK04/SES047/SA047S11	SES047	-8.51558
BLOCK04/SES047/SA047S22	SES047	-9.49264
BLOCK04/SES047/SA047S24	SES107	-8.78191
BLOCK04/SES047/SA047S27	SES047	-9.61151
BLOCK04/SES048/SA048S11	SES048	-8.53555
BLOCK04/SES048/SA048S12	SES177	-9.24024
BLOCK04/SES048/SA048S20	SES146	-8.87045
BLOCK04/SES048/SA048S23	SES105	-8.87485
BLOCK04/SES048/SA048S27	SES022	-9.15637
BLOCK04/SES049/SA049S16	SES089	-10.9023
BLOCK04/SES049/SA049S18	SES131	-10.1202
BLOCK04/SES049/SA049S25	SES097	-10.8449
BLOCK04/SES049/SA049S27	SES049	-8.6806
BLOCK04/SES049/SA049S29	SES049	-8.74302
BLOCK06/SES060/SA060S11	SES098	-8.71873
BLOCK06/SES060/SA060S12	SES060	-9.27553
BLOCK06/SES060/SA060S22	SES088	-10.2012
BLOCK06/SES060/SA060S24	SES060	-8.02189
BLOCK06/SES060/SA060S28	SES060	-7.88159
BLOCK06/SES061/SA061S10	SES061	-10.1197
BLOCK06/SES061/SA061S11	SES012	-10.3491
BLOCK06/SES061/SA061S18	SES061	-11.8025
BLOCK06/SES061/SA061S23	SES160	-10.2558
BLOCK06/SES061/SA061S26	SES204	-9.81784
BLOCK06/SES062/SA062S10	SES188	-9.17397
BLOCK06/SES062/SA062S11	SES084	-9.47692
BLOCK06/SES062/SA062S21	SES084	-7.21995
BLOCK06/SES062/SA062S26	SES085	-9.12445
BLOCK06/SES062/SA062S29	SES062	-8.2914
BLOCK06/SES063/SA063S09	SES063	-10.0057
BLOCK06/SES063/SA063S10	SES182	-9.57079
BLOCK06/SES063/SA063S20	SES063	-9.74505
BLOCK06/SES063/SA063S24	SES144	-10.3266
BLOCK06/SES063/SA063S27	SES063	-9.35853
BLOCK06/SES064/SA064S12	SES064	-10.0918
BLOCK06/SES064/SA064S14	SES064	-9.14111
BLOCK06/SES064/SA064S22	SES064	-8.67057
BLOCK06/SES064/SA064S26	SES272	-8.88366
BLOCK06/SES064/SA064S29	SES064	-9.12948
BLOCK06/SES065/SA065S11	SES068	-8.83895
BLOCK06/SES065/SA065S13	SES085	-9.21161
BLOCK06/SES065/SA065S22	SES223	-9.44775
BLOCK06/SES065/SA065S24	SES062	-8.72971
BLOCK06/SES065/SA065S29	SES085	-10.1847
BLOCK06/SES066/SA066S13	SES014	-10.7904
BLOCK06/SES066/SA066S14	SES066	-9.40804
BLOCK06/SES066/SA066S21	SES014	-7.69225
BLOCK06/SES066/SA066S25	SES015	-9.13259
BLOCK06/SES066/SA066S29	SES278	-10.8261
BLOCK06/SES067/SA067S12	SES067	-7.74954
BLOCK06/SES067/SA067S14	SES067	-6.68709
BLOCK06/SES067/SA067S21	SES182	-9.43056
BLOCK06/SES067/SA067S25	SES067	-8.7868
BLOCK06/SES067/SA067S29	SES067	-8.93081
BLOCK06/SES068/SA068S14	SES221	-9.43863
BLOCK06/SES068/SA068S15	SES068	-9.10947
BLOCK06/SES068/SA068S23	SES221	-9.20713
BLOCK06/SES068/SA068S27	SES221	-8.26784
BLOCK06/SES068/SA068S29	SES221	-8.88618
BLOCK06/SES069/SA069S12	SES291	-8.98921
BLOCK06/SES069/SA069S13	SES069	-8.75203
BLOCK06/SES069/SA069S23	SES204	-8.06921
BLOCK06/SES069/SA069S25	SES002	-8.79118
BLOCK06/SES069/SA069S27	SES291	-9.58576
BLOCK08/SES080/SA080S11	SES291	-9.00008
BLOCK08/SES080/SA080S12	SES291	-9.40147
BLOCK08/SES080/SA080S21	SES047	-9.39487
BLOCK08/SES080/SA080S25	SES002	-9.75011
BLOCK08/SES080/SA080S28	SES014	-9.56468
BLOCK08/SES081/SA081S11	SES221	-9.63368
BLOCK08/SES081/SA081S13	SES067	-8.47349
BLOCK08/SES081/SA081S24	SES081	-9.14274
BLOCK08/SES081/SA081S27	SES160	-9.97176
BLOCK08/SES081/SA081S29	SES182	-9.81647
BLOCK08/SES082/SA082S12	SES188	-9.37947
BLOCK08/SES082/SA082S14	SES291	-9.69004
BLOCK08/SES082/SA082S21	SES272	-8.89153
BLOCK08/SES082/SA082S24	SES124	-8.85137
BLOCK08/SES082/SA082S28	SES291	-9.20743
BLOCK08/SES083/SA083S14	SES083	-8.85423
BLOCK08/SES083/SA083S15	SES083	-8.55425
BLOCK08/SES083/SA083S24	SES083	-8.82305
BLOCK08/SES083/SA083S26	SES083	-9.78254
BLOCK08/SES083/SA083S29	SES083	-9.42924
BLOCK08/SES084/SA084S14	SES084	-9.52629
BLOCK08/SES084/SA084S15	SES084	-8.46002
BLOCK08/SES084/SA084S22	SES084	-7.86958
BLOCK08/SES084/SA084S27	SES084	-8.12653
BLOCK08/SES084/SA084S29	SES084	-7.823
BLOCK08/SES085/SA085S10	SES085	-7.8031
BLOCK08/SES085/SA085S13	SES202	-9.3108
BLOCK08/SES085/SA085S22	SES175	-8.50644
BLOCK08/SES085/SA085S26	SES142	-9.13619
BLOCK08/SES085/SA085S28	SES068	-8.59987
BLOCK08/SES086/SA086S11	SES108	-10.7152
BLOCK08/SES086/SA086S12	SES086	-9.70362
BLOCK08/SES086/SA086S20	SES017	-9.54181
BLOCK08/SES086/SA086S24	SES086	-10.2223
BLOCK08/SES086/SA086S28	SES086	-8.67062
BLOCK08/SES087/SA087S15	SES087	-9.69896
BLOCK08/SES087/SA087S16	SES087	-9.77306
BLOCK08/SES087/SA087S24	SES087	-9.80208
BLOCK08/SES087/SA087S26	SES204	-8.7355
BLOCK08/SES087/SA087S29	SES204	-8.8572
BLOCK08/SES088/SA088S15	SES088	-10.294
BLOCK08/SES088/SA088S17	SES088	-10.4476
BLOCK08/SES088/SA088S24	SES081	-9.01812
BLOCK08/SES088/SA088S27	SES275	-10.2472
BLOCK08/SES088/SA088S29	SES022	-9.68681
BLOCK08/SES089/SA089S13	SES089	-10.0437
BLOCK08/SES089/SA089S14	SES204	-8.82408
BLOCK08/SES089/SA089S23	SES020	-10.6667
BLOCK08/SES089/SA089S25	SES089	-9.49819
BLOCK08/SES089/SA089S28	SES089	-9.18234
BLOCK09/SES097/SA097S11	SES097	-9.23866
BLOCK09/SES097/SA097S14	SES097	-8.98379
BLOCK09/SES097/SA097S22	SES097	-9.05847
BLOCK09/SES097/SA097S26	SES097	-8.94839
BLOCK09/SES097/SA097S28	SES097	-8.84353
BLOCK09/SES098/SA098S11	SES098	-8.6361
BLOCK09/SES098/SA098S12	SES098	-10.276
BLOCK09/SES098/SA098S20	SES098	-9.42089
BLOCK09/SES098/SA098S23	SES098	-9.64557
BLOCK09/SES098/SA098S27	SES007	-9.72958
BLOCK09/SES099/SA099S15	SES017	-9.91835
BLOCK09/SES099/SA099S16	SES047	-9.28341
BLOCK09/SES099/SA099S24	SES099	-9.44376
BLOCK09/SES099/SA099S26	SES099	-9.1424
BLOCK09/SES099/SA099S29	SES017	-9.28448
BLOCK10/SES100/SA100S13	SES291	-9.07863
BLOCK10/SES100/SA100S14	SES100	-9.76313
BLOCK10/SES100/SA100S24	SES100	-10.1669
BLOCK10/SES100/SA100S27	SES206	-10.1756
BLOCK10/SES100/SA100S29	SES021	-9.16688
BLOCK10/SES101/SA101S11	SES107	-8.45337
BLOCK10/SES101/SA101S13	SES290	-8.09259
BLOCK10/SES101/SA101S22	SES200	-9.83365
BLOCK10/SES101/SA101S24	SES044	-8.69414
BLOCK10/SES101/SA101S28	SES258	-9.18758
BLOCK10/SES102/SA102S13	SES189	-10.4524
BLOCK10/SES102/SA102S14	SES098	-8.53793
BLOCK10/SES102/SA102S22	SES189	-8.87518
BLOCK10/SES102/SA102S25	SES083	-9.01075
BLOCK10/SES102/SA102S27	SES102	-9.29458
BLOCK10/SES103/SA103S14	SES205	-10.6572
BLOCK10/SES103/SA103S15	SES270	-10.811
BLOCK10/SES103/SA103S24	SES103	-9.71713
BLOCK10/SES103/SA103S26	SES103	-9.59529
BLOCK10/SES103/SA103S28	SES103	-10.1443
BLOCK10/SES104/SA104S11	SES125	-9.08151
BLOCK10/SES104/SA104S12	SES104	-9.09154
BLOCK10/SES104/SA104S21	SES104	-9.76525
BLOCK10/SES104/SA104S24	SES125	-9.5908
BLOCK10/SES104/SA104S28	SES104	-9.82144
BLOCK10/SES105/SA105S12	SES105	-9.68672
BLOCK10/SES105/SA105S13	SES146	-9.02358
BLOCK10/SES105/SA105S22	SES105	-9.90919
BLOCK10/SES105/SA105S26	SES105	-10.2294
BLOCK10/SES105/SA105S29	SES105	-8.93256
BLOCK10/SES106/SA106S09	SES106	-9.80809
BLOCK10/SES106/SA106S11	SES106	-8.84054
BLOCK10/SES106/SA106S22	SES106	-9.92348
BLOCK10/SES106/SA106S27	SES106	-9.1074
BLOCK10/SES106/SA106S29	SES106	-8.06742
BLOCK10/SES107/SA107S08	SES107	-8.13712
BLOCK10/SES107/SA107S09	SES107	-9.88074
BLOCK10/SES107/SA107S20	SES107	-10.0247
BLOCK10/SES107/SA107S24	SES107	-9.65352
BLOCK10/SES107/SA107S28	SES107	-9.91934
BLOCK10/SES108/SA108S13	SES108	-10.9054
BLOCK10/SES108/SA108S14	SES279	-10.1603
BLOCK10/SES108/SA108S24	SES097	-10.3506
BLOCK10/SES108/SA108S27	SES099	-10.354
BLOCK10/SES108/SA108S29	SES099	-11.7001
BLOCK10/SES109/SA109S14	SES182	-10.2666
BLOCK10/SES109/SA109S15	SES107	-9.02127
BLOCK10/SES109/SA109S21	SES007	-10.6309
BLOCK10/SES109/SA109S25	SES109	-10.1766
BLOCK10/SES109/SA109S28	SES109	-9.99191
BLOCK11/SES117/SA117S12	SES067	-9.96054
BLOCK11/SES117/SA117S13	SES294	-9.61021
BLOCK11/SES117/SA117S23	SES117	-9.98075
BLOCK11/SES117/SA117S25	SES117	-9.20077
BLOCK11/SES117/SA117S28	SES117	-9.90013
BLOCK11/SES118/SA118S14	SES118	-9.24135
BLOCK11/SES118/SA118S16	SES175	-9.33742
BLOCK11/SES118/SA118S23	SES177	-8.4264
BLOCK11/SES118/SA118S26	SES130	-9.31527
BLOCK11/SES118/SA118S29	SES118	-10.1704
BLOCK11/SES119/SA119S10	SES119	-8.68504
BLOCK11/SES119/SA119S12	SES119	-9.37409
BLOCK11/SES119/SA119S19	SES277	-8.35386
BLOCK11/SES119/SA119S22	SES165	-9.89448
BLOCK11/SES119/SA119S27	SES169	-9.00467
BLOCK12/SES120/SA120S08	SES120	-9.91002
BLOCK12/SES120/SA120S11	SES061	-12.2487
BLOCK12/SES120/SA120S22	SES271	-8.40531
BLOCK12/SES120/SA120S24	SES160	-9.58949
BLOCK12/SES120/SA120S28	SES221	-9.75015
BLOCK12/SES121/SA121S12	SES121	-9.23114
BLOCK12/SES121/SA121S14	SES121	-10.8304
BLOCK12/SES121/SA121S23	SES121	-9.70477
BLOCK12/SES121/SA121S25	SES121	-10.0216
BLOCK12/SES121/SA121S27	SES121	-10.2571
BLOCK12/SES122/SA122S11	SES017	-9.94389
BLOCK12/SES122/SA122S13	SES291	-10.4826
BLOCK12/SES122/SA122S22	SES291	-10.1412
BLOCK12/SES122/SA122S24	SES278	-9.46691
BLOCK12/SES122/SA122S27	SES015	-9.34892
BLOCK12/SES123/SA123S10	SES123	-8.47136
BLOCK12/SES123/SA123S12	SES123	-8.12424
BLOCK12/SES123/SA123S23	SES123	-8.85868
BLOCK12/SES123/SA123S26	SES142	-8.54657
BLOCK12/SES123/SA123S29	SES123	-8.51336
BLOCK12/SES124/SA124S16	SES124	-7.72195
BLOCK12/SES124/SA124S17	SES124	-8.61594
BLOCK12/SES124/SA124S23	SES173	-7.22554
BLOCK12/SES124/SA124S26	SES124	-8.14495
BLOCK12/SES124/SA124S28	SES124	-7.88019
BLOCK12/SES125/SA125S13	SES061	-9.07675
BLOCK12/SES125/SA125S14	SES125	-9.71071
BLOCK12/SES125/SA125S25	SES125	-9.28068
BLOCK12/SES125/SA125S27	SES125	-8.66244
BLOCK12/SES125/SA125S29	SES125	-8.86401
BLOCK12/SES126/SA126S13	SES126	-9.40076
BLOCK12/SES126/SA126S14	SES126	-8.47191
BLOCK12/SES126/SA126S20	SES126	-8.03628
BLOCK12/SES126/SA126S24	SES126	-8.33301
BLOCK12/SES126/SA126S26	SES132	-8.78253
BLOCK12/SES127/SA127S11	SES127	-8.94815
BLOCK12/SES127/SA127S12	SES203	-7.61801
BLOCK12/SES127/SA127S23	SES142	-7.97054
BLOCK12/SES127/SA127S25	SES004	-8.26865
BLOCK12/SES127/SA127S27	SES127	-8.20979
BLOCK12/SES128/SA128S10	SES128	-10.1344
BLOCK12/SES128/SA128S12	SES120	-9.57258
BLOCK12/SES128/SA128S21	SES014	-9.41005
BLOCK12/SES128/SA128S24	SES204	-10.0715
BLOCK12/SES128/SA128S27	SES204	-9.3029
BLOCK12/SES129/SA129S11	SES129	-8.00151
BLOCK12/SES129/SA129S12	SES044	-7.63001
BLOCK12/SES129/SA129S22	SES129	-8.85199
BLOCK12/SES129/SA129S27	SES129	-8.17682
BLOCK12/SES129/SA129S29	SES189	-9.68409
BLOCK13/SES130/SA130S13	SES044	-9.73083
BLOCK13/SES130/SA130S15	SES130	-8.45895
BLOCK13/SES130/SA130S23	SES130	-8.90442
BLOCK13/SES130/SA130S25	SES130	-8.35415
BLOCK13/SES130/SA130S28	SES130	-9.46179
BLOCK13/SES131/SA131S13	SES131	-9.44982
BLOCK13/SES131/SA131S14	SES131	-7.45237
BLOCK13/SES131/SA131S20	SES131	-10.0436
BLOCK13/SES131/SA131S22	SES017	-8.62094
BLOCK13/SES131/SA131S29	SES205	-10.5498
BLOCK13/SES132/SA132S11	SES132	-9.02812
BLOCK13/SES132/SA132S12	SES182	-8.38403
BLOCK13/SES132/SA132S22	SES132	-8.83423
BLOCK13/SES132/SA132S24	SES182	-8.42783
BLOCK13/SES132/SA132S27	SES007	-9.87925
BLOCK13/SES133/SA133S12	SES046	-9.37797
BLOCK13/SES133/SA133S14	SES044	-8.36277
BLOCK13/SES133/SA133S22	SES046	-8.67228
BLOCK13/SES133/SA133S24	SES144	-9.11374
BLOCK13/SES133/SA133S28	SES044	-7.69653
BLOCK14/SES140/SA140S10	SES169	-9.11156
BLOCK14/SES140/SA140S13	SES083	-7.92129
BLOCK14/SES140/SA140S20	SES177	-7.72276
BLOCK14/SES140/SA140S22	SES107	-8.25464
BLOCK14/SES140/SA140S28	SES177	-8.39132
BLOCK14/SES141/SA141S09	SES141	-8.01257
BLOCK14/SES141/SA141S15	SES141	-8.90641
BLOCK14/SES141/SA141S24	SES141	-9.09131
BLOCK14/SES141/SA141S26	SES141	-8.99256
BLOCK14/SES141/SA141S29	SES141	-8.39613
BLOCK14/SES142/SA142S11	SES142	-7.49267
BLOCK14/SES142/SA142S12	SES142	-8.28599
BLOCK14/SES142/SA142S24	SES142	-8.06131
BLOCK14/SES142/SA142S27	SES142	-8.00187
BLOCK14/SES142/SA142S29	SES142	-7.94141
BLOCK14/SES143/SA143S12	SES143	-8.92136
BLOCK14/SES143/SA143S13	SES143	-8.78469
BLOCK14/SES143/SA143S23	SES143	-8.80907
BLOCK14/SES143/SA143S25	SES203	-9.3268
BLOCK14/SES143/SA143S28	SES022	-8.86427
BLOCK14/SES144/SA144S09	SES044	-9.23601
BLOCK14/SES144/SA144S11	SES102	-9.31154
BLOCK14/SES144/SA144S21	SES292	-9.35625
BLOCK14/SES144/SA144S25	SES169	-8.77175
BLOCK14/SES144/SA144S29	SES182	-9.46102
BLOCK14/SES145/SA145S12	SES145	-9.19126
BLOCK14/SES145/SA145S13	SES003	-9.3483
BLOCK14/SES145/SA145S23	SES145	-9.37919
BLOCK14/SES145/SA145S25	SES145	-8.48774
BLOCK14/SES145/SA145S28	SES145	-8.74343
BLOCK14/SES146/SA146S14	SES146	-9.48301
BLOCK14/SES146/SA146S15	SES146	-9.7344
BLOCK14/SES146/SA146S24	SES109	-9.15905
BLOCK14/SES146/SA146S26	SES146	-9.33666
BLOCK14/SES146/SA146S29	SES146	-9.64176
BLOCK14/SES147/SA147S11	SES022	-9.3816
BLOCK14/SES147/SA147S13	SES085	-8.72232
BLOCK14/SES147/SA147S23	SES147	-8.87265
BLOCK14/SES147/SA147S26	SES147	-8.97082
BLOCK14/SES147/SA147S28	SES147	-8.27708
BLOCK14/SES148/SA148S10	SES272	-8.20578
BLOCK14/SES148/SA148S12	SES148	-9.04786
BLOCK14/SES148/SA148S22	SES148	-8.29001
BLOCK14/SES148/SA148S26	SES148	-7.97323
BLOCK14/SES148/SA148S29	SES148	-8.78462
BLOCK14/SES149/SA149S13	SES271	-8.35194
BLOCK14/SES149/SA149S14	SES149	-8.61793
BLOCK14/SES149/SA149S24	SES149	-8.85453
BLOCK14/SES149/SA149S26	SES060	-8.45461
BLOCK14/SES149/SA149S28	SES271	-7.44671
BLOCK15/SES157/SA157S08	SES157	-8.20927
BLOCK15/SES157/SA157S11	SES220	-9.28397
BLOCK15/SES157/SA157S21	SES148	-8.01822
BLOCK15/SES157/SA157S24	SES188	-9.0247
BLOCK15/SES157/SA157S26	SES004	-8.21239
BLOCK15/SES158/SA158S13	SES158	-9.5547
BLOCK15/SES158/SA158S14	SES106	-10.2861
BLOCK15/SES158/SA158S23	SES158	-8.58444
BLOCK15/SES158/SA158S26	SES158	-9.01109
BLOCK15/SES158/SA158S28	SES291	-9.24203
BLOCK15/SES159/SA159S10	SES159	-9.71293
BLOCK15/SES159/SA159S12	SES022	-9.5077
BLOCK15/SES159/SA159S22	SES109	-9.63176
BLOCK15/SES159/SA159S25	SES159	-9.31573
BLOCK15/SES159/SA159S28	SES189	-10.0362
BLOCK16/SES160/SA160S12	SES005	-8.59263
BLOCK16/SES160/SA160S14	SES160	-10.3262
BLOCK16/SES160/SA160S24	SES182	-10.0259
BLOCK16/SES160/SA160S26	SES060	-9.18849
BLOCK16/SES160/SA160S28	SES159	-10.0539
BLOCK16/SES161/SA161S10	SES161	-9.08042
BLOCK16/SES161/SA161S12	SES161	-9.90304
BLOCK16/SES161/SA161S20	SES061	-9.7716
BLOCK16/SES161/SA161S23	SES161	-9.45108
BLOCK16/SES161/SA161S28	SES061	-10.0177
BLOCK16/SES162/SA162S10	SES162	-9.4835
BLOCK16/SES162/SA162S11	SES203	-8.61915
BLOCK16/SES162/SA162S21	SES162	-8.30487
BLOCK16/SES162/SA162S24	SES162	-8.38598
BLOCK16/SES162/SA162S27	SES166	-9.51533
BLOCK16/SES163/SA163S11	SES015	-9.01143
BLOCK16/SES163/SA163S13	SES163	-8.49146
BLOCK16/SES163/SA163S22	SES125	-9.33547
BLOCK16/SES163/SA163S25	SES013	-8.75941
BLOCK16/SES163/SA163S27	SES001	-9.62246
BLOCK16/SES164/SA164S11	SES164	-8.00296
BLOCK16/SES164/SA164S13	SES000	-9.04375
BLOCK16/SES164/SA164S24	SES164	-8.0336
BLOCK16/SES164/SA164S27	SES164	-7.86962
BLOCK16/SES164/SA164S29	SES164	-7.94075
BLOCK16/SES165/SA165S08	SES165	-7.9011
BLOCK16/SES165/SA165S09	SES129	-9.62725
BLOCK16/SES165/SA165S21	SES040	-10.3386
BLOCK16/SES165/SA165S23	SES165	-8.9008
BLOCK16/SES165/SA165S26	SES165	-8.9225
BLOCK16/SES166/SA166S12	SES277	-9.9446
BLOCK16/SES166/SA166S14	SES166	-9.83409
BLOCK16/SES166/SA166S23	SES147	-9.11614
BLOCK16/SES166/SA166S25	SES166	-9.42672
BLOCK16/SES166/SA166S27	SES166	-9.11493
BLOCK16/SES167/SA167S14	SES142	-7.70532
BLOCK16/SES167/SA167S15	SES272	-7.60481
BLOCK16/SES167/SA167S21	SES167	-7.60142
BLOCK16/SES167/SA167S25	SES165	-8.00895
BLOCK16/SES167/SA167S29	SES167	-6.91523
BLOCK16/SES168/SA168S10	SES168	-8.10536
BLOCK16/SES168/SA168S11	SES168	-8.35964
BLOCK16/SES168/SA168S21	SES168	-8.67502
BLOCK16/SES168/SA168S25	SES168	-8.54409
BLOCK16/SES168/SA168S28	SES168	-8.36968
BLOCK16/SES169/SA169S13	SES146	-9.54865
BLOCK16/SES169/SA169S14	SES084	-7.87974
BLOCK16/SES169/SA169S24	SES147	-9.6011
BLOCK16/SES169/SA169S27	SES169	-9.23149
BLOCK16/SES169/SA169S29	SES083	-8.1664
BLOCK17/SES170/SA170S09	SES044	-8.33932
BLOCK17/SES170/SA170S10	SES290	-8.41281
BLOCK17/SES170/SA170S22	SES102	-8.57376
BLOCK17/SES170/SA170S24	SES170	-8.11584
BLOCK17/SES170/SA170S28	SES170	-9.19357
BLOCK17/SES171/SA171S12	SES200	-10.0245
BLOCK17/SES171/SA171S15	SES171	-9.3248
BLOCK17/SES171/SA171S22	SES102	-7.65833
BLOCK17/SES171/SA171S25	SES004	-10.0117
BLOCK17/SES171/SA171S27	SES220	-9.99986
BLOCK17/SES172/SA172S12	SES172	-9.76114
BLOCK17/SES172/SA172S13	SES172	-9.49519
BLOCK17/SES172/SA172S23	SES172	-8.40081
BLOCK17/SES172/SA172S27	SES004	-10.136
BLOCK17/SES172/SA172S29	SES172	-9.03097
BLOCK17/SES173/SA173S13	SES173	-8.52859
BLOCK17/SES173/SA173S14	SES173	-8.07872
BLOCK17/SES173/SA173S24	SES173	-8.92018
BLOCK17/SES173/SA173S27	SES173	-8.48467
BLOCK17/SES173/SA173S29	SES173	-8.79868
BLOCK17/SES175/SA175S11	SES022	-9.3765
BLOCK17/SES175/SA175S13	SES098	-7.7778
BLOCK17/SES175/SA175S23	SES175	-8.31271
BLOCK17/SES175/SA175S25	SES160	-9.64417
BLOCK17/SES175/SA175S28	SES005	-8.80505
BLOCK17/SES177/SA177S15	SES177	-9.78903
BLOCK17/SES177/SA177S17	SES177	-9.54656
BLOCK17/SES177/SA177S23	SES004	-9.28657
BLOCK17/SES177/SA177S26	SES177	-8.16069
BLOCK17/SES177/SA177S28	SES177	-9.37608
BLOCK18/SES180/SA180S13	SES292	-10.065
BLOCK18/SES180/SA180S15	SES292	-8.71327
BLOCK18/SES180/SA180S24	SES203	-7.99265
BLOCK18/SES180/SA180S26	SES062	-8.48493
BLOCK18/SES180/SA180S29	SES202	-9.52562
BLOCK18/SES182/SA182S10	SES146	-8.38474
BLOCK18/SES182/SA182S12	SES146	-8.78973
BLOCK18/SES182/SA182S21	SES182	-9.95677
BLOCK18/SES182/SA182S23	SES012	-10.4993
BLOCK18/SES182/SA182S25	SES182	-8.90187
BLOCK18/SES183/SA183S13	SES183	-8.86176
BLOCK18/SES183/SA183S14	SES043	-9.4584
BLOCK18/SES183/SA183S24	SES183	-9.53873
BLOCK18/SES183/SA183S27	SES183	-9.52024
BLOCK18/SES183/SA183S29	SES183	-8.99784
BLOCK18/SES184/SA184S12	SES085	-8.91826
BLOCK18/SES184/SA184S13	SES184	-9.0146
BLOCK18/SES184/SA184S22	SES117	-9.10935
BLOCK18/SES184/SA184S25	SES184	-8.95464
BLOCK18/SES184/SA184S27	SES184	-8.65112
BLOCK18/SES185/SA185S12	SES221	-8.98822
BLOCK18/SES185/SA185S13	SES060	-8.94093
BLOCK18/SES185/SA185S23	SES098	-8.50753
BLOCK18/SES185/SA185S27	SES007	-9.20624
BLOCK18/SES185/SA185S29	SES221	-9.74863
BLOCK18/SES186/SA186S14	SES017	-9.20834
BLOCK18/SES186/SA186S15	SES186	-9.61509
BLOCK18/SES186/SA186S23	SES186	-8.93174
BLOCK18/SES186/SA186S26	SES186	-9.03648
BLOCK18/SES186/SA186S28	SES017	-9.68911
BLOCK18/SES187/SA187S13	SES182	-9.98712
BLOCK18/SES187/SA187S14	SES189	-9.909
BLOCK18/SES187/SA187S24	SES187	-9.89497
BLOCK18/SES187/SA187S27	SES187	-9.7572
BLOCK18/SES187/SA187S29	SES189	-11.2641
BLOCK18/SES188/SA188S10	SES220	-8.14145
BLOCK18/SES188/SA188S14	SES188	-7.48127
BLOCK18/SES188/SA188S22	SES188	-9.25708
BLOCK18/SES188/SA188S24	SES105	-10.0523
BLOCK18/SES188/SA188S26	SES188	-9.52741
BLOCK18/SES189/SA189S10	SES189	-10.0145
BLOCK18/SES189/SA189S13	SES189	-10.7553
BLOCK18/SES189/SA189S24	SES189	-9.14023
BLOCK18/SES189/SA189S26	SES189	-9.48063
BLOCK18/SES189/SA189S29	SES189	-9.06744
BLOCK20/SES200/SA200S10	SES200	-7.02592
BLOCK20/SES200/SA200S11	SES200	-7.9155
BLOCK20/SES200/SA200S20	SES200	-8.17879
BLOCK20/SES200/SA200S25	SES200	-7.66866
BLOCK20/SES200/SA200S29	SES200	-8.974
BLOCK20/SES201/SA201S12	SES042	-9.13265
BLOCK20/SES201/SA201S15	SES012	-9.11245
BLOCK20/SES201/SA201S23	SES201	-9.61736
BLOCK20/SES201/SA201S25	SES201	-7.89054
BLOCK20/SES201/SA201S29	SES201	-9.72675
BLOCK20/SES202/SA202S12	SES202	-9.24507
BLOCK20/SES202/SA202S14	SES202	-9.01543
BLOCK20/SES202/SA202S24	SES202	-9.70221
BLOCK20/SES202/SA202S27	SES202	-8.5983
BLOCK20/SES202/SA202S29	SES142	-8.67117
BLOCK20/SES203/SA203S10	SES203	-9.32605
BLOCK20/SES203/SA203S11	SES203	-9.3547
BLOCK20/SES203/SA203S22	SES203	-9.13031
BLOCK20/SES203/SA203S24	SES004	-7.77723
BLOCK20/SES203/SA203S27	SES203	-8.0467
BLOCK20/SES204/SA204S12	SES204	-7.96154
BLOCK20/SES204/SA204S14	SES204	-7.03143
BLOCK20/SES204/SA204S22	SES204	-8.14921
BLOCK20/SES204/SA204S25	SES204	-7.83726
BLOCK20/SES204/SA204S27	SES204	-8.53308
BLOCK20/SES205/SA205S12	SES291	-9.09338
BLOCK20/SES205/SA205S13	SES291	-9.6173
BLOCK20/SES205/SA205S21	SES205	-9.81836
BLOCK20/SES205/SA205S24	SES017	-9.55941
BLOCK20/SES205/SA205S26	SES005	-7.62881
BLOCK20/SES206/SA206S15	SES291	-8.72031
BLOCK20/SES206/SA206S17	SES206	-9.37998
BLOCK20/SES206/SA206S24	SES206	-8.71886
BLOCK20/SES206/SA206S27	SES012	-9.86929
BLOCK20/SES206/SA206S29	SES206	-8.82316
BLOCK20/SES207/SA207S10	SES188	-8.45516
BLOCK20/SES207/SA207S11	SES207	-9.02359
BLOCK20/SES207/SA207S25	SES207	-9.71745
BLOCK20/SES207/SA207S27	SES207	-9.45161
BLOCK20/SES207/SA207S29	SES172	-8.98037
BLOCK20/SES209/SA209S12	SES221	-9.13999
BLOCK20/SES209/SA209S13	SES209	-9.51244
BLOCK20/SES209/SA209S21	SES007	-8.35925
BLOCK20/SES209/SA209S25	SES221	-9.35192
BLOCK20/SES209/SA209S28	SES221	-8.23337
BLOCK22/SES220/SA220S10	SES220	-9.38465
BLOCK22/SES220/SA220S13	SES189	-10.1479
BLOCK22/SES220/SA220S24	SES220	-9.69556
BLOCK22/SES220/SA220S26	SES203	-9.18059
BLOCK22/SES220/SA220S28	SES220	-9.21005
BLOCK22/SES221/SA221S12	SES221	-8.35599
BLOCK22/SES221/SA221S15	SES221	-8.24852
BLOCK22/SES221/SA221S23	SES221	-8.36843
BLOCK22/SES221/SA221S27	SES068	-8.94974
BLOCK22/SES221/SA221S29	SES085	-8.2732
BLOCK22/SES223/SA223S11	SES005	-9.33041
BLOCK22/SES223/SA223S13	SES221	-8.82908
BLOCK22/SES223/SA223S22	SES221	-8.98951
BLOCK22/SES223/SA223S25	SES160	-9.37045
BLOCK22/SES223/SA223S27	SES085	-9.58107
BLOCK22/SES225/SA225S12	SES225	-8.49651
BLOCK22/SES225/SA225S13	SES225	-9.16579
BLOCK22/SES225/SA225S21	SES271	-8.08668
BLOCK22/SES225/SA225S25	SES225	-8.14861
BLOCK22/SES225/SA225S28	SES011	-8.61762
BLOCK22/SES226/SA226S12	SES226	-9.33019
BLOCK22/SES226/SA226S13	SES002	-9.54084
BLOCK22/SES226/SA226S20	SES226	-9.75208
BLOCK22/SES226/SA226S23	SES226	-9.08858
BLOCK22/SES226/SA226S28	SES226	-8.78375
BLOCK22/SES227/SA227S14	SES227	-9.93435
BLOCK22/SES227/SA227S15	SES227	-8.71197
BLOCK22/SES227/SA227S23	SES227	-8.49631
BLOCK22/SES227/SA227S26	SES227	-8.369
BLOCK22/SES227/SA227S29	SES097	-9.17893
BLOCK25/SES257/SA257S11	SES165	-9.31324
BLOCK25/SES257/SA257S13	SES257	-8.42768
BLOCK25/SES257/SA257S20	SES257	-8.18511
BLOCK25/SES257/SA257S22	SES257	-8.34575
BLOCK25/SES257/SA257S29	SES257	-8.92262
BLOCK25/SES258/SA258S10	SES200	-8.86659
BLOCK25/SES258/SA258S11	SES258	-8.47964
BLOCK25/SES258/SA258S20	SES258	-9.48844
BLOCK25/SES258/SA258S25	SES258	-8.95547
BLOCK25/SES258/SA258S28	SES258	-9.55839
BLOCK25/SES259/SA259S13	SES158	-9.49736
BLOCK25/SES259/SA259S14	SES291	-9.01095
BLOCK25/SES259/SA259S22	SES259	-9.17974
BLOCK25/SES259/SA259S24	SES061	-9.50224
BLOCK25/SES259/SA259S28	SES259	-9.15957
BLOCK27/SES270/SA270S14	SES270	-9.24724
BLOCK27/SES270/SA270S16	SES227	-8.6003
BLOCK27/SES270/SA270S22	SES270	-8.82819
BLOCK27/SES270/SA270S26	SES270	-8.55098
BLOCK27/SES270/SA270S28	SES270	-8.91489
BLOCK27/SES271/SA271S14	SES160	-8.93659
BLOCK27/SES271/SA271S15	SES085	-9.15041
BLOCK27/SES271/SA271S22	SES271	-8.43453
BLOCK27/SES271/SA271S27	SES160	-9.75962
BLOCK27/SES271/SA271S29	SES271	-7.93428
BLOCK27/SES272/SA272S10	SES272	-9.38908
BLOCK27/SES272/SA272S13	SES272	-8.92311
BLOCK27/SES272/SA272S21	SES272	-8.59348
BLOCK27/SES272/SA272S24	SES272	-9.60561
BLOCK27/SES272/SA272S29	SES272	-8.89997
BLOCK27/SES273/SA273S12	SES017	-8.95261
BLOCK27/SES273/SA273S13	SES064	-8.94741
BLOCK27/SES273/SA273S21	SES273	-9.45389
BLOCK27/SES273/SA273S25	SES158	-9.59473
BLOCK27/SES273/SA273S27	SES273	-8.14841
BLOCK27/SES274/SA274S10	SES008	-7.72406
BLOCK27/SES274/SA274S11	SES141	-8.44392
BLOCK27/SES274/SA274S21	SES088	-8.57593
BLOCK27/SES274/SA274S24	SES088	-9.04367
BLOCK27/SES274/SA274S29	SES273	-9.23341
BLOCK27/SES275/SA275S17	SES221	-8.39637
BLOCK27/SES275/SA275S18	SES084	-8.96335
BLOCK27/SES275/SA275S24	SES105	-9.34996
BLOCK27/SES275/SA275S26	SES275	-8.70802
BLOCK27/SES275/SA275S28	SES177	-9.0499
BLOCK27/SES276/SA276S16	SES221	-8.54954
BLOCK27/SES276/SA276S17	SES276	-9.2569
BLOCK27/SES276/SA276S24	SES202	-8.40695
BLOCK27/SES276/SA276S26	SES276	-8.45129
BLOCK27/SES276/SA276S28	SES127	-8.39125
BLOCK27/SES277/SA277S12	SES170	-10.0307
BLOCK27/SES277/SA277S14	SES277	-9.93281
BLOCK27/SES277/SA277S21	SES277	-8.92169
BLOCK27/SES277/SA277S24	SES277	-9.34837
BLOCK27/SES277/SA277S29	SES277	-7.63623
BLOCK27/SES278/SA278S12	SES278	-9.76566
BLOCK27/SES278/SA278S16	SES278	-9.59066
BLOCK27/SES278/SA278S24	SES278	-10.0354
BLOCK27/SES278/SA278S26	SES278	-9.0115
BLOCK27/SES278/SA278S29	SES122	-9.43718
BLOCK27/SES279/SA279S09	SES017	-8.82323
BLOCK27/SES279/SA279S10	SES012	-9.38846
BLOCK27/SES279/SA279S20	SES146	-9.85706
BLOCK27/SES279/SA279S26	SES279	-9.64836
BLOCK27/SES279/SA279S28	SES047	-8.39861
BLOCK29/SES290/SA290S12	SES203	-7.94343
BLOCK29/SES290/SA290S13	SES290	-8.28858
BLOCK29/SES290/SA290S22	SES290	-8.09686
BLOCK29/SES290/SA290S25	SES290	-8.47106
BLOCK29/SES290/SA290S29	SES290	-7.91957
BLOCK29/SES291/SA291S11	SES291	-9.52126
BLOCK29/SES291/SA291S12	SES158	-9.45635
BLOCK29/SES291/SA291S22	SES291	-8.98295
BLOCK29/SES291/SA291S24	SES291	-8.61061
BLOCK29/SES291/SA291S27	SES291	-8.64257
BLOCK29/SES292/SA292S10	SES146	-8.83228
BLOCK29/SES292/SA292S12	SES292	-10.5375
BLOCK29/SES292/SA292S22	SES292	-9.62935
BLOCK29/SES292/SA292S24	SES292	-9.55467
BLOCK29/SES292/SA292S27	SES292	-9.04004
BLOCK29/SES294/SA294S13	SES184	-9.36715
BLOCK29/SES294/SA294S14	SES170	-9.00475
BLOCK29/SES294/SA294S23	SES292	-9.71468
BLOCK29/SES294/SA294S25	SES101	-9.36479
BLOCK29/SES294/SA294S28	SES022	-8.80186
>>>>>>> 8ba7f6aaf25ccdf38f6ee88654b921a384007b92
