BLOCK00/SES002/SA002S12	SES002	0.921171	-9.37919	-10.3004
BLOCK00/SES002/SA002S13	SES002	1.09664	-9.5449	-10.6415
BLOCK00/SES002/SA002S23	SES002	0.619333	-9.4757	-10.095
BLOCK00/SES002/SA002S26	SES002	1.12136	-12.4831	-13.6045
BLOCK00/SES002/SA002S28	SES002	1.42362	-10.5962	-12.0199
BLOCK00/SES007/SA007S14	SES007	0.756266	-9.07417	-9.83043
BLOCK00/SES007/SA007S15	SES007	1.02702	-9.38328	-10.4103
BLOCK00/SES007/SA007S24	SES007	0.984713	-8.46808	-9.45279
BLOCK00/SES007/SA007S27	SES007	0.625611	-11.0566	-11.6822
BLOCK00/SES007/SA007S29	SES007	0.305082	-7.25516	-7.56024
BLOCK00/SES008/SA008S11	SES008	1.10597	-4.62993	-5.7359
BLOCK00/SES008/SA008S12	SES008	1.40126	-5.22185	-6.62311
BLOCK00/SES008/SA008S19	SES008	1.83484	-5.99079	-7.82562
BLOCK00/SES008/SA008S22	SES008	0.976283	-6.67067	-7.64696
BLOCK00/SES008/SA008S29	SES008	1.68475	-4.56032	-6.24507
BLOCK01/SES014/SA014S10	SES014	0.90084	-8.29167	-9.19251
BLOCK01/SES014/SA014S12	SES014	1.40963	-7.44351	-8.85315
BLOCK01/SES014/SA014S24	SES014	1.72334	-7.88261	-9.60596
BLOCK01/SES014/SA014S26	SES014	1.03659	-9.19838	-10.235
BLOCK01/SES014/SA014S28	SES014	2.41107	-4.89484	-7.30591
BLOCK01/SES016/SA016S12	SES016	1.68522	-9.86382	-11.549
BLOCK01/SES016/SA016S13	SES016	1.17234	-10.0983	-11.2707
BLOCK01/SES016/SA016S22	SES016	0.503258	-9.76377	-10.267
BLOCK01/SES016/SA016S25	SES016	0.385241	-8.99649	-9.38173
BLOCK01/SES016/SA016S27	SES016	0.881735	-12.5173	-13.3991
BLOCK01/SES019/SA019S13	SES019	2.80267	-9.93255	-12.7352
BLOCK01/SES019/SA019S14	SES019	1.63965	-9.47954	-11.1192
BLOCK01/SES019/SA019S22	SES019	2.51585	-8.31616	-10.832
BLOCK01/SES019/SA019S25	SES019	1.60069	-10.0609	-11.6616
BLOCK01/SES019/SA019S29	SES019	2.84896	-10.7287	-13.5776
BLOCK02/SES029/SA029S11	SES029	0.847442	-7.84746	-8.6949
BLOCK02/SES029/SA029S12	SES029	0.742105	-9.30526	-10.0474
BLOCK02/SES029/SA029S20	SES029	0.995241	-6.4862	-7.48144
BLOCK02/SES029/SA029S25	SES029	0.382174	-8.62491	-9.00708
BLOCK02/SES029/SA029S28	SES029	0.988604	-8.01052	-8.99912
BLOCK04/SES042/SA042S12	SES042	1.55141	-9.60338	-11.1548
BLOCK04/SES042/SA042S15	SES042	1.84815	-10.0648	-11.9129
BLOCK04/SES042/SA042S22	SES042	4.99734	-14.6588	-19.6562
BLOCK04/SES042/SA042S25	SES042	1.88931	-12.0392	-13.9286
BLOCK04/SES042/SA042S27	SES042	3.19454	-12.1471	-15.3417
BLOCK04/SES048/SA048S11	SES048	1.20424	-7.50244	-8.70668
BLOCK04/SES048/SA048S12	SES048	0.693246	-10.0557	-10.7489
BLOCK04/SES048/SA048S20	SES048	0.41131	-9.37877	-9.79008
BLOCK04/SES048/SA048S23	SES048	0.597555	-6.75583	-7.35339
BLOCK04/SES048/SA048S27	SES048	0.260618	-9.29514	-9.55576
BLOCK06/SES060/SA060S11	SES060	1.23125	-10.393	-11.6242
BLOCK06/SES060/SA060S12	SES060	0.974308	-11.4165	-12.3908
BLOCK06/SES060/SA060S22	SES060	-0.786926	-11.0726	-10.2856
BLOCK06/SES060/SA060S24	SES060	0.522693	-6.35575	-6.87845
BLOCK06/SES060/SA060S28	SES060	0.864964	-5.9603	-6.82526
BLOCK06/SES062/SA062S10	SES062	0.731459	-8.42017	-9.15162
BLOCK06/SES062/SA062S11	SES062	0.0448503	-11.1719	-11.2167
BLOCK06/SES062/SA062S21	SES062	0.668347	-4.9693	-5.63765
BLOCK06/SES062/SA062S26	SES062	0.399755	-8.00202	-8.40178
BLOCK06/SES062/SA062S29	SES062	1.08983	-6.21817	-7.308
BLOCK06/SES068/SA068S14	SES068	0.591372	-7.32494	-7.91631
BLOCK06/SES068/SA068S15	SES068	1.01666	-8.53997	-9.55663
BLOCK06/SES068/SA068S23	SES068	0.0310955	-9.97171	-10.0028
BLOCK06/SES068/SA068S27	SES068	1.60846	-8.77689	-10.3854
BLOCK06/SES068/SA068S29	SES068	1.18618	-9.17976	-10.3659
BLOCK08/SES082/SA082S12	SES082	0.0776091	-8.33506	-8.41267
BLOCK08/SES082/SA082S14	SES082	0.446606	-8.79255	-9.23915
BLOCK08/SES082/SA082S21	SES082	0.277511	-7.0975	-7.37501
BLOCK08/SES082/SA082S24	SES082	0.408489	-9.01485	-9.42334
BLOCK08/SES082/SA082S28	SES082	0.76843	-10.2623	-11.0307
BLOCK08/SES083/SA083S14	SES083	-0.186537	-7.88436	-7.69782
BLOCK08/SES083/SA083S15	SES083	0.490829	-9.78663	-10.2775
BLOCK08/SES083/SA083S24	SES083	0.0258942	-8.67753	-8.70342
BLOCK08/SES083/SA083S26	SES083	0.335858	-10.9579	-11.2938
BLOCK08/SES083/SA083S29	SES083	0.75499	-8.87214	-9.62713
BLOCK08/SES085/SA085S10	SES085	1.08164	-6.81003	-7.89167
BLOCK08/SES085/SA085S13	SES085	0.671175	-9.73995	-10.4111
BLOCK08/SES085/SA085S22	SES085	1.56347	-6.57881	-8.14228
BLOCK08/SES085/SA085S26	SES085	1.10882	-11.5325	-12.6413
BLOCK08/SES085/SA085S28	SES085	1.07134	-6.66596	-7.7373
BLOCK08/SES087/SA087S15	SES087	1.0971	-8.2465	-9.3436
BLOCK08/SES087/SA087S16	SES087	2.19127	-7.53061	-9.72188
BLOCK08/SES087/SA087S24	SES087	0.663022	-11.8603	-12.5233
BLOCK08/SES087/SA087S26	SES087	1.07601	-7.81488	-8.89089
BLOCK08/SES087/SA087S29	SES087	1.67499	-6.47128	-8.14627
BLOCK09/SES099/SA099S15	SES099	1.85272	-9.09276	-10.9455
BLOCK09/SES099/SA099S16	SES099	1.50228	-5.78861	-7.29089
BLOCK09/SES099/SA099S24	SES099	1.40589	-7.47996	-8.88585
BLOCK09/SES099/SA099S26	SES099	1.43511	-8.6172	-10.0523
BLOCK09/SES099/SA099S29	SES099	2.25317	-8.44036	-10.6935
BLOCK10/SES101/SA101S11	SES101	0.210162	-8.6946	-8.90477
BLOCK10/SES101/SA101S13	SES101	0.548324	-5.28424	-5.83257
BLOCK10/SES101/SA101S22	SES101	1.12314	-7.70646	-8.8296
BLOCK10/SES101/SA101S24	SES101	0.600327	-8.79792	-9.39825
BLOCK10/SES101/SA101S28	SES101	0.808111	-7.86909	-8.6772
BLOCK10/SES104/SA104S11	SES104	1.29178	-7.65485	-8.94663
BLOCK10/SES104/SA104S12	SES104	1.27019	-8.31333	-9.58352
BLOCK10/SES104/SA104S21	SES104	1.00489	-7.49072	-8.49562
BLOCK10/SES104/SA104S24	SES104	0.712582	-11.6814	-12.394
BLOCK10/SES104/SA104S28	SES104	0.575819	-10.4446	-11.0204
BLOCK10/SES105/SA105S12	SES105	0.871998	-9.67961	-10.5516
BLOCK10/SES105/SA105S13	SES105	0.269194	-10.3528	-10.622
BLOCK10/SES105/SA105S22	SES105	0.109364	-10.6172	-10.7265
BLOCK10/SES105/SA105S26	SES105	-0.392553	-11.2237	-10.8311
BLOCK10/SES105/SA105S29	SES105	1.11968	-7.79636	-8.91604
BLOCK10/SES106/SA106S09	SES106	1.00086	-12.0389	-13.0398
BLOCK10/SES106/SA106S11	SES106	2.15762	-9.00589	-11.1635
BLOCK10/SES106/SA106S22	SES106	2.88106	-12.7184	-15.5994
BLOCK10/SES106/SA106S27	SES106	1.62407	-7.70665	-9.33073
BLOCK10/SES106/SA106S29	SES106	1.08864	-8.4618	-9.55044
BLOCK11/SES117/SA117S12	SES117	0.100018	-10.0382	-10.1382
BLOCK11/SES117/SA117S13	SES117	-0.323483	-7.75318	-7.4297
BLOCK11/SES117/SA117S23	SES117	1.44399	-11.4418	-12.8858
BLOCK11/SES117/SA117S25	SES117	1.17743	-8.21124	-9.38867
BLOCK11/SES117/SA117S28	SES117	1.35919	-10.9613	-12.3205
BLOCK12/SES120/SA120S08	SES120	0.860729	-11.9802	-12.8409
BLOCK12/SES120/SA120S11	SES120	1.94903	-15.1385	-17.0875
BLOCK12/SES120/SA120S22	SES120	0.121725	-8.54327	-8.66499
BLOCK12/SES120/SA120S24	SES120	0.787506	-13.3558	-14.1433
BLOCK12/SES120/SA120S28	SES120	0.434218	-11.4046	-11.8388
BLOCK12/SES125/SA125S13	SES125	1.73862	-10.4172	-12.1558
BLOCK12/SES125/SA125S14	SES125	1.18483	-11.7619	-12.9467
BLOCK12/SES125/SA125S25	SES125	1.72735	-9.19552	-10.9229
BLOCK12/SES125/SA125S27	SES125	1.18523	-9.73049	-10.9157
BLOCK12/SES125/SA125S29	SES125	1.13049	-8.42153	-9.55203
BLOCK12/SES127/SA127S11	SES127	1.33027	-7.51158	-8.84186
BLOCK12/SES127/SA127S12	SES127	-0.355618	-5.44021	-5.08459
BLOCK12/SES127/SA127S23	SES127	-0.25828	-7.33609	-7.07781
BLOCK12/SES127/SA127S25	SES127	-0.352928	-6.36941	-6.01649
BLOCK12/SES127/SA127S27	SES127	0.759774	-7.24266	-8.00243
BLOCK12/SES129/SA129S11	SES129	0.995752	-5.72625	-6.722
BLOCK12/SES129/SA129S12	SES129	1.64603	-5.41773	-7.06376
BLOCK12/SES129/SA129S22	SES129	0.507139	-5.25097	-5.75811
BLOCK12/SES129/SA129S27	SES129	1.19363	-5.32181	-6.51544
BLOCK12/SES129/SA129S29	SES129	0.59752	-11.0162	-11.6137
BLOCK14/SES142/SA142S11	SES142	1.60782	-6.53201	-8.13983
BLOCK14/SES142/SA142S12	SES142	1.75282	-11.2209	-12.9737
BLOCK14/SES142/SA142S24	SES142	2.02142	-10.0636	-12.085
BLOCK14/SES142/SA142S27	SES142	0.56752	-10.4114	-10.9789
BLOCK14/SES142/SA142S29	SES142	1.05757	-10.3028	-11.3604
BLOCK14/SES143/SA143S12	SES143	0.710644	-8.51619	-9.22683
BLOCK14/SES143/SA143S13	SES143	0.436521	-8.34719	-8.78372
BLOCK14/SES143/SA143S23	SES143	0.709048	-7.72503	-8.43408
BLOCK14/SES143/SA143S25	SES143	0.363271	-12.3986	-12.7618
BLOCK14/SES143/SA143S28	SES143	0.0356483	-11.8059	-11.8416
BLOCK14/SES144/SA144S09	SES144	0.421665	-7.83537	-8.25703
BLOCK14/SES144/SA144S11	SES144	-0.204878	-8.5378	-8.33292
BLOCK14/SES144/SA144S21	SES144	0.227234	-6.92926	-7.1565
BLOCK14/SES144/SA144S25	SES144	0.65839	-7.17149	-7.82988
BLOCK14/SES144/SA144S29	SES144	-0.123257	-10.2382	-10.1149
BLOCK14/SES146/SA146S14	SES146	0.547329	-8.43217	-8.97949
BLOCK14/SES146/SA146S15	SES146	0.807136	-9.85809	-10.6652
BLOCK14/SES146/SA146S24	SES146	0.757108	-9.86388	-10.621
BLOCK14/SES146/SA146S26	SES146	0.24383	-9.61002	-9.85385
BLOCK14/SES146/SA146S29	SES146	0.786654	-10.1199	-10.9065
BLOCK14/SES147/SA147S11	SES147	0.532581	-9.35686	-9.88945
BLOCK14/SES147/SA147S13	SES147	1.09016	-5.98332	-7.07348
BLOCK14/SES147/SA147S23	SES147	0.803187	-6.07601	-6.8792
BLOCK14/SES147/SA147S26	SES147	0.678545	-6.62728	-7.30582
BLOCK14/SES147/SA147S28	SES147	0.459246	-4.86131	-5.32055
BLOCK14/SES148/SA148S10	SES148	0.17666	-7.01217	-7.18883
BLOCK14/SES148/SA148S12	SES148	0.263234	-8.03951	-8.30274
BLOCK14/SES148/SA148S22	SES148	0.647501	-5.44879	-6.09629
BLOCK14/SES148/SA148S26	SES148	0.0801592	-5.43065	-5.51081
BLOCK14/SES148/SA148S29	SES148	0.135853	-8.65322	-8.78907
BLOCK14/SES149/SA149S13	SES149	0.16228	-8.80258	-8.96486
BLOCK14/SES149/SA149S14	SES149	1.13808	-6.95236	-8.09044
BLOCK14/SES149/SA149S24	SES149	1.13391	-6.85735	-7.99127
BLOCK14/SES149/SA149S26	SES149	0.612482	-9.00202	-9.6145
BLOCK14/SES149/SA149S28	SES149	0.985142	-3.3845	-4.36964
BLOCK15/SES158/SA158S13	SES158	1.80431	-12.3493	-14.1537
BLOCK15/SES158/SA158S14	SES158	3.02297	-11.99	-15.013
BLOCK15/SES158/SA158S23	SES158	1.90973	-10.9883	-12.8981
BLOCK15/SES158/SA158S26	SES158	2.27462	-12.888	-15.1626
BLOCK15/SES158/SA158S28	SES158	0.883646	-11.754	-12.6376
BLOCK16/SES162/SA162S10	SES162	0.628704	-10.0543	-10.683
BLOCK16/SES162/SA162S11	SES162	0.742856	-6.68074	-7.4236
BLOCK16/SES162/SA162S21	SES162	1.0679	-6.62305	-7.69094
BLOCK16/SES162/SA162S24	SES162	1.19773	-5.71219	-6.90992
BLOCK16/SES162/SA162S27	SES162	1.00849	-9.8125	-10.821
BLOCK16/SES167/SA167S14	SES167	1.34223	-4.41286	-5.75509
BLOCK16/SES167/SA167S15	SES167	1.43387	-3.46672	-4.90059
BLOCK16/SES167/SA167S21	SES167	1.0809	-3.61127	-4.69218
BLOCK16/SES167/SA167S25	SES167	2.32971	-4.65841	-6.98812
BLOCK16/SES167/SA167S29	SES167	1.88493	-2.68709	-4.57202
BLOCK17/SES172/SA172S12	SES172	0.680777	-8.42472	-9.1055
BLOCK17/SES172/SA172S13	SES172	1.16026	-8.93637	-10.0966
BLOCK17/SES172/SA172S23	SES172	0.273402	-6.13921	-6.41261
BLOCK17/SES172/SA172S27	SES172	0.35495	-10.1455	-10.5005
BLOCK17/SES172/SA172S29	SES172	1.27054	-6.34783	-7.61837
BLOCK17/SES175/SA175S11	SES175	0.38721	-11.5621	-11.9493
BLOCK17/SES175/SA175S13	SES175	1.24625	-5.56782	-6.81407
BLOCK17/SES175/SA175S23	SES175	0.827577	-7.21863	-8.04621
BLOCK17/SES175/SA175S25	SES175	0.167098	-9.33252	-9.49961
BLOCK17/SES175/SA175S28	SES175	1.04345	-9.90958	-10.953
BLOCK17/SES177/SA177S15	SES177	0.447529	-9.91634	-10.3639
BLOCK17/SES177/SA177S17	SES177	0.0835314	-10.0945	-10.178
BLOCK17/SES177/SA177S23	SES177	0.19027	-8.91411	-9.10438
BLOCK17/SES177/SA177S26	SES177	0.907238	-6.97374	-7.88097
BLOCK17/SES177/SA177S28	SES177	0.56957	-11.3385	-11.9081
BLOCK18/SES180/SA180S13	SES180	0.844141	-11.78	-12.6241
BLOCK18/SES180/SA180S15	SES180	0.648274	-6.42375	-7.07202
BLOCK18/SES180/SA180S24	SES180	0.68808	-6.65721	-7.34529
BLOCK18/SES180/SA180S26	SES180	0.558068	-8.88236	-9.44043
BLOCK18/SES180/SA180S29	SES180	0.298403	-11.2587	-11.5571
BLOCK18/SES183/SA183S13	SES183	0.948465	-7.95283	-8.9013
BLOCK18/SES183/SA183S14	SES183	-0.101599	-8.61296	-8.51137
BLOCK18/SES183/SA183S24	SES183	0.971104	-10.11	-11.0811
BLOCK18/SES183/SA183S27	SES183	0.838579	-8.91129	-9.74987
BLOCK18/SES183/SA183S29	SES183	0.711224	-7.21008	-7.9213
BLOCK18/SES187/SA187S13	SES187	0.311803	-9.83325	-10.1451
BLOCK18/SES187/SA187S14	SES187	0.816549	-10.9642	-11.7807
BLOCK18/SES187/SA187S24	SES187	0.782681	-10.1168	-10.8995
BLOCK18/SES187/SA187S27	SES187	0.290061	-8.52438	-8.81444
BLOCK18/SES187/SA187S29	SES187	1.74135	-12.1411	-13.8824
BLOCK18/SES189/SA189S10	SES189	1.18806	-9.86324	-11.0513
BLOCK18/SES189/SA189S13	SES189	1.44125	-13.7296	-15.1709
BLOCK18/SES189/SA189S24	SES189	1.33298	-9.43816	-10.7711
BLOCK18/SES189/SA189S26	SES189	0.918221	-10.4902	-11.4084
BLOCK18/SES189/SA189S29	SES189	1.25852	-9.8542	-11.1127
BLOCK20/SES202/SA202S12	SES202	1.73487	-12.0569	-13.7918
BLOCK20/SES202/SA202S14	SES202	2.05437	-9.88574	-11.9401
BLOCK20/SES202/SA202S24	SES202	0.660474	-11.3958	-12.0563
BLOCK20/SES202/SA202S27	SES202	1.49511	-7.66938	-9.16449
BLOCK20/SES202/SA202S29	SES202	1.11423	-9.38159	-10.4958
BLOCK20/SES206/SA206S15	SES206	0.0810471	-7.73986	-7.82091
BLOCK20/SES206/SA206S17	SES206	1.23898	-9.80838	-11.0474
BLOCK20/SES206/SA206S24	SES206	1.21464	-7.33129	-8.54593
BLOCK20/SES206/SA206S27	SES206	1.12265	-10.0519	-11.1746
BLOCK20/SES206/SA206S29	SES206	1.92112	-11.0932	-13.0143
BLOCK22/SES226/SA226S12	SES226	0.670126	-8.95024	-9.62037
BLOCK22/SES226/SA226S13	SES226	-0.608882	-9.47425	-8.86537
BLOCK22/SES226/SA226S20	SES226	0.782288	-8.66434	-9.44663
BLOCK22/SES226/SA226S23	SES226	0.153949	-7.84097	-7.99492
BLOCK22/SES226/SA226S28	SES226	1.43268	-7.89033	-9.32301
BLOCK25/SES259/SA259S13	SES259	1.85738	-9.19871	-11.0561
BLOCK25/SES259/SA259S14	SES259	1.56688	-9.40848	-10.9754
BLOCK25/SES259/SA259S22	SES259	1.57692	-8.33615	-9.91307
BLOCK25/SES259/SA259S24	SES259	1.19168	-10.258	-11.4497
BLOCK25/SES259/SA259S28	SES259	1.24669	-8.94706	-10.1938
BLOCK27/SES270/SA270S14	SES270	1.9146	-7.74847	-9.66307
BLOCK27/SES270/SA270S16	SES270	1.7689	-6.79041	-8.55931
BLOCK27/SES270/SA270S22	SES270	1.96849	-7.03979	-9.00829
BLOCK27/SES270/SA270S26	SES270	2.5687	-7.89693	-10.4656
BLOCK27/SES270/SA270S28	SES270	2.43022	-6.13473	-8.56495
BLOCK27/SES275/SA275S17	SES275	0.408631	-8.92987	-9.3385
BLOCK27/SES275/SA275S18	SES275	-0.432401	-10.0448	-9.61243
BLOCK27/SES275/SA275S24	SES275	0.164213	-8.93177	-9.09598
BLOCK27/SES275/SA275S26	SES275	0.622668	-8.34641	-8.96908
BLOCK27/SES275/SA275S28	SES275	0.459069	-8.95335	-9.41242
BLOCK29/SES292/SA292S10	SES292	0.0187712	-8.81786	-8.83663
BLOCK29/SES292/SA292S12	SES292	0.733651	-10.2434	-10.977
BLOCK29/SES292/SA292S22	SES292	-0.0689173	-8.68984	-8.62092
BLOCK29/SES292/SA292S24	SES292	0.37108	-6.87308	-7.24416
BLOCK29/SES292/SA292S27	SES292	0.156726	-8.33006	-8.48679
BLOCK00/SES001/SA001S14	SES062	-2.11427	-13.3025	-11.1882
BLOCK00/SES001/SA001S14	SES082	-0.0335798	-11.2218	-11.1882
BLOCK00/SES001/SA001S14	SES106	0.433119	-10.7551	-11.1882
BLOCK00/SES001/SA001S14	SES206	-0.527765	-11.716	-11.1882
BLOCK00/SES001/SA001S15	SES062	-0.285892	-10.2177	-9.93184
BLOCK00/SES001/SA001S15	SES104	0.400915	-9.53093	-9.93184
BLOCK00/SES001/SA001S15	SES106	1.02826	-8.90359	-9.93184
BLOCK00/SES001/SA001S15	SES206	0.00415707	-9.92769	-9.93184
BLOCK00/SES001/SA001S24	SES062	-2.22965	-14.7697	-12.54
BLOCK00/SES001/SA001S24	SES082	-0.248986	-12.789	-12.54
BLOCK00/SES001/SA001S24	SES087	-3.47388	-16.0139	-12.54
BLOCK00/SES001/SA001S24	SES206	-0.0168495	-12.5569	-12.54
BLOCK00/SES001/SA001S27	SES062	-0.852049	-7.63951	-6.78746
BLOCK00/SES001/SA001S27	SES082	0.247553	-6.53991	-6.78746
BLOCK00/SES001/SA001S27	SES087	-0.852238	-7.6397	-6.78746
BLOCK00/SES001/SA001S27	SES206	-0.210918	-6.99838	-6.78746
BLOCK00/SES001/SA001S29	SES062	-1.16078	-11.5666	-10.4058
BLOCK00/SES001/SA001S29	SES082	-0.00460625	-10.4104	-10.4058
BLOCK00/SES001/SA001S29	SES158	-0.274131	-10.68	-10.4058
BLOCK00/SES001/SA001S29	SES206	-0.425992	-10.8318	-10.4058
BLOCK00/SES003/SA003S11	SES002	-0.0692205	-6.68469	-6.61547
BLOCK00/SES003/SA003S11	SES019	-0.387899	-7.00337	-6.61547
BLOCK00/SES003/SA003S11	SES082	-0.174644	-6.79011	-6.61547
BLOCK00/SES003/SA003S11	SES125	-0.155032	-6.7705	-6.61547
BLOCK00/SES003/SA003S15	SES016	-0.218768	-9.50077	-9.282
BLOCK00/SES003/SA003S15	SES019	-0.796495	-10.0785	-9.282
BLOCK00/SES003/SA003S15	SES062	0.25959	-9.02241	-9.282
BLOCK00/SES003/SA003S15	SES206	0.269468	-9.01253	-9.282
BLOCK00/SES003/SA003S22	SES002	-0.111111	-8.46573	-8.35462
BLOCK00/SES003/SA003S22	SES062	-0.290496	-8.64511	-8.35462
BLOCK00/SES003/SA003S22	SES082	-0.320392	-8.67501	-8.35462
BLOCK00/SES003/SA003S22	SES087	-0.811028	-9.16565	-8.35462
BLOCK00/SES003/SA003S25	SES062	-0.512119	-9.70075	-9.18863
BLOCK00/SES003/SA003S25	SES082	-1.49459	-10.6832	-9.18863
BLOCK00/SES003/SA003S25	SES087	0.793317	-8.39532	-9.18863
BLOCK00/SES003/SA003S25	SES206	-0.959746	-10.1484	-9.18863
BLOCK00/SES003/SA003S29	SES002	-0.244202	-7.41614	-7.17194
BLOCK00/SES003/SA003S29	SES062	-0.55336	-7.7253	-7.17194
BLOCK00/SES003/SA003S29	SES082	-0.657514	-7.82945	-7.17194
BLOCK00/SES003/SA003S29	SES087	-0.216386	-7.38833	-7.17194
BLOCK00/SES004/SA004S12	SES083	-0.446375	-7.18858	-6.7422
BLOCK00/SES004/SA004S12	SES148	-0.317464	-7.05966	-6.7422
BLOCK00/SES004/SA004S12	SES172	-0.283454	-7.02565	-6.7422
BLOCK00/SES004/SA004S12	SES292	-1.05588	-7.79808	-6.7422
BLOCK00/SES004/SA004S17	SES083	-0.593572	-7.69206	-7.09849
BLOCK00/SES004/SA004S17	SES162	0.450538	-6.64795	-7.09849
BLOCK00/SES004/SA004S17	SES172	-0.0698285	-7.16832	-7.09849
BLOCK00/SES004/SA004S17	SES292	-0.732711	-7.8312	-7.09849
BLOCK00/SES004/SA004S24	SES083	0.0411091	-8.81014	-8.85125
BLOCK00/SES004/SA004S24	SES148	-0.655117	-9.50637	-8.85125
BLOCK00/SES004/SA004S24	SES172	0.723505	-8.12775	-8.85125
BLOCK00/SES004/SA004S24	SES292	-0.462577	-9.31383	-8.85125
BLOCK00/SES004/SA004S26	SES083	-0.65826	-9.5703	-8.91204
BLOCK00/SES004/SA004S26	SES127	-1.5327	-10.4447	-8.91204
BLOCK00/SES004/SA004S26	SES148	-1.60648	-10.5185	-8.91204
BLOCK00/SES004/SA004S26	SES292	-1.86034	-10.7724	-8.91204
BLOCK00/SES004/SA004S28	SES083	-1.48102	-6.40974	-4.92872
BLOCK00/SES004/SA004S28	SES127	0.0576544	-4.87106	-4.92872
BLOCK00/SES004/SA004S28	SES187	0.0834022	-4.84532	-4.92872
BLOCK00/SES004/SA004S28	SES292	-0.398893	-5.32761	-4.92872
BLOCK00/SES006/SA006S10	SES014	-2.43763	-15.1607	-12.7231
BLOCK00/SES006/SA006S10	SES158	-2.76952	-15.4926	-12.7231
BLOCK00/SES006/SA006S10	SES226	-1.04449	-13.7675	-12.7231
BLOCK00/SES006/SA006S10	SES270	-0.790746	-13.5138	-12.7231
BLOCK00/SES006/SA006S11	SES158	-2.90249	-14.0503	-11.1479
BLOCK00/SES006/SA006S11	SES226	-0.811539	-11.9594	-11.1479
BLOCK00/SES006/SA006S11	SES270	-0.491589	-11.6394	-11.1479
BLOCK00/SES006/SA006S11	SES275	-0.0962954	-11.2442	-11.1479
BLOCK00/SES006/SA006S23	SES062	-3.11048	-14.9878	-11.8774
BLOCK00/SES006/SA006S23	SES105	-1.64992	-13.5273	-11.8774
BLOCK00/SES006/SA006S23	SES158	-2.68857	-14.5659	-11.8774
BLOCK00/SES006/SA006S23	SES275	-0.0700874	-11.9474	-11.8774
BLOCK00/SES006/SA006S26	SES104	-1.98523	-14.1949	-12.2097
BLOCK00/SES006/SA006S26	SES158	-3.01422	-15.2239	-12.2097
BLOCK00/SES006/SA006S26	SES270	-0.934278	-13.144	-12.2097
BLOCK00/SES006/SA006S26	SES275	-0.192671	-12.4024	-12.2097
BLOCK00/SES006/SA006S28	SES007	-0.159414	-12.2268	-12.0674
BLOCK00/SES006/SA006S28	SES105	-0.934073	-13.0014	-12.0674
BLOCK00/SES006/SA006S28	SES158	-1.61931	-13.6867	-12.0674
BLOCK00/SES006/SA006S28	SES275	0.0889568	-11.9784	-12.0674
BLOCK00/SES009/SA009S12	SES083	-1.08014	-12.9535	-11.8734
BLOCK00/SES009/SA009S12	SES148	-2.36875	-14.2421	-11.8734
BLOCK00/SES009/SA009S12	SES177	-0.0712795	-11.9447	-11.8734
BLOCK00/SES009/SA009S12	SES292	-0.0574265	-11.9308	-11.8734
BLOCK00/SES009/SA009S15	SES007	-0.051671	-11.1733	-11.1216
BLOCK00/SES009/SA009S15	SES099	-1.73493	-12.8565	-11.1216
BLOCK00/SES009/SA009S15	SES148	-3.18826	-14.3099	-11.1216
BLOCK00/SES009/SA009S15	SES172	-0.487291	-11.6089	-11.1216
BLOCK00/SES009/SA009S24	SES146	-0.330393	-12.9966	-12.6663
BLOCK00/SES009/SA009S24	SES148	-2.10977	-14.776	-12.6663
BLOCK00/SES009/SA009S24	SES177	0.459834	-12.2064	-12.6663
BLOCK00/SES009/SA009S24	SES292	-0.0528421	-12.7191	-12.6663
BLOCK00/SES009/SA009S26	SES083	-0.874237	-10.5663	-9.69205
BLOCK00/SES009/SA009S26	SES101	-1.21761	-10.9097	-9.69205
BLOCK00/SES009/SA009S26	SES120	-0.465305	-10.1574	-9.69205
BLOCK00/SES009/SA009S26	SES177	-0.203166	-9.89522	-9.69205
BLOCK00/SES009/SA009S29	SES083	-1.14674	-10.5268	-9.38009
BLOCK00/SES009/SA009S29	SES101	-0.747178	-10.1273	-9.38009
BLOCK00/SES009/SA009S29	SES177	-0.0226946	-9.40278	-9.38009
BLOCK00/SES009/SA009S29	SES292	-0.22797	-9.60806	-9.38009
BLOCK01/SES011/SA011S10	SES019	-0.94408	-15.9691	-15.025
BLOCK01/SES011/SA011S10	SES042	1.16767	-13.8574	-15.025
BLOCK01/SES011/SA011S10	SES082	0.0223675	-15.0027	-15.025
BLOCK01/SES011/SA011S10	SES206	0.501726	-14.5233	-15.025
BLOCK01/SES011/SA011S11	SES019	-0.522412	-12.9643	-12.4419
BLOCK01/SES011/SA011S11	SES042	-0.157801	-12.5997	-12.4419
BLOCK01/SES011/SA011S11	SES082	-0.464224	-12.9061	-12.4419
BLOCK01/SES011/SA011S11	SES206	-0.363088	-12.805	-12.4419
BLOCK01/SES011/SA011S22	SES019	1.50158	-13.5249	-15.0265
BLOCK01/SES011/SA011S22	SES042	1.92386	-13.1026	-15.0265
BLOCK01/SES011/SA011S22	SES082	0.355881	-14.6706	-15.0265
BLOCK01/SES011/SA011S22	SES206	0.500568	-14.5259	-15.0265
BLOCK01/SES011/SA011S24	SES019	-1.15721	-13.1051	-11.9479
BLOCK01/SES011/SA011S24	SES042	0.829616	-11.1182	-11.9479
BLOCK01/SES011/SA011S24	SES104	0.120901	-11.827	-11.9479
BLOCK01/SES011/SA011S24	SES206	0.635354	-11.3125	-11.9479
BLOCK01/SES011/SA011S27	SES082	0.718093	-11.6718	-12.3899
BLOCK01/SES011/SA011S27	SES087	-2.18416	-14.5741	-12.3899
BLOCK01/SES011/SA011S27	SES125	-0.446612	-12.8365	-12.3899
BLOCK01/SES011/SA011S27	SES206	-0.293385	-12.6833	-12.3899
BLOCK01/SES012/SA012S11	SES007	0.0114164	-8.47669	-8.4881
BLOCK01/SES012/SA012S11	SES082	0.284257	-8.20385	-8.4881
BLOCK01/SES012/SA012S11	SES083	-0.184655	-8.67276	-8.4881
BLOCK01/SES012/SA012S11	SES206	0.399895	-8.08821	-8.4881
BLOCK01/SES012/SA012S14	SES082	0.61946	-10.7848	-11.4043
BLOCK01/SES012/SA012S14	SES087	-0.827556	-12.2318	-11.4043
BLOCK01/SES012/SA012S14	SES206	0.505837	-10.8984	-11.4043
BLOCK01/SES012/SA012S14	SES292	-0.368826	-11.7731	-11.4043
BLOCK01/SES012/SA012S24	SES082	0.22006	-12.5177	-12.7377
BLOCK01/SES012/SA012S24	SES087	-0.507688	-13.2454	-12.7377
BLOCK01/SES012/SA012S24	SES120	-0.311563	-13.0493	-12.7377
BLOCK01/SES012/SA012S24	SES206	0.497322	-12.2404	-12.7377
BLOCK01/SES012/SA012S26	SES019	-1.75551	-15.0964	-13.3408
BLOCK01/SES012/SA012S26	SES082	1.05372	-12.2871	-13.3408
BLOCK01/SES012/SA012S26	SES206	1.30214	-12.0387	-13.3408
BLOCK01/SES012/SA012S26	SES292	0.099968	-13.2409	-13.3408
BLOCK01/SES012/SA012S29	SES062	-0.355752	-7.2075	-6.85175
BLOCK01/SES012/SA012S29	SES082	0.142632	-6.70911	-6.85175
BLOCK01/SES012/SA012S29	SES083	-0.682535	-7.53428	-6.85175
BLOCK01/SES012/SA012S29	SES206	0.524517	-6.32723	-6.85175
BLOCK01/SES013/SA013S16	SES062	-1.33847	-13.4571	-12.1187
BLOCK01/SES013/SA013S16	SES106	-0.518497	-12.6372	-12.1187
BLOCK01/SES013/SA013S16	SES206	-0.650619	-12.7693	-12.1187
BLOCK01/SES013/SA013S16	SES226	-1.61701	-13.7357	-12.1187
BLOCK01/SES013/SA013S17	SES062	-0.204986	-8.6088	-8.40382
BLOCK01/SES013/SA013S17	SES106	-0.343765	-8.74758	-8.40382
BLOCK01/SES013/SA013S17	SES206	-0.237523	-8.64134	-8.40382
BLOCK01/SES013/SA013S17	SES226	-0.46251	-8.86633	-8.40382
BLOCK01/SES013/SA013S23	SES104	0.160933	-9.79187	-9.9528
BLOCK01/SES013/SA013S23	SES106	-0.669129	-10.6219	-9.9528
BLOCK01/SES013/SA013S23	SES206	-0.491967	-10.4448	-9.9528
BLOCK01/SES013/SA013S23	SES270	-1.02819	-10.981	-9.9528
BLOCK01/SES013/SA013S25	SES042	-2.98643	-12.3547	-9.3683
BLOCK01/SES013/SA013S25	SES104	0.35337	-9.01493	-9.3683
BLOCK01/SES013/SA013S25	SES106	0.389334	-8.97897	-9.3683
BLOCK01/SES013/SA013S25	SES206	0.0715246	-9.29678	-9.3683
BLOCK01/SES013/SA013S29	SES062	-1.17277	-12.203	-11.0303
BLOCK01/SES013/SA013S29	SES104	0.129095	-10.9012	-11.0303
BLOCK01/SES013/SA013S29	SES106	0.584242	-10.446	-11.0303
BLOCK01/SES013/SA013S29	SES206	-0.199277	-11.2295	-11.0303
BLOCK02/SES021/SA021S13	SES016	-0.0478992	-10.6552	-10.6073
BLOCK02/SES021/SA021S13	SES029	-0.638651	-11.246	-10.6073
BLOCK02/SES021/SA021S13	SES087	-2.91342	-13.5208	-10.6073
BLOCK02/SES021/SA021S13	SES206	0.0663338	-10.541	-10.6073
BLOCK02/SES021/SA021S15	SES087	-0.881671	-9.79253	-8.91086
BLOCK02/SES021/SA021S15	SES125	0.431347	-8.47952	-8.91086
BLOCK02/SES021/SA021S15	SES206	-0.384601	-9.29546	-8.91086
BLOCK02/SES021/SA021S15	SES226	-1.00548	-9.91635	-8.91086
BLOCK02/SES021/SA021S23	SES062	-1.90837	-11.1632	-9.25486
BLOCK02/SES021/SA021S23	SES087	0.031909	-9.22296	-9.25486
BLOCK02/SES021/SA021S23	SES206	-0.479637	-9.7345	-9.25486
BLOCK02/SES021/SA021S23	SES226	-0.993934	-10.2488	-9.25486
BLOCK02/SES021/SA021S27	SES002	-2.22694	-9.84739	-7.62045
BLOCK02/SES021/SA021S27	SES016	-1.63847	-9.25892	-7.62045
BLOCK02/SES021/SA021S27	SES019	-1.31222	-8.93266	-7.62045
BLOCK02/SES021/SA021S27	SES062	-2.1528	-9.77325	-7.62045
BLOCK02/SES021/SA021S29	SES087	0.163933	-10.2316	-10.3955
BLOCK02/SES021/SA021S29	SES125	0.36792	-10.0276	-10.3955
BLOCK02/SES021/SA021S29	SES206	0.396114	-9.99941	-10.3955
BLOCK02/SES021/SA021S29	SES226	-0.337827	-10.7333	-10.3955
BLOCK04/SES043/SA043S09	SES083	-0.251262	-10.3276	-10.0763
BLOCK04/SES043/SA043S09	SES101	0.211855	-9.86446	-10.0763
BLOCK04/SES043/SA043S09	SES144	0.568111	-9.50821	-10.0763
BLOCK04/SES043/SA043S09	SES172	-0.153609	-10.2299	-10.0763
BLOCK04/SES043/SA043S11	SES083	-0.0175109	-7.0686	-7.05109
BLOCK04/SES043/SA043S11	SES101	-0.255741	-7.30684	-7.05109
BLOCK04/SES043/SA043S11	SES144	0.674666	-6.37643	-7.05109
BLOCK04/SES043/SA043S11	SES172	-0.788032	-7.83913	-7.05109
BLOCK04/SES043/SA043S23	SES083	-0.638156	-8.14442	-7.50626
BLOCK04/SES043/SA043S23	SES144	0.670735	-6.83552	-7.50626
BLOCK04/SES043/SA043S23	SES177	-0.348118	-7.85438	-7.50626
BLOCK04/SES043/SA043S23	SES275	-0.797983	-8.30424	-7.50626
BLOCK04/SES043/SA043S26	SES083	-0.474258	-12.8853	-12.411
BLOCK04/SES043/SA043S26	SES101	0.0571165	-12.3539	-12.411
BLOCK04/SES043/SA043S26	SES144	0.874094	-11.5369	-12.411
BLOCK04/SES043/SA043S26	SES177	-0.267904	-12.6789	-12.411
BLOCK04/SES043/SA043S28	SES016	-0.59391	-9.67751	-9.0836
BLOCK04/SES043/SA043S28	SES083	-0.0826378	-9.16624	-9.0836
BLOCK04/SES043/SA043S28	SES101	0.0337543	-9.04984	-9.0836
BLOCK04/SES043/SA043S28	SES144	0.0768709	-9.00673	-9.0836
BLOCK04/SES044/SA044S10	SES127	-1.60335	-13.752	-12.1486
BLOCK04/SES044/SA044S10	SES144	0.215911	-11.9327	-12.1486
BLOCK04/SES044/SA044S10	SES147	-1.16952	-13.3182	-12.1486
BLOCK04/SES044/SA044S10	SES148	-1.14261	-13.2912	-12.1486
BLOCK04/SES044/SA044S11	SES101	-0.279115	-11.0916	-10.8124
BLOCK04/SES044/SA044S11	SES144	0.414117	-10.3983	-10.8124
BLOCK04/SES044/SA044S11	SES147	-0.350115	-11.1626	-10.8124
BLOCK04/SES044/SA044S11	SES177	-0.977596	-11.79	-10.8124
BLOCK04/SES044/SA044S24	SES007	-0.832688	-11.3659	-10.5333
BLOCK04/SES044/SA044S24	SES101	-0.312972	-10.8462	-10.5333
BLOCK04/SES044/SA044S24	SES147	-0.441965	-10.9752	-10.5333
BLOCK04/SES044/SA044S24	SES177	-0.439219	-10.9725	-10.5333
BLOCK04/SES044/SA044S26	SES007	-0.497957	-8.27164	-7.77369
BLOCK04/SES044/SA044S26	SES016	-0.488503	-8.26219	-7.77369
BLOCK04/SES044/SA044S26	SES101	-0.877475	-8.65116	-7.77369
BLOCK04/SES044/SA044S26	SES147	-0.533043	-8.30673	-7.77369
BLOCK04/SES044/SA044S29	SES007	-0.0595617	-9.99854	-9.93898
BLOCK04/SES044/SA044S29	SES101	-0.876525	-10.8155	-9.93898
BLOCK04/SES044/SA044S29	SES147	-1.41069	-11.3497	-9.93898
BLOCK04/SES044/SA044S29	SES177	-1.23799	-11.177	-9.93898
BLOCK04/SES046/SA046S13	SES101	-0.663277	-10.6361	-9.97283
BLOCK04/SES046/SA046S13	SES144	-0.418001	-10.3908	-9.97283
BLOCK04/SES046/SA046S13	SES147	-0.475231	-10.4481	-9.97283
BLOCK04/SES046/SA046S13	SES177	-0.53634	-10.5092	-9.97283
BLOCK04/SES046/SA046S15	SES048	0.310069	-7.23079	-7.54086
BLOCK04/SES046/SA046S15	SES083	-0.229634	-7.7705	-7.54086
BLOCK04/SES046/SA046S15	SES120	-0.619668	-8.16053	-7.54086
BLOCK04/SES046/SA046S15	SES148	-0.158195	-7.69906	-7.54086
BLOCK04/SES046/SA046S22	SES101	-0.714061	-10.3408	-9.62679
BLOCK04/SES046/SA046S22	SES144	0.844064	-8.78272	-9.62679
BLOCK04/SES046/SA046S22	SES147	-0.0823708	-9.70916	-9.62679
BLOCK04/SES046/SA046S22	SES172	0.112212	-9.51458	-9.62679
BLOCK04/SES046/SA046S25	SES083	-1.0944	-7.39638	-6.30199
BLOCK04/SES046/SA046S25	SES127	-1.42507	-7.72706	-6.30199
BLOCK04/SES046/SA046S25	SES144	0.317143	-5.98484	-6.30199
BLOCK04/SES046/SA046S25	SES148	-0.286908	-6.58889	-6.30199
BLOCK04/SES046/SA046S28	SES007	-0.575457	-8.53866	-7.96321
BLOCK04/SES046/SA046S28	SES105	-0.679857	-8.64306	-7.96321
BLOCK04/SES046/SA046S28	SES147	-0.751903	-8.71511	-7.96321
BLOCK04/SES046/SA046S28	SES148	-1.81295	-9.77615	-7.96321
BLOCK04/SES049/SA049S16	SES104	-0.0927134	-10.9531	-10.8604
BLOCK04/SES049/SA049S16	SES106	-1.00114	-11.8615	-10.8604
BLOCK04/SES049/SA049S16	SES120	-0.882306	-11.7427	-10.8604
BLOCK04/SES049/SA049S16	SES206	-0.323236	-11.1836	-10.8604
BLOCK04/SES049/SA049S18	SES099	0.31921	-9.333	-9.65221
BLOCK04/SES049/SA049S18	SES104	-0.400846	-10.0531	-9.65221
BLOCK04/SES049/SA049S18	SES125	-0.408458	-10.0607	-9.65221
BLOCK04/SES049/SA049S18	SES206	-0.653049	-10.3053	-9.65221
BLOCK04/SES049/SA049S25	SES087	-0.010025	-10.3289	-10.3188
BLOCK04/SES049/SA049S25	SES104	-0.110594	-10.4294	-10.3188
BLOCK04/SES049/SA049S25	SES125	-0.418017	-10.7369	-10.3188
BLOCK04/SES049/SA049S25	SES206	-0.327277	-10.6461	-10.3188
BLOCK04/SES049/SA049S27	SES099	-1.26846	-6.85558	-5.58712
BLOCK04/SES049/SA049S27	SES104	0.178353	-5.40877	-5.58712
BLOCK04/SES049/SA049S27	SES125	-0.584498	-6.17162	-5.58712
BLOCK04/SES049/SA049S27	SES206	-0.265329	-5.85245	-5.58712
BLOCK04/SES049/SA049S29	SES099	-0.19134	-6.4055	-6.21416
BLOCK04/SES049/SA049S29	SES104	0.338682	-5.87548	-6.21416
BLOCK04/SES049/SA049S29	SES125	0.278752	-5.93541	-6.21416
BLOCK04/SES049/SA049S29	SES206	-0.177184	-6.39134	-6.21416
BLOCK06/SES063/SA063S09	SES068	-0.251134	-10.9329	-10.6818
BLOCK06/SES063/SA063S09	SES083	-0.325655	-11.0075	-10.6818
BLOCK06/SES063/SA063S09	SES177	-0.471503	-11.1533	-10.6818
BLOCK06/SES063/SA063S09	SES187	-0.771009	-11.4528	-10.6818
BLOCK06/SES063/SA063S10	SES068	-0.794164	-10.4888	-9.6946
BLOCK06/SES063/SA063S10	SES083	-0.617612	-10.3122	-9.6946
BLOCK06/SES063/SA063S10	SES172	-0.721835	-10.4164	-9.6946
BLOCK06/SES063/SA063S10	SES187	-0.584662	-10.2793	-9.6946
BLOCK06/SES063/SA063S20	SES068	-0.586051	-11.5474	-10.9613
BLOCK06/SES063/SA063S20	SES083	-0.201508	-11.1628	-10.9613
BLOCK06/SES063/SA063S20	SES172	-0.042757	-11.0041	-10.9613
BLOCK06/SES063/SA063S20	SES187	-0.658738	-11.62	-10.9613
BLOCK06/SES063/SA063S24	SES029	-0.644282	-11.5241	-10.8798
BLOCK06/SES063/SA063S24	SES083	0.586204	-10.2936	-10.8798
BLOCK06/SES063/SA063S24	SES177	0.0734415	-10.8064	-10.8798
BLOCK06/SES063/SA063S24	SES189	-0.323714	-11.2035	-10.8798
BLOCK06/SES063/SA063S27	SES083	-0.012269	-11.4589	-11.4467
BLOCK06/SES063/SA063S27	SES172	-0.496395	-11.943	-11.4467
BLOCK06/SES063/SA063S27	SES187	-0.741058	-12.1877	-11.4467
BLOCK06/SES063/SA063S27	SES292	-0.414193	-11.8608	-11.4467
BLOCK06/SES067/SA067S12	SES083	-0.576471	-8.3926	-7.81613
BLOCK06/SES067/SA067S12	SES172	-0.626606	-8.44274	-7.81613
BLOCK06/SES067/SA067S12	SES202	-0.387283	-8.20341	-7.81613
BLOCK06/SES067/SA067S12	SES292	-0.452	-8.26813	-7.81613
BLOCK06/SES067/SA067S14	SES085	-0.176391	-5.9606	-5.7842
BLOCK06/SES067/SA067S14	SES177	-1.11694	-6.90115	-5.7842
BLOCK06/SES067/SA067S14	SES183	0.737839	-5.04637	-5.7842
BLOCK06/SES067/SA067S14	SES202	-0.310496	-6.0947	-5.7842
BLOCK06/SES067/SA067S21	SES144	-0.545147	-9.79	-9.24486
BLOCK06/SES067/SA067S21	SES177	-0.970049	-10.2149	-9.24486
BLOCK06/SES067/SA067S21	SES183	0.292682	-8.95218	-9.24486
BLOCK06/SES067/SA067S21	SES189	-0.388359	-9.63322	-9.24486
BLOCK06/SES067/SA067S25	SES085	-1.19124	-11.3129	-10.1217
BLOCK06/SES067/SA067S25	SES177	0.065505	-10.0562	-10.1217
BLOCK06/SES067/SA067S25	SES183	-0.0770712	-10.1988	-10.1217
BLOCK06/SES067/SA067S25	SES202	0.235752	-9.88594	-10.1217
BLOCK06/SES067/SA067S29	SES085	-0.699349	-11.4508	-10.7514
BLOCK06/SES067/SA067S29	SES177	-1.21262	-11.964	-10.7514
BLOCK06/SES067/SA067S29	SES183	0.0910101	-10.6604	-10.7514
BLOCK06/SES067/SA067S29	SES202	-0.47315	-11.2246	-10.7514
BLOCK06/SES069/SA069S12	SES029	-0.316875	-8.88622	-8.56935
BLOCK06/SES069/SA069S12	SES082	-0.0911589	-8.66051	-8.56935
BLOCK06/SES069/SA069S12	SES087	-0.785657	-9.355	-8.56935
BLOCK06/SES069/SA069S12	SES206	0.476118	-8.09323	-8.56935
BLOCK06/SES069/SA069S13	SES029	0.0272512	-7.00041	-7.02766
BLOCK06/SES069/SA069S13	SES087	0.314078	-6.71359	-7.02766
BLOCK06/SES069/SA069S13	SES206	0.235307	-6.79236	-7.02766
BLOCK06/SES069/SA069S13	SES226	0.980063	-6.0476	-7.02766
BLOCK06/SES069/SA069S23	SES029	0.0857673	-4.23761	-4.32338
BLOCK06/SES069/SA069S23	SES087	0.0459523	-4.27743	-4.32338
BLOCK06/SES069/SA069S23	SES206	0.0560255	-4.26736	-4.32338
BLOCK06/SES069/SA069S23	SES226	-0.134608	-4.45799	-4.32338
BLOCK06/SES069/SA069S25	SES087	-0.538841	-7.76848	-7.22964
BLOCK06/SES069/SA069S25	SES206	-0.994263	-8.22391	-7.22964
BLOCK06/SES069/SA069S25	SES226	-0.170241	-7.39988	-7.22964
BLOCK06/SES069/SA069S25	SES270	-0.77407	-8.00371	-7.22964
BLOCK06/SES069/SA069S27	SES087	-1.12697	-11.014	-9.88701
BLOCK06/SES069/SA069S27	SES206	0.313703	-9.57331	-9.88701
BLOCK06/SES069/SA069S27	SES226	-0.102749	-9.98976	-9.88701
BLOCK06/SES069/SA069S27	SES270	-0.500534	-10.3875	-9.88701
BLOCK08/SES081/SA081S11	SES060	-1.39118	-12.4425	-11.0513
BLOCK08/SES081/SA081S11	SES062	-1.04702	-12.0983	-11.0513
BLOCK08/SES081/SA081S11	SES117	-0.905494	-11.9568	-11.0513
BLOCK08/SES081/SA081S11	SES162	-0.747308	-11.7986	-11.0513
BLOCK08/SES081/SA081S13	SES016	-0.852735	-9.38172	-8.52898
BLOCK08/SES081/SA081S13	SES060	-0.443808	-8.97279	-8.52898
BLOCK08/SES081/SA081S13	SES068	-0.489484	-9.01847	-8.52898
BLOCK08/SES081/SA081S13	SES129	-0.938926	-9.46791	-8.52898
BLOCK08/SES081/SA081S24	SES060	-0.201275	-10.0515	-9.85024
BLOCK08/SES081/SA081S24	SES068	-0.169036	-10.0193	-9.85024
BLOCK08/SES081/SA081S24	SES117	0.106653	-9.74359	-9.85024
BLOCK08/SES081/SA081S24	SES275	-0.282876	-10.1331	-9.85024
BLOCK08/SES081/SA081S27	SES007	-0.136003	-15.1652	-15.0292
BLOCK08/SES081/SA081S27	SES060	-0.543219	-15.5725	-15.0292
BLOCK08/SES081/SA081S27	SES117	-0.471624	-15.5009	-15.0292
BLOCK08/SES081/SA081S27	SES275	-2.57395	-17.6032	-15.0292
BLOCK08/SES081/SA081S29	SES007	-0.0143003	-13.1349	-13.1206
BLOCK08/SES081/SA081S29	SES060	0.258628	-12.862	-13.1206
BLOCK08/SES081/SA081S29	SES117	0.197749	-12.9229	-13.1206
BLOCK08/SES081/SA081S29	SES275	-2.49986	-15.6205	-13.1206
BLOCK08/SES086/SA086S11	SES029	-1.53606	-14.5593	-13.0232
BLOCK08/SES086/SA086S11	SES082	-0.226363	-13.2496	-13.0232
BLOCK08/SES086/SA086S11	SES087	0.602767	-12.4204	-13.0232
BLOCK08/SES086/SA086S11	SES206	-0.368001	-13.3912	-13.0232
BLOCK08/SES086/SA086S12	SES029	-0.939391	-11.9001	-10.9607
BLOCK08/SES086/SA086S12	SES082	-0.623975	-11.5846	-10.9607
BLOCK08/SES086/SA086S12	SES087	0.873286	-10.0874	-10.9607
BLOCK08/SES086/SA086S12	SES206	0.0624304	-10.8982	-10.9607
BLOCK08/SES086/SA086S20	SES029	-1.07494	-11.3665	-10.2916
BLOCK08/SES086/SA086S20	SES082	-0.0555449	-10.3471	-10.2916
BLOCK08/SES086/SA086S20	SES087	0.116869	-10.1747	-10.2916
BLOCK08/SES086/SA086S20	SES206	-0.187353	-10.4789	-10.2916
BLOCK08/SES086/SA086S24	SES087	0.979603	-10.3918	-11.3714
BLOCK08/SES086/SA086S24	SES104	0.671863	-10.6995	-11.3714
BLOCK08/SES086/SA086S24	SES120	1.05559	-10.3158	-11.3714
BLOCK08/SES086/SA086S24	SES206	0.581663	-10.7897	-11.3714
BLOCK08/SES086/SA086S28	SES029	-0.385992	-8.59711	-8.21112
BLOCK08/SES086/SA086S28	SES082	0.198102	-8.01302	-8.21112
BLOCK08/SES086/SA086S28	SES087	0.278501	-7.93262	-8.21112
BLOCK08/SES086/SA086S28	SES206	-0.316139	-8.52726	-8.21112
BLOCK08/SES089/SA089S13	SES087	-0.011199	-11.2942	-11.283
BLOCK08/SES089/SA089S13	SES206	-0.693656	-11.9767	-11.283
BLOCK08/SES089/SA089S13	SES226	0.379815	-10.9032	-11.283
BLOCK08/SES089/SA089S13	SES270	0.181575	-11.1014	-11.283
BLOCK08/SES089/SA089S14	SES062	-0.724524	-9.90047	-9.17594
BLOCK08/SES089/SA089S14	SES087	0.749094	-8.42685	-9.17594
BLOCK08/SES089/SA089S14	SES206	-0.323682	-9.49962	-9.17594
BLOCK08/SES089/SA089S14	SES226	-0.967193	-10.1431	-9.17594
BLOCK08/SES089/SA089S23	SES087	-0.60853	-13.573	-12.9645
BLOCK08/SES089/SA089S23	SES206	-0.387425	-13.3519	-12.9645
BLOCK08/SES089/SA089S23	SES226	0.344154	-12.6203	-12.9645
BLOCK08/SES089/SA089S23	SES270	0.600869	-12.3636	-12.9645
BLOCK08/SES089/SA089S25	SES062	-0.498585	-10.8192	-10.3206
BLOCK08/SES089/SA089S25	SES087	-0.525121	-10.8457	-10.3206
BLOCK08/SES089/SA089S25	SES206	-0.253786	-10.5744	-10.3206
BLOCK08/SES089/SA089S25	SES226	0.429831	-9.8908	-10.3206
BLOCK08/SES089/SA089S28	SES062	-0.903669	-10.6019	-9.6982
BLOCK08/SES089/SA089S28	SES087	0.885703	-8.81249	-9.6982
BLOCK08/SES089/SA089S28	SES206	-0.0937862	-9.79198	-9.6982
BLOCK08/SES089/SA089S28	SES226	0.766476	-8.93172	-9.6982
BLOCK09/SES097/SA097S11	SES099	0.225697	-7.97342	-8.19911
BLOCK09/SES097/SA097S11	SES125	0.109337	-8.08978	-8.19911
BLOCK09/SES097/SA097S11	SES206	-0.975563	-9.17468	-8.19911
BLOCK09/SES097/SA097S11	SES226	0.136405	-8.06271	-8.19911
BLOCK09/SES097/SA097S14	SES062	-0.549764	-8.5289	-7.97914
BLOCK09/SES097/SA097S14	SES099	-0.0245466	-8.00369	-7.97914
BLOCK09/SES097/SA097S14	SES104	-1.31483	-9.29397	-7.97914
BLOCK09/SES097/SA097S14	SES206	-1.37798	-9.35712	-7.97914
BLOCK09/SES097/SA097S22	SES099	1.16859	-8.19388	-9.36247
BLOCK09/SES097/SA097S22	SES206	-0.346507	-9.70898	-9.36247
BLOCK09/SES097/SA097S22	SES226	-0.427436	-9.7899	-9.36247
BLOCK09/SES097/SA097S22	SES270	-0.656679	-10.0191	-9.36247
BLOCK09/SES097/SA097S26	SES099	0.716578	-8.82075	-9.53733
BLOCK09/SES097/SA097S26	SES120	-0.69143	-10.2288	-9.53733
BLOCK09/SES097/SA097S26	SES206	-0.449864	-9.98719	-9.53733
BLOCK09/SES097/SA097S26	SES226	-0.0718489	-9.60918	-9.53733
BLOCK09/SES097/SA097S28	SES099	1.28313	-7.37878	-8.66191
BLOCK09/SES097/SA097S28	SES120	-0.384842	-9.04675	-8.66191
BLOCK09/SES097/SA097S28	SES206	-0.342753	-9.00467	-8.66191
BLOCK09/SES097/SA097S28	SES226	-0.126003	-8.78792	-8.66191
BLOCK09/SES098/SA098S11	SES127	-1.10115	-11.4607	-10.3596
BLOCK09/SES098/SA098S11	SES144	0.515093	-9.84446	-10.3596
BLOCK09/SES098/SA098S11	SES147	0.630676	-9.72888	-10.3596
BLOCK09/SES098/SA098S11	SES148	-1.36558	-11.7251	-10.3596
BLOCK09/SES098/SA098S12	SES127	-1.20471	-13.7835	-12.5788
BLOCK09/SES098/SA098S12	SES144	-0.149679	-12.7285	-12.5788
BLOCK09/SES098/SA098S12	SES147	0.083005	-12.4958	-12.5788
BLOCK09/SES098/SA098S12	SES189	-0.846007	-13.4248	-12.5788
BLOCK09/SES098/SA098S20	SES127	-2.66212	-17.3262	-14.664
BLOCK09/SES098/SA098S20	SES147	-1.95151	-16.6156	-14.664
BLOCK09/SES098/SA098S20	SES148	-5.26164	-19.9257	-14.664
BLOCK09/SES098/SA098S20	SES292	-0.663228	-15.3273	-14.664
BLOCK09/SES098/SA098S23	SES127	-1.1979	-12.4327	-11.2348
BLOCK09/SES098/SA098S23	SES147	-0.0758934	-11.3107	-11.2348
BLOCK09/SES098/SA098S23	SES187	0.0208311	-11.214	-11.2348
BLOCK09/SES098/SA098S23	SES292	-0.401829	-11.6367	-11.2348
BLOCK09/SES098/SA098S27	SES127	-1.23169	-13.2618	-12.0301
BLOCK09/SES098/SA098S27	SES147	0.512939	-11.5172	-12.0301
BLOCK09/SES098/SA098S27	SES148	-1.07055	-13.1007	-12.0301
BLOCK09/SES098/SA098S27	SES292	0.00899792	-12.0211	-12.0301
BLOCK10/SES102/SA102S13	SES101	0.257157	-11.8906	-12.1478
BLOCK10/SES102/SA102S13	SES105	-0.143278	-12.291	-12.1478
BLOCK10/SES102/SA102S13	SES120	0.0526857	-12.0951	-12.1478
BLOCK10/SES102/SA102S13	SES158	-0.51379	-12.6616	-12.1478
BLOCK10/SES102/SA102S14	SES007	0.708635	-9.40213	-10.1108
BLOCK10/SES102/SA102S14	SES101	-0.75486	-10.8656	-10.1108
BLOCK10/SES102/SA102S14	SES105	-0.674659	-10.7854	-10.1108
BLOCK10/SES102/SA102S14	SES147	-1.4636	-11.5744	-10.1108
BLOCK10/SES102/SA102S22	SES007	-0.0903435	-9.71706	-9.62672
BLOCK10/SES102/SA102S22	SES101	-0.387495	-10.0142	-9.62672
BLOCK10/SES102/SA102S22	SES105	-0.362141	-9.98886	-9.62672
BLOCK10/SES102/SA102S22	SES158	-0.554755	-10.1815	-9.62672
BLOCK10/SES102/SA102S25	SES007	0.399424	-9.98069	-10.3801
BLOCK10/SES102/SA102S25	SES101	-0.336646	-10.7168	-10.3801
BLOCK10/SES102/SA102S25	SES105	-0.145355	-10.5255	-10.3801
BLOCK10/SES102/SA102S25	SES147	-0.996333	-11.3764	-10.3801
BLOCK10/SES102/SA102S27	SES007	0.638413	-8.13522	-8.77363
BLOCK10/SES102/SA102S27	SES101	0.369718	-8.40391	-8.77363
BLOCK10/SES102/SA102S27	SES105	-0.169373	-8.943	-8.77363
BLOCK10/SES102/SA102S27	SES147	-0.0327425	-8.80637	-8.77363
BLOCK10/SES103/SA103S14	SES105	-0.85173	-15.37	-14.5182
BLOCK10/SES103/SA103S14	SES106	-0.546172	-15.0644	-14.5182
BLOCK10/SES103/SA103S14	SES120	-1.25516	-15.7734	-14.5182
BLOCK10/SES103/SA103S14	SES206	0.0283136	-14.4899	-14.5182
BLOCK10/SES103/SA103S15	SES099	-1.77392	-14.5544	-12.7804
BLOCK10/SES103/SA103S15	SES101	-1.18108	-13.9615	-12.7804
BLOCK10/SES103/SA103S15	SES104	-0.791749	-13.5722	-12.7804
BLOCK10/SES103/SA103S15	SES125	-1.36897	-14.1494	-12.7804
BLOCK10/SES103/SA103S24	SES104	-0.209404	-9.44819	-9.23879
BLOCK10/SES103/SA103S24	SES125	-0.622128	-9.86092	-9.23879
BLOCK10/SES103/SA103S24	SES148	-1.23528	-10.4741	-9.23879
BLOCK10/SES103/SA103S24	SES158	-1.77862	-11.0174	-9.23879
BLOCK10/SES103/SA103S26	SES104	-0.224625	-12.6162	-12.3915
BLOCK10/SES103/SA103S26	SES106	0.315597	-12.0759	-12.3915
BLOCK10/SES103/SA103S26	SES125	-0.356771	-12.7483	-12.3915
BLOCK10/SES103/SA103S26	SES148	-2.39291	-14.7845	-12.3915
BLOCK10/SES103/SA103S28	SES104	-0.573559	-14.2993	-13.7258
BLOCK10/SES103/SA103S28	SES106	-2.15776	-15.8835	-13.7258
BLOCK10/SES103/SA103S28	SES125	-0.269072	-13.9948	-13.7258
BLOCK10/SES103/SA103S28	SES206	-0.500682	-14.2264	-13.7258
BLOCK12/SES121/SA121S12	SES042	-0.582902	-10.375	-9.79208
BLOCK12/SES121/SA121S12	SES087	-1.41556	-11.2076	-9.79208
BLOCK12/SES121/SA121S12	SES105	0.777061	-9.01502	-9.79208
BLOCK12/SES121/SA121S12	SES206	0.167688	-9.62439	-9.79208
BLOCK12/SES121/SA121S14	SES007	0.0325947	-15.282	-15.3146
BLOCK12/SES121/SA121S14	SES105	0.342613	-14.972	-15.3146
BLOCK12/SES121/SA121S14	SES106	0.0604477	-15.2542	-15.3146
BLOCK12/SES121/SA121S14	SES206	0.188439	-15.1262	-15.3146
BLOCK12/SES121/SA121S23	SES105	0.0432186	-12.433	-12.4762
BLOCK12/SES121/SA121S23	SES106	0.244851	-12.2314	-12.4762
BLOCK12/SES121/SA121S23	SES120	-0.680311	-13.1565	-12.4762
BLOCK12/SES121/SA121S23	SES206	0.760196	-11.716	-12.4762
BLOCK12/SES121/SA121S25	SES007	0.372276	-15.2795	-15.6518
BLOCK12/SES121/SA121S25	SES105	-0.155923	-15.8077	-15.6518
BLOCK12/SES121/SA121S25	SES106	0.872165	-14.7796	-15.6518
BLOCK12/SES121/SA121S25	SES206	0.441302	-15.2105	-15.6518
BLOCK12/SES121/SA121S27	SES087	0.835217	-14.1052	-14.9404
BLOCK12/SES121/SA121S27	SES105	-0.129961	-15.0704	-14.9404
BLOCK12/SES121/SA121S27	SES120	1.09481	-13.8456	-14.9404
BLOCK12/SES121/SA121S27	SES206	0.155869	-14.7845	-14.9404
BLOCK12/SES124/SA124S16	SES042	0.525757	-7.96708	-8.49284
BLOCK12/SES124/SA124S16	SES082	-0.382347	-8.87519	-8.49284
BLOCK12/SES124/SA124S16	SES183	-0.0926552	-8.5855	-8.49284
BLOCK12/SES124/SA124S16	SES206	-0.927683	-9.42052	-8.49284
BLOCK12/SES124/SA124S17	SES105	-0.964159	-13.8019	-12.8377
BLOCK12/SES124/SA124S17	SES149	-0.191747	-13.0295	-12.8377
BLOCK12/SES124/SA124S17	SES158	0.090559	-12.7472	-12.8377
BLOCK12/SES124/SA124S17	SES275	-1.59472	-14.4325	-12.8377
BLOCK12/SES124/SA124S23	SES105	-1.01644	-8.35413	-7.3377
BLOCK12/SES124/SA124S23	SES125	1.6067	-5.731	-7.3377
BLOCK12/SES124/SA124S23	SES129	0.173159	-7.16454	-7.3377
BLOCK12/SES124/SA124S23	SES158	-0.549129	-7.88683	-7.3377
BLOCK12/SES124/SA124S26	SES105	-0.955389	-12.4244	-11.469
BLOCK12/SES124/SA124S26	SES125	0.510784	-10.9583	-11.469
BLOCK12/SES124/SA124S26	SES129	0.105904	-11.3631	-11.469
BLOCK12/SES124/SA124S26	SES158	0.478806	-10.9902	-11.469
BLOCK12/SES124/SA124S28	SES104	0.637098	-8.40418	-9.04128
BLOCK12/SES124/SA124S28	SES106	1.08231	-7.95897	-9.04128
BLOCK12/SES124/SA124S28	SES125	1.08472	-7.95656	-9.04128
BLOCK12/SES124/SA124S28	SES275	-0.939109	-9.98039	-9.04128
BLOCK12/SES126/SA126S13	SES007	-0.234893	-11.7461	-11.5112
BLOCK12/SES126/SA126S13	SES162	-0.334536	-11.8457	-11.5112
BLOCK12/SES126/SA126S13	SES177	-0.0424337	-11.5536	-11.5112
BLOCK12/SES126/SA126S13	SES180	-0.0377111	-11.5489	-11.5112
BLOCK12/SES126/SA126S14	SES144	-0.151903	-8.98808	-8.83618
BLOCK12/SES126/SA126S14	SES148	-0.891229	-9.72741	-8.83618
BLOCK12/SES126/SA126S14	SES177	0.167143	-8.66904	-8.83618
BLOCK12/SES126/SA126S14	SES180	0.00903034	-8.82715	-8.83618
BLOCK12/SES126/SA126S20	SES007	-0.715641	-6.8397	-6.12406
BLOCK12/SES126/SA126S20	SES162	-0.039289	-6.16335	-6.12406
BLOCK12/SES126/SA126S20	SES172	-0.660336	-6.78439	-6.12406
BLOCK12/SES126/SA126S20	SES180	0.326393	-5.79767	-6.12406
BLOCK12/SES126/SA126S24	SES120	0.13121	-8.17119	-8.3024
BLOCK12/SES126/SA126S24	SES162	0.110707	-8.19169	-8.3024
BLOCK12/SES126/SA126S24	SES177	0.299933	-8.00246	-8.3024
BLOCK12/SES126/SA126S24	SES180	0.263043	-8.03935	-8.3024
BLOCK12/SES126/SA126S26	SES120	0.470877	-7.13506	-7.60594
BLOCK12/SES126/SA126S26	SES177	-0.0312696	-7.63721	-7.60594
BLOCK12/SES126/SA126S26	SES180	0.543658	-7.06228	-7.60594
BLOCK12/SES126/SA126S26	SES202	0.221686	-7.38425	-7.60594
BLOCK12/SES128/SA128S10	SES087	-0.478216	-9.85473	-9.37651
BLOCK12/SES128/SA128S10	SES206	0.168191	-9.20832	-9.37651
BLOCK12/SES128/SA128S10	SES226	-0.448062	-9.82457	-9.37651
BLOCK12/SES128/SA128S10	SES270	-0.408176	-9.78469	-9.37651
BLOCK12/SES128/SA128S12	SES120	0.17826	-11.1486	-11.3269
BLOCK12/SES128/SA128S12	SES158	-1.61545	-12.9423	-11.3269
BLOCK12/SES128/SA128S12	SES206	0.395455	-10.9314	-11.3269
BLOCK12/SES128/SA128S12	SES226	-1.51024	-12.8371	-11.3269
BLOCK12/SES128/SA128S21	SES106	-1.85559	-10.6864	-8.83081
BLOCK12/SES128/SA128S21	SES120	-0.572133	-9.40295	-8.83081
BLOCK12/SES128/SA128S21	SES206	-0.597104	-9.42792	-8.83081
BLOCK12/SES128/SA128S21	SES226	-1.63421	-10.465	-8.83081
BLOCK12/SES128/SA128S24	SES087	0.230528	-11.4024	-11.6329
BLOCK12/SES128/SA128S24	SES120	0.312417	-11.3205	-11.6329
BLOCK12/SES128/SA128S24	SES206	-0.0549097	-11.6878	-11.6329
BLOCK12/SES128/SA128S24	SES226	-1.28146	-12.9143	-11.6329
BLOCK12/SES128/SA128S27	SES099	-0.157652	-10.0772	-9.91952
BLOCK12/SES128/SA128S27	SES120	0.628607	-9.29092	-9.91952
BLOCK12/SES128/SA128S27	SES206	0.0738564	-9.84567	-9.91952
BLOCK12/SES128/SA128S27	SES226	-1.16524	-11.0848	-9.91952
BLOCK13/SES130/SA130S13	SES143	-0.288059	-10.4327	-10.1446
BLOCK13/SES130/SA130S13	SES144	0.309711	-9.8349	-10.1446
BLOCK13/SES130/SA130S13	SES146	-0.809835	-10.9544	-10.1446
BLOCK13/SES130/SA130S13	SES275	-2.48901	-12.6336	-10.1446
BLOCK13/SES130/SA130S15	SES143	-0.230529	-8.24199	-8.01146
BLOCK13/SES130/SA130S15	SES144	0.726748	-7.28471	-8.01146
BLOCK13/SES130/SA130S15	SES146	-0.209147	-8.22061	-8.01146
BLOCK13/SES130/SA130S15	SES275	-0.97048	-8.98194	-8.01146
BLOCK13/SES130/SA130S23	SES127	0.00936317	-7.23942	-7.24878
BLOCK13/SES130/SA130S23	SES144	0.562892	-6.68589	-7.24878
BLOCK13/SES130/SA130S23	SES146	-0.361079	-7.60986	-7.24878
BLOCK13/SES130/SA130S23	SES162	0.658101	-6.59068	-7.24878
BLOCK13/SES130/SA130S25	SES127	-0.592102	-6.43543	-5.84333
BLOCK13/SES130/SA130S25	SES144	0.655073	-5.18826	-5.84333
BLOCK13/SES130/SA130S25	SES146	-0.350998	-6.19433	-5.84333
BLOCK13/SES130/SA130S25	SES275	-0.584167	-6.4275	-5.84333
BLOCK13/SES130/SA130S28	SES127	-0.636303	-8.63958	-8.00328
BLOCK13/SES130/SA130S28	SES144	-0.327586	-8.33086	-8.00328
BLOCK13/SES130/SA130S28	SES146	-0.276167	-8.27944	-8.00328
BLOCK13/SES130/SA130S28	SES275	-0.438495	-8.44177	-8.00328
BLOCK13/SES131/SA131S13	SES002	-0.692301	-9.34495	-8.65265
BLOCK13/SES131/SA131S13	SES007	-0.793626	-9.44628	-8.65265
BLOCK13/SES131/SA131S13	SES099	-0.226137	-8.87879	-8.65265
BLOCK13/SES131/SA131S13	SES105	-0.0865784	-8.73923	-8.65265
BLOCK13/SES131/SA131S14	SES104	0.0309534	-4.84396	-4.87492
BLOCK13/SES131/SA131S14	SES106	-0.481411	-5.35633	-4.87492
BLOCK13/SES131/SA131S14	SES125	-0.416277	-5.29119	-4.87492
BLOCK13/SES131/SA131S14	SES148	-0.192875	-5.06779	-4.87492
BLOCK13/SES131/SA131S20	SES104	-1.07824	-11.6691	-10.5909
BLOCK13/SES131/SA131S20	SES106	-1.33045	-11.9213	-10.5909
BLOCK13/SES131/SA131S20	SES125	-0.857131	-11.448	-10.5909
BLOCK13/SES131/SA131S20	SES148	-1.17621	-11.7671	-10.5909
BLOCK13/SES131/SA131S22	SES099	-1.04612	-9.5886	-8.54248
BLOCK13/SES131/SA131S22	SES104	-0.176929	-8.71941	-8.54248
BLOCK13/SES131/SA131S22	SES125	0.150847	-8.39163	-8.54248
BLOCK13/SES131/SA131S22	SES206	-0.376731	-8.91921	-8.54248
BLOCK13/SES131/SA131S29	SES087	-1.19233	-11.7813	-10.589
BLOCK13/SES131/SA131S29	SES104	-1.39406	-11.983	-10.589
BLOCK13/SES131/SA131S29	SES125	-1.54228	-12.1312	-10.589
BLOCK13/SES131/SA131S29	SES206	-1.31248	-11.9014	-10.589
BLOCK13/SES132/SA132S11	SES083	-0.053153	-12.2404	-12.1872
BLOCK13/SES132/SA132S11	SES120	0.830514	-11.3567	-12.1872
BLOCK13/SES132/SA132S11	SES127	-1.95239	-14.1396	-12.1872
BLOCK13/SES132/SA132S11	SES275	-0.646702	-12.8339	-12.1872
BLOCK13/SES132/SA132S12	SES083	-0.564067	-8.79673	-8.23266
BLOCK13/SES132/SA132S12	SES143	-0.639189	-8.87185	-8.23266
BLOCK13/SES132/SA132S12	SES144	-0.00788498	-8.24055	-8.23266
BLOCK13/SES132/SA132S12	SES148	-0.436176	-8.66884	-8.23266
BLOCK13/SES132/SA132S22	SES062	0.380913	-10.3046	-10.6855
BLOCK13/SES132/SA132S22	SES083	-0.558341	-11.2439	-10.6855
BLOCK13/SES132/SA132S22	SES127	-0.651541	-11.3371	-10.6855
BLOCK13/SES132/SA132S22	SES275	-0.20457	-10.8901	-10.6855
BLOCK13/SES132/SA132S24	SES007	0.265002	-8.39667	-8.66167
BLOCK13/SES132/SA132S24	SES083	-0.179372	-8.84104	-8.66167
BLOCK13/SES132/SA132S24	SES127	-2.89511	-11.5568	-8.66167
BLOCK13/SES132/SA132S24	SES275	-0.727116	-9.38879	-8.66167
BLOCK13/SES132/SA132S27	SES083	-0.953236	-13.2384	-12.2851
BLOCK13/SES132/SA132S27	SES120	0.606121	-11.679	-12.2851
BLOCK13/SES132/SA132S27	SES127	-3.3498	-15.6349	-12.2851
BLOCK13/SES132/SA132S27	SES275	-0.43365	-12.7188	-12.2851
BLOCK14/SES141/SA141S09	SES143	-0.488878	-7.98519	-7.49631
BLOCK14/SES141/SA141S09	SES144	0.329272	-7.16704	-7.49631
BLOCK14/SES141/SA141S09	SES162	0.420228	-7.07608	-7.49631
BLOCK14/SES141/SA141S09	SES180	-0.0269442	-7.52325	-7.49631
BLOCK14/SES141/SA141S15	SES127	-0.208898	-8.83507	-8.62618
BLOCK14/SES141/SA141S15	SES144	-0.25001	-8.87619	-8.62618
BLOCK14/SES141/SA141S15	SES162	-0.392671	-9.01885	-8.62618
BLOCK14/SES141/SA141S15	SES180	0.196877	-8.4293	-8.62618
BLOCK14/SES141/SA141S24	SES127	-1.11903	-11.0341	-9.91508
BLOCK14/SES141/SA141S24	SES144	-0.650909	-10.566	-9.91508
BLOCK14/SES141/SA141S24	SES162	0.433517	-9.48156	-9.91508
BLOCK14/SES141/SA141S24	SES183	-0.807812	-10.7229	-9.91508
BLOCK14/SES141/SA141S26	SES142	0.594023	-9.15963	-9.75365
BLOCK14/SES141/SA141S26	SES144	0.23874	-9.51491	-9.75365
BLOCK14/SES141/SA141S26	SES172	-0.105993	-9.85964	-9.75365
BLOCK14/SES141/SA141S26	SES180	-0.058754	-9.81241	-9.75365
BLOCK14/SES141/SA141S29	SES127	-0.641181	-8.43501	-7.79383
BLOCK14/SES141/SA141S29	SES142	0.119265	-7.67456	-7.79383
BLOCK14/SES141/SA141S29	SES144	0.0685024	-7.72533	-7.79383
BLOCK14/SES141/SA141S29	SES180	0.566047	-7.22778	-7.79383
BLOCK15/SES157/SA157S08	SES083	-0.360824	-8.17448	-7.81365
BLOCK15/SES157/SA157S08	SES127	-1.02612	-8.83977	-7.81365
BLOCK15/SES157/SA157S08	SES148	-0.00938654	-7.82304	-7.81365
BLOCK15/SES157/SA157S08	SES292	-0.271815	-8.08547	-7.81365
BLOCK15/SES157/SA157S11	SES083	-0.772872	-8.75067	-7.9778
BLOCK15/SES157/SA157S11	SES127	-1.80903	-9.78683	-7.9778
BLOCK15/SES157/SA157S11	SES148	-0.550993	-8.52879	-7.9778
BLOCK15/SES157/SA157S11	SES292	-0.70163	-8.67943	-7.9778
BLOCK15/SES157/SA157S21	SES127	-0.191862	-6.42792	-6.23606
BLOCK15/SES157/SA157S21	SES148	0.681522	-5.55454	-6.23606
BLOCK15/SES157/SA157S21	SES158	-4.07184	-10.3079	-6.23606
BLOCK15/SES157/SA157S21	SES292	-0.115899	-6.35196	-6.23606
BLOCK15/SES157/SA157S24	SES127	-1.09171	-9.96871	-8.877
BLOCK15/SES157/SA157S24	SES148	-0.571444	-9.44844	-8.877
BLOCK15/SES157/SA157S24	SES183	-0.453174	-9.33017	-8.877
BLOCK15/SES157/SA157S24	SES292	-0.565423	-9.44242	-8.877
BLOCK15/SES157/SA157S26	SES007	-0.123407	-7.77982	-7.65642
BLOCK15/SES157/SA157S26	SES127	-1.05865	-8.71506	-7.65642
BLOCK15/SES157/SA157S26	SES147	0.0918565	-7.56456	-7.65642
BLOCK15/SES157/SA157S26	SES148	-1.20374	-8.86016	-7.65642
BLOCK16/SES161/SA161S10	SES007	0.00700855	-10.1032	-10.1102
BLOCK16/SES161/SA161S10	SES105	-0.108419	-10.2186	-10.1102
BLOCK16/SES161/SA161S10	SES158	-0.675537	-10.7857	-10.1102
BLOCK16/SES161/SA161S10	SES275	-0.554817	-10.665	-10.1102
BLOCK16/SES161/SA161S12	SES007	-0.0541668	-13.5404	-13.4862
BLOCK16/SES161/SA161S12	SES105	-0.482912	-13.9691	-13.4862
BLOCK16/SES161/SA161S12	SES158	-0.62852	-14.1147	-13.4862
BLOCK16/SES161/SA161S12	SES275	-0.759953	-14.2462	-13.4862
BLOCK16/SES161/SA161S20	SES007	-0.0162878	-13.7888	-13.7725
BLOCK16/SES161/SA161S20	SES105	-0.632092	-14.4046	-13.7725
BLOCK16/SES161/SA161S20	SES158	-0.437132	-14.2096	-13.7725
BLOCK16/SES161/SA161S20	SES275	-1.78601	-15.5585	-13.7725
BLOCK16/SES161/SA161S23	SES007	-0.227328	-14.4878	-14.2605
BLOCK16/SES161/SA161S23	SES105	0.249218	-14.0113	-14.2605
BLOCK16/SES161/SA161S23	SES148	-0.686577	-14.947	-14.2605
BLOCK16/SES161/SA161S23	SES158	-0.297279	-14.5578	-14.2605
BLOCK16/SES161/SA161S28	SES007	0.0573111	-13.9449	-14.0022
BLOCK16/SES161/SA161S28	SES105	-1.52287	-15.5251	-14.0022
BLOCK16/SES161/SA161S28	SES158	-0.405849	-14.408	-14.0022
BLOCK16/SES161/SA161S28	SES206	0.373312	-13.6289	-14.0022
BLOCK16/SES164/SA164S11	SES104	-0.157525	-6.82669	-6.66916
BLOCK16/SES164/SA164S11	SES125	-0.163199	-6.83236	-6.66916
BLOCK16/SES164/SA164S11	SES158	-2.9179	-9.58707	-6.66916
BLOCK16/SES164/SA164S11	SES206	-0.641469	-7.31063	-6.66916
BLOCK16/SES164/SA164S13	SES099	-1.85684	-9.29568	-7.43884
BLOCK16/SES164/SA164S13	SES104	-1.53384	-8.97268	-7.43884
BLOCK16/SES164/SA164S13	SES125	-1.08809	-8.52693	-7.43884
BLOCK16/SES164/SA164S13	SES206	-1.37807	-8.8169	-7.43884
BLOCK16/SES164/SA164S24	SES002	0.727644	-6.50162	-7.22927
BLOCK16/SES164/SA164S24	SES099	-1.36518	-8.59444	-7.22927
BLOCK16/SES164/SA164S24	SES125	-0.0929608	-7.32223	-7.22927
BLOCK16/SES164/SA164S24	SES226	0.728977	-6.50029	-7.22927
BLOCK16/SES164/SA164S27	SES087	-0.500638	-8.45751	-7.95687
BLOCK16/SES164/SA164S27	SES125	0.142933	-7.81394	-7.95687
BLOCK16/SES164/SA164S27	SES206	-0.826212	-8.78308	-7.95687
BLOCK16/SES164/SA164S27	SES226	-0.163597	-8.12047	-7.95687
BLOCK16/SES164/SA164S29	SES002	-0.387577	-6.942	-6.55442
BLOCK16/SES164/SA164S29	SES019	-1.72679	-8.28121	-6.55442
BLOCK16/SES164/SA164S29	SES125	-0.295475	-6.8499	-6.55442
BLOCK16/SES164/SA164S29	SES226	-0.929327	-7.48375	-6.55442
BLOCK16/SES169/SA169S13	SES117	-0.141662	-10.2201	-10.0784
BLOCK16/SES169/SA169S13	SES144	-0.385835	-10.4643	-10.0784
BLOCK16/SES169/SA169S13	SES146	-0.0264177	-10.1049	-10.0784
BLOCK16/SES169/SA169S13	SES162	0.052166	-10.0263	-10.0784
BLOCK16/SES169/SA169S14	SES144	-0.451414	-7.11345	-6.66203
BLOCK16/SES169/SA169S14	SES148	-0.491135	-7.15317	-6.66203
BLOCK16/SES169/SA169S14	SES177	-0.34369	-7.00572	-6.66203
BLOCK16/SES169/SA169S14	SES180	-0.43581	-7.09784	-6.66203
BLOCK16/SES169/SA169S24	SES117	0.311317	-8.47388	-8.7852
BLOCK16/SES169/SA169S24	SES144	0.104909	-8.68029	-8.7852
BLOCK16/SES169/SA169S24	SES146	0.491383	-8.29382	-8.7852
BLOCK16/SES169/SA169S24	SES162	0.257031	-8.52817	-8.7852
BLOCK16/SES169/SA169S27	SES127	-0.782553	-9.98324	-9.20069
BLOCK16/SES169/SA169S27	SES129	0.148888	-9.0518	-9.20069
BLOCK16/SES169/SA169S27	SES144	-0.206317	-9.40701	-9.20069
BLOCK16/SES169/SA169S27	SES146	0.244763	-8.95593	-9.20069
BLOCK16/SES169/SA169S29	SES144	-0.129253	-5.9097	-5.78045
BLOCK16/SES169/SA169S29	SES162	-0.00949812	-5.78995	-5.78045
BLOCK16/SES169/SA169S29	SES177	-0.897022	-6.67747	-5.78045
BLOCK16/SES169/SA169S29	SES180	-0.12086	-5.90131	-5.78045
BLOCK17/SES171/SA171S12	SES083	-0.983865	-10.412	-9.42818
BLOCK17/SES171/SA171S12	SES148	-0.695481	-10.1237	-9.42818
BLOCK17/SES171/SA171S12	SES172	-0.625059	-10.0532	-9.42818
BLOCK17/SES171/SA171S12	SES292	-0.560558	-9.98873	-9.42818
BLOCK17/SES171/SA171S15	SES148	-0.457228	-10.1128	-9.65552
BLOCK17/SES171/SA171S15	SES177	-0.504289	-10.1598	-9.65552
BLOCK17/SES171/SA171S15	SES180	-0.930427	-10.5859	-9.65552
BLOCK17/SES171/SA171S15	SES292	-0.114841	-9.77036	-9.65552
BLOCK17/SES171/SA171S22	SES007	-0.302446	-6.96474	-6.66229
BLOCK17/SES171/SA171S22	SES148	0.378028	-6.28426	-6.66229
BLOCK17/SES171/SA171S22	SES177	-0.268907	-6.9312	-6.66229
BLOCK17/SES171/SA171S22	SES180	-0.409753	-7.07204	-6.66229
BLOCK17/SES171/SA171S25	SES101	-0.98731	-11.784	-10.7967
BLOCK17/SES171/SA171S25	SES120	-1.5991	-12.3958	-10.7967
BLOCK17/SES171/SA171S25	SES177	0.0657606	-10.7309	-10.7967
BLOCK17/SES171/SA171S25	SES180	-0.374319	-11.171	-10.7967
BLOCK17/SES171/SA171S27	SES177	-0.206338	-10.7562	-10.5498
BLOCK17/SES171/SA171S27	SES180	-0.779892	-11.3297	-10.5498
BLOCK17/SES171/SA171S27	SES189	0.0879889	-10.4619	-10.5498
BLOCK17/SES171/SA171S27	SES292	-0.169932	-10.7198	-10.5498
BLOCK17/SES173/SA173S13	SES162	-0.770407	-10.9058	-10.1354
BLOCK17/SES173/SA173S13	SES177	-0.324314	-10.4597	-10.1354
BLOCK17/SES173/SA173S13	SES180	0.233313	-9.90209	-10.1354
BLOCK17/SES173/SA173S13	SES292	0.469826	-9.66558	-10.1354
BLOCK17/SES173/SA173S14	SES007	-0.805222	-10.2485	-9.44324
BLOCK17/SES173/SA173S14	SES162	-0.846938	-10.2902	-9.44324
BLOCK17/SES173/SA173S14	SES177	0.329837	-9.1134	-9.44324
BLOCK17/SES173/SA173S14	SES180	-0.14673	-9.58997	-9.44324
BLOCK17/SES173/SA173S24	SES144	-1.17533	-11.4235	-10.2481
BLOCK17/SES173/SA173S24	SES162	-0.494635	-10.7428	-10.2481
BLOCK17/SES173/SA173S24	SES177	0.265765	-9.98238	-10.2481
BLOCK17/SES173/SA173S24	SES180	-0.624884	-10.873	-10.2481
BLOCK17/SES173/SA173S27	SES162	-1.1797	-11.8025	-10.6228
BLOCK17/SES173/SA173S27	SES177	-0.0523386	-10.6752	-10.6228
BLOCK17/SES173/SA173S27	SES180	-0.251772	-10.8746	-10.6228
BLOCK17/SES173/SA173S27	SES292	0.140419	-10.4824	-10.6228
BLOCK17/SES173/SA173S29	SES162	-0.656528	-8.12922	-7.4727
BLOCK17/SES173/SA173S29	SES175	-0.0434999	-7.5162	-7.4727
BLOCK17/SES173/SA173S29	SES177	-0.24481	-7.7175	-7.4727
BLOCK17/SES173/SA173S29	SES292	-0.321019	-7.79371	-7.4727
BLOCK18/SES182/SA182S10	SES144	-0.115352	-9.63385	-9.5185
BLOCK18/SES182/SA182S10	SES177	-0.603745	-10.1222	-9.5185
BLOCK18/SES182/SA182S10	SES180	-1.10001	-10.6185	-9.5185
BLOCK18/SES182/SA182S10	SES275	-1.36285	-10.8813	-9.5185
BLOCK18/SES182/SA182S12	SES144	-1.02678	-11.1665	-10.1397
BLOCK18/SES182/SA182S12	SES177	0.119359	-10.0204	-10.1397
BLOCK18/SES182/SA182S12	SES180	-1.37139	-11.5111	-10.1397
BLOCK18/SES182/SA182S12	SES275	-0.827908	-10.9676	-10.1397
BLOCK18/SES182/SA182S21	SES117	0.0119877	-11.2799	-11.2918
BLOCK18/SES182/SA182S21	SES144	0.123629	-11.1682	-11.2918
BLOCK18/SES182/SA182S21	SES162	0.275735	-11.0161	-11.2918
BLOCK18/SES182/SA182S21	SES180	-0.666352	-11.9582	-11.2918
BLOCK18/SES182/SA182S23	SES117	-1.15305	-15.2526	-14.0995
BLOCK18/SES182/SA182S23	SES144	-2.79785	-16.8974	-14.0995
BLOCK18/SES182/SA182S23	SES180	-1.96887	-16.0684	-14.0995
BLOCK18/SES182/SA182S23	SES275	-1.45569	-15.5552	-14.0995
BLOCK18/SES182/SA182S25	SES007	0.242432	-9.37373	-9.61617
BLOCK18/SES182/SA182S25	SES162	0.187845	-9.42832	-9.61617
BLOCK18/SES182/SA182S25	SES177	-0.230563	-9.84673	-9.61617
BLOCK18/SES182/SA182S25	SES180	-0.784268	-10.4004	-9.61617
BLOCK18/SES184/SA184S12	SES177	0.392593	-8.44619	-8.83879
BLOCK18/SES184/SA184S12	SES180	0.682867	-8.15592	-8.83879
BLOCK18/SES184/SA184S12	SES189	-1.10835	-9.94713	-8.83879
BLOCK18/SES184/SA184S12	SES292	0.357587	-8.4812	-8.83879
BLOCK18/SES184/SA184S13	SES101	-0.655701	-10.2026	-9.54687
BLOCK18/SES184/SA184S13	SES177	0.0485287	-9.49834	-9.54687
BLOCK18/SES184/SA184S13	SES180	0.305161	-9.24171	-9.54687
BLOCK18/SES184/SA184S13	SES292	0.266896	-9.27997	-9.54687
BLOCK18/SES184/SA184S22	SES177	-0.543589	-8.76848	-8.22489
BLOCK18/SES184/SA184S22	SES180	-0.217019	-8.44191	-8.22489
BLOCK18/SES184/SA184S22	SES189	-0.985315	-9.2102	-8.22489
BLOCK18/SES184/SA184S22	SES292	-1.35594	-9.58083	-8.22489
BLOCK18/SES184/SA184S25	SES101	-0.274376	-7.71815	-7.44378
BLOCK18/SES184/SA184S25	SES177	-0.65123	-8.09501	-7.44378
BLOCK18/SES184/SA184S25	SES180	0.176896	-7.26688	-7.44378
BLOCK18/SES184/SA184S25	SES292	-0.264884	-7.70866	-7.44378
BLOCK18/SES184/SA184S27	SES083	-1.04587	-9.04775	-8.00188
BLOCK18/SES184/SA184S27	SES177	-0.457333	-8.45921	-8.00188
BLOCK18/SES184/SA184S27	SES202	-0.246264	-8.24814	-8.00188
BLOCK18/SES184/SA184S27	SES292	-0.336426	-8.33831	-8.00188
BLOCK20/SES204/SA204S12	SES062	0.051918	-9.418	-9.46992
BLOCK20/SES204/SA204S12	SES083	-0.372696	-9.84261	-9.46992
BLOCK20/SES204/SA204S12	SES206	0.264491	-9.20543	-9.46992
BLOCK20/SES204/SA204S12	SES226	-0.0545931	-9.52451	-9.46992
BLOCK20/SES204/SA204S14	SES068	-0.312056	-8.12182	-7.80977
BLOCK20/SES204/SA204S14	SES087	0.0909271	-7.71884	-7.80977
BLOCK20/SES204/SA204S14	SES206	-0.0908179	-7.90059	-7.80977
BLOCK20/SES204/SA204S14	SES226	-0.480418	-8.29019	-7.80977
BLOCK20/SES204/SA204S22	SES068	-0.138123	-9.28931	-9.15119
BLOCK20/SES204/SA204S22	SES082	-0.194927	-9.34612	-9.15119
BLOCK20/SES204/SA204S22	SES083	-1.25259	-10.4038	-9.15119
BLOCK20/SES204/SA204S22	SES206	0.249929	-8.90126	-9.15119
BLOCK20/SES204/SA204S25	SES062	-1.29128	-11.3689	-10.0776
BLOCK20/SES204/SA204S25	SES083	-1.7548	-11.8324	-10.0776
BLOCK20/SES204/SA204S25	SES206	0.601791	-9.47584	-10.0776
BLOCK20/SES204/SA204S25	SES226	0.560839	-9.51679	-10.0776
BLOCK20/SES204/SA204S27	SES068	-0.638892	-9.83039	-9.1915
BLOCK20/SES204/SA204S27	SES082	-0.622782	-9.81428	-9.1915
BLOCK20/SES204/SA204S27	SES087	0.761193	-8.4303	-9.1915
BLOCK20/SES204/SA204S27	SES206	-0.475481	-9.66698	-9.1915
BLOCK20/SES207/SA207S10	SES127	-1.53984	-9.25447	-7.71463
BLOCK20/SES207/SA207S10	SES183	-0.281638	-7.99627	-7.71463
BLOCK20/SES207/SA207S10	SES189	-0.180037	-7.89467	-7.71463
BLOCK20/SES207/SA207S10	SES292	-0.947347	-8.66198	-7.71463
BLOCK20/SES207/SA207S11	SES127	-0.32468	-8.01988	-7.6952
BLOCK20/SES207/SA207S11	SES183	-0.0384016	-7.7336	-7.6952
BLOCK20/SES207/SA207S11	SES187	-0.0893526	-7.78455	-7.6952
BLOCK20/SES207/SA207S11	SES292	0.00379705	-7.6914	-7.6952
BLOCK20/SES207/SA207S25	SES068	0.115459	-9.53039	-9.64585
BLOCK20/SES207/SA207S25	SES083	-0.999154	-10.645	-9.64585
BLOCK20/SES207/SA207S25	SES127	-0.0739288	-9.71978	-9.64585
BLOCK20/SES207/SA207S25	SES187	-0.502689	-10.1485	-9.64585
BLOCK20/SES207/SA207S27	SES127	-0.69986	-11.3656	-10.6658
BLOCK20/SES207/SA207S27	SES183	-0.232293	-10.8981	-10.6658
BLOCK20/SES207/SA207S27	SES187	-0.386717	-11.0525	-10.6658
BLOCK20/SES207/SA207S27	SES292	-0.708571	-11.3743	-10.6658
BLOCK20/SES207/SA207S29	SES083	-1.8179	-7.95452	-6.13663
BLOCK20/SES207/SA207S29	SES085	-0.0352502	-6.17188	-6.13663
BLOCK20/SES207/SA207S29	SES172	0.335251	-5.80138	-6.13663
BLOCK20/SES207/SA207S29	SES189	-2.26777	-8.4044	-6.13663
BLOCK22/SES221/SA221S12	SES068	0.293812	-8.21185	-8.50566
BLOCK22/SES221/SA221S12	SES143	-0.188361	-8.69402	-8.50566
BLOCK22/SES221/SA221S12	SES175	0.098567	-8.40709	-8.50566
BLOCK22/SES221/SA221S12	SES202	0.490101	-8.01556	-8.50566
BLOCK22/SES221/SA221S15	SES085	0.323555	-8.26224	-8.58579
BLOCK22/SES221/SA221S15	SES143	-0.37585	-8.96164	-8.58579
BLOCK22/SES221/SA221S15	SES175	0.273931	-8.31186	-8.58579
BLOCK22/SES221/SA221S15	SES187	-0.812199	-9.39799	-8.58579
BLOCK22/SES221/SA221S23	SES068	0.498014	-9.06626	-9.56427
BLOCK22/SES221/SA221S23	SES143	-0.422167	-9.98644	-9.56427
BLOCK22/SES221/SA221S23	SES175	-0.190948	-9.75522	-9.56427
BLOCK22/SES221/SA221S23	SES189	-0.524579	-10.0888	-9.56427
BLOCK22/SES221/SA221S27	SES085	0.68758	-8.40981	-9.09739
BLOCK22/SES221/SA221S27	SES143	0.015027	-9.08237	-9.09739
BLOCK22/SES221/SA221S27	SES175	0.0400515	-9.05734	-9.09739
BLOCK22/SES221/SA221S27	SES189	-1.30866	-10.4061	-9.09739
BLOCK22/SES221/SA221S29	SES085	1.1074	-12.4088	-13.5162
BLOCK22/SES221/SA221S29	SES143	0.140849	-13.3754	-13.5162
BLOCK22/SES221/SA221S29	SES175	1.08939	-12.4268	-13.5162
BLOCK22/SES221/SA221S29	SES187	-0.375047	-13.8913	-13.5162
BLOCK22/SES223/SA223S11	SES143	0.0782413	-10.6067	-10.685
BLOCK22/SES223/SA223S11	SES144	-0.690413	-11.3754	-10.685
BLOCK22/SES223/SA223S11	SES175	-0.00802612	-10.693	-10.685
BLOCK22/SES223/SA223S11	SES187	-0.469598	-11.1546	-10.685
BLOCK22/SES223/SA223S13	SES068	-0.318144	-12.4366	-12.1185
BLOCK22/SES223/SA223S13	SES143	-1.15483	-13.2733	-12.1185
BLOCK22/SES223/SA223S13	SES146	0.0485935	-12.0699	-12.1185
BLOCK22/SES223/SA223S13	SES202	-0.0297918	-12.1483	-12.1185
BLOCK22/SES223/SA223S22	SES143	-0.419652	-9.6583	-9.23865
BLOCK22/SES223/SA223S22	SES144	-0.454434	-9.69309	-9.23865
BLOCK22/SES223/SA223S22	SES175	-0.129121	-9.36777	-9.23865
BLOCK22/SES223/SA223S22	SES187	0.0163517	-9.2223	-9.23865
BLOCK22/SES223/SA223S25	SES068	-0.340972	-10.4552	-10.1142
BLOCK22/SES223/SA223S25	SES143	-0.619641	-10.7339	-10.1142
BLOCK22/SES223/SA223S25	SES175	0.163675	-9.95056	-10.1142
BLOCK22/SES223/SA223S25	SES187	-0.126698	-10.2409	-10.1142
BLOCK22/SES223/SA223S27	SES143	0.706769	-11.9586	-12.6654
BLOCK22/SES223/SA223S27	SES146	-1.09197	-13.7574	-12.6654
BLOCK22/SES223/SA223S27	SES187	-0.196354	-12.8618	-12.6654
BLOCK22/SES223/SA223S27	SES292	0.424337	-12.2411	-12.6654
BLOCK27/SES273/SA273S12	SES099	0.296293	-10.5198	-10.8161
BLOCK27/SES273/SA273S12	SES104	0.317403	-10.4987	-10.8161
BLOCK27/SES273/SA273S12	SES125	0.348973	-10.4671	-10.8161
BLOCK27/SES273/SA273S12	SES206	0.493014	-10.3231	-10.8161
BLOCK27/SES273/SA273S13	SES099	-0.388582	-7.94896	-7.56038
BLOCK27/SES273/SA273S13	SES104	-0.0533094	-7.61369	-7.56038
BLOCK27/SES273/SA273S13	SES206	-0.209369	-7.76975	-7.56038
BLOCK27/SES273/SA273S13	SES292	-0.293493	-7.85387	-7.56038
BLOCK27/SES273/SA273S21	SES099	-0.437023	-8.74442	-8.30739
BLOCK27/SES273/SA273S21	SES148	-0.970079	-9.27747	-8.30739
BLOCK27/SES273/SA273S21	SES149	-0.623466	-8.93086	-8.30739
BLOCK27/SES273/SA273S21	SES177	-0.662279	-8.96967	-8.30739
BLOCK27/SES273/SA273S25	SES104	0.759768	-11.0343	-11.794
BLOCK27/SES273/SA273S25	SES125	0.397626	-11.3964	-11.794
BLOCK27/SES273/SA273S25	SES158	-0.244809	-12.0388	-11.794
BLOCK27/SES273/SA273S25	SES206	0.695724	-11.0983	-11.794
BLOCK27/SES273/SA273S27	SES099	-0.292612	-7.364	-7.07139
BLOCK27/SES273/SA273S27	SES104	-0.392845	-7.46424	-7.07139
BLOCK27/SES273/SA273S27	SES149	-0.104768	-7.17616	-7.07139
BLOCK27/SES273/SA273S27	SES275	0.289896	-6.7815	-7.07139
BLOCK27/SES274/SA274S10	SES105	-1.19966	-7.53282	-6.33316
BLOCK27/SES274/SA274S10	SES125	-1.601	-7.93416	-6.33316
BLOCK27/SES274/SA274S10	SES129	0.04918	-6.28398	-6.33316
BLOCK27/SES274/SA274S10	SES158	-4.70369	-11.0369	-6.33316
BLOCK27/SES274/SA274S11	SES105	-1.25582	-9.90233	-8.64651
BLOCK27/SES274/SA274S11	SES149	-1.06228	-9.70879	-8.64651
BLOCK27/SES274/SA274S11	SES158	-1.82878	-10.4753	-8.64651
BLOCK27/SES274/SA274S11	SES275	-1.26414	-9.91065	-8.64651
BLOCK27/SES274/SA274S21	SES105	-0.490398	-8.69016	-8.19976
BLOCK27/SES274/SA274S21	SES129	-0.020834	-8.22059	-8.19976
BLOCK27/SES274/SA274S21	SES149	-1.06581	-9.26556	-8.19976
BLOCK27/SES274/SA274S21	SES158	-2.0825	-10.2823	-8.19976
BLOCK27/SES274/SA274S24	SES105	-1.18441	-9.21786	-8.03345
BLOCK27/SES274/SA274S24	SES129	0.420757	-7.61269	-8.03345
BLOCK27/SES274/SA274S24	SES149	-1.33312	-9.36656	-8.03345
BLOCK27/SES274/SA274S24	SES158	-2.93157	-10.965	-8.03345
BLOCK27/SES274/SA274S29	SES105	-1.35235	-9.35013	-7.99778
BLOCK27/SES274/SA274S29	SES106	-1.18117	-9.17895	-7.99778
BLOCK27/SES274/SA274S29	SES120	-0.487287	-8.48507	-7.99778
BLOCK27/SES274/SA274S29	SES275	-0.6968	-8.69458	-7.99778
BLOCK27/SES276/SA276S16	SES148	-1.038	-10.7651	-9.72706
BLOCK27/SES276/SA276S16	SES172	0.435644	-9.29142	-9.72706
BLOCK27/SES276/SA276S16	SES180	0.279006	-9.44806	-9.72706
BLOCK27/SES276/SA276S16	SES292	-0.347201	-10.0743	-9.72706
BLOCK27/SES276/SA276S17	SES101	-0.0378695	-7.7983	-7.76043
BLOCK27/SES276/SA276S17	SES177	-0.268923	-8.02936	-7.76043
BLOCK27/SES276/SA276S17	SES180	0.0487113	-7.71172	-7.76043
BLOCK27/SES276/SA276S17	SES292	-0.276504	-8.03694	-7.76043
BLOCK27/SES276/SA276S24	SES101	0.0113516	-7.61232	-7.62368
BLOCK27/SES276/SA276S24	SES177	0.0864267	-7.53725	-7.62368
BLOCK27/SES276/SA276S24	SES180	-0.444118	-8.06779	-7.62368
BLOCK27/SES276/SA276S24	SES292	-0.871302	-8.49498	-7.62368
BLOCK27/SES276/SA276S26	SES101	-0.75268	-5.48665	-4.73397
BLOCK27/SES276/SA276S26	SES177	-1.06252	-5.79649	-4.73397
BLOCK27/SES276/SA276S26	SES180	-0.532406	-5.26637	-4.73397
BLOCK27/SES276/SA276S26	SES292	-0.390755	-5.12472	-4.73397
BLOCK27/SES276/SA276S28	SES101	-0.199306	-5.89296	-5.69365
BLOCK27/SES276/SA276S28	SES177	-0.763731	-6.45738	-5.69365
BLOCK27/SES276/SA276S28	SES180	0.0387206	-5.65493	-5.69365
BLOCK27/SES276/SA276S28	SES292	-0.25478	-5.94843	-5.69365
BLOCK27/SES277/SA277S12	SES101	0.0249157	-11.3654	-11.3903
BLOCK27/SES277/SA277S12	SES177	-0.53221	-11.9225	-11.3903
BLOCK27/SES277/SA277S12	SES180	-0.575992	-11.9663	-11.3903
BLOCK27/SES277/SA277S12	SES292	-0.156489	-11.5468	-11.3903
BLOCK27/SES277/SA277S14	SES177	-0.508071	-11.1509	-10.6428
BLOCK27/SES277/SA277S14	SES180	-0.806357	-11.4491	-10.6428
BLOCK27/SES277/SA277S14	SES189	0.229856	-10.4129	-10.6428
BLOCK27/SES277/SA277S14	SES292	-0.286626	-10.9294	-10.6428
BLOCK27/SES277/SA277S21	SES177	-0.280593	-10.4485	-10.1679
BLOCK27/SES277/SA277S21	SES180	-0.371248	-10.5392	-10.1679
BLOCK27/SES277/SA277S21	SES189	0.2284	-9.93954	-10.1679
BLOCK27/SES277/SA277S21	SES292	-0.334242	-10.5022	-10.1679
BLOCK27/SES277/SA277S24	SES144	0.0399408	-10.7868	-10.8268
BLOCK27/SES277/SA277S24	SES177	-1.12937	-11.9561	-10.8268
BLOCK27/SES277/SA277S24	SES180	-0.600988	-11.4277	-10.8268
BLOCK27/SES277/SA277S24	SES189	-0.00860214	-10.8354	-10.8268
BLOCK27/SES277/SA277S29	SES177	-0.530591	-7.50535	-6.97476
BLOCK27/SES277/SA277S29	SES180	-0.33861	-7.31337	-6.97476
BLOCK27/SES277/SA277S29	SES202	-0.853839	-7.8286	-6.97476
BLOCK27/SES277/SA277S29	SES292	-0.955379	-7.93014	-6.97476
BLOCK27/SES279/SA279S09	SES120	-0.934717	-8.59507	-7.66035
BLOCK27/SES279/SA279S09	SES146	-1.03391	-8.69426	-7.66035
BLOCK27/SES279/SA279S09	SES206	0.0939951	-7.56635	-7.66035
BLOCK27/SES279/SA279S09	SES226	-1.6034	-9.26375	-7.66035
BLOCK27/SES279/SA279S10	SES099	0.106088	-8.35119	-8.45727
BLOCK27/SES279/SA279S10	SES206	-0.0645714	-8.52184	-8.45727
BLOCK27/SES279/SA279S10	SES226	-1.08132	-9.53859	-8.45727
BLOCK27/SES279/SA279S10	SES292	-0.182608	-8.63988	-8.45727
BLOCK27/SES279/SA279S20	SES099	-1.50734	-11.7087	-10.2013
BLOCK27/SES279/SA279S20	SES206	0.0163412	-10.185	-10.2013
BLOCK27/SES279/SA279S20	SES226	-2.22068	-12.422	-10.2013
BLOCK27/SES279/SA279S20	SES292	-0.464364	-10.6657	-10.2013
BLOCK27/SES279/SA279S26	SES099	1.34929	-9.1406	-10.4899
BLOCK27/SES279/SA279S26	SES206	0.808945	-9.68094	-10.4899
BLOCK27/SES279/SA279S26	SES226	-0.276982	-10.7669	-10.4899
BLOCK27/SES279/SA279S26	SES292	0.555924	-9.93396	-10.4899
BLOCK27/SES279/SA279S28	SES099	0.373302	-5.17837	-5.55167
BLOCK27/SES279/SA279S28	SES120	-0.50331	-6.05498	-5.55167
BLOCK27/SES279/SA279S28	SES177	-0.670484	-6.22215	-5.55167
BLOCK27/SES279/SA279S28	SES206	-0.36173	-5.9134	-5.55167
BLOCK29/SES290/SA290S12	SES162	0.431107	-8.63677	-9.06788
BLOCK29/SES290/SA290S12	SES177	0.372471	-8.69541	-9.06788
BLOCK29/SES290/SA290S12	SES180	-0.115824	-9.1837	-9.06788
BLOCK29/SES290/SA290S12	SES292	-0.728878	-9.79675	-9.06788
BLOCK29/SES290/SA290S13	SES007	0.10476	-8.33725	-8.44201
BLOCK29/SES290/SA290S13	SES162	-0.152883	-8.59489	-8.44201
BLOCK29/SES290/SA290S13	SES177	-0.241375	-8.68338	-8.44201
BLOCK29/SES290/SA290S13	SES180	-0.121667	-8.56367	-8.44201
BLOCK29/SES290/SA290S22	SES177	-0.0766497	-8.90577	-8.82912
BLOCK29/SES290/SA290S22	SES180	-0.134865	-8.96399	-8.82912
BLOCK29/SES290/SA290S22	SES202	0.159837	-8.66928	-8.82912
BLOCK29/SES290/SA290S22	SES292	-0.45721	-9.28633	-8.82912
BLOCK29/SES290/SA290S25	SES162	-0.00636196	-9.65626	-9.64989
BLOCK29/SES290/SA290S25	SES177	-0.138625	-9.78852	-9.64989
BLOCK29/SES290/SA290S25	SES180	-0.00741005	-9.6573	-9.64989
BLOCK29/SES290/SA290S25	SES292	-0.161561	-9.81145	-9.64989
BLOCK29/SES290/SA290S29	SES177	0.314857	-6.35402	-6.66888
BLOCK29/SES290/SA290S29	SES180	0.0882792	-6.5806	-6.66888
BLOCK29/SES290/SA290S29	SES275	0.0837064	-6.58517	-6.66888
BLOCK29/SES290/SA290S29	SES292	-0.509934	-7.17881	-6.66888
BLOCK29/SES291/SA291S11	SES105	-0.290923	-11.5482	-11.2573
BLOCK29/SES291/SA291S11	SES125	0.135156	-11.1221	-11.2573
BLOCK29/SES291/SA291S11	SES158	-0.0405788	-11.2978	-11.2573
BLOCK29/SES291/SA291S11	SES275	-0.658108	-11.9154	-11.2573
BLOCK29/SES291/SA291S12	SES158	1.49316	-11.9024	-13.3956
BLOCK29/SES291/SA291S12	SES226	-1.71251	-15.1081	-13.3956
BLOCK29/SES291/SA291S12	SES270	-0.34317	-13.7388	-13.3956
BLOCK29/SES291/SA291S12	SES275	-2.07898	-15.4746	-13.3956
BLOCK29/SES291/SA291S22	SES082	0.236547	-8.82603	-9.06257
BLOCK29/SES291/SA291S22	SES158	-0.625195	-9.68777	-9.06257
BLOCK29/SES291/SA291S22	SES259	0.388868	-8.6737	-9.06257
BLOCK29/SES291/SA291S22	SES275	-1.17668	-10.2392	-9.06257
BLOCK29/SES291/SA291S24	SES104	0.355004	-10.935	-11.29
BLOCK29/SES291/SA291S24	SES125	0.502098	-10.7879	-11.29
BLOCK29/SES291/SA291S24	SES158	0.132619	-11.1574	-11.29
BLOCK29/SES291/SA291S24	SES275	-1.15659	-12.4466	-11.29
BLOCK29/SES291/SA291S27	SES158	-0.396943	-9.18453	-8.78759
BLOCK29/SES291/SA291S27	SES172	-1.72347	-10.5111	-8.78759
BLOCK29/SES291/SA291S27	SES275	-0.927184	-9.71477	-8.78759
BLOCK29/SES291/SA291S27	SES292	-0.489249	-9.27684	-8.78759
