BLOCK00/SES002/SA002S12	SES002	1.33714	17.5541	16.217
BLOCK00/SES002/SA002S13	SES002	0.579717	15.0965	14.5168
BLOCK00/SES002/SA002S23	SES002	0.624508	17.1259	16.5013
BLOCK00/SES002/SA002S26	SES002	1.19589	17.9163	16.7204
BLOCK00/SES002/SA002S28	SES002	0.955607	15.5749	14.6193
BLOCK00/SES007/SA007S14	SES007	2.10248	18.0642	15.9618
BLOCK00/SES007/SA007S15	SES007	1.21344	16.5102	15.2968
BLOCK00/SES007/SA007S24	SES007	1.3622	16.4755	15.1133
BLOCK00/SES007/SA007S27	SES007	1.16259	16.1805	15.0179
BLOCK00/SES007/SA007S29	SES007	0.751225	16.9106	16.1594
BLOCK00/SES008/SA008S11	SES008	2.15005	17.8799	15.7299
BLOCK00/SES008/SA008S12	SES008	1.3976	17.5048	16.1072
BLOCK00/SES008/SA008S19	SES008	2.531	19.0594	16.5284
BLOCK00/SES008/SA008S22	SES008	1.65874	16.5454	14.8866
BLOCK00/SES008/SA008S29	SES008	2.92144	18.6147	15.6933
BLOCK01/SES014/SA014S10	SES014	1.92801	18.6621	16.7341
BLOCK01/SES014/SA014S12	SES014	3.08695	21.0126	17.9257
BLOCK01/SES014/SA014S24	SES014	1.9016	19.0197	17.1181
BLOCK01/SES014/SA014S26	SES014	2.39527	21.0988	18.7035
BLOCK01/SES014/SA014S28	SES014	3.41647	20.7729	17.3564
BLOCK01/SES016/SA016S12	SES016	1.60235	15.5595	13.9572
BLOCK01/SES016/SA016S13	SES016	2.39642	17.407	15.0106
BLOCK01/SES016/SA016S22	SES016	1.98652	17.3535	15.3669
BLOCK01/SES016/SA016S25	SES016	2.14816	18.9645	16.8163
BLOCK01/SES016/SA016S27	SES016	2.62272	19.9366	17.3139
BLOCK01/SES019/SA019S13	SES019	3.0469	17.1412	14.0943
BLOCK01/SES019/SA019S14	SES019	2.36261	17.1308	14.7682
BLOCK01/SES019/SA019S22	SES019	2.36577	16.9294	14.5636
BLOCK01/SES019/SA019S25	SES019	2.37029	17.4603	15.09
BLOCK01/SES019/SA019S29	SES019	3.44739	17.1128	13.6654
BLOCK02/SES029/SA029S11	SES029	1.53718	17.0527	15.5155
BLOCK02/SES029/SA029S12	SES029	1.53085	17.7823	16.2515
BLOCK02/SES029/SA029S20	SES029	1.42669	16.8413	15.4146
BLOCK02/SES029/SA029S25	SES029	1.84045	18.338	16.4976
BLOCK02/SES029/SA029S28	SES029	1.36093	17.4559	16.095
BLOCK04/SES042/SA042S12	SES042	2.47389	18.9782	16.5043
BLOCK04/SES042/SA042S15	SES042	2.45116	19.212	16.7609
BLOCK04/SES042/SA042S22	SES042	3.48439	21.4683	17.9839
BLOCK04/SES042/SA042S25	SES042	1.69691	18.0562	16.3593
BLOCK04/SES042/SA042S27	SES042	2.20748	20.2884	18.0809
BLOCK04/SES048/SA048S11	SES048	1.38171	18.2572	16.8755
BLOCK04/SES048/SA048S12	SES048	1.52148	18.4246	16.9031
BLOCK04/SES048/SA048S20	SES048	1.2697	18.3738	17.1041
BLOCK04/SES048/SA048S23	SES048	1.40019	16.758	15.3578
BLOCK04/SES048/SA048S27	SES048	1.70855	19.4153	17.7068
BLOCK06/SES060/SA060S11	SES060	1.76473	18.5561	16.7914
BLOCK06/SES060/SA060S12	SES060	0.727694	15.9021	15.1744
BLOCK06/SES060/SA060S22	SES060	0.589564	15.4839	14.8943
BLOCK06/SES060/SA060S24	SES060	1.36158	18.3836	17.0221
BLOCK06/SES060/SA060S28	SES060	1.66509	19.9606	18.2955
BLOCK06/SES062/SA062S10	SES062	1.16991	17.7218	16.5519
BLOCK06/SES062/SA062S11	SES062	2.58044	17.6852	15.1048
BLOCK06/SES062/SA062S21	SES062	2.92585	21.1679	18.242
BLOCK06/SES062/SA062S26	SES062	2.16442	18.6144	16.45
BLOCK06/SES062/SA062S29	SES062	2.61032	19.9118	17.3015
BLOCK06/SES068/SA068S14	SES068	1.25111	17.5171	16.266
BLOCK06/SES068/SA068S15	SES068	1.99031	19.1145	17.1242
BLOCK06/SES068/SA068S23	SES068	1.45728	16.9274	15.4701
BLOCK06/SES068/SA068S27	SES068	2.98435	19.3444	16.36
BLOCK06/SES068/SA068S29	SES068	1.83476	18.0806	16.2458
BLOCK08/SES082/SA082S12	SES082	0.879527	16.3068	15.4273
BLOCK08/SES082/SA082S14	SES082	0.88748	15.3466	14.4591
BLOCK08/SES082/SA082S21	SES082	1.1988	16.5422	15.3434
BLOCK08/SES082/SA082S24	SES082	1.73553	18.4286	16.6931
BLOCK08/SES082/SA082S28	SES082	1.01883	15.8121	14.7932
BLOCK08/SES083/SA083S14	SES083	0.250759	16.4405	16.1898
BLOCK08/SES083/SA083S15	SES083	1.349	17.7203	16.3713
BLOCK08/SES083/SA083S24	SES083	1.05129	17.1672	16.1159
BLOCK08/SES083/SA083S26	SES083	1.06622	17.2528	16.1866
BLOCK08/SES083/SA083S29	SES083	0.930738	17.4389	16.5082
BLOCK08/SES085/SA085S10	SES085	1.72033	17.9133	16.193
BLOCK08/SES085/SA085S13	SES085	1.22855	16.8064	15.5779
BLOCK08/SES085/SA085S22	SES085	0.81772	16.8073	15.9896
BLOCK08/SES085/SA085S26	SES085	1.9237	17.9335	16.0098
BLOCK08/SES085/SA085S28	SES085	2.12915	18.1532	16.0241
BLOCK08/SES087/SA087S15	SES087	1.50277	17.3174	15.8147
BLOCK08/SES087/SA087S16	SES087	1.71783	17.442	15.7242
BLOCK08/SES087/SA087S24	SES087	1.78706	17.9384	16.1514
BLOCK08/SES087/SA087S26	SES087	1.58657	18.3089	16.7224
BLOCK08/SES087/SA087S29	SES087	2.02551	17.3792	15.3537
BLOCK09/SES099/SA099S15	SES099	2.29065	16.3066	14.016
BLOCK09/SES099/SA099S16	SES099	1.90011	16.5522	14.6521
BLOCK09/SES099/SA099S24	SES099	1.74125	16.924	15.1827
BLOCK09/SES099/SA099S26	SES099	2.04483	17.2846	15.2397
BLOCK09/SES099/SA099S29	SES099	2.0824	17.1972	15.1148
BLOCK10/SES101/SA101S11	SES101	1.50124	17.6795	16.1783
BLOCK10/SES101/SA101S13	SES101	1.97445	18.565	16.5906
BLOCK10/SES101/SA101S22	SES101	1.4176	16.6562	15.2386
BLOCK10/SES101/SA101S24	SES101	2.02423	17.9926	15.9684
BLOCK10/SES101/SA101S28	SES101	1.06828	16.1026	15.0343
BLOCK10/SES104/SA104S11	SES104	2.36192	19.5357	17.1738
BLOCK10/SES104/SA104S12	SES104	2.54929	18.1641	15.6148
BLOCK10/SES104/SA104S21	SES104	2.33725	18.2551	15.9179
BLOCK10/SES104/SA104S24	SES104	1.87538	18.0828	16.2074
BLOCK10/SES104/SA104S28	SES104	2.43767	18.6346	16.1969
BLOCK10/SES105/SA105S12	SES105	1.42398	15.9518	14.5278
BLOCK10/SES105/SA105S13	SES105	0.929502	16.2131	15.2836
BLOCK10/SES105/SA105S22	SES105	0.964589	15.462	14.4974
BLOCK10/SES105/SA105S26	SES105	1.19678	15.8574	14.6606
BLOCK10/SES105/SA105S29	SES105	1.12904	16.696	15.5669
BLOCK10/SES106/SA106S09	SES106	1.86414	15.6583	13.7942
BLOCK10/SES106/SA106S11	SES106	2.15385	18.0101	15.8563
BLOCK10/SES106/SA106S22	SES106	3.75583	17.5464	13.7906
BLOCK10/SES106/SA106S27	SES106	2.18083	17.0015	14.8207
BLOCK10/SES106/SA106S29	SES106	1.53669	17.2639	15.7272
BLOCK11/SES117/SA117S12	SES117	0.949849	16.3456	15.3957
BLOCK11/SES117/SA117S13	SES117	0.63681	16.7579	16.1211
BLOCK11/SES117/SA117S23	SES117	2.4095	15.0978	12.6883
BLOCK11/SES117/SA117S25	SES117	1.60432	15.5448	13.9405
BLOCK11/SES117/SA117S28	SES117	2.08559	15.1096	13.024
BLOCK12/SES120/SA120S08	SES120	0.860072	14.6476	13.7876
BLOCK12/SES120/SA120S11	SES120	1.6519	13.8462	12.1943
BLOCK12/SES120/SA120S22	SES120	1.00939	17.5482	16.5388
BLOCK12/SES120/SA120S24	SES120	1.16338	16.0222	14.8588
BLOCK12/SES120/SA120S28	SES120	0.525364	14.1438	13.6184
BLOCK12/SES125/SA125S13	SES125	2.23355	17.7672	15.5337
BLOCK12/SES125/SA125S14	SES125	1.42578	16.8915	15.4657
BLOCK12/SES125/SA125S25	SES125	1.98595	17.6454	15.6594
BLOCK12/SES125/SA125S27	SES125	2.4328	19.0763	16.6435
BLOCK12/SES125/SA125S29	SES125	1.92407	17.5433	15.6192
BLOCK12/SES127/SA127S11	SES127	0.812822	16.7275	15.9146
BLOCK12/SES127/SA127S12	SES127	0.836309	17.2908	16.4544
BLOCK12/SES127/SA127S23	SES127	1.09801	17.4505	16.3525
BLOCK12/SES127/SA127S25	SES127	0.336507	16.1058	15.7693
BLOCK12/SES127/SA127S27	SES127	1.5081	17.3129	15.8048
BLOCK12/SES129/SA129S11	SES129	1.37083	18.6231	17.2523
BLOCK12/SES129/SA129S12	SES129	1.37391	18.4553	17.0813
BLOCK12/SES129/SA129S22	SES129	1.01927	17.5991	16.5799
BLOCK12/SES129/SA129S27	SES129	1.50583	18.0041	16.4983
BLOCK12/SES129/SA129S29	SES129	1.82032	18.7041	16.8838
BLOCK14/SES142/SA142S11	SES142	2.15777	16.2621	14.1043
BLOCK14/SES142/SA142S12	SES142	2.19025	15.7869	13.5967
BLOCK14/SES142/SA142S24	SES142	2.56544	17.0255	14.4601
BLOCK14/SES142/SA142S27	SES142	2.0731	17.1607	15.0876
BLOCK14/SES142/SA142S29	SES142	2.34409	16.2292	13.8851
BLOCK14/SES143/SA143S12	SES143	0.815116	16.1155	15.3004
BLOCK14/SES143/SA143S13	SES143	0.98691	15.9055	14.9186
BLOCK14/SES143/SA143S23	SES143	1.55443	16.1252	14.5708
BLOCK14/SES143/SA143S25	SES143	1.84898	16.5102	14.6612
BLOCK14/SES143/SA143S28	SES143	0.899332	15.7123	14.8129
BLOCK14/SES144/SA144S09	SES144	1.69077	17.7771	16.0863
BLOCK14/SES144/SA144S11	SES144	1.67664	16.5815	14.9049
BLOCK14/SES144/SA144S21	SES144	1.1002	16.6155	15.5153
BLOCK14/SES144/SA144S25	SES144	1.37067	16.8057	15.435
BLOCK14/SES144/SA144S29	SES144	0.80998	17.5682	16.7582
BLOCK14/SES146/SA146S14	SES146	0.940261	15.8176	14.8773
BLOCK14/SES146/SA146S15	SES146	1.00854	15.9852	14.9767
BLOCK14/SES146/SA146S24	SES146	1.29224	16.5372	15.2449
BLOCK14/SES146/SA146S26	SES146	2.13403	16.7493	14.6153
BLOCK14/SES146/SA146S29	SES146	1.31416	15.2965	13.9823
BLOCK14/SES147/SA147S11	SES147	1.04481	15.9076	14.8628
BLOCK14/SES147/SA147S13	SES147	1.85128	17.4183	15.5671
BLOCK14/SES147/SA147S23	SES147	1.14266	16.1903	15.0477
BLOCK14/SES147/SA147S26	SES147	1.35925	16.4442	15.0849
BLOCK14/SES147/SA147S28	SES147	1.67714	16.5336	14.8565
BLOCK14/SES148/SA148S10	SES148	1.15104	17.2177	16.0667
BLOCK14/SES148/SA148S12	SES148	0.613708	15.2613	14.6476
BLOCK14/SES148/SA148S22	SES148	1.3793	17.6487	16.2694
BLOCK14/SES148/SA148S26	SES148	0.578598	16.8259	16.2473
BLOCK14/SES148/SA148S29	SES148	1.0448	16.9752	15.9304
BLOCK14/SES149/SA149S13	SES149	1.01376	17.8567	16.843
BLOCK14/SES149/SA149S14	SES149	1.14312	17.9123	16.7692
BLOCK14/SES149/SA149S24	SES149	1.35251	18.3312	16.9787
BLOCK14/SES149/SA149S26	SES149	2.45781	19.2167	16.7589
BLOCK14/SES149/SA149S28	SES149	1.5837	19.8112	18.2275
BLOCK15/SES158/SA158S13	SES158	2.07423	16.336	14.2617
BLOCK15/SES158/SA158S14	SES158	2.19751	15.7249	13.5274
BLOCK15/SES158/SA158S23	SES158	1.83763	16.6138	14.7762
BLOCK15/SES158/SA158S26	SES158	2.89432	15.9119	13.0176
BLOCK15/SES158/SA158S28	SES158	1.22915	15.8799	14.6508
BLOCK16/SES162/SA162S10	SES162	1.02394	15.4293	14.4053
BLOCK16/SES162/SA162S11	SES162	1.10333	17.2148	16.1115
BLOCK16/SES162/SA162S21	SES162	1.62626	17.1692	15.5429
BLOCK16/SES162/SA162S24	SES162	1.65194	16.5265	14.8745
BLOCK16/SES162/SA162S27	SES162	1.38471	15.913	14.5283
BLOCK16/SES167/SA167S14	SES167	2.24211	18.8351	16.593
BLOCK16/SES167/SA167S15	SES167	1.65749	17.5234	15.8659
BLOCK16/SES167/SA167S21	SES167	2.02745	18.1501	16.1226
BLOCK16/SES167/SA167S25	SES167	2.49151	17.7456	15.2541
BLOCK16/SES167/SA167S29	SES167	2.98917	19.7826	16.7934
BLOCK17/SES172/SA172S12	SES172	1.07725	16.5384	15.4611
BLOCK17/SES172/SA172S13	SES172	1.83049	16.5411	14.7106
BLOCK17/SES172/SA172S23	SES172	0.858715	17.3532	16.4945
BLOCK17/SES172/SA172S27	SES172	1.1077	17.0601	15.9524
BLOCK17/SES172/SA172S29	SES172	1.45875	17.0256	15.5669
BLOCK17/SES175/SA175S11	SES175	0.890651	16.6242	15.7335
BLOCK17/SES175/SA175S13	SES175	0.941792	17.1486	16.2068
BLOCK17/SES175/SA175S23	SES175	1.23047	17.4882	16.2577
BLOCK17/SES175/SA175S25	SES175	0.343706	14.6912	14.3475
BLOCK17/SES175/SA175S28	SES175	0.974388	17.0174	16.043
BLOCK17/SES177/SA177S15	SES177	1.38498	17.417	16.032
BLOCK17/SES177/SA177S17	SES177	1.31717	17.4523	16.1351
BLOCK17/SES177/SA177S23	SES177	0.810184	16.2831	15.4729
BLOCK17/SES177/SA177S26	SES177	1.42763	18.841	17.4134
BLOCK17/SES177/SA177S28	SES177	1.22604	17.7942	16.5681
BLOCK18/SES180/SA180S13	SES180	1.12284	16.6158	15.4929
BLOCK18/SES180/SA180S15	SES180	1.2261	16.4609	15.2348
BLOCK18/SES180/SA180S24	SES180	1.5919	17.8729	16.281
BLOCK18/SES180/SA180S26	SES180	1.10318	17.4846	16.3814
BLOCK18/SES180/SA180S29	SES180	1.09847	16.6128	15.5143
BLOCK18/SES183/SA183S13	SES183	1.10674	15.9278	14.821
BLOCK18/SES183/SA183S14	SES183	0.867196	16.2492	15.382
BLOCK18/SES183/SA183S24	SES183	1.51228	15.5579	14.0457
BLOCK18/SES183/SA183S27	SES183	1.2986	16.2911	14.9925
BLOCK18/SES183/SA183S29	SES183	1.22985	16.7917	15.5619
BLOCK18/SES187/SA187S13	SES187	0.971066	15.9343	14.9632
BLOCK18/SES187/SA187S14	SES187	0.863773	15.9337	15.0699
BLOCK18/SES187/SA187S24	SES187	1.68876	15.3307	13.6419
BLOCK18/SES187/SA187S27	SES187	1.37218	15.9156	14.5434
BLOCK18/SES187/SA187S29	SES187	1.58754	16.1179	14.5304
BLOCK18/SES189/SA189S10	SES189	1.07421	14.1099	13.0357
BLOCK18/SES189/SA189S13	SES189	2.46208	13.5834	11.1214
BLOCK18/SES189/SA189S24	SES189	2.69551	13.1449	10.4494
BLOCK18/SES189/SA189S26	SES189	1.55036	14.7274	13.177
BLOCK18/SES189/SA189S29	SES189	1.26647	14.615	13.3486
BLOCK20/SES202/SA202S12	SES202	2.15262	15.2986	13.146
BLOCK20/SES202/SA202S14	SES202	2.42535	16.8607	14.4354
BLOCK20/SES202/SA202S24	SES202	1.37503	16.046	14.671
BLOCK20/SES202/SA202S27	SES202	1.93857	17.9445	16.006
BLOCK20/SES202/SA202S29	SES202	1.99075	17.4428	15.452
BLOCK20/SES206/SA206S15	SES206	0.632332	17.0244	16.392
BLOCK20/SES206/SA206S17	SES206	2.20624	18.768	16.5618
BLOCK20/SES206/SA206S24	SES206	2.61373	18.8519	16.2382
BLOCK20/SES206/SA206S27	SES206	2.95924	18.3058	15.3466
BLOCK20/SES206/SA206S29	SES206	2.43607	19.9349	17.4988
BLOCK22/SES226/SA226S12	SES226	1.22496	16.9432	15.7182
BLOCK22/SES226/SA226S13	SES226	0.00292683	15.4478	15.4449
BLOCK22/SES226/SA226S20	SES226	0.731212	16.2657	15.5345
BLOCK22/SES226/SA226S23	SES226	0.969745	16.6905	15.7208
BLOCK22/SES226/SA226S28	SES226	1.92637	18.0056	16.0792
BLOCK25/SES259/SA259S13	SES259	2.08735	17.7477	15.6604
BLOCK25/SES259/SA259S14	SES259	0.996479	17.5497	16.5532
BLOCK25/SES259/SA259S22	SES259	1.36391	17.9024	16.5385
BLOCK25/SES259/SA259S24	SES259	1.57204	19.2166	17.6446
BLOCK25/SES259/SA259S28	SES259	1.59913	17.7934	16.1943
BLOCK27/SES270/SA270S14	SES270	2.03163	15.886	13.8544
BLOCK27/SES270/SA270S16	SES270	0.834126	15.4368	14.6026
BLOCK27/SES270/SA270S22	SES270	1.71392	15.2638	13.5498
BLOCK27/SES270/SA270S26	SES270	1.83747	15.1357	13.2983
BLOCK27/SES270/SA270S28	SES270	1.58427	15.8418	14.2576
BLOCK27/SES275/SA275S17	SES275	1.42986	17.0496	15.6197
BLOCK27/SES275/SA275S18	SES275	1.15858	16.729	15.5705
BLOCK27/SES275/SA275S24	SES275	1.12915	15.8183	14.6891
BLOCK27/SES275/SA275S26	SES275	1.57631	17.2244	15.6481
BLOCK27/SES275/SA275S28	SES275	1.13626	17.0574	15.9211
BLOCK29/SES292/SA292S10	SES292	0.797573	16.6803	15.8828
BLOCK29/SES292/SA292S12	SES292	0.811503	15.6251	14.8136
BLOCK29/SES292/SA292S22	SES292	0.971104	17.3385	16.3674
BLOCK29/SES292/SA292S24	SES292	1.08596	17.5167	16.4307
BLOCK29/SES292/SA292S27	SES292	0.916348	17.295	16.3787
BLOCK00/SES001/SA001S14	SES062	-1.56231	13.7593	15.3216
BLOCK00/SES001/SA001S14	SES082	-1.26936	14.0522	15.3216
BLOCK00/SES001/SA001S14	SES106	-1.02543	14.2961	15.3216
BLOCK00/SES001/SA001S14	SES206	-0.813562	14.508	15.3216
BLOCK00/SES001/SA001S15	SES062	-1.4898	15.1874	16.6772
BLOCK00/SES001/SA001S15	SES104	-1.39935	15.2779	16.6772
BLOCK00/SES001/SA001S15	SES106	-0.700722	15.9765	16.6772
BLOCK00/SES001/SA001S15	SES206	-0.639799	16.0374	16.6772
BLOCK00/SES001/SA001S24	SES062	-1.76227	13.3978	15.16
BLOCK00/SES001/SA001S24	SES082	-1.00045	14.1596	15.16
BLOCK00/SES001/SA001S24	SES087	-1.43068	13.7294	15.16
BLOCK00/SES001/SA001S24	SES206	-0.62266	14.5374	15.16
BLOCK00/SES001/SA001S27	SES062	-1.24158	15.1964	16.438
BLOCK00/SES001/SA001S27	SES082	-0.302118	16.1358	16.438
BLOCK00/SES001/SA001S27	SES087	-0.35216	16.0858	16.438
BLOCK00/SES001/SA001S27	SES206	-0.00431633	16.4336	16.438
BLOCK00/SES001/SA001S29	SES062	-1.79042	13.0421	14.8326
BLOCK00/SES001/SA001S29	SES082	-0.585164	14.2474	14.8326
BLOCK00/SES001/SA001S29	SES158	-0.185899	14.6467	14.8326
BLOCK00/SES001/SA001S29	SES206	-0.883385	13.9492	14.8326
BLOCK00/SES003/SA003S11	SES002	0.216622	15.792	15.5753
BLOCK00/SES003/SA003S11	SES019	-0.387325	15.188	15.5753
BLOCK00/SES003/SA003S11	SES082	-0.0348768	15.5405	15.5753
BLOCK00/SES003/SA003S11	SES125	-0.839223	14.7361	15.5753
BLOCK00/SES003/SA003S15	SES016	-0.164089	16.405	16.5691
BLOCK00/SES003/SA003S15	SES019	-0.312391	16.2567	16.5691
BLOCK00/SES003/SA003S15	SES062	-0.56934	15.9998	16.5691
BLOCK00/SES003/SA003S15	SES206	0.580696	17.1498	16.5691
BLOCK00/SES003/SA003S22	SES002	-0.399776	15.8739	16.2736
BLOCK00/SES003/SA003S22	SES062	-0.933842	15.3398	16.2736
BLOCK00/SES003/SA003S22	SES082	-1.05483	15.2188	16.2736
BLOCK00/SES003/SA003S22	SES087	-0.902064	15.3716	16.2736
BLOCK00/SES003/SA003S25	SES062	-1.4933	13.3759	14.8692
BLOCK00/SES003/SA003S25	SES082	-0.128528	14.7407	14.8692
BLOCK00/SES003/SA003S25	SES087	-0.959753	13.9095	14.8692
BLOCK00/SES003/SA003S25	SES206	-0.796982	14.0722	14.8692
BLOCK00/SES003/SA003S29	SES002	-0.446043	15.2762	15.7223
BLOCK00/SES003/SA003S29	SES062	-1.03215	14.6901	15.7223
BLOCK00/SES003/SA003S29	SES082	-0.479494	15.2428	15.7223
BLOCK00/SES003/SA003S29	SES087	-0.543943	15.1783	15.7223
BLOCK00/SES004/SA004S12	SES083	-0.420348	14.584	15.0044
BLOCK00/SES004/SA004S12	SES148	-1.12048	13.8839	15.0044
BLOCK00/SES004/SA004S12	SES172	0.11965	15.124	15.0044
BLOCK00/SES004/SA004S12	SES292	-0.159856	14.8445	15.0044
BLOCK00/SES004/SA004S17	SES083	-0.872774	14.2925	15.1653
BLOCK00/SES004/SA004S17	SES162	-0.048255	15.117	15.1653
BLOCK00/SES004/SA004S17	SES172	-0.299626	14.8657	15.1653
BLOCK00/SES004/SA004S17	SES292	-0.359403	14.8059	15.1653
BLOCK00/SES004/SA004S24	SES083	-0.887768	14.3441	15.2319
BLOCK00/SES004/SA004S24	SES148	-1.17669	14.0552	15.2319
BLOCK00/SES004/SA004S24	SES172	-0.291391	14.9405	15.2319
BLOCK00/SES004/SA004S24	SES292	-0.196052	15.0358	15.2319
BLOCK00/SES004/SA004S26	SES083	-0.241644	14.4312	14.6729
BLOCK00/SES004/SA004S26	SES127	-0.281437	14.3914	14.6729
BLOCK00/SES004/SA004S26	SES148	-1.0119	13.661	14.6729
BLOCK00/SES004/SA004S26	SES292	-0.190454	14.4824	14.6729
BLOCK00/SES004/SA004S28	SES083	-0.372676	15.0915	15.4641
BLOCK00/SES004/SA004S28	SES127	-0.64396	14.8202	15.4641
BLOCK00/SES004/SA004S28	SES187	0.146796	15.6109	15.4641
BLOCK00/SES004/SA004S28	SES292	-0.0526838	15.4115	15.4641
BLOCK00/SES006/SA006S10	SES014	-1.67842	10.6322	12.3106
BLOCK00/SES006/SA006S10	SES158	-0.68701	11.6236	12.3106
BLOCK00/SES006/SA006S10	SES226	-2.20764	10.1029	12.3106
BLOCK00/SES006/SA006S10	SES270	0.00420475	12.3148	12.3106
BLOCK00/SES006/SA006S11	SES158	-0.17134	12.897	13.0683
BLOCK00/SES006/SA006S11	SES226	-1.11379	11.9545	13.0683
BLOCK00/SES006/SA006S11	SES270	0.163757	13.2321	13.0683
BLOCK00/SES006/SA006S11	SES275	-0.854505	12.2138	13.0683
BLOCK00/SES006/SA006S23	SES062	-1.61887	14.1663	15.7852
BLOCK00/SES006/SA006S23	SES105	-1.70233	14.0828	15.7852
BLOCK00/SES006/SA006S23	SES158	-0.994921	14.7903	15.7852
BLOCK00/SES006/SA006S23	SES275	-0.680897	15.1043	15.7852
BLOCK00/SES006/SA006S26	SES104	-1.96073	12.9392	14.9
BLOCK00/SES006/SA006S26	SES158	-0.472827	14.4271	14.9
BLOCK00/SES006/SA006S26	SES270	-0.0783234	14.8217	14.9
BLOCK00/SES006/SA006S26	SES275	-1.19965	13.7003	14.9
BLOCK00/SES006/SA006S28	SES007	-1.33083	12.029	13.3599
BLOCK00/SES006/SA006S28	SES105	-2.10662	11.2532	13.3599
BLOCK00/SES006/SA006S28	SES158	-0.632524	12.7273	13.3599
BLOCK00/SES006/SA006S28	SES275	-1.68927	11.6706	13.3599
BLOCK00/SES009/SA009S12	SES083	-0.912359	15.6895	16.6018
BLOCK00/SES009/SA009S12	SES148	-1.15757	15.4443	16.6018
BLOCK00/SES009/SA009S12	SES177	-0.252405	16.3494	16.6018
BLOCK00/SES009/SA009S12	SES292	-0.0426464	16.5592	16.6018
BLOCK00/SES009/SA009S15	SES007	1.00279	17.9584	16.9556
BLOCK00/SES009/SA009S15	SES099	-1.43242	15.5232	16.9556
BLOCK00/SES009/SA009S15	SES148	-1.15899	15.7966	16.9556
BLOCK00/SES009/SA009S15	SES172	0.257654	17.2133	16.9556
BLOCK00/SES009/SA009S24	SES146	-0.475542	16.2203	16.6958
BLOCK00/SES009/SA009S24	SES148	-1.2976	15.3982	16.6958
BLOCK00/SES009/SA009S24	SES177	0.127981	16.8238	16.6958
BLOCK00/SES009/SA009S24	SES292	-0.282921	16.4129	16.6958
BLOCK00/SES009/SA009S26	SES083	-0.757601	15.5869	16.3445
BLOCK00/SES009/SA009S26	SES101	-0.492891	15.8516	16.3445
BLOCK00/SES009/SA009S26	SES120	-0.311794	16.0327	16.3445
BLOCK00/SES009/SA009S26	SES177	-0.230352	16.1142	16.3445
BLOCK00/SES009/SA009S29	SES083	-0.44327	16.6548	17.098
BLOCK00/SES009/SA009S29	SES101	-0.287048	16.811	17.098
BLOCK00/SES009/SA009S29	SES177	-0.328447	16.7696	17.098
BLOCK00/SES009/SA009S29	SES292	0.230801	17.3288	17.098
BLOCK01/SES011/SA011S10	SES019	-0.178183	15.8586	16.0368
BLOCK01/SES011/SA011S10	SES042	0.4746	16.5114	16.0368
BLOCK01/SES011/SA011S10	SES082	-0.226573	15.8103	16.0368
BLOCK01/SES011/SA011S10	SES206	-0.0236988	16.0131	16.0368
BLOCK01/SES011/SA011S11	SES019	-0.15174	15.2709	15.4226
BLOCK01/SES011/SA011S11	SES042	-0.775116	14.6475	15.4226
BLOCK01/SES011/SA011S11	SES082	-1.21122	14.2114	15.4226
BLOCK01/SES011/SA011S11	SES206	0.478214	15.9008	15.4226
BLOCK01/SES011/SA011S22	SES019	-0.190132	15.0317	15.2218
BLOCK01/SES011/SA011S22	SES042	0.0299187	15.2518	15.2218
BLOCK01/SES011/SA011S22	SES082	-0.782623	14.4392	15.2218
BLOCK01/SES011/SA011S22	SES206	-0.411828	14.81	15.2218
BLOCK01/SES011/SA011S24	SES019	-0.211146	15.5145	15.7257
BLOCK01/SES011/SA011S24	SES042	0.625414	16.3511	15.7257
BLOCK01/SES011/SA011S24	SES104	-0.293278	15.4324	15.7257
BLOCK01/SES011/SA011S24	SES206	-0.148637	15.577	15.7257
BLOCK01/SES011/SA011S27	SES082	0.308588	15.3996	15.091
BLOCK01/SES011/SA011S27	SES087	-0.877795	14.2132	15.091
BLOCK01/SES011/SA011S27	SES125	-0.0324898	15.0585	15.091
BLOCK01/SES011/SA011S27	SES206	0.284299	15.3753	15.091
BLOCK01/SES012/SA012S11	SES007	-0.65637	16.7523	17.4087
BLOCK01/SES012/SA012S11	SES082	-0.373028	17.0357	17.4087
BLOCK01/SES012/SA012S11	SES083	-0.631613	16.7771	17.4087
BLOCK01/SES012/SA012S11	SES206	0.10631	17.515	17.4087
BLOCK01/SES012/SA012S14	SES082	0.465422	17.5347	17.0693
BLOCK01/SES012/SA012S14	SES087	-0.248074	16.8212	17.0693
BLOCK01/SES012/SA012S14	SES206	0.393583	17.4629	17.0693
BLOCK01/SES012/SA012S14	SES292	-0.376261	16.693	17.0693
BLOCK01/SES012/SA012S24	SES082	0.398611	16.2479	15.8493
BLOCK01/SES012/SA012S24	SES087	-0.228277	15.621	15.8493
BLOCK01/SES012/SA012S24	SES120	-0.709632	15.1397	15.8493
BLOCK01/SES012/SA012S24	SES206	0.325947	16.1752	15.8493
BLOCK01/SES012/SA012S26	SES019	-1.48994	15.8233	17.3133
BLOCK01/SES012/SA012S26	SES082	-0.207541	17.1058	17.3133
BLOCK01/SES012/SA012S26	SES206	1.40198	18.7153	17.3133
BLOCK01/SES012/SA012S26	SES292	0.15542	17.4687	17.3133
BLOCK01/SES012/SA012S29	SES062	-0.773949	16.1876	16.9616
BLOCK01/SES012/SA012S29	SES082	0.190933	17.1525	16.9616
BLOCK01/SES012/SA012S29	SES083	-0.821381	16.1402	16.9616
BLOCK01/SES012/SA012S29	SES206	0.820454	17.782	16.9616
BLOCK01/SES013/SA013S16	SES062	-0.992725	14.0954	15.0881
BLOCK01/SES013/SA013S16	SES106	-0.373448	14.7147	15.0881
BLOCK01/SES013/SA013S16	SES206	-0.54119	14.5469	15.0881
BLOCK01/SES013/SA013S16	SES226	-0.513826	14.5743	15.0881
BLOCK01/SES013/SA013S17	SES062	-1.15349	15.7085	16.8619
BLOCK01/SES013/SA013S17	SES106	-1.07776	15.7842	16.8619
BLOCK01/SES013/SA013S17	SES206	0.550837	17.4128	16.8619
BLOCK01/SES013/SA013S17	SES226	0.113464	16.9754	16.8619
BLOCK01/SES013/SA013S23	SES104	-0.327816	15.589	15.9168
BLOCK01/SES013/SA013S23	SES106	-0.306408	15.6104	15.9168
BLOCK01/SES013/SA013S23	SES206	-0.333512	15.5833	15.9168
BLOCK01/SES013/SA013S23	SES270	-0.440235	15.4766	15.9168
BLOCK01/SES013/SA013S25	SES042	0.15065	16.7856	16.635
BLOCK01/SES013/SA013S25	SES104	0.455526	17.0905	16.635
BLOCK01/SES013/SA013S25	SES106	0.482298	17.1173	16.635
BLOCK01/SES013/SA013S25	SES206	0.56012	17.1951	16.635
BLOCK01/SES013/SA013S29	SES062	-1.46208	14.296	15.758
BLOCK01/SES013/SA013S29	SES104	-0.367199	15.3908	15.758
BLOCK01/SES013/SA013S29	SES106	0.0208521	15.7789	15.758
BLOCK01/SES013/SA013S29	SES206	-0.115316	15.6427	15.758
BLOCK02/SES021/SA021S13	SES016	-1.0865	16.0499	17.1364
BLOCK02/SES021/SA021S13	SES029	-0.780443	16.3559	17.1364
BLOCK02/SES021/SA021S13	SES087	-0.445745	16.6906	17.1364
BLOCK02/SES021/SA021S13	SES206	-0.195305	16.9411	17.1364
BLOCK02/SES021/SA021S15	SES087	0.346245	18.4951	18.1488
BLOCK02/SES021/SA021S15	SES125	0.300488	18.4493	18.1488
BLOCK02/SES021/SA021S15	SES206	0.785355	18.9342	18.1488
BLOCK02/SES021/SA021S15	SES226	-0.842737	17.3061	18.1488
BLOCK02/SES021/SA021S23	SES062	-1.54551	13.6066	15.1522
BLOCK02/SES021/SA021S23	SES087	-0.0446548	15.1075	15.1522
BLOCK02/SES021/SA021S23	SES206	-0.200571	14.9516	15.1522
BLOCK02/SES021/SA021S23	SES226	-0.169402	14.9827	15.1522
BLOCK02/SES021/SA021S27	SES002	-0.457554	16.5859	17.0434
BLOCK02/SES021/SA021S27	SES016	-1.65996	15.3835	17.0434
BLOCK02/SES021/SA021S27	SES019	-0.342066	16.7014	17.0434
BLOCK02/SES021/SA021S27	SES062	-1.06854	15.9749	17.0434
BLOCK02/SES021/SA021S29	SES087	-0.427513	16.3565	16.7841
BLOCK02/SES021/SA021S29	SES125	0.494646	17.2787	16.7841
BLOCK02/SES021/SA021S29	SES206	0.596008	17.3801	16.7841
BLOCK02/SES021/SA021S29	SES226	-1.04462	15.7394	16.7841
BLOCK04/SES043/SA043S09	SES083	-0.552138	14.7437	15.2959
BLOCK04/SES043/SA043S09	SES101	-0.125363	15.1705	15.2959
BLOCK04/SES043/SA043S09	SES144	-0.147956	15.1479	15.2959
BLOCK04/SES043/SA043S09	SES172	-0.407146	14.8887	15.2959
BLOCK04/SES043/SA043S11	SES083	-0.287733	16.4978	16.7856
BLOCK04/SES043/SA043S11	SES101	-0.00199509	16.7836	16.7856
BLOCK04/SES043/SA043S11	SES144	0.18799	16.9736	16.7856
BLOCK04/SES043/SA043S11	SES172	0.22183	17.0074	16.7856
BLOCK04/SES043/SA043S23	SES083	-0.171255	16.2326	16.4038
BLOCK04/SES043/SA043S23	SES144	0.253597	16.6574	16.4038
BLOCK04/SES043/SA043S23	SES177	-0.677332	15.7265	16.4038
BLOCK04/SES043/SA043S23	SES275	0.172348	16.5762	16.4038
BLOCK04/SES043/SA043S26	SES083	-0.1732	15.275	15.4482
BLOCK04/SES043/SA043S26	SES101	-0.0271797	15.4211	15.4482
BLOCK04/SES043/SA043S26	SES144	0.482409	15.9306	15.4482
BLOCK04/SES043/SA043S26	SES177	-0.0907774	15.3575	15.4482
BLOCK04/SES043/SA043S28	SES016	0.217863	17.2216	17.0037
BLOCK04/SES043/SA043S28	SES083	0.202869	17.2066	17.0037
BLOCK04/SES043/SA043S28	SES101	0.447714	17.4514	17.0037
BLOCK04/SES043/SA043S28	SES144	-0.0886421	16.9151	17.0037
BLOCK04/SES044/SA044S10	SES127	-1.80854	10.9494	12.7579
BLOCK04/SES044/SA044S10	SES144	0.227354	12.9853	12.7579
BLOCK04/SES044/SA044S10	SES147	-1.31537	11.4426	12.7579
BLOCK04/SES044/SA044S10	SES148	-1.62753	11.1304	12.7579
BLOCK04/SES044/SA044S11	SES101	0.39122	14.6427	14.2515
BLOCK04/SES044/SA044S11	SES144	0.507779	14.7593	14.2515
BLOCK04/SES044/SA044S11	SES147	-0.345997	13.9055	14.2515
BLOCK04/SES044/SA044S11	SES177	-0.494416	13.7571	14.2515
BLOCK04/SES044/SA044S24	SES007	-0.687112	13.8673	14.5544
BLOCK04/SES044/SA044S24	SES101	0.476029	15.0305	14.5544
BLOCK04/SES044/SA044S24	SES147	-0.38103	14.1734	14.5544
BLOCK04/SES044/SA044S24	SES177	-0.300266	14.2542	14.5544
BLOCK04/SES044/SA044S26	SES007	-0.41418	14.8976	15.3118
BLOCK04/SES044/SA044S26	SES016	0.410079	15.7219	15.3118
BLOCK04/SES044/SA044S26	SES101	0.542333	15.8541	15.3118
BLOCK04/SES044/SA044S26	SES147	0.230969	15.5428	15.3118
BLOCK04/SES044/SA044S29	SES007	-0.501119	15.5792	16.0803
BLOCK04/SES044/SA044S29	SES101	0.676168	16.7564	16.0803
BLOCK04/SES044/SA044S29	SES147	0.00986099	16.0901	16.0803
BLOCK04/SES044/SA044S29	SES177	-0.28508	15.7952	16.0803
BLOCK04/SES046/SA046S13	SES101	-0.371969	13.9544	14.3264
BLOCK04/SES046/SA046S13	SES144	-0.473311	13.853	14.3264
BLOCK04/SES046/SA046S13	SES147	-0.825114	13.5012	14.3264
BLOCK04/SES046/SA046S13	SES177	-0.867807	13.4585	14.3264
BLOCK04/SES046/SA046S15	SES048	-0.0364952	16.419	16.4555
BLOCK04/SES046/SA046S15	SES083	-0.197821	16.2577	16.4555
BLOCK04/SES046/SA046S15	SES120	-0.605429	15.8501	16.4555
BLOCK04/SES046/SA046S15	SES148	-0.46656	15.989	16.4555
BLOCK04/SES046/SA046S22	SES101	0.261326	15.332	15.0707
BLOCK04/SES046/SA046S22	SES144	-0.157906	14.9128	15.0707
BLOCK04/SES046/SA046S22	SES147	-0.459689	14.611	15.0707
BLOCK04/SES046/SA046S22	SES172	-0.0886564	14.9821	15.0707
BLOCK04/SES046/SA046S25	SES083	-0.967242	14.7573	15.7246
BLOCK04/SES046/SA046S25	SES127	-1.23524	14.4893	15.7246
BLOCK04/SES046/SA046S25	SES144	-0.857114	14.8674	15.7246
BLOCK04/SES046/SA046S25	SES148	-0.630895	15.0937	15.7246
BLOCK04/SES046/SA046S28	SES007	-0.422036	14.608	15.0301
BLOCK04/SES046/SA046S28	SES105	-0.68356	14.3465	15.0301
BLOCK04/SES046/SA046S28	SES147	-0.24137	14.7887	15.0301
BLOCK04/SES046/SA046S28	SES148	-0.20332	14.8267	15.0301
BLOCK04/SES049/SA049S16	SES104	-1.2451	12.9323	14.1774
BLOCK04/SES049/SA049S16	SES106	-0.699253	13.4781	14.1774
BLOCK04/SES049/SA049S16	SES120	0.199316	14.3767	14.1774
BLOCK04/SES049/SA049S16	SES206	-0.190073	13.9873	14.1774
BLOCK04/SES049/SA049S18	SES099	-0.511156	13.7317	14.2429
BLOCK04/SES049/SA049S18	SES104	-1.38865	12.8542	14.2429
BLOCK04/SES049/SA049S18	SES125	-1.45669	12.7862	14.2429
BLOCK04/SES049/SA049S18	SES206	-0.720825	13.5221	14.2429
BLOCK04/SES049/SA049S25	SES087	-0.31369	14.6285	14.9422
BLOCK04/SES049/SA049S25	SES104	-0.713244	14.229	14.9422
BLOCK04/SES049/SA049S25	SES125	-0.413507	14.5287	14.9422
BLOCK04/SES049/SA049S25	SES206	0.385621	15.3278	14.9422
BLOCK04/SES049/SA049S27	SES099	0.0186033	15.1305	15.1119
BLOCK04/SES049/SA049S27	SES104	0.0889053	15.2008	15.1119
BLOCK04/SES049/SA049S27	SES125	0.131158	15.2431	15.1119
BLOCK04/SES049/SA049S27	SES206	0.248683	15.3606	15.1119
BLOCK04/SES049/SA049S29	SES099	0.40143	16.537	16.1356
BLOCK04/SES049/SA049S29	SES104	-0.365664	15.7699	16.1356
BLOCK04/SES049/SA049S29	SES125	0.0274391	16.163	16.1356
BLOCK04/SES049/SA049S29	SES206	0.154346	16.2899	16.1356
BLOCK06/SES063/SA063S09	SES068	-0.807636	16.4045	17.2122
BLOCK06/SES063/SA063S09	SES083	0.147678	17.3599	17.2122
BLOCK06/SES063/SA063S09	SES177	0.122423	17.3346	17.2122
BLOCK06/SES063/SA063S09	SES187	-0.508923	16.7033	17.2122
BLOCK06/SES063/SA063S10	SES068	-1.44637	15.393	16.8394
BLOCK06/SES063/SA063S10	SES083	-0.272984	16.5664	16.8394
BLOCK06/SES063/SA063S10	SES172	-0.158625	16.6808	16.8394
BLOCK06/SES063/SA063S10	SES187	-0.812342	16.0271	16.8394
BLOCK06/SES063/SA063S20	SES068	-1.18148	15.1325	16.314
BLOCK06/SES063/SA063S20	SES083	-0.628223	15.6857	16.314
BLOCK06/SES063/SA063S20	SES172	0.0268612	16.3408	16.314
BLOCK06/SES063/SA063S20	SES187	-0.112877	16.2011	16.314
BLOCK06/SES063/SA063S24	SES029	-1.69805	15.3419	17.0399
BLOCK06/SES063/SA063S24	SES083	0.323479	17.3634	17.0399
BLOCK06/SES063/SA063S24	SES177	0.574434	17.6144	17.0399
BLOCK06/SES063/SA063S24	SES189	-1.18912	15.8508	17.0399
BLOCK06/SES063/SA063S27	SES083	0.196711	16.7536	16.5569
BLOCK06/SES063/SA063S27	SES172	0.377357	16.9342	16.5569
BLOCK06/SES063/SA063S27	SES187	-1.05967	15.4972	16.5569
BLOCK06/SES063/SA063S27	SES292	-0.849594	15.7073	16.5569
BLOCK06/SES067/SA067S12	SES083	-1.25031	16.2334	17.4838
BLOCK06/SES067/SA067S12	SES172	-1.10559	16.3782	17.4838
BLOCK06/SES067/SA067S12	SES202	0.33815	17.8219	17.4838
BLOCK06/SES067/SA067S12	SES292	-0.744019	16.7397	17.4838
BLOCK06/SES067/SA067S14	SES085	0.226912	18.5412	18.3142
BLOCK06/SES067/SA067S14	SES177	-0.77597	17.5383	18.3142
BLOCK06/SES067/SA067S14	SES183	0.290697	18.6049	18.3142
BLOCK06/SES067/SA067S14	SES202	0.23782	18.5521	18.3142
BLOCK06/SES067/SA067S21	SES144	0.367203	16.7184	16.3512
BLOCK06/SES067/SA067S21	SES177	-0.0170822	16.3341	16.3512
BLOCK06/SES067/SA067S21	SES183	0.339563	16.6908	16.3512
BLOCK06/SES067/SA067S21	SES189	-1.34622	15.005	16.3512
BLOCK06/SES067/SA067S25	SES085	0.140463	17.0905	16.95
BLOCK06/SES067/SA067S25	SES177	-0.229507	16.7205	16.95
BLOCK06/SES067/SA067S25	SES183	0.532549	17.4826	16.95
BLOCK06/SES067/SA067S25	SES202	0.076046	17.0261	16.95
BLOCK06/SES067/SA067S29	SES085	-0.226498	16.8083	17.0348
BLOCK06/SES067/SA067S29	SES177	-0.98871	16.0461	17.0348
BLOCK06/SES067/SA067S29	SES183	0.495796	17.5306	17.0348
BLOCK06/SES067/SA067S29	SES202	0.279121	17.3139	17.0348
BLOCK06/SES069/SA069S12	SES029	-0.779009	15.7616	16.5406
BLOCK06/SES069/SA069S12	SES082	0.532106	17.0727	16.5406
BLOCK06/SES069/SA069S12	SES087	0.371887	16.9125	16.5406
BLOCK06/SES069/SA069S12	SES206	0.887945	17.4286	16.5406
BLOCK06/SES069/SA069S13	SES029	-1.03175	15.7193	16.751
BLOCK06/SES069/SA069S13	SES087	0.345526	17.0965	16.751
BLOCK06/SES069/SA069S13	SES206	0.29104	17.0421	16.751
BLOCK06/SES069/SA069S13	SES226	0.658409	17.4094	16.751
BLOCK06/SES069/SA069S23	SES029	-0.667452	17.282	17.9495
BLOCK06/SES069/SA069S23	SES087	1.10868	19.0581	17.9495
BLOCK06/SES069/SA069S23	SES206	0.636292	18.5858	17.9495
BLOCK06/SES069/SA069S23	SES226	0.786167	18.7356	17.9495
BLOCK06/SES069/SA069S25	SES087	0.786608	17.9197	17.1331
BLOCK06/SES069/SA069S25	SES206	-0.2743	16.8588	17.1331
BLOCK06/SES069/SA069S25	SES226	0.766905	17.9	17.1331
BLOCK06/SES069/SA069S25	SES270	-0.382864	16.7502	17.1331
BLOCK06/SES069/SA069S27	SES087	-0.0266705	17.2558	17.2825
BLOCK06/SES069/SA069S27	SES206	0.997555	18.28	17.2825
BLOCK06/SES069/SA069S27	SES226	0.65497	17.9374	17.2825
BLOCK06/SES069/SA069S27	SES270	-0.165951	17.1165	17.2825
BLOCK08/SES081/SA081S11	SES060	-0.59222	14.0356	14.6279
BLOCK08/SES081/SA081S11	SES062	-0.999765	13.6281	14.6279
BLOCK08/SES081/SA081S11	SES117	-0.948895	13.679	14.6279
BLOCK08/SES081/SA081S11	SES162	-0.562874	14.065	14.6279
BLOCK08/SES081/SA081S13	SES016	0.0782089	17.2079	17.1297
BLOCK08/SES081/SA081S13	SES060	0.552378	17.6821	17.1297
BLOCK08/SES081/SA081S13	SES068	0.178686	17.3084	17.1297
BLOCK08/SES081/SA081S13	SES129	-0.711525	16.4182	17.1297
BLOCK08/SES081/SA081S24	SES060	0.178825	16.1044	15.9256
BLOCK08/SES081/SA081S24	SES068	0.638824	16.5644	15.9256
BLOCK08/SES081/SA081S24	SES117	-0.974938	14.9506	15.9256
BLOCK08/SES081/SA081S24	SES275	-0.144062	15.7815	15.9256
BLOCK08/SES081/SA081S27	SES007	-0.38657	14.9111	15.2977
BLOCK08/SES081/SA081S27	SES060	-0.48253	14.8151	15.2977
BLOCK08/SES081/SA081S27	SES117	-0.435454	14.8622	15.2977
BLOCK08/SES081/SA081S27	SES275	-0.589356	14.7083	15.2977
BLOCK08/SES081/SA081S29	SES007	0.0769138	16.0887	16.0118
BLOCK08/SES081/SA081S29	SES060	0.0929394	16.1047	16.0118
BLOCK08/SES081/SA081S29	SES117	-0.259935	15.7518	16.0118
BLOCK08/SES081/SA081S29	SES275	-0.487039	15.5247	16.0118
BLOCK08/SES086/SA086S11	SES029	-2.22183	12.2691	14.4909
BLOCK08/SES086/SA086S11	SES082	-0.105767	14.3851	14.4909
BLOCK08/SES086/SA086S11	SES087	0.781498	15.2724	14.4909
BLOCK08/SES086/SA086S11	SES206	-0.199245	14.2917	14.4909
BLOCK08/SES086/SA086S12	SES029	-0.937947	14.0265	14.9644
BLOCK08/SES086/SA086S12	SES082	0.0937576	15.0582	14.9644
BLOCK08/SES086/SA086S12	SES087	1.36966	16.3341	14.9644
BLOCK08/SES086/SA086S12	SES206	0.409301	15.3737	14.9644
BLOCK08/SES086/SA086S20	SES029	-1.375	14.9329	16.3079
BLOCK08/SES086/SA086S20	SES082	-0.0106201	16.2972	16.3079
BLOCK08/SES086/SA086S20	SES087	0.694859	17.0027	16.3079
BLOCK08/SES086/SA086S20	SES206	0.959154	17.267	16.3079
BLOCK08/SES086/SA086S24	SES087	0.934286	16.6522	15.7179
BLOCK08/SES086/SA086S24	SES104	-0.261597	15.4563	15.7179
BLOCK08/SES086/SA086S24	SES120	-0.496842	15.2211	15.7179
BLOCK08/SES086/SA086S24	SES206	0.75149	16.4694	15.7179
BLOCK08/SES086/SA086S28	SES029	-0.942939	15.5418	16.4848
BLOCK08/SES086/SA086S28	SES082	0.115133	16.5999	16.4848
BLOCK08/SES086/SA086S28	SES087	0.885143	17.3699	16.4848
BLOCK08/SES086/SA086S28	SES206	0.587658	17.0724	16.4848
BLOCK08/SES089/SA089S13	SES087	-0.382196	14.664	15.0462
BLOCK08/SES089/SA089S13	SES206	-0.292672	14.7535	15.0462
BLOCK08/SES089/SA089S13	SES226	-0.450969	14.5952	15.0462
BLOCK08/SES089/SA089S13	SES270	-1.15056	13.8957	15.0462
BLOCK08/SES089/SA089S14	SES062	-0.745869	15.2476	15.9934
BLOCK08/SES089/SA089S14	SES087	0.520954	16.5144	15.9934
BLOCK08/SES089/SA089S14	SES206	0.255165	16.2486	15.9934
BLOCK08/SES089/SA089S14	SES226	-0.294488	15.6989	15.9934
BLOCK08/SES089/SA089S23	SES087	-0.140766	13.7571	13.8978
BLOCK08/SES089/SA089S23	SES206	-0.236129	13.6617	13.8978
BLOCK08/SES089/SA089S23	SES226	-0.625616	13.2722	13.8978
BLOCK08/SES089/SA089S23	SES270	-1.34873	12.5491	13.8978
BLOCK08/SES089/SA089S25	SES062	-1.20018	14.0242	15.2244
BLOCK08/SES089/SA089S25	SES087	0.508672	15.7331	15.2244
BLOCK08/SES089/SA089S25	SES206	-0.468873	14.7555	15.2244
BLOCK08/SES089/SA089S25	SES226	0.489914	15.7143	15.2244
BLOCK08/SES089/SA089S28	SES062	-1.20425	14.1472	15.3515
BLOCK08/SES089/SA089S28	SES087	0.33884	15.6903	15.3515
BLOCK08/SES089/SA089S28	SES206	0.0890408	15.4405	15.3515
BLOCK08/SES089/SA089S28	SES226	0.244499	15.596	15.3515
BLOCK09/SES097/SA097S11	SES099	1.23627	15.3147	14.0784
BLOCK09/SES097/SA097S11	SES125	0.764901	14.8434	14.0784
BLOCK09/SES097/SA097S11	SES206	-0.136261	13.9422	14.0784
BLOCK09/SES097/SA097S11	SES226	0.505747	14.5842	14.0784
BLOCK09/SES097/SA097S14	SES062	-0.00327492	14.7007	14.704
BLOCK09/SES097/SA097S14	SES099	0.558558	15.2625	14.704
BLOCK09/SES097/SA097S14	SES104	-0.0902758	14.6137	14.704
BLOCK09/SES097/SA097S14	SES206	-0.334987	14.369	14.704
BLOCK09/SES097/SA097S22	SES099	1.03526	16.1009	15.0657
BLOCK09/SES097/SA097S22	SES206	-0.201373	14.8643	15.0657
BLOCK09/SES097/SA097S22	SES226	-0.177334	14.8883	15.0657
BLOCK09/SES097/SA097S22	SES270	0.615035	15.6807	15.0657
BLOCK09/SES097/SA097S26	SES099	1.11825	16.2005	15.0822
BLOCK09/SES097/SA097S26	SES120	-0.408953	14.6733	15.0822
BLOCK09/SES097/SA097S26	SES206	-0.02668	15.0555	15.0822
BLOCK09/SES097/SA097S26	SES226	-0.528524	14.5537	15.0822
BLOCK09/SES097/SA097S28	SES099	1.05424	15.7421	14.6878
BLOCK09/SES097/SA097S28	SES120	0.312691	15.0005	14.6878
BLOCK09/SES097/SA097S28	SES206	-0.352425	14.3354	14.6878
BLOCK09/SES097/SA097S28	SES226	-0.265905	14.4219	14.6878
BLOCK09/SES098/SA098S11	SES127	-0.394807	14.1224	14.5172
BLOCK09/SES098/SA098S11	SES144	-0.776744	13.7404	14.5172
BLOCK09/SES098/SA098S11	SES147	0.0715475	14.5887	14.5172
BLOCK09/SES098/SA098S11	SES148	-1.78353	12.7336	14.5172
BLOCK09/SES098/SA098S12	SES127	-1.00159	11.8611	12.8627
BLOCK09/SES098/SA098S12	SES144	-0.758151	12.1045	12.8627
BLOCK09/SES098/SA098S12	SES147	0.0769091	12.9396	12.8627
BLOCK09/SES098/SA098S12	SES189	-0.56929	12.2934	12.8627
BLOCK09/SES098/SA098S20	SES127	-1.49851	12.7944	14.2929
BLOCK09/SES098/SA098S20	SES147	-0.152926	14.14	14.2929
BLOCK09/SES098/SA098S20	SES148	-1.33425	12.9587	14.2929
BLOCK09/SES098/SA098S20	SES292	-0.117319	14.1756	14.2929
BLOCK09/SES098/SA098S23	SES127	-0.406078	14.5346	14.9406
BLOCK09/SES098/SA098S23	SES147	-0.328645	14.612	14.9406
BLOCK09/SES098/SA098S23	SES187	0.437492	15.3781	14.9406
BLOCK09/SES098/SA098S23	SES292	-0.230138	14.7105	14.9406
BLOCK09/SES098/SA098S27	SES127	-1.34583	11.943	13.2888
BLOCK09/SES098/SA098S27	SES147	-0.701509	12.5873	13.2888
BLOCK09/SES098/SA098S27	SES148	-1.41685	11.8719	13.2888
BLOCK09/SES098/SA098S27	SES292	-0.354944	12.9338	13.2888
BLOCK10/SES102/SA102S13	SES101	0.589183	14.251	13.6618
BLOCK10/SES102/SA102S13	SES105	0.174869	13.8366	13.6618
BLOCK10/SES102/SA102S13	SES120	-0.39904	13.2627	13.6618
BLOCK10/SES102/SA102S13	SES158	-1.76839	11.8934	13.6618
BLOCK10/SES102/SA102S14	SES007	0.628228	16.2869	15.6587
BLOCK10/SES102/SA102S14	SES101	1.58954	17.2482	15.6587
BLOCK10/SES102/SA102S14	SES105	0.628922	16.2876	15.6587
BLOCK10/SES102/SA102S14	SES147	-0.229447	15.4292	15.6587
BLOCK10/SES102/SA102S22	SES007	-0.75631	15.2552	16.0116
BLOCK10/SES102/SA102S22	SES101	0.62616	16.6377	16.0116
BLOCK10/SES102/SA102S22	SES105	0.207066	16.2186	16.0116
BLOCK10/SES102/SA102S22	SES158	-1.33671	14.6748	16.0116
BLOCK10/SES102/SA102S25	SES007	-0.00307465	15.8237	15.8267
BLOCK10/SES102/SA102S25	SES101	1.17591	17.0026	15.8267
BLOCK10/SES102/SA102S25	SES105	0.3894	16.2161	15.8267
BLOCK10/SES102/SA102S25	SES147	-0.643183	15.1836	15.8267
BLOCK10/SES102/SA102S27	SES007	-0.22927	14.8832	15.1125
BLOCK10/SES102/SA102S27	SES101	0.891641	16.0041	15.1125
BLOCK10/SES102/SA102S27	SES105	0.0108156	15.1233	15.1125
BLOCK10/SES102/SA102S27	SES147	-0.673631	14.4389	15.1125
BLOCK10/SES103/SA103S14	SES105	-0.603578	13.4355	14.0391
BLOCK10/SES103/SA103S14	SES106	-0.418273	13.6208	14.0391
BLOCK10/SES103/SA103S14	SES120	-1.28296	12.7561	14.0391
BLOCK10/SES103/SA103S14	SES206	-0.972303	13.0668	14.0391
BLOCK10/SES103/SA103S15	SES099	-0.728908	12.108	12.8369
BLOCK10/SES103/SA103S15	SES101	-0.910697	11.9262	12.8369
BLOCK10/SES103/SA103S15	SES104	-0.415958	12.421	12.8369
BLOCK10/SES103/SA103S15	SES125	-0.795954	12.041	12.8369
BLOCK10/SES103/SA103S24	SES104	-0.500973	15.6791	16.1801
BLOCK10/SES103/SA103S24	SES125	-1.33212	14.8479	16.1801
BLOCK10/SES103/SA103S24	SES148	-1.76948	14.4106	16.1801
BLOCK10/SES103/SA103S24	SES158	-0.404125	15.7759	16.1801
BLOCK10/SES103/SA103S26	SES104	-1.19975	12.2468	13.4465
BLOCK10/SES103/SA103S26	SES106	-0.14691	13.2996	13.4465
BLOCK10/SES103/SA103S26	SES125	-1.19054	12.256	13.4465
BLOCK10/SES103/SA103S26	SES148	-2.46866	10.9778	13.4465
BLOCK10/SES103/SA103S28	SES104	-0.448309	12.0274	12.4757
BLOCK10/SES103/SA103S28	SES106	0.146871	12.6225	12.4757
BLOCK10/SES103/SA103S28	SES125	-0.473325	12.0023	12.4757
BLOCK10/SES103/SA103S28	SES206	-0.489667	11.986	12.4757
BLOCK12/SES121/SA121S12	SES042	-1.21764	11.5748	12.7924
BLOCK12/SES121/SA121S12	SES087	-1.95455	10.8379	12.7924
BLOCK12/SES121/SA121S12	SES105	-0.0378666	12.7546	12.7924
BLOCK12/SES121/SA121S12	SES206	-1.01826	11.7742	12.7924
BLOCK12/SES121/SA121S14	SES007	-1.38461	11.264	12.6486
BLOCK12/SES121/SA121S14	SES105	-0.497289	12.1513	12.6486
BLOCK12/SES121/SA121S14	SES106	-0.479639	12.1689	12.6486
BLOCK12/SES121/SA121S14	SES206	-0.732014	11.9166	12.6486
BLOCK12/SES121/SA121S23	SES105	-0.239714	12.0784	12.3181
BLOCK12/SES121/SA121S23	SES106	0.635919	12.954	12.3181
BLOCK12/SES121/SA121S23	SES120	0.156408	12.4745	12.3181
BLOCK12/SES121/SA121S23	SES206	0.507604	12.8257	12.3181
BLOCK12/SES121/SA121S25	SES007	-0.78102	10.466	11.247
BLOCK12/SES121/SA121S25	SES105	-0.821781	10.4252	11.247
BLOCK12/SES121/SA121S25	SES106	-0.717973	10.529	11.247
BLOCK12/SES121/SA121S25	SES206	-1.47877	9.76825	11.247
BLOCK12/SES121/SA121S27	SES087	-0.304461	11.9047	12.2092
BLOCK12/SES121/SA121S27	SES105	-1.1336	11.0756	12.2092
BLOCK12/SES121/SA121S27	SES120	0.731194	12.9404	12.2092
BLOCK12/SES121/SA121S27	SES206	-0.403172	11.806	12.2092
BLOCK12/SES124/SA124S16	SES042	-0.00869656	15.25	15.2587
BLOCK12/SES124/SA124S16	SES082	-0.60181	14.6569	15.2587
BLOCK12/SES124/SA124S16	SES183	-1.35391	13.9048	15.2587
BLOCK12/SES124/SA124S16	SES206	-1.04579	14.2129	15.2587
BLOCK12/SES124/SA124S17	SES105	-0.353904	13.2685	13.6224
BLOCK12/SES124/SA124S17	SES149	-1.93274	11.6897	13.6224
BLOCK12/SES124/SA124S17	SES158	-1.15942	12.463	13.6224
BLOCK12/SES124/SA124S17	SES275	0.0409021	13.6633	13.6224
BLOCK12/SES124/SA124S23	SES105	-1.3139	15.2587	16.5726
BLOCK12/SES124/SA124S23	SES125	0.425817	16.9984	16.5726
BLOCK12/SES124/SA124S23	SES129	-1.27945	15.2931	16.5726
BLOCK12/SES124/SA124S23	SES158	0.426634	16.9992	16.5726
BLOCK12/SES124/SA124S26	SES105	-1.57736	13.8246	15.4019
BLOCK12/SES124/SA124S26	SES125	-0.10719	15.2947	15.4019
BLOCK12/SES124/SA124S26	SES129	-1.1742	14.2277	15.4019
BLOCK12/SES124/SA124S26	SES158	0.1075	15.5094	15.4019
BLOCK12/SES124/SA124S28	SES104	0.056798	15.3652	15.3084
BLOCK12/SES124/SA124S28	SES106	0.197745	15.5061	15.3084
BLOCK12/SES124/SA124S28	SES125	0.833853	16.1422	15.3084
BLOCK12/SES124/SA124S28	SES275	-0.916106	14.3923	15.3084
BLOCK12/SES126/SA126S13	SES007	-0.161384	14.1938	14.3552
BLOCK12/SES126/SA126S13	SES162	-0.184288	14.1709	14.3552
BLOCK12/SES126/SA126S13	SES177	0.184719	14.5399	14.3552
BLOCK12/SES126/SA126S13	SES180	-0.0880985	14.2671	14.3552
BLOCK12/SES126/SA126S14	SES144	0.0498848	16.2132	16.1634
BLOCK12/SES126/SA126S14	SES148	-1.00522	15.1581	16.1634
BLOCK12/SES126/SA126S14	SES177	0.00794601	16.1713	16.1634
BLOCK12/SES126/SA126S14	SES180	-0.0307026	16.1327	16.1634
BLOCK12/SES126/SA126S20	SES007	-0.0803547	15.8027	15.8831
BLOCK12/SES126/SA126S20	SES162	-0.073966	15.8091	15.8831
BLOCK12/SES126/SA126S20	SES172	-0.634993	15.2481	15.8831
BLOCK12/SES126/SA126S20	SES180	-0.619798	15.2633	15.8831
BLOCK12/SES126/SA126S24	SES120	-0.207993	16.2388	16.4468
BLOCK12/SES126/SA126S24	SES162	-0.128803	16.318	16.4468
BLOCK12/SES126/SA126S24	SES177	0.00592804	16.4528	16.4468
BLOCK12/SES126/SA126S24	SES180	0.118139	16.565	16.4468
BLOCK12/SES126/SA126S26	SES120	0.0957632	15.4872	15.3915
BLOCK12/SES126/SA126S26	SES177	0.169969	15.5614	15.3915
BLOCK12/SES126/SA126S26	SES180	-0.0128546	15.3786	15.3915
BLOCK12/SES126/SA126S26	SES202	-0.567957	14.8235	15.3915
BLOCK12/SES128/SA128S10	SES087	-0.741127	15.4358	16.177
BLOCK12/SES128/SA128S10	SES206	-0.563126	15.6138	16.177
BLOCK12/SES128/SA128S10	SES226	-0.316596	15.8604	16.177
BLOCK12/SES128/SA128S10	SES270	0.00370216	16.1807	16.177
BLOCK12/SES128/SA128S12	SES120	0.253743	15.5627	15.3089
BLOCK12/SES128/SA128S12	SES158	-0.942665	14.3663	15.3089
BLOCK12/SES128/SA128S12	SES206	-0.148591	15.1603	15.3089
BLOCK12/SES128/SA128S12	SES226	-0.137549	15.1714	15.3089
BLOCK12/SES128/SA128S21	SES106	-0.797227	13.5457	14.3429
BLOCK12/SES128/SA128S21	SES120	0.38116	14.7241	14.3429
BLOCK12/SES128/SA128S21	SES206	0.131661	14.4746	14.3429
BLOCK12/SES128/SA128S21	SES226	1.02185	15.3648	14.3429
BLOCK12/SES128/SA128S24	SES087	-0.709574	14.3349	15.0444
BLOCK12/SES128/SA128S24	SES120	0.0443373	15.0888	15.0444
BLOCK12/SES128/SA128S24	SES206	-0.539923	14.5045	15.0444
BLOCK12/SES128/SA128S24	SES226	-0.290001	14.7544	15.0444
BLOCK12/SES128/SA128S27	SES099	-0.4586	15.8495	16.3081
BLOCK12/SES128/SA128S27	SES120	-0.213367	16.0947	16.3081
BLOCK12/SES128/SA128S27	SES206	-0.527583	15.7805	16.3081
BLOCK12/SES128/SA128S27	SES226	0.105717	16.4138	16.3081
BLOCK13/SES130/SA130S13	SES143	0.720656	15.3019	14.5812
BLOCK13/SES130/SA130S13	SES144	0.454597	15.0358	14.5812
BLOCK13/SES130/SA130S13	SES146	0.278014	14.8592	14.5812
BLOCK13/SES130/SA130S13	SES275	-0.279665	14.3016	14.5812
BLOCK13/SES130/SA130S15	SES143	-0.315796	15.868	16.1838
BLOCK13/SES130/SA130S15	SES144	0.558975	16.7428	16.1838
BLOCK13/SES130/SA130S15	SES146	0.183048	16.3669	16.1838
BLOCK13/SES130/SA130S15	SES275	0.216738	16.4006	16.1838
BLOCK13/SES130/SA130S23	SES127	-0.597521	13.2309	13.8284
BLOCK13/SES130/SA130S23	SES144	0.525885	14.3543	13.8284
BLOCK13/SES130/SA130S23	SES146	1.07928	14.9077	13.8284
BLOCK13/SES130/SA130S23	SES162	0.505354	14.3338	13.8284
BLOCK13/SES130/SA130S25	SES127	0.0753899	16.5395	16.4641
BLOCK13/SES130/SA130S25	SES144	0.80953	17.2736	16.4641
BLOCK13/SES130/SA130S25	SES146	0.60677	17.0708	16.4641
BLOCK13/SES130/SA130S25	SES275	0.220003	16.6841	16.4641
BLOCK13/SES130/SA130S28	SES127	0.20111	15.2161	15.015
BLOCK13/SES130/SA130S28	SES144	0.292425	15.3074	15.015
BLOCK13/SES130/SA130S28	SES146	0.407353	15.4224	15.015
BLOCK13/SES130/SA130S28	SES275	0.480599	15.4956	15.015
BLOCK13/SES131/SA131S13	SES002	-0.82905	12.6741	13.5031
BLOCK13/SES131/SA131S13	SES007	-1.37366	12.1295	13.5031
BLOCK13/SES131/SA131S13	SES099	-2.07826	11.4249	13.5031
BLOCK13/SES131/SA131S13	SES105	-0.48839	13.0147	13.5031
BLOCK13/SES131/SA131S14	SES104	0.55879	15.6066	15.0479
BLOCK13/SES131/SA131S14	SES106	0.518915	15.5668	15.0479
BLOCK13/SES131/SA131S14	SES125	-0.591102	14.4568	15.0479
BLOCK13/SES131/SA131S14	SES148	-0.827115	14.2207	15.0479
BLOCK13/SES131/SA131S20	SES104	-2.00667	11.4201	13.4267
BLOCK13/SES131/SA131S20	SES106	-0.97307	12.4537	13.4267
BLOCK13/SES131/SA131S20	SES125	-2.25771	11.169	13.4267
BLOCK13/SES131/SA131S20	SES148	-1.38573	12.041	13.4267
BLOCK13/SES131/SA131S22	SES099	-1.4021	13.625	15.0271
BLOCK13/SES131/SA131S22	SES104	-1.17395	13.8531	15.0271
BLOCK13/SES131/SA131S22	SES125	-1.28117	13.7459	15.0271
BLOCK13/SES131/SA131S22	SES206	-1.51021	13.5169	15.0271
BLOCK13/SES131/SA131S29	SES087	-1.39114	12.9453	14.3364
BLOCK13/SES131/SA131S29	SES104	-2.23701	12.0994	14.3364
BLOCK13/SES131/SA131S29	SES125	-2.09297	12.2434	14.3364
BLOCK13/SES131/SA131S29	SES206	-2.36429	11.9721	14.3364
BLOCK13/SES132/SA132S11	SES083	-0.957363	15.6862	16.6436
BLOCK13/SES132/SA132S11	SES120	-0.0933628	16.5502	16.6436
BLOCK13/SES132/SA132S11	SES127	-0.539099	16.1045	16.6436
BLOCK13/SES132/SA132S11	SES275	-0.396637	16.247	16.6436
BLOCK13/SES132/SA132S12	SES083	-1.27444	15.7271	17.0015
BLOCK13/SES132/SA132S12	SES143	-0.751768	16.2498	17.0015
BLOCK13/SES132/SA132S12	SES144	-0.257206	16.7443	17.0015
BLOCK13/SES132/SA132S12	SES148	-0.339268	16.6623	17.0015
BLOCK13/SES132/SA132S22	SES062	-0.166218	17.1598	17.3261
BLOCK13/SES132/SA132S22	SES083	-0.416716	16.9093	17.3261
BLOCK13/SES132/SA132S22	SES127	-0.282578	17.0435	17.3261
BLOCK13/SES132/SA132S22	SES275	-0.0760059	17.2501	17.3261
BLOCK13/SES132/SA132S24	SES007	0.0724697	17.2914	17.2189
BLOCK13/SES132/SA132S24	SES083	-0.271996	16.9469	17.2189
BLOCK13/SES132/SA132S24	SES127	-1.06117	16.1577	17.2189
BLOCK13/SES132/SA132S24	SES275	0.227695	17.4466	17.2189
BLOCK13/SES132/SA132S27	SES083	-0.521698	15.7384	16.2601
BLOCK13/SES132/SA132S27	SES120	0.746593	17.0067	16.2601
BLOCK13/SES132/SA132S27	SES127	-0.59448	15.6657	16.2601
BLOCK13/SES132/SA132S27	SES275	-0.0904388	16.1697	16.2601
BLOCK14/SES141/SA141S09	SES143	-0.253353	15.86	16.1134
BLOCK14/SES141/SA141S09	SES144	0.12738	16.2408	16.1134
BLOCK14/SES141/SA141S09	SES162	-0.067709	16.0457	16.1134
BLOCK14/SES141/SA141S09	SES180	-0.54612	15.5673	16.1134
BLOCK14/SES141/SA141S15	SES127	-0.125007	15.4813	15.6063
BLOCK14/SES141/SA141S15	SES144	-0.0659323	15.5403	15.6063
BLOCK14/SES141/SA141S15	SES162	-0.266008	15.3403	15.6063
BLOCK14/SES141/SA141S15	SES180	-0.919967	14.6863	15.6063
BLOCK14/SES141/SA141S24	SES127	-0.0579672	15.9967	16.0547
BLOCK14/SES141/SA141S24	SES144	-0.294697	15.76	16.0547
BLOCK14/SES141/SA141S24	SES162	-0.133069	15.9216	16.0547
BLOCK14/SES141/SA141S24	SES183	-0.385295	15.6694	16.0547
BLOCK14/SES141/SA141S26	SES142	-0.259621	15.2237	15.4833
BLOCK14/SES141/SA141S26	SES144	-0.317934	15.1654	15.4833
BLOCK14/SES141/SA141S26	SES172	-0.51856	14.9648	15.4833
BLOCK14/SES141/SA141S26	SES180	-0.611186	14.8722	15.4833
BLOCK14/SES141/SA141S29	SES127	0.605007	16.3193	15.7142
BLOCK14/SES141/SA141S29	SES142	0.424397	16.1386	15.7142
BLOCK14/SES141/SA141S29	SES144	-0.00686169	15.7074	15.7142
BLOCK14/SES141/SA141S29	SES180	0.149283	15.8635	15.7142
BLOCK15/SES157/SA157S08	SES083	-0.261858	15.9269	16.1888
BLOCK15/SES157/SA157S08	SES127	-0.637901	15.5509	16.1888
BLOCK15/SES157/SA157S08	SES148	-0.31918	15.8696	16.1888
BLOCK15/SES157/SA157S08	SES292	-0.301311	15.8874	16.1888
BLOCK15/SES157/SA157S11	SES083	-0.684736	15.7986	16.4833
BLOCK15/SES157/SA157S11	SES127	-0.556666	15.9267	16.4833
BLOCK15/SES157/SA157S11	SES148	-0.800382	15.683	16.4833
BLOCK15/SES157/SA157S11	SES292	-0.180719	16.3026	16.4833
BLOCK15/SES157/SA157S21	SES127	-0.530718	16.1492	16.6799
BLOCK15/SES157/SA157S21	SES148	-0.426996	16.2529	16.6799
BLOCK15/SES157/SA157S21	SES158	-2.47182	14.2081	16.6799
BLOCK15/SES157/SA157S21	SES292	-0.0124454	16.6675	16.6799
BLOCK15/SES157/SA157S24	SES127	-0.266926	16.2237	16.4906
BLOCK15/SES157/SA157S24	SES148	-0.611185	15.8795	16.4906
BLOCK15/SES157/SA157S24	SES183	-0.444141	16.0465	16.4906
BLOCK15/SES157/SA157S24	SES292	-0.221809	16.2688	16.4906
BLOCK15/SES157/SA157S26	SES007	0.0921745	16.6364	16.5443
BLOCK15/SES157/SA157S26	SES127	-0.450508	16.0937	16.5443
BLOCK15/SES157/SA157S26	SES147	-0.470877	16.0734	16.5443
BLOCK15/SES157/SA157S26	SES148	-0.949949	15.5943	16.5443
BLOCK16/SES161/SA161S10	SES007	-0.79363	13.1969	13.9905
BLOCK16/SES161/SA161S10	SES105	-0.248144	13.7424	13.9905
BLOCK16/SES161/SA161S10	SES158	-0.379624	13.6109	13.9905
BLOCK16/SES161/SA161S10	SES275	-0.0340319	13.9565	13.9905
BLOCK16/SES161/SA161S12	SES007	-0.639469	14.141	14.7805
BLOCK16/SES161/SA161S12	SES105	-1.08539	13.6951	14.7805
BLOCK16/SES161/SA161S12	SES158	0.31749	15.098	14.7805
BLOCK16/SES161/SA161S12	SES275	-0.317065	14.4634	14.7805
BLOCK16/SES161/SA161S20	SES007	-0.859444	12.7247	13.5841
BLOCK16/SES161/SA161S20	SES105	-0.533751	13.0504	13.5841
BLOCK16/SES161/SA161S20	SES158	-0.110046	13.4741	13.5841
BLOCK16/SES161/SA161S20	SES275	-0.503919	13.0802	13.5841
BLOCK16/SES161/SA161S23	SES007	-1.66751	13.0983	14.7658
BLOCK16/SES161/SA161S23	SES105	-0.584707	14.1811	14.7658
BLOCK16/SES161/SA161S23	SES148	-1.47018	13.2956	14.7658
BLOCK16/SES161/SA161S23	SES158	-0.657079	14.1087	14.7658
BLOCK16/SES161/SA161S28	SES007	-0.978287	13.6821	14.6604
BLOCK16/SES161/SA161S28	SES105	-0.631543	14.0289	14.6604
BLOCK16/SES161/SA161S28	SES158	0.249242	14.9097	14.6604
BLOCK16/SES161/SA161S28	SES206	-0.0430002	14.6174	14.6604
BLOCK16/SES164/SA164S11	SES104	0.17211	16.2285	16.0564
BLOCK16/SES164/SA164S11	SES125	0.503744	16.5601	16.0564
BLOCK16/SES164/SA164S11	SES158	1.27287	17.3293	16.0564
BLOCK16/SES164/SA164S11	SES206	0.0580502	16.1144	16.0564
BLOCK16/SES164/SA164S13	SES099	-0.539861	13.8063	14.3461
BLOCK16/SES164/SA164S13	SES104	-0.55507	13.791	14.3461
BLOCK16/SES164/SA164S13	SES125	-0.526023	13.8201	14.3461
BLOCK16/SES164/SA164S13	SES206	-0.454213	13.8919	14.3461
BLOCK16/SES164/SA164S24	SES002	0.378682	15.4688	15.0901
BLOCK16/SES164/SA164S24	SES099	-0.500301	14.5898	15.0901
BLOCK16/SES164/SA164S24	SES125	-0.630036	14.4601	15.0901
BLOCK16/SES164/SA164S24	SES226	0.529184	15.6193	15.0901
BLOCK16/SES164/SA164S27	SES087	-0.0303793	15.0696	15.1
BLOCK16/SES164/SA164S27	SES125	-0.156528	14.9435	15.1
BLOCK16/SES164/SA164S27	SES206	-0.184188	14.9158	15.1
BLOCK16/SES164/SA164S27	SES226	-0.147163	14.9528	15.1
BLOCK16/SES164/SA164S29	SES002	0.13724	14.9439	14.8066
BLOCK16/SES164/SA164S29	SES019	-0.655895	14.1507	14.8066
BLOCK16/SES164/SA164S29	SES125	0.0356693	14.8423	14.8066
BLOCK16/SES164/SA164S29	SES226	-0.615985	14.1906	14.8066
BLOCK16/SES169/SA169S13	SES117	-0.114611	15.1067	15.2214
BLOCK16/SES169/SA169S13	SES144	0.1584	15.3798	15.2214
BLOCK16/SES169/SA169S13	SES146	0.416223	15.6376	15.2214
BLOCK16/SES169/SA169S13	SES162	0.471297	15.6927	15.2214
BLOCK16/SES169/SA169S14	SES144	-0.0615406	16.5009	16.5624
BLOCK16/SES169/SA169S14	SES148	-1.10945	15.453	16.5624
BLOCK16/SES169/SA169S14	SES177	-0.127329	16.4351	16.5624
BLOCK16/SES169/SA169S14	SES180	-0.592656	15.9698	16.5624
BLOCK16/SES169/SA169S24	SES117	0.262224	14.7556	14.4934
BLOCK16/SES169/SA169S24	SES144	0.0727119	14.5661	14.4934
BLOCK16/SES169/SA169S24	SES146	0.507692	15.0011	14.4934
BLOCK16/SES169/SA169S24	SES162	0.920134	15.4135	14.4934
BLOCK16/SES169/SA169S27	SES127	0.553589	15.9609	15.4073
BLOCK16/SES169/SA169S27	SES129	0.120563	15.5278	15.4073
BLOCK16/SES169/SA169S27	SES144	-0.374445	15.0328	15.4073
BLOCK16/SES169/SA169S27	SES146	0.636579	16.0438	15.4073
BLOCK16/SES169/SA169S29	SES144	0.300869	16.5461	16.2453
BLOCK16/SES169/SA169S29	SES162	0.160822	16.4061	16.2453
BLOCK16/SES169/SA169S29	SES177	-0.426433	15.8188	16.2453
BLOCK16/SES169/SA169S29	SES180	0.0126972	16.2579	16.2453
BLOCK17/SES171/SA171S12	SES083	-0.905091	14.2547	15.1598
BLOCK17/SES171/SA171S12	SES148	-0.949615	14.2102	15.1598
BLOCK17/SES171/SA171S12	SES172	-0.288653	14.8712	15.1598
BLOCK17/SES171/SA171S12	SES292	-0.949325	14.2105	15.1598
BLOCK17/SES171/SA171S15	SES148	-0.978297	14.154	15.1323
BLOCK17/SES171/SA171S15	SES177	-0.343645	14.7886	15.1323
BLOCK17/SES171/SA171S15	SES180	-1.23191	13.9004	15.1323
BLOCK17/SES171/SA171S15	SES292	-0.700996	14.4313	15.1323
BLOCK17/SES171/SA171S22	SES007	-1.09546	15.1725	16.268
BLOCK17/SES171/SA171S22	SES148	-0.806782	15.4612	16.268
BLOCK17/SES171/SA171S22	SES177	0.146946	16.4149	16.268
BLOCK17/SES171/SA171S22	SES180	-1.00223	15.2658	16.268
BLOCK17/SES171/SA171S25	SES101	-0.190886	13.6481	13.839
BLOCK17/SES171/SA171S25	SES120	-0.63165	13.2073	13.839
BLOCK17/SES171/SA171S25	SES177	0.134274	13.9733	13.839
BLOCK17/SES171/SA171S25	SES180	-0.911369	12.9276	13.839
BLOCK17/SES171/SA171S27	SES177	0.184206	14.9945	14.8103
BLOCK17/SES171/SA171S27	SES180	-1.40541	13.4049	14.8103
BLOCK17/SES171/SA171S27	SES189	-0.748374	14.0619	14.8103
BLOCK17/SES171/SA171S27	SES292	-0.869592	13.9407	14.8103
BLOCK17/SES173/SA173S13	SES162	-1.4345	13.9058	15.3403
BLOCK17/SES173/SA173S13	SES177	0.104114	15.4444	15.3403
BLOCK17/SES173/SA173S13	SES180	-1.43407	13.9062	15.3403
BLOCK17/SES173/SA173S13	SES292	-0.268109	15.0722	15.3403
BLOCK17/SES173/SA173S14	SES007	-0.595675	14.1991	14.7948
BLOCK17/SES173/SA173S14	SES162	-1.54896	13.2459	14.7948
BLOCK17/SES173/SA173S14	SES177	0.238241	15.0331	14.7948
BLOCK17/SES173/SA173S14	SES180	-1.34795	13.4469	14.7948
BLOCK17/SES173/SA173S24	SES144	-0.542565	13.0952	13.6378
BLOCK17/SES173/SA173S24	SES162	-1.01928	12.6185	13.6378
BLOCK17/SES173/SA173S24	SES177	0.534159	14.172	13.6378
BLOCK17/SES173/SA173S24	SES180	-1.06187	12.5759	13.6378
BLOCK17/SES173/SA173S27	SES162	-0.775233	13.9309	14.7062
BLOCK17/SES173/SA173S27	SES177	0.526749	15.2329	14.7062
BLOCK17/SES173/SA173S27	SES180	-0.3416	14.3646	14.7062
BLOCK17/SES173/SA173S27	SES292	0.48346	15.1896	14.7062
BLOCK17/SES173/SA173S29	SES162	-0.756596	13.4321	14.1887
BLOCK17/SES173/SA173S29	SES175	-0.527601	13.6611	14.1887
BLOCK17/SES173/SA173S29	SES177	0.406321	14.595	14.1887
BLOCK17/SES173/SA173S29	SES292	-0.239872	13.9488	14.1887
BLOCK18/SES182/SA182S10	SES144	-0.124445	15.2381	15.3626
BLOCK18/SES182/SA182S10	SES177	-0.0121918	15.3504	15.3626
BLOCK18/SES182/SA182S10	SES180	-0.803001	14.5596	15.3626
BLOCK18/SES182/SA182S10	SES275	0.0782347	15.4408	15.3626
BLOCK18/SES182/SA182S12	SES144	0.451079	15.9382	15.4871
BLOCK18/SES182/SA182S12	SES177	0.482867	15.9699	15.4871
BLOCK18/SES182/SA182S12	SES180	-0.254317	15.2328	15.4871
BLOCK18/SES182/SA182S12	SES275	0.00247383	15.4896	15.4871
BLOCK18/SES182/SA182S21	SES117	-0.183847	14.2888	14.4727
BLOCK18/SES182/SA182S21	SES144	-0.100183	14.3725	14.4727
BLOCK18/SES182/SA182S21	SES162	0.0557594	14.5284	14.4727
BLOCK18/SES182/SA182S21	SES180	-0.736125	13.7365	14.4727
BLOCK18/SES182/SA182S23	SES117	-0.131831	15.0558	15.1876
BLOCK18/SES182/SA182S23	SES144	-0.166455	15.0211	15.1876
BLOCK18/SES182/SA182S23	SES180	-0.706641	14.4809	15.1876
BLOCK18/SES182/SA182S23	SES275	0.345108	15.5327	15.1876
BLOCK18/SES182/SA182S25	SES007	0.575678	15.6998	15.1242
BLOCK18/SES182/SA182S25	SES162	0.252687	15.3768	15.1242
BLOCK18/SES182/SA182S25	SES177	0.480951	15.6051	15.1242
BLOCK18/SES182/SA182S25	SES180	-0.228742	14.8954	15.1242
BLOCK18/SES184/SA184S12	SES177	0.470439	15.2352	14.7647
BLOCK18/SES184/SA184S12	SES180	-0.157535	14.6072	14.7647
BLOCK18/SES184/SA184S12	SES189	-0.775756	13.989	14.7647
BLOCK18/SES184/SA184S12	SES292	-0.725301	14.0394	14.7647
BLOCK18/SES184/SA184S13	SES101	-0.0774784	14.8845	14.962
BLOCK18/SES184/SA184S13	SES177	-0.0234137	14.9386	14.962
BLOCK18/SES184/SA184S13	SES180	-0.284195	14.6778	14.962
BLOCK18/SES184/SA184S13	SES292	-0.430127	14.5319	14.962
BLOCK18/SES184/SA184S22	SES177	0.402665	15.9756	15.573
BLOCK18/SES184/SA184S22	SES180	0.328319	15.9013	15.573
BLOCK18/SES184/SA184S22	SES189	-1.57845	13.9945	15.573
BLOCK18/SES184/SA184S22	SES292	-0.329936	15.243	15.573
BLOCK18/SES184/SA184S25	SES101	0.486403	17.5766	17.0902
BLOCK18/SES184/SA184S25	SES177	-0.090517	16.9997	17.0902
BLOCK18/SES184/SA184S25	SES180	-0.170574	16.9197	17.0902
BLOCK18/SES184/SA184S25	SES292	0.139992	17.2302	17.0902
BLOCK18/SES184/SA184S27	SES083	-0.759987	14.9799	15.7399
BLOCK18/SES184/SA184S27	SES177	-0.193011	15.5469	15.7399
BLOCK18/SES184/SA184S27	SES202	-0.514947	15.2249	15.7399
BLOCK18/SES184/SA184S27	SES292	-0.514058	15.2258	15.7399
BLOCK20/SES204/SA204S12	SES062	-0.494962	15.6775	16.1725
BLOCK20/SES204/SA204S12	SES083	-0.641632	15.5309	16.1725
BLOCK20/SES204/SA204S12	SES206	-0.0199184	16.1526	16.1725
BLOCK20/SES204/SA204S12	SES226	-0.0702248	16.1023	16.1725
BLOCK20/SES204/SA204S14	SES068	-0.267714	17.8123	18.08
BLOCK20/SES204/SA204S14	SES087	0.554409	18.6344	18.08
BLOCK20/SES204/SA204S14	SES206	-0.127028	17.9529	18.08
BLOCK20/SES204/SA204S14	SES226	-0.214903	17.8651	18.08
BLOCK20/SES204/SA204S22	SES068	0.153936	16.7272	16.5733
BLOCK20/SES204/SA204S22	SES082	-1.00739	15.5659	16.5733
BLOCK20/SES204/SA204S22	SES083	-0.588096	15.9852	16.5733
BLOCK20/SES204/SA204S22	SES206	-0.116922	16.4564	16.5733
BLOCK20/SES204/SA204S25	SES062	-1.0254	15.288	16.3134
BLOCK20/SES204/SA204S25	SES083	-0.457076	15.8563	16.3134
BLOCK20/SES204/SA204S25	SES206	0.123432	16.4368	16.3134
BLOCK20/SES204/SA204S25	SES226	0.0537872	16.3671	16.3134
BLOCK20/SES204/SA204S27	SES068	0.0287304	16.0907	16.0619
BLOCK20/SES204/SA204S27	SES082	-0.824536	15.2374	16.0619
BLOCK20/SES204/SA204S27	SES087	0.133238	16.1952	16.0619
BLOCK20/SES204/SA204S27	SES206	-0.310176	15.7518	16.0619
BLOCK20/SES207/SA207S10	SES127	-1.49777	14.1505	15.6483
BLOCK20/SES207/SA207S10	SES183	-0.483138	15.1652	15.6483
BLOCK20/SES207/SA207S10	SES189	-1.94479	13.7035	15.6483
BLOCK20/SES207/SA207S10	SES292	-1.07539	14.5729	15.6483
BLOCK20/SES207/SA207S11	SES127	-1.30161	14.1651	15.4667
BLOCK20/SES207/SA207S11	SES183	-0.367573	15.0991	15.4667
BLOCK20/SES207/SA207S11	SES187	-0.392403	15.0743	15.4667
BLOCK20/SES207/SA207S11	SES292	-0.487198	14.9795	15.4667
BLOCK20/SES207/SA207S25	SES068	0.0451441	15.0159	14.9707
BLOCK20/SES207/SA207S25	SES083	-0.765301	14.2054	14.9707
BLOCK20/SES207/SA207S25	SES127	0.0192537	14.99	14.9707
BLOCK20/SES207/SA207S25	SES187	0.205954	15.1767	14.9707
BLOCK20/SES207/SA207S27	SES127	-0.971493	12.7085	13.68
BLOCK20/SES207/SA207S27	SES183	0.409048	14.089	13.68
BLOCK20/SES207/SA207S27	SES187	-0.242017	13.438	13.68
BLOCK20/SES207/SA207S27	SES292	-0.952889	12.7271	13.68
BLOCK20/SES207/SA207S29	SES083	-1.45851	13.9928	15.4513
BLOCK20/SES207/SA207S29	SES085	0.166471	15.6178	15.4513
BLOCK20/SES207/SA207S29	SES172	-0.346287	15.105	15.4513
BLOCK20/SES207/SA207S29	SES189	-2.25727	13.194	15.4513
BLOCK22/SES221/SA221S12	SES068	0.665251	16.0846	15.4194
BLOCK22/SES221/SA221S12	SES143	0.00149727	15.4209	15.4194
BLOCK22/SES221/SA221S12	SES175	0.0752563	15.4946	15.4194
BLOCK22/SES221/SA221S12	SES202	1.01177	16.4311	15.4194
BLOCK22/SES221/SA221S15	SES085	0.354897	14.5904	14.2355
BLOCK22/SES221/SA221S15	SES143	-0.198751	14.0367	14.2355
BLOCK22/SES221/SA221S15	SES175	0.00591087	14.2414	14.2355
BLOCK22/SES221/SA221S15	SES187	-0.258494	13.977	14.2355
BLOCK22/SES221/SA221S23	SES068	0.280216	14.818	14.5377
BLOCK22/SES221/SA221S23	SES143	0.018013	14.5558	14.5377
BLOCK22/SES221/SA221S23	SES175	0.486222	15.024	14.5377
BLOCK22/SES221/SA221S23	SES189	-0.459172	14.0786	14.5377
BLOCK22/SES221/SA221S27	SES085	1.37595	16.3774	15.0014
BLOCK22/SES221/SA221S27	SES143	-0.0580225	14.9434	15.0014
BLOCK22/SES221/SA221S27	SES175	-0.101363	14.9	15.0014
BLOCK22/SES221/SA221S27	SES189	0.258419	15.2598	15.0014
BLOCK22/SES221/SA221S29	SES085	0.847366	14.0623	13.2149
BLOCK22/SES221/SA221S29	SES143	-0.0222883	13.1926	13.2149
BLOCK22/SES221/SA221S29	SES175	0.0208635	13.2358	13.2149
BLOCK22/SES221/SA221S29	SES187	0.16009	13.375	13.2149
BLOCK22/SES223/SA223S11	SES143	-0.506848	13.0176	13.5245
BLOCK22/SES223/SA223S11	SES144	-1.03939	12.4851	13.5245
BLOCK22/SES223/SA223S11	SES175	-0.315549	13.2089	13.5245
BLOCK22/SES223/SA223S11	SES187	-0.757244	12.7672	13.5245
BLOCK22/SES223/SA223S13	SES068	0.239332	13.2792	13.0399
BLOCK22/SES223/SA223S13	SES143	-0.614359	12.4255	13.0399
BLOCK22/SES223/SA223S13	SES146	-0.430052	12.6098	13.0399
BLOCK22/SES223/SA223S13	SES202	-0.2238	12.8161	13.0399
BLOCK22/SES223/SA223S22	SES143	-0.446782	13.573	14.0198
BLOCK22/SES223/SA223S22	SES144	-0.929719	13.0901	14.0198
BLOCK22/SES223/SA223S22	SES175	-0.762226	13.2576	14.0198
BLOCK22/SES223/SA223S22	SES187	-0.0980034	13.9218	14.0198
BLOCK22/SES223/SA223S25	SES068	0.234921	14.1149	13.88
BLOCK22/SES223/SA223S25	SES143	-0.324946	13.555	13.88
BLOCK22/SES223/SA223S25	SES175	-0.327072	13.5529	13.88
BLOCK22/SES223/SA223S25	SES187	0.169244	14.0492	13.88
BLOCK22/SES223/SA223S27	SES143	-0.854335	12.9117	13.766
BLOCK22/SES223/SA223S27	SES146	-0.902179	12.8638	13.766
BLOCK22/SES223/SA223S27	SES187	-0.639806	13.1262	13.766
BLOCK22/SES223/SA223S27	SES292	-0.364062	13.402	13.766
BLOCK27/SES273/SA273S12	SES099	0.263971	17.8725	17.6085
BLOCK27/SES273/SA273S12	SES104	0.850327	18.4588	17.6085
BLOCK27/SES273/SA273S12	SES125	0.315878	17.9244	17.6085
BLOCK27/SES273/SA273S12	SES206	0.756023	18.3645	17.6085
BLOCK27/SES273/SA273S13	SES099	0.270966	18.2985	18.0276
BLOCK27/SES273/SA273S13	SES104	0.39502	18.4226	18.0276
BLOCK27/SES273/SA273S13	SES206	0.560316	18.5879	18.0276
BLOCK27/SES273/SA273S13	SES292	-0.0812263	17.9463	18.0276
BLOCK27/SES273/SA273S21	SES099	0.489027	18.1056	17.6166
BLOCK27/SES273/SA273S21	SES148	-1.1243	16.4923	17.6166
BLOCK27/SES273/SA273S21	SES149	-0.265011	17.3516	17.6166
BLOCK27/SES273/SA273S21	SES177	-0.0301208	17.5865	17.6166
BLOCK27/SES273/SA273S25	SES104	0.366444	17.3208	16.9543
BLOCK27/SES273/SA273S25	SES125	0.468353	17.4227	16.9543
BLOCK27/SES273/SA273S25	SES158	-0.040554	16.9138	16.9543
BLOCK27/SES273/SA273S25	SES206	0.699696	17.654	16.9543
BLOCK27/SES273/SA273S27	SES099	0.102442	17.3642	17.2618
BLOCK27/SES273/SA273S27	SES104	-0.342583	16.9192	17.2618
BLOCK27/SES273/SA273S27	SES149	0.462084	17.7238	17.2618
BLOCK27/SES273/SA273S27	SES275	0.163738	17.4255	17.2618
BLOCK27/SES274/SA274S10	SES105	-0.70919	16.2158	16.925
BLOCK27/SES274/SA274S10	SES125	-0.926584	15.9984	16.925
BLOCK27/SES274/SA274S10	SES129	0.132378	17.0573	16.925
BLOCK27/SES274/SA274S10	SES158	-1.23377	15.6912	16.925
BLOCK27/SES274/SA274S11	SES105	-0.164501	16.8284	16.9929
BLOCK27/SES274/SA274S11	SES149	-1.07614	15.9168	16.9929
BLOCK27/SES274/SA274S11	SES158	-1.18612	15.8068	16.9929
BLOCK27/SES274/SA274S11	SES275	0.412262	17.4052	16.9929
BLOCK27/SES274/SA274S21	SES105	-0.332624	16.4567	16.7893
BLOCK27/SES274/SA274S21	SES129	-0.145468	16.6438	16.7893
BLOCK27/SES274/SA274S21	SES149	-1.50391	15.2854	16.7893
BLOCK27/SES274/SA274S21	SES158	-2.36032	14.429	16.7893
BLOCK27/SES274/SA274S24	SES105	-0.383713	17.0646	17.4483
BLOCK27/SES274/SA274S24	SES129	0.207409	17.6557	17.4483
BLOCK27/SES274/SA274S24	SES149	-1.05524	16.393	17.4483
BLOCK27/SES274/SA274S24	SES158	-1.49724	15.951	17.4483
BLOCK27/SES274/SA274S29	SES105	-0.450007	15.8905	16.3405
BLOCK27/SES274/SA274S29	SES106	-1.21074	15.1298	16.3405
BLOCK27/SES274/SA274S29	SES120	-0.027319	16.3132	16.3405
BLOCK27/SES274/SA274S29	SES275	0.29866	16.6392	16.3405
BLOCK27/SES276/SA276S16	SES148	-0.207192	14.5807	14.7879
BLOCK27/SES276/SA276S16	SES172	0.0457516	14.8336	14.7879
BLOCK27/SES276/SA276S16	SES180	-0.0838232	14.704	14.7879
BLOCK27/SES276/SA276S16	SES292	0.271895	15.0598	14.7879
BLOCK27/SES276/SA276S17	SES101	0.517743	16.38	15.8622
BLOCK27/SES276/SA276S17	SES177	-0.00649357	15.8557	15.8622
BLOCK27/SES276/SA276S17	SES180	0.268199	16.1304	15.8622
BLOCK27/SES276/SA276S17	SES292	-0.0772696	15.785	15.8622
BLOCK27/SES276/SA276S24	SES101	0.385057	16.7357	16.3506
BLOCK27/SES276/SA276S24	SES177	-0.0589294	16.2917	16.3506
BLOCK27/SES276/SA276S24	SES180	0.418051	16.7687	16.3506
BLOCK27/SES276/SA276S24	SES292	-0.173174	16.1775	16.3506
BLOCK27/SES276/SA276S26	SES101	-0.158339	16.215	16.3733
BLOCK27/SES276/SA276S26	SES177	0.294588	16.6679	16.3733
BLOCK27/SES276/SA276S26	SES180	0.270645	16.644	16.3733
BLOCK27/SES276/SA276S26	SES292	0.443983	16.8173	16.3733
BLOCK27/SES276/SA276S28	SES101	0.453046	16.3402	15.8872
BLOCK27/SES276/SA276S28	SES177	-0.237746	15.6494	15.8872
BLOCK27/SES276/SA276S28	SES180	0.531724	16.4189	15.8872
BLOCK27/SES276/SA276S28	SES292	0.306048	16.1932	15.8872
BLOCK27/SES277/SA277S12	SES101	0.228125	14.3184	14.0903
BLOCK27/SES277/SA277S12	SES177	-0.737489	13.3528	14.0903
BLOCK27/SES277/SA277S12	SES180	-0.613577	13.4767	14.0903
BLOCK27/SES277/SA277S12	SES292	-0.807446	13.2829	14.0903
BLOCK27/SES277/SA277S14	SES177	-0.0537682	13.6521	13.7059
BLOCK27/SES277/SA277S14	SES180	-1.15109	12.5548	13.7059
BLOCK27/SES277/SA277S14	SES189	-0.355918	13.35	13.7059
BLOCK27/SES277/SA277S14	SES292	-1.02512	12.6808	13.7059
BLOCK27/SES277/SA277S21	SES177	0.143586	15.3721	15.2285
BLOCK27/SES277/SA277S21	SES180	-0.519851	14.7086	15.2285
BLOCK27/SES277/SA277S21	SES189	-0.468627	14.7598	15.2285
BLOCK27/SES277/SA277S21	SES292	-0.567265	14.6612	15.2285
BLOCK27/SES277/SA277S24	SES144	-0.508916	13.0081	13.517
BLOCK27/SES277/SA277S24	SES177	-0.312096	13.2049	13.517
BLOCK27/SES277/SA277S24	SES180	-1.08441	12.4326	13.517
BLOCK27/SES277/SA277S24	SES189	-0.277768	13.2392	13.517
BLOCK27/SES277/SA277S29	SES177	-0.214537	15.8618	16.0763
BLOCK27/SES277/SA277S29	SES180	-0.34453	15.7318	16.0763
BLOCK27/SES277/SA277S29	SES202	-0.112623	15.9637	16.0763
BLOCK27/SES277/SA277S29	SES292	-0.670003	15.4063	16.0763
BLOCK27/SES279/SA279S09	SES120	-0.209051	16.1404	16.3495
BLOCK27/SES279/SA279S09	SES146	-0.536223	15.8133	16.3495
BLOCK27/SES279/SA279S09	SES206	0.304403	16.6539	16.3495
BLOCK27/SES279/SA279S09	SES226	-0.291502	16.058	16.3495
BLOCK27/SES279/SA279S10	SES099	0.182261	16.5504	16.3681
BLOCK27/SES279/SA279S10	SES206	0.166218	16.5344	16.3681
BLOCK27/SES279/SA279S10	SES226	-0.591745	15.7764	16.3681
BLOCK27/SES279/SA279S10	SES292	0.212816	16.581	16.3681
BLOCK27/SES279/SA279S20	SES099	-0.575731	15.6226	16.1984
BLOCK27/SES279/SA279S20	SES206	0.699944	16.8983	16.1984
BLOCK27/SES279/SA279S20	SES226	-0.322332	15.876	16.1984
BLOCK27/SES279/SA279S20	SES292	0.78137	16.9797	16.1984
BLOCK27/SES279/SA279S26	SES099	0.34307	16.2223	15.8792
BLOCK27/SES279/SA279S26	SES206	1.14769	17.0269	15.8792
BLOCK27/SES279/SA279S26	SES226	-0.373841	15.5054	15.8792
BLOCK27/SES279/SA279S26	SES292	0.251702	16.1309	15.8792
BLOCK27/SES279/SA279S28	SES099	0.160776	17.8207	17.6599
BLOCK27/SES279/SA279S28	SES120	-0.00888824	17.651	17.6599
BLOCK27/SES279/SA279S28	SES177	-0.495739	17.1642	17.6599
BLOCK27/SES279/SA279S28	SES206	0.32872	17.9886	17.6599
BLOCK29/SES290/SA290S12	SES162	0.180681	16.1883	16.0076
BLOCK29/SES290/SA290S12	SES177	0.329233	16.3369	16.0076
BLOCK29/SES290/SA290S12	SES180	-0.525362	15.4823	16.0076
BLOCK29/SES290/SA290S12	SES292	-0.364908	15.6427	16.0076
BLOCK29/SES290/SA290S13	SES007	-0.76786	14.5589	15.3268
BLOCK29/SES290/SA290S13	SES162	-1.0226	14.3042	15.3268
BLOCK29/SES290/SA290S13	SES177	-0.207607	15.1192	15.3268
BLOCK29/SES290/SA290S13	SES180	0.0929203	15.4197	15.3268
BLOCK29/SES290/SA290S22	SES177	-0.184752	15.2487	15.4334
BLOCK29/SES290/SA290S22	SES180	-0.102369	15.3311	15.4334
BLOCK29/SES290/SA290S22	SES202	-0.65998	14.7735	15.4334
BLOCK29/SES290/SA290S22	SES292	-0.331532	15.1019	15.4334
BLOCK29/SES290/SA290S25	SES162	-0.0258646	15.8459	15.8718
BLOCK29/SES290/SA290S25	SES177	-0.0638704	15.8079	15.8718
BLOCK29/SES290/SA290S25	SES180	-0.0793095	15.7925	15.8718
BLOCK29/SES290/SA290S25	SES292	-0.107362	15.7644	15.8718
BLOCK29/SES290/SA290S29	SES177	0.325701	16.3325	16.0068
BLOCK29/SES290/SA290S29	SES180	-0.113603	15.8931	16.0068
BLOCK29/SES290/SA290S29	SES275	-0.245778	15.761	16.0068
BLOCK29/SES290/SA290S29	SES292	-0.0718565	15.9349	16.0068
BLOCK29/SES291/SA291S11	SES105	-0.988221	13.4264	14.4146
BLOCK29/SES291/SA291S11	SES125	0.131736	14.5464	14.4146
BLOCK29/SES291/SA291S11	SES158	-0.166266	14.2484	14.4146
BLOCK29/SES291/SA291S11	SES275	-0.875015	13.5396	14.4146
BLOCK29/SES291/SA291S12	SES158	1.96055	16.498	14.5375
BLOCK29/SES291/SA291S12	SES226	0.0780373	14.6155	14.5375
BLOCK29/SES291/SA291S12	SES270	1.60485	16.1423	14.5375
BLOCK29/SES291/SA291S12	SES275	-1.36416	13.1733	14.5375
BLOCK29/SES291/SA291S22	SES082	-0.0176315	15.8302	15.8478
BLOCK29/SES291/SA291S22	SES158	0.39229	16.2401	15.8478
BLOCK29/SES291/SA291S22	SES259	-0.340752	15.5071	15.8478
BLOCK29/SES291/SA291S22	SES275	-1.27339	14.5744	15.8478
BLOCK29/SES291/SA291S24	SES104	0.894876	17.6583	16.7634
BLOCK29/SES291/SA291S24	SES125	0.487589	17.251	16.7634
BLOCK29/SES291/SA291S24	SES158	0.785257	17.5486	16.7634
BLOCK29/SES291/SA291S24	SES275	-1.495	15.2684	16.7634
BLOCK29/SES291/SA291S27	SES158	1.08329	16.5999	15.5166
BLOCK29/SES291/SA291S27	SES172	-1.75255	13.764	15.5166
BLOCK29/SES291/SA291S27	SES275	-1.35209	14.1645	15.5166
BLOCK29/SES291/SA291S27	SES292	-0.23961	15.277	15.5166
