BLOCK00/SES002/SA002S12	SES002	2.4437	-66.8134	-69.2571
BLOCK00/SES002/SA002S13	SES002	2.04879	-68.125	-70.1738
BLOCK00/SES002/SA002S23	SES002	2.49563	-66.7769	-69.2725
BLOCK00/SES002/SA002S26	SES002	3.09442	-66.0061	-69.1005
BLOCK00/SES002/SA002S28	SES002	1.65323	-68.4956	-70.1488
BLOCK00/SES007/SA007S14	SES007	0.947205	-70.1584	-71.1056
BLOCK00/SES007/SA007S15	SES007	0.290863	-71.3186	-71.6095
BLOCK00/SES007/SA007S24	SES007	0.508835	-70.844	-71.3528
BLOCK00/SES007/SA007S27	SES007	0.149429	-71.3554	-71.5049
BLOCK00/SES007/SA007S29	SES007	0.334282	-70.0517	-70.386
BLOCK00/SES008/SA008S11	SES008	0.76989	-71.0297	-71.7996
BLOCK00/SES008/SA008S12	SES008	0.750938	-70.6533	-71.4043
BLOCK00/SES008/SA008S19	SES008	1.28708	-69.6345	-70.9216
BLOCK00/SES008/SA008S22	SES008	1.10932	-70.7567	-71.8661
BLOCK00/SES008/SA008S29	SES008	1.16959	-70.2478	-71.4174
BLOCK01/SES014/SA014S10	SES014	1.74763	-69.316	-71.0636
BLOCK01/SES014/SA014S12	SES014	2.71715	-65.9328	-68.65
BLOCK01/SES014/SA014S24	SES014	2.2934	-67.0508	-69.3442
BLOCK01/SES014/SA014S26	SES014	2.80038	-64.9044	-67.7048
BLOCK01/SES014/SA014S28	SES014	2.61744	-66.7765	-69.3939
BLOCK01/SES016/SA016S12	SES016	-0.210655	-74.2225	-74.0119
BLOCK01/SES016/SA016S13	SES016	1.00286	-73.1902	-74.1931
BLOCK01/SES016/SA016S22	SES016	0.218254	-73.5499	-73.7682
BLOCK01/SES016/SA016S25	SES016	0.135605	-70.8349	-70.9705
BLOCK01/SES016/SA016S27	SES016	1.06911	-70.8546	-71.9237
BLOCK01/SES019/SA019S13	SES019	2.87585	-69.0254	-71.9013
BLOCK01/SES019/SA019S14	SES019	2.03835	-68.8333	-70.8716
BLOCK01/SES019/SA019S22	SES019	2.18114	-68.7958	-70.9769
BLOCK01/SES019/SA019S25	SES019	2.19841	-69.0472	-71.2456
BLOCK01/SES019/SA019S29	SES019	2.96458	-69.0259	-71.9904
BLOCK02/SES029/SA029S11	SES029	0.700737	-71.2853	-71.986
BLOCK02/SES029/SA029S12	SES029	0.513695	-70.9486	-71.4623
BLOCK02/SES029/SA029S20	SES029	0.107895	-72.7624	-72.8703
BLOCK02/SES029/SA029S25	SES029	0.630035	-71.2563	-71.8863
BLOCK02/SES029/SA029S28	SES029	0.150642	-71.7659	-71.9165
BLOCK04/SES042/SA042S12	SES042	2.99459	-66.7321	-69.7266
BLOCK04/SES042/SA042S15	SES042	2.14294	-66.9916	-69.1345
BLOCK04/SES042/SA042S22	SES042	4.06075	-64.5156	-68.5763
BLOCK04/SES042/SA042S25	SES042	2.96334	-66.8556	-69.8189
BLOCK04/SES042/SA042S27	SES042	3.0271	-65.4782	-68.5053
BLOCK04/SES048/SA048S11	SES048	0.872375	-69.2441	-70.1165
BLOCK04/SES048/SA048S12	SES048	1.14564	-68.8176	-69.9633
BLOCK04/SES048/SA048S20	SES048	0.95005	-68.8504	-69.8005
BLOCK04/SES048/SA048S23	SES048	1.67435	-69.3451	-71.0194
BLOCK04/SES048/SA048S27	SES048	1.12915	-68.5806	-69.7098
BLOCK06/SES060/SA060S11	SES060	0.6493	-71.7512	-72.4005
BLOCK06/SES060/SA060S12	SES060	0.886482	-73.4206	-74.3071
BLOCK06/SES060/SA060S22	SES060	0.274689	-72.0883	-72.363
BLOCK06/SES060/SA060S24	SES060	0.33448	-70.7409	-71.0754
BLOCK06/SES060/SA060S28	SES060	1.12468	-69.1856	-70.3102
BLOCK06/SES062/SA062S10	SES062	1.07146	-70.3469	-71.4184
BLOCK06/SES062/SA062S11	SES062	1.30354	-71.0799	-72.3834
BLOCK06/SES062/SA062S21	SES062	0.746193	-68.7409	-69.4871
BLOCK06/SES062/SA062S26	SES062	1.02193	-69.6412	-70.6631
BLOCK06/SES062/SA062S29	SES062	1.15168	-69.4237	-70.5753
BLOCK06/SES068/SA068S14	SES068	1.17542	-71.0528	-72.2282
BLOCK06/SES068/SA068S15	SES068	1.83899	-69.7119	-71.5509
BLOCK06/SES068/SA068S23	SES068	0.498978	-71.5277	-72.0267
BLOCK06/SES068/SA068S27	SES068	1.50871	-71.2544	-72.7632
BLOCK06/SES068/SA068S29	SES068	1.08492	-70.0786	-71.1635
BLOCK08/SES082/SA082S12	SES082	1.19285	-68.4405	-69.6334
BLOCK08/SES082/SA082S14	SES082	0.96624	-69.8457	-70.812
BLOCK08/SES082/SA082S21	SES082	1.23428	-69.8187	-71.053
BLOCK08/SES082/SA082S24	SES082	1.66769	-68.9275	-70.5952
BLOCK08/SES082/SA082S28	SES082	0.788643	-69.9717	-70.7603
BLOCK08/SES083/SA083S14	SES083	0.0175018	-71.7735	-71.791
BLOCK08/SES083/SA083S15	SES083	0.517441	-71.2806	-71.798
BLOCK08/SES083/SA083S24	SES083	0.0917358	-71.7652	-71.8569
BLOCK08/SES083/SA083S26	SES083	0.407204	-70.6267	-71.0339
BLOCK08/SES083/SA083S29	SES083	0.231895	-71.0822	-71.3141
BLOCK08/SES085/SA085S10	SES085	0.393158	-71.2933	-71.6864
BLOCK08/SES085/SA085S13	SES085	0.411697	-72.6747	-73.0864
BLOCK08/SES085/SA085S22	SES085	-0.0593643	-74.3256	-74.2663
BLOCK08/SES085/SA085S26	SES085	0.359192	-72.858	-73.2172
BLOCK08/SES085/SA085S28	SES085	0.446251	-70.8124	-71.2587
BLOCK08/SES087/SA087S15	SES087	1.32759	-67.6752	-69.0028
BLOCK08/SES087/SA087S16	SES087	1.58729	-67.8475	-69.4348
BLOCK08/SES087/SA087S24	SES087	1.71042	-67.243	-68.9534
BLOCK08/SES087/SA087S26	SES087	1.70844	-66.6668	-68.3752
BLOCK08/SES087/SA087S29	SES087	1.64928	-67.642	-69.2913
BLOCK09/SES099/SA099S15	SES099	2.2379	-68.1654	-70.4033
BLOCK09/SES099/SA099S16	SES099	2.26315	-68.2528	-70.5159
BLOCK09/SES099/SA099S24	SES099	2.31218	-67.4522	-69.7643
BLOCK09/SES099/SA099S26	SES099	2.35262	-67.4126	-69.7652
BLOCK09/SES099/SA099S29	SES099	2.25497	-67.3454	-69.6004
BLOCK10/SES101/SA101S11	SES101	0.51162	-70.2751	-70.7867
BLOCK10/SES101/SA101S13	SES101	0.280167	-70.7233	-71.0034
BLOCK10/SES101/SA101S22	SES101	0.504333	-71.8228	-72.3271
BLOCK10/SES101/SA101S24	SES101	0.689995	-70.9327	-71.6227
BLOCK10/SES101/SA101S28	SES101	-0.375763	-73.3138	-72.938
BLOCK10/SES104/SA104S11	SES104	0.887665	-68.3038	-69.1915
BLOCK10/SES104/SA104S12	SES104	1.48965	-68.3639	-69.8536
BLOCK10/SES104/SA104S21	SES104	1.57577	-69.0197	-70.5954
BLOCK10/SES104/SA104S24	SES104	2.06377	-67.8794	-69.9432
BLOCK10/SES104/SA104S28	SES104	1.99367	-68.1203	-70.114
BLOCK10/SES105/SA105S12	SES105	0.691032	-70.4294	-71.1204
BLOCK10/SES105/SA105S13	SES105	0.393784	-70.5129	-70.9067
BLOCK10/SES105/SA105S22	SES105	-0.0711975	-71.2625	-71.1913
BLOCK10/SES105/SA105S26	SES105	0.290024	-71.2436	-71.5337
BLOCK10/SES105/SA105S29	SES105	-0.17276	-71.5311	-71.3583
BLOCK10/SES106/SA106S09	SES106	1.00373	-70.046	-71.0498
BLOCK10/SES106/SA106S11	SES106	1.73599	-67.8838	-69.6198
BLOCK10/SES106/SA106S22	SES106	2.39565	-69.2362	-71.6319
BLOCK10/SES106/SA106S27	SES106	0.956757	-69.5259	-70.4827
BLOCK10/SES106/SA106S29	SES106	2.04476	-67.7235	-69.7683
BLOCK11/SES117/SA117S12	SES117	0.438118	-72.0601	-72.4983
BLOCK11/SES117/SA117S13	SES117	-0.412567	-71.9565	-71.544
BLOCK11/SES117/SA117S23	SES117	1.97613	-73.2973	-75.2734
BLOCK11/SES117/SA117S25	SES117	0.923035	-72.2362	-73.1592
BLOCK11/SES117/SA117S28	SES117	1.22574	-72.8813	-74.107
BLOCK12/SES120/SA120S08	SES120	0.49057	-72.6657	-73.1563
BLOCK12/SES120/SA120S11	SES120	0.191948	-73.6973	-73.8893
BLOCK12/SES120/SA120S22	SES120	0.681488	-70.9786	-71.6601
BLOCK12/SES120/SA120S24	SES120	1.15352	-71.5794	-72.733
BLOCK12/SES120/SA120S28	SES120	0.373901	-73.0855	-73.4594
BLOCK12/SES125/SA125S13	SES125	2.34305	-67.1142	-69.4572
BLOCK12/SES125/SA125S14	SES125	1.5127	-68.1925	-69.7052
BLOCK12/SES125/SA125S25	SES125	3.13979	-66.9013	-70.0411
BLOCK12/SES125/SA125S27	SES125	2.49286	-66.7427	-69.2355
BLOCK12/SES125/SA125S29	SES125	2.2612	-67.6804	-69.9416
BLOCK12/SES127/SA127S11	SES127	0.268776	-71.8705	-72.1393
BLOCK12/SES127/SA127S12	SES127	0.843498	-70.7619	-71.6054
BLOCK12/SES127/SA127S23	SES127	1.57149	-71.4143	-72.9858
BLOCK12/SES127/SA127S25	SES127	0.481194	-71.936	-72.4172
BLOCK12/SES127/SA127S27	SES127	2.26199	-71.2995	-73.5615
BLOCK12/SES129/SA129S11	SES129	1.37996	-69.6556	-71.0355
BLOCK12/SES129/SA129S12	SES129	2.25302	-69.024	-71.277
BLOCK12/SES129/SA129S22	SES129	1.27549	-69.6006	-70.8761
BLOCK12/SES129/SA129S27	SES129	2.25334	-68.3824	-70.6357
BLOCK12/SES129/SA129S29	SES129	2.30825	-68.3983	-70.7066
BLOCK14/SES142/SA142S11	SES142	2.69659	-72.2246	-74.9211
BLOCK14/SES142/SA142S12	SES142	1.84818	-72.9915	-74.8396
BLOCK14/SES142/SA142S24	SES142	3.35983	-72.0776	-75.4374
BLOCK14/SES142/SA142S27	SES142	2.65896	-70.9376	-73.5965
BLOCK14/SES142/SA142S29	SES142	2.62924	-70.9531	-73.5824
BLOCK14/SES143/SA143S12	SES143	1.03249	-71.758	-72.7905
BLOCK14/SES143/SA143S13	SES143	0.950775	-72.0002	-72.9509
BLOCK14/SES143/SA143S23	SES143	1.2575	-72.3872	-73.6447
BLOCK14/SES143/SA143S25	SES143	1.61317	-72.363	-73.9762
BLOCK14/SES143/SA143S28	SES143	1.17146	-71.7234	-72.8949
BLOCK14/SES144/SA144S09	SES144	0.380936	-70.6827	-71.0637
BLOCK14/SES144/SA144S11	SES144	0.781502	-71.4669	-72.2484
BLOCK14/SES144/SA144S21	SES144	0.100784	-71.8589	-71.9597
BLOCK14/SES144/SA144S25	SES144	0.225403	-71.4171	-71.6425
BLOCK14/SES144/SA144S29	SES144	0.13044	-71.6308	-71.7613
BLOCK14/SES146/SA146S14	SES146	0.578613	-70.3691	-70.9477
BLOCK14/SES146/SA146S15	SES146	0.290298	-71.4046	-71.6949
BLOCK14/SES146/SA146S24	SES146	0.72007	-71.0673	-71.7874
BLOCK14/SES146/SA146S26	SES146	0.977432	-71.4297	-72.4071
BLOCK14/SES146/SA146S29	SES146	0.817299	-71.1932	-72.0105
BLOCK14/SES147/SA147S11	SES147	1.50552	-71.9616	-73.4671
BLOCK14/SES147/SA147S13	SES147	1.57559	-70.9539	-72.5295
BLOCK14/SES147/SA147S23	SES147	1.92654	-72.5802	-74.5067
BLOCK14/SES147/SA147S26	SES147	1.79859	-71.7726	-73.5712
BLOCK14/SES147/SA147S28	SES147	1.87498	-71.3777	-73.2527
BLOCK14/SES148/SA148S10	SES148	0.705208	-70.1583	-70.8636
BLOCK14/SES148/SA148S12	SES148	0.565468	-71.4759	-72.0413
BLOCK14/SES148/SA148S22	SES148	0.666313	-69.9579	-70.6242
BLOCK14/SES148/SA148S26	SES148	0.717758	-70.858	-71.5758
BLOCK14/SES148/SA148S29	SES148	1.02081	-70.9144	-71.9352
BLOCK14/SES149/SA149S13	SES149	0.54361	-69.1363	-69.6799
BLOCK14/SES149/SA149S14	SES149	0.709488	-68.8014	-69.5109
BLOCK14/SES149/SA149S24	SES149	1.52612	-68.6471	-70.1733
BLOCK14/SES149/SA149S26	SES149	1.69758	-68.1874	-69.885
BLOCK14/SES149/SA149S28	SES149	2.16784	-67.5498	-69.7176
BLOCK15/SES158/SA158S13	SES158	1.56235	-69.244	-70.8064
BLOCK15/SES158/SA158S14	SES158	2.52911	-69.0399	-71.569
BLOCK15/SES158/SA158S23	SES158	1.67416	-68.9044	-70.5786
BLOCK15/SES158/SA158S26	SES158	2.54424	-68.985	-71.5293
BLOCK15/SES158/SA158S28	SES158	1.09727	-69.2679	-70.3652
BLOCK16/SES162/SA162S10	SES162	0.96244	-71.3956	-72.3581
BLOCK16/SES162/SA162S11	SES162	0.76149	-71.5502	-72.3117
BLOCK16/SES162/SA162S21	SES162	1.32845	-72.042	-73.3704
BLOCK16/SES162/SA162S24	SES162	1.34306	-71.542	-72.8851
BLOCK16/SES162/SA162S27	SES162	1.13896	-72.3252	-73.4641
BLOCK16/SES167/SA167S14	SES167	2.02392	-70.3116	-72.3355
BLOCK16/SES167/SA167S15	SES167	1.51414	-71.6332	-73.1473
BLOCK16/SES167/SA167S21	SES167	1.61708	-70.4424	-72.0594
BLOCK16/SES167/SA167S25	SES167	2.20403	-70.7251	-72.9292
BLOCK16/SES167/SA167S29	SES167	2.80357	-69.7971	-72.6007
BLOCK17/SES172/SA172S12	SES172	1.91923	-70.7829	-72.7022
BLOCK17/SES172/SA172S13	SES172	1.34982	-71.8151	-73.1649
BLOCK17/SES172/SA172S23	SES172	0.921463	-70.5744	-71.4959
BLOCK17/SES172/SA172S27	SES172	1.3699	-71.5654	-72.9352
BLOCK17/SES172/SA172S29	SES172	1.47145	-71.3024	-72.7739
BLOCK17/SES175/SA175S11	SES175	1.58643	-72.2001	-73.7866
BLOCK17/SES175/SA175S13	SES175	0.638687	-71.1355	-71.7742
BLOCK17/SES175/SA175S23	SES175	1.71971	-71.3512	-73.071
BLOCK17/SES175/SA175S25	SES175	1.29372	-72.6799	-73.9737
BLOCK17/SES175/SA175S28	SES175	1.8774	-71.6113	-73.4887
BLOCK17/SES177/SA177S15	SES177	0.888596	-70.9905	-71.8791
BLOCK17/SES177/SA177S17	SES177	0.696808	-71.3754	-72.0723
BLOCK17/SES177/SA177S23	SES177	0.878426	-71.6415	-72.5199
BLOCK17/SES177/SA177S26	SES177	0.63768	-70.2132	-70.8508
BLOCK17/SES177/SA177S28	SES177	0.694695	-70.8946	-71.5892
BLOCK18/SES180/SA180S13	SES180	1.2206	-71.6994	-72.92
BLOCK18/SES180/SA180S15	SES180	0.989006	-71.7363	-72.7253
BLOCK18/SES180/SA180S24	SES180	1.17671	-70.5286	-71.7054
BLOCK18/SES180/SA180S26	SES180	1.24781	-70.7115	-71.9593
BLOCK18/SES180/SA180S29	SES180	1.26033	-71.6568	-72.9171
BLOCK18/SES183/SA183S13	SES183	0.630829	-71.9601	-72.5909
BLOCK18/SES183/SA183S14	SES183	0.388695	-71.4357	-71.8244
BLOCK18/SES183/SA183S24	SES183	1.28368	-72.1037	-73.3874
BLOCK18/SES183/SA183S27	SES183	1.09392	-71.0846	-72.1786
BLOCK18/SES183/SA183S29	SES183	0.998436	-70.515	-71.5135
BLOCK18/SES187/SA187S13	SES187	1.23804	-73.054	-74.2921
BLOCK18/SES187/SA187S14	SES187	1.10184	-72.6109	-73.7127
BLOCK18/SES187/SA187S24	SES187	1.54357	-73.5023	-75.0459
BLOCK18/SES187/SA187S27	SES187	0.974136	-72.4307	-73.4048
BLOCK18/SES187/SA187S29	SES187	1.49939	-73.287	-74.7864
BLOCK18/SES189/SA189S10	SES189	3.201	-74.134	-77.335
BLOCK18/SES189/SA189S13	SES189	3.96818	-75.216	-79.1841
BLOCK18/SES189/SA189S24	SES189	4.46748	-74.2722	-78.7397
BLOCK18/SES189/SA189S26	SES189	2.49064	-73.9029	-76.3935
BLOCK18/SES189/SA189S29	SES189	3.16528	-74.245	-77.4103
BLOCK20/SES202/SA202S12	SES202	1.99203	-72.478	-74.47
BLOCK20/SES202/SA202S14	SES202	2.72202	-71.5277	-74.2497
BLOCK20/SES202/SA202S24	SES202	1.93796	-71.9278	-73.8658
BLOCK20/SES202/SA202S27	SES202	2.52446	-70.742	-73.2665
BLOCK20/SES202/SA202S29	SES202	3.45737	-70.7727	-74.2301
BLOCK20/SES206/SA206S15	SES206	1.40261	-68.0637	-69.4663
BLOCK20/SES206/SA206S17	SES206	2.39968	-67.0587	-69.4584
BLOCK20/SES206/SA206S24	SES206	2.08077	-67.0585	-69.1393
BLOCK20/SES206/SA206S27	SES206	2.08302	-67.3669	-69.4499
BLOCK20/SES206/SA206S29	SES206	2.28832	-65.8319	-68.1203
BLOCK22/SES226/SA226S12	SES226	1.58024	-69.4044	-70.9847
BLOCK22/SES226/SA226S13	SES226	0.575089	-69.3566	-69.9317
BLOCK22/SES226/SA226S20	SES226	1.77675	-68.9794	-70.7562
BLOCK22/SES226/SA226S23	SES226	1.09979	-68.738	-69.8378
BLOCK22/SES226/SA226S28	SES226	1.86284	-68.3621	-70.225
BLOCK25/SES259/SA259S13	SES259	2.2658	-67.7509	-70.0167
BLOCK25/SES259/SA259S14	SES259	1.86908	-67.4919	-69.3609
BLOCK25/SES259/SA259S22	SES259	1.87829	-67.2664	-69.1447
BLOCK25/SES259/SA259S24	SES259	2.42126	-66.0396	-68.4609
BLOCK25/SES259/SA259S28	SES259	2.05538	-67.0381	-69.0935
BLOCK27/SES270/SA270S14	SES270	2.61613	-68.3573	-70.9734
BLOCK27/SES270/SA270S16	SES270	1.97119	-68.4424	-70.4136
BLOCK27/SES270/SA270S22	SES270	1.96618	-68.3789	-70.345
BLOCK27/SES270/SA270S26	SES270	2.00201	-69.0545	-71.0565
BLOCK27/SES270/SA270S28	SES270	1.60349	-68.6319	-70.2354
BLOCK27/SES275/SA275S17	SES275	1.05267	-71.3599	-72.4126
BLOCK27/SES275/SA275S18	SES275	0.548073	-72.17	-72.718
BLOCK27/SES275/SA275S24	SES275	1.08225	-71.4372	-72.5194
BLOCK27/SES275/SA275S26	SES275	0.767227	-70.6855	-71.4527
BLOCK27/SES275/SA275S28	SES275	0.469948	-69.9523	-70.4223
BLOCK29/SES292/SA292S10	SES292	-0.133301	-72.1628	-72.0295
BLOCK29/SES292/SA292S12	SES292	-0.279968	-73.2045	-72.9246
BLOCK29/SES292/SA292S22	SES292	0.909706	-70.6848	-71.5945
BLOCK29/SES292/SA292S24	SES292	0.240219	-70.9132	-71.1534
BLOCK29/SES292/SA292S27	SES292	0.376732	-70.8972	-71.2739
BLOCK00/SES001/SA001S14	SES062	-0.143555	-71.3291	-71.1855
BLOCK00/SES001/SA001S14	SES082	-1.55601	-72.7415	-71.1855
BLOCK00/SES001/SA001S14	SES106	-2.84423	-74.0297	-71.1855
BLOCK00/SES001/SA001S14	SES206	-4.339	-75.5245	-71.1855
BLOCK00/SES001/SA001S15	SES062	-0.29142	-70.3769	-70.0855
BLOCK00/SES001/SA001S15	SES104	-1.84649	-71.932	-70.0855
BLOCK00/SES001/SA001S15	SES106	-1.92557	-72.0111	-70.0855
BLOCK00/SES001/SA001S15	SES206	-3.43603	-73.5215	-70.0855
BLOCK00/SES001/SA001S24	SES062	-1.06609	-73.1365	-72.0704
BLOCK00/SES001/SA001S24	SES082	-1.03977	-73.1101	-72.0704
BLOCK00/SES001/SA001S24	SES087	-3.26888	-75.3392	-72.0704
BLOCK00/SES001/SA001S24	SES206	-2.72353	-74.7939	-72.0704
BLOCK00/SES001/SA001S27	SES062	-0.481087	-70.2011	-69.72
BLOCK00/SES001/SA001S27	SES082	-2.48778	-72.2078	-69.72
BLOCK00/SES001/SA001S27	SES087	-3.47948	-73.1995	-69.72
BLOCK00/SES001/SA001S27	SES206	-3.64683	-73.3669	-69.72
BLOCK00/SES001/SA001S29	SES062	-0.401939	-72.2951	-71.8932
BLOCK00/SES001/SA001S29	SES082	-1.67687	-73.5701	-71.8932
BLOCK00/SES001/SA001S29	SES158	-1.12196	-73.0152	-71.8932
BLOCK00/SES001/SA001S29	SES206	-4.01128	-75.9045	-71.8932
BLOCK00/SES003/SA003S11	SES002	-0.717705	-71.5777	-70.86
BLOCK00/SES003/SA003S11	SES019	-0.0450439	-70.9051	-70.86
BLOCK00/SES003/SA003S11	SES082	0.994125	-69.8659	-70.86
BLOCK00/SES003/SA003S11	SES125	-0.105812	-70.9658	-70.86
BLOCK00/SES003/SA003S15	SES016	-2.49586	-72.6424	-70.1465
BLOCK00/SES003/SA003S15	SES019	-0.0965271	-70.243	-70.1465
BLOCK00/SES003/SA003S15	SES062	-0.926018	-71.0725	-70.1465
BLOCK00/SES003/SA003S15	SES206	0.390694	-69.7558	-70.1465
BLOCK00/SES003/SA003S22	SES002	-1.78674	-72.4037	-70.6169
BLOCK00/SES003/SA003S22	SES062	-0.933121	-71.55	-70.6169
BLOCK00/SES003/SA003S22	SES082	0.299828	-70.3171	-70.6169
BLOCK00/SES003/SA003S22	SES087	-0.727798	-71.3447	-70.6169
BLOCK00/SES003/SA003S25	SES062	-0.679489	-72.1936	-71.5141
BLOCK00/SES003/SA003S25	SES082	0.729996	-70.7841	-71.5141
BLOCK00/SES003/SA003S25	SES087	-2.02398	-73.5381	-71.5141
BLOCK00/SES003/SA003S25	SES206	-1.03405	-72.5482	-71.5141
BLOCK00/SES003/SA003S29	SES002	-2.38734	-72.477	-70.0897
BLOCK00/SES003/SA003S29	SES062	-1.11008	-71.1998	-70.0897
BLOCK00/SES003/SA003S29	SES082	0.425011	-69.6647	-70.0897
BLOCK00/SES003/SA003S29	SES087	-0.628304	-70.718	-70.0897
BLOCK00/SES004/SA004S12	SES083	-0.581406	-74.0012	-73.4198
BLOCK00/SES004/SA004S12	SES148	-0.689308	-74.1091	-73.4198
BLOCK00/SES004/SA004S12	SES172	-0.911018	-74.3308	-73.4198
BLOCK00/SES004/SA004S12	SES292	-1.00835	-74.4282	-73.4198
BLOCK00/SES004/SA004S17	SES083	-0.883682	-74.0488	-73.1651
BLOCK00/SES004/SA004S17	SES162	-0.518066	-73.6832	-73.1651
BLOCK00/SES004/SA004S17	SES172	-0.874718	-74.0398	-73.1651
BLOCK00/SES004/SA004S17	SES292	-0.65889	-73.824	-73.1651
BLOCK00/SES004/SA004S24	SES083	-0.507988	-73.6118	-73.1038
BLOCK00/SES004/SA004S24	SES148	-0.493172	-73.597	-73.1038
BLOCK00/SES004/SA004S24	SES172	-0.372253	-73.476	-73.1038
BLOCK00/SES004/SA004S24	SES292	-0.46273	-73.5665	-73.1038
BLOCK00/SES004/SA004S26	SES083	0.310341	-73.0985	-73.4088
BLOCK00/SES004/SA004S26	SES127	0.500305	-72.9085	-73.4088
BLOCK00/SES004/SA004S26	SES148	-0.0103912	-73.4192	-73.4088
BLOCK00/SES004/SA004S26	SES292	-0.0480652	-73.4569	-73.4088
BLOCK00/SES004/SA004S28	SES083	-0.536575	-73.8135	-73.2769
BLOCK00/SES004/SA004S28	SES127	-1.55682	-74.8337	-73.2769
BLOCK00/SES004/SA004S28	SES187	-0.411285	-73.6882	-73.2769
BLOCK00/SES004/SA004S28	SES292	-1.12983	-74.4067	-73.2769
BLOCK00/SES006/SA006S10	SES014	-0.486855	-72.0498	-71.5629
BLOCK00/SES006/SA006S10	SES158	0.362617	-71.2003	-71.5629
BLOCK00/SES006/SA006S10	SES226	-0.684738	-72.2476	-71.5629
BLOCK00/SES006/SA006S10	SES270	0.626488	-70.9364	-71.5629
BLOCK00/SES006/SA006S11	SES158	0.60627	-70.9096	-71.5159
BLOCK00/SES006/SA006S11	SES226	-0.594666	-72.1106	-71.5159
BLOCK00/SES006/SA006S11	SES270	0.853951	-70.662	-71.5159
BLOCK00/SES006/SA006S11	SES275	-2.14614	-73.662	-71.5159
BLOCK00/SES006/SA006S23	SES062	-1.6155	-71.1729	-69.5574
BLOCK00/SES006/SA006S23	SES105	-1.22609	-70.7835	-69.5574
BLOCK00/SES006/SA006S23	SES158	0.091156	-69.4662	-69.5574
BLOCK00/SES006/SA006S23	SES275	-1.52743	-71.0848	-69.5574
BLOCK00/SES006/SA006S26	SES104	0.00928497	-70.1923	-70.2016
BLOCK00/SES006/SA006S26	SES158	0.760376	-69.4412	-70.2016
BLOCK00/SES006/SA006S26	SES270	0.168205	-70.0334	-70.2016
BLOCK00/SES006/SA006S26	SES275	-1.72741	-71.929	-70.2016
BLOCK00/SES006/SA006S28	SES007	-1.42438	-72.4366	-71.0122
BLOCK00/SES006/SA006S28	SES105	-1.42815	-72.4404	-71.0122
BLOCK00/SES006/SA006S28	SES158	0.0649109	-70.9473	-71.0122
BLOCK00/SES006/SA006S28	SES275	-2.16517	-73.1774	-71.0122
BLOCK00/SES009/SA009S12	SES083	-0.0810013	-71.1593	-71.0783
BLOCK00/SES009/SA009S12	SES148	-0.545479	-71.6238	-71.0783
BLOCK00/SES009/SA009S12	SES177	-2.89645	-73.9748	-71.0783
BLOCK00/SES009/SA009S12	SES292	0.406944	-70.6714	-71.0783
BLOCK00/SES009/SA009S15	SES007	1.32828	-69.7002	-71.0285
BLOCK00/SES009/SA009S15	SES099	-7.71661	-78.7451	-71.0285
BLOCK00/SES009/SA009S15	SES148	-0.758781	-71.7873	-71.0285
BLOCK00/SES009/SA009S15	SES172	-1.44074	-72.4693	-71.0285
BLOCK00/SES009/SA009S24	SES146	0.111618	-71.146	-71.2576
BLOCK00/SES009/SA009S24	SES148	-0.145653	-71.4033	-71.2576
BLOCK00/SES009/SA009S24	SES177	-2.01352	-73.2711	-71.2576
BLOCK00/SES009/SA009S24	SES292	0.827919	-70.4297	-71.2576
BLOCK00/SES009/SA009S26	SES083	-0.275543	-71.8824	-71.6069
BLOCK00/SES009/SA009S26	SES101	-0.297127	-71.904	-71.6069
BLOCK00/SES009/SA009S26	SES120	0.107117	-71.4998	-71.6069
BLOCK00/SES009/SA009S26	SES177	-2.66627	-74.2731	-71.6069
BLOCK00/SES009/SA009S29	SES083	0.42189	-70.8399	-71.2618
BLOCK00/SES009/SA009S29	SES101	0.183784	-71.078	-71.2618
BLOCK00/SES009/SA009S29	SES177	-2.23946	-73.5013	-71.2618
BLOCK00/SES009/SA009S29	SES292	0.951149	-70.3107	-71.2618
BLOCK01/SES011/SA011S10	SES019	1.22933	-69.2588	-70.4881
BLOCK01/SES011/SA011S10	SES042	1.66785	-68.8203	-70.4881
BLOCK01/SES011/SA011S10	SES082	0.943832	-69.5443	-70.4881
BLOCK01/SES011/SA011S10	SES206	1.96631	-68.5218	-70.4881
BLOCK01/SES011/SA011S11	SES019	0.270706	-70.8646	-71.1353
BLOCK01/SES011/SA011S11	SES042	1.06187	-70.0735	-71.1353
BLOCK01/SES011/SA011S11	SES082	0.622246	-70.5131	-71.1353
BLOCK01/SES011/SA011S11	SES206	1.02809	-70.1072	-71.1353
BLOCK01/SES011/SA011S22	SES019	0.947411	-70.3153	-71.2627
BLOCK01/SES011/SA011S22	SES042	1.09309	-70.1696	-71.2627
BLOCK01/SES011/SA011S22	SES082	1.17421	-70.0885	-71.2627
BLOCK01/SES011/SA011S22	SES206	0.894447	-70.3682	-71.2627
BLOCK01/SES011/SA011S24	SES019	0.551796	-69.6005	-70.1523
BLOCK01/SES011/SA011S24	SES042	1.56165	-68.5906	-70.1523
BLOCK01/SES011/SA011S24	SES104	1.61603	-68.5363	-70.1523
BLOCK01/SES011/SA011S24	SES206	1.59022	-68.5621	-70.1523
BLOCK01/SES011/SA011S27	SES082	0.880211	-69.4452	-70.3254
BLOCK01/SES011/SA011S27	SES087	0.157707	-70.1677	-70.3254
BLOCK01/SES011/SA011S27	SES125	1.01391	-69.3115	-70.3254
BLOCK01/SES011/SA011S27	SES206	0.872398	-69.453	-70.3254
BLOCK01/SES012/SA012S11	SES007	-1.83402	-70.027	-68.193
BLOCK01/SES012/SA012S11	SES082	0.402451	-67.7906	-68.193
BLOCK01/SES012/SA012S11	SES083	-1.53732	-69.7303	-68.193
BLOCK01/SES012/SA012S11	SES206	1.15592	-67.0371	-68.193
BLOCK01/SES012/SA012S14	SES082	0.205078	-68.8851	-69.0902
BLOCK01/SES012/SA012S14	SES087	0.0737839	-69.0164	-69.0902
BLOCK01/SES012/SA012S14	SES206	0.44075	-68.6494	-69.0902
BLOCK01/SES012/SA012S14	SES292	-1.5865	-70.6767	-69.0902
BLOCK01/SES012/SA012S24	SES082	0.786758	-68.8988	-69.6855
BLOCK01/SES012/SA012S24	SES087	0.88459	-68.8009	-69.6855
BLOCK01/SES012/SA012S24	SES120	-2.21131	-71.8968	-69.6855
BLOCK01/SES012/SA012S24	SES206	0.481995	-69.2035	-69.6855
BLOCK01/SES012/SA012S26	SES019	-0.294411	-69.2561	-68.9617
BLOCK01/SES012/SA012S26	SES082	0.483452	-68.4783	-68.9617
BLOCK01/SES012/SA012S26	SES206	1.37703	-67.5847	-68.9617
BLOCK01/SES012/SA012S26	SES292	-1.79375	-70.7555	-68.9617
BLOCK01/SES012/SA012S29	SES062	-1.75581	-70.7444	-68.9886
BLOCK01/SES012/SA012S29	SES082	0.431046	-68.5576	-68.9886
BLOCK01/SES012/SA012S29	SES083	-1.35873	-70.3473	-68.9886
BLOCK01/SES012/SA012S29	SES206	1.09703	-67.8916	-68.9886
BLOCK01/SES013/SA013S16	SES062	-2.6835	-72.7656	-70.0821
BLOCK01/SES013/SA013S16	SES106	1.14195	-68.9402	-70.0821
BLOCK01/SES013/SA013S16	SES206	1.08595	-68.9962	-70.0821
BLOCK01/SES013/SA013S16	SES226	0.744034	-69.3381	-70.0821
BLOCK01/SES013/SA013S17	SES062	-2.09821	-71.2441	-69.1459
BLOCK01/SES013/SA013S17	SES106	1.07883	-68.067	-69.1459
BLOCK01/SES013/SA013S17	SES206	1.30722	-67.8387	-69.1459
BLOCK01/SES013/SA013S17	SES226	0.732864	-68.413	-69.1459
BLOCK01/SES013/SA013S23	SES104	0.773468	-69.4654	-70.2388
BLOCK01/SES013/SA013S23	SES106	1.70323	-68.5356	-70.2388
BLOCK01/SES013/SA013S23	SES206	1.10916	-69.1297	-70.2388
BLOCK01/SES013/SA013S23	SES270	1.63959	-68.5993	-70.2388
BLOCK01/SES013/SA013S25	SES042	1.06535	-68.3827	-69.4481
BLOCK01/SES013/SA013S25	SES104	1.07159	-68.3765	-69.4481
BLOCK01/SES013/SA013S25	SES106	1.73994	-67.7082	-69.4481
BLOCK01/SES013/SA013S25	SES206	1.5563	-67.8918	-69.4481
BLOCK01/SES013/SA013S29	SES062	-2.94389	-72.8645	-69.9206
BLOCK01/SES013/SA013S29	SES104	0.724739	-69.1959	-69.9206
BLOCK01/SES013/SA013S29	SES106	1.47458	-68.446	-69.9206
BLOCK01/SES013/SA013S29	SES206	1.02634	-68.8943	-69.9206
BLOCK02/SES021/SA021S13	SES016	-3.14177	-72.7564	-69.6146
BLOCK02/SES021/SA021S13	SES029	-2.25101	-71.8656	-69.6146
BLOCK02/SES021/SA021S13	SES087	-0.46299	-70.0776	-69.6146
BLOCK02/SES021/SA021S13	SES206	-0.418541	-70.0332	-69.6146
BLOCK02/SES021/SA021S15	SES087	0.544319	-68.4236	-68.9679
BLOCK02/SES021/SA021S15	SES125	1.33269	-67.6353	-68.9679
BLOCK02/SES021/SA021S15	SES206	0.855484	-68.1125	-68.9679
BLOCK02/SES021/SA021S15	SES226	1.37733	-67.5906	-68.9679
BLOCK02/SES021/SA021S23	SES062	-1.54175	-72.4729	-70.9311
BLOCK02/SES021/SA021S23	SES087	-0.705826	-71.6369	-70.9311
BLOCK02/SES021/SA021S23	SES206	-0.697945	-71.6291	-70.9311
BLOCK02/SES021/SA021S23	SES226	0.505066	-70.426	-70.9311
BLOCK02/SES021/SA021S27	SES002	-1.84341	-71.4935	-69.6501
BLOCK02/SES021/SA021S27	SES016	-3.25226	-72.9024	-69.6501
BLOCK02/SES021/SA021S27	SES019	-0.972	-70.6221	-69.6501
BLOCK02/SES021/SA021S27	SES062	-1.03448	-70.6846	-69.6501
BLOCK02/SES021/SA021S29	SES087	-0.263435	-70.2422	-69.9788
BLOCK02/SES021/SA021S29	SES125	0.953613	-69.0252	-69.9788
BLOCK02/SES021/SA021S29	SES206	-0.0974045	-70.0762	-69.9788
BLOCK02/SES021/SA021S29	SES226	0.787094	-69.1917	-69.9788
BLOCK04/SES043/SA043S09	SES083	-0.545998	-73.5863	-73.0403
BLOCK04/SES043/SA043S09	SES101	-1.35321	-74.3935	-73.0403
BLOCK04/SES043/SA043S09	SES144	-0.0274658	-73.0677	-73.0403
BLOCK04/SES043/SA043S09	SES172	-2.131	-75.1713	-73.0403
BLOCK04/SES043/SA043S11	SES083	-0.199287	-71.1693	-70.97
BLOCK04/SES043/SA043S11	SES101	-0.828316	-71.7983	-70.97
BLOCK04/SES043/SA043S11	SES144	-0.387558	-71.3576	-70.97
BLOCK04/SES043/SA043S11	SES172	-1.17276	-72.1428	-70.97
BLOCK04/SES043/SA043S23	SES083	-0.0765076	-72.1542	-72.0776
BLOCK04/SES043/SA043S23	SES144	-0.160187	-72.2378	-72.0776
BLOCK04/SES043/SA043S23	SES177	-2.11124	-74.1889	-72.0776
BLOCK04/SES043/SA043S23	SES275	-0.528816	-72.6065	-72.0776
BLOCK04/SES043/SA043S26	SES083	0.0978699	-70.7044	-70.8023
BLOCK04/SES043/SA043S26	SES101	-0.784355	-71.5867	-70.8023
BLOCK04/SES043/SA043S26	SES144	-0.190941	-70.9933	-70.8023
BLOCK04/SES043/SA043S26	SES177	-1.26296	-72.0653	-70.8023
BLOCK04/SES043/SA043S28	SES016	-1.2849	-72.1041	-70.8192
BLOCK04/SES043/SA043S28	SES083	-0.00107574	-70.8203	-70.8192
BLOCK04/SES043/SA043S28	SES101	-0.683334	-71.5025	-70.8192
BLOCK04/SES043/SA043S28	SES144	-0.774139	-71.5933	-70.8192
BLOCK04/SES044/SA044S10	SES127	-0.493279	-75.3111	-74.8178
BLOCK04/SES044/SA044S10	SES144	0.356178	-74.4616	-74.8178
BLOCK04/SES044/SA044S10	SES147	-0.801033	-75.6189	-74.8178
BLOCK04/SES044/SA044S10	SES148	-1.21098	-76.0288	-74.8178
BLOCK04/SES044/SA044S11	SES101	-0.848221	-74.558	-73.7098
BLOCK04/SES044/SA044S11	SES144	-0.0540009	-73.7638	-73.7098
BLOCK04/SES044/SA044S11	SES147	-0.397316	-74.1071	-73.7098
BLOCK04/SES044/SA044S11	SES177	-0.224236	-73.934	-73.7098
BLOCK04/SES044/SA044S24	SES007	-0.447708	-73.2401	-72.7924
BLOCK04/SES044/SA044S24	SES101	-0.889503	-73.6819	-72.7924
BLOCK04/SES044/SA044S24	SES147	-2.00869	-74.801	-72.7924
BLOCK04/SES044/SA044S24	SES177	-1.53905	-74.3314	-72.7924
BLOCK04/SES044/SA044S26	SES007	-0.597511	-73.1618	-72.5643
BLOCK04/SES044/SA044S26	SES016	-0.0461807	-72.6105	-72.5643
BLOCK04/SES044/SA044S26	SES101	-0.866516	-73.4309	-72.5643
BLOCK04/SES044/SA044S26	SES147	-0.28727	-72.8516	-72.5643
BLOCK04/SES044/SA044S29	SES007	-0.832527	-73.0641	-72.2315
BLOCK04/SES044/SA044S29	SES101	-0.575409	-72.8069	-72.2315
BLOCK04/SES044/SA044S29	SES147	-0.0257339	-72.2573	-72.2315
BLOCK04/SES044/SA044S29	SES177	-0.174736	-72.4063	-72.2315
BLOCK04/SES046/SA046S13	SES101	-1.26235	-75.3731	-74.1108
BLOCK04/SES046/SA046S13	SES144	-0.127785	-74.2385	-74.1108
BLOCK04/SES046/SA046S13	SES147	-0.374016	-74.4848	-74.1108
BLOCK04/SES046/SA046S13	SES177	0.631371	-73.4794	-74.1108
BLOCK04/SES046/SA046S15	SES048	-2.15851	-73.8654	-71.7069
BLOCK04/SES046/SA046S15	SES083	0.0784302	-71.6284	-71.7069
BLOCK04/SES046/SA046S15	SES120	-0.0629501	-71.7698	-71.7069
BLOCK04/SES046/SA046S15	SES148	-0.176781	-71.8836	-71.7069
BLOCK04/SES046/SA046S22	SES101	-0.698257	-74.0838	-73.3855
BLOCK04/SES046/SA046S22	SES144	-0.267235	-73.6527	-73.3855
BLOCK04/SES046/SA046S22	SES147	0.27124	-73.1143	-73.3855
BLOCK04/SES046/SA046S22	SES172	-0.104897	-73.4904	-73.3855
BLOCK04/SES046/SA046S25	SES083	-0.492279	-72.6804	-72.1881
BLOCK04/SES046/SA046S25	SES127	-0.241425	-72.4295	-72.1881
BLOCK04/SES046/SA046S25	SES144	-0.911041	-73.0991	-72.1881
BLOCK04/SES046/SA046S25	SES148	-0.484322	-72.6724	-72.1881
BLOCK04/SES046/SA046S28	SES007	-1.14603	-74.0862	-72.9401
BLOCK04/SES046/SA046S28	SES105	-1.47174	-74.4119	-72.9401
BLOCK04/SES046/SA046S28	SES147	-0.230675	-73.1708	-72.9401
BLOCK04/SES046/SA046S28	SES148	-0.64386	-73.584	-72.9401
BLOCK04/SES049/SA049S16	SES104	1.20987	-69.9823	-71.1922
BLOCK04/SES049/SA049S16	SES106	0.782539	-70.4096	-71.1922
BLOCK04/SES049/SA049S16	SES120	-2.0607	-73.2529	-71.1922
BLOCK04/SES049/SA049S16	SES206	0.580254	-70.6119	-71.1922
BLOCK04/SES049/SA049S18	SES099	-1.05225	-72.1435	-71.0913
BLOCK04/SES049/SA049S18	SES104	0.549187	-70.5421	-71.0913
BLOCK04/SES049/SA049S18	SES125	-0.230759	-71.322	-71.0913
BLOCK04/SES049/SA049S18	SES206	0.343613	-70.7476	-71.0913
BLOCK04/SES049/SA049S25	SES087	0.212021	-70.7456	-70.9576
BLOCK04/SES049/SA049S25	SES104	1.24271	-69.7149	-70.9576
BLOCK04/SES049/SA049S25	SES125	0.41069	-70.5469	-70.9576
BLOCK04/SES049/SA049S25	SES206	1.08921	-69.8684	-70.9576
BLOCK04/SES049/SA049S27	SES099	-0.682289	-71.1346	-70.4523
BLOCK04/SES049/SA049S27	SES104	1.04647	-69.4058	-70.4523
BLOCK04/SES049/SA049S27	SES125	0.23629	-70.216	-70.4523
BLOCK04/SES049/SA049S27	SES206	0.334679	-70.1176	-70.4523
BLOCK04/SES049/SA049S29	SES099	-0.592712	-70.5852	-69.9925
BLOCK04/SES049/SA049S29	SES104	1.15365	-68.8389	-69.9925
BLOCK04/SES049/SA049S29	SES125	0.450066	-69.5424	-69.9925
BLOCK04/SES049/SA049S29	SES206	0.733437	-69.2591	-69.9925
BLOCK06/SES063/SA063S09	SES068	-0.657524	-72.4143	-71.7568
BLOCK06/SES063/SA063S09	SES083	0.204933	-71.5519	-71.7568
BLOCK06/SES063/SA063S09	SES177	0.714973	-71.0418	-71.7568
BLOCK06/SES063/SA063S09	SES187	0.565926	-71.1909	-71.7568
BLOCK06/SES063/SA063S10	SES068	0.240479	-72.3062	-72.5466
BLOCK06/SES063/SA063S10	SES083	0.534416	-72.0122	-72.5466
BLOCK06/SES063/SA063S10	SES172	1.3624	-71.1842	-72.5466
BLOCK06/SES063/SA063S10	SES187	1.02866	-71.518	-72.5466
BLOCK06/SES063/SA063S20	SES068	-1.21539	-73.9044	-72.689
BLOCK06/SES063/SA063S20	SES083	-0.265541	-72.9546	-72.689
BLOCK06/SES063/SA063S20	SES172	0.0874176	-72.6016	-72.689
BLOCK06/SES063/SA063S20	SES187	1.29018	-71.3988	-72.689
BLOCK06/SES063/SA063S24	SES029	0.531677	-71.0081	-71.5397
BLOCK06/SES063/SA063S24	SES083	0.717758	-70.822	-71.5397
BLOCK06/SES063/SA063S24	SES177	1.37685	-70.1629	-71.5397
BLOCK06/SES063/SA063S24	SES189	-0.583801	-72.1236	-71.5397
BLOCK06/SES063/SA063S27	SES083	0.274101	-72.9161	-73.1902
BLOCK06/SES063/SA063S27	SES172	0.437103	-72.7531	-73.1902
BLOCK06/SES063/SA063S27	SES187	0.359467	-72.8307	-73.1902
BLOCK06/SES063/SA063S27	SES292	-0.608719	-73.7989	-73.1902
BLOCK06/SES067/SA067S12	SES083	-0.704636	-72.3864	-71.6818
BLOCK06/SES067/SA067S12	SES172	-1.31068	-72.9925	-71.6818
BLOCK06/SES067/SA067S12	SES202	0.431351	-71.2504	-71.6818
BLOCK06/SES067/SA067S12	SES292	-1.71893	-73.4007	-71.6818
BLOCK06/SES067/SA067S14	SES085	-0.715187	-71.8526	-71.1375
BLOCK06/SES067/SA067S14	SES177	-0.344719	-71.4822	-71.1375
BLOCK06/SES067/SA067S14	SES183	-1.31985	-72.4573	-71.1375
BLOCK06/SES067/SA067S14	SES202	-0.59996	-71.7374	-71.1375
BLOCK06/SES067/SA067S21	SES144	0.0595245	-73.4568	-73.5163
BLOCK06/SES067/SA067S21	SES177	0.262634	-73.2537	-73.5163
BLOCK06/SES067/SA067S21	SES183	-2.13101	-75.6474	-73.5163
BLOCK06/SES067/SA067S21	SES189	0.36042	-73.1559	-73.5163
BLOCK06/SES067/SA067S25	SES085	0.371338	-71.9302	-72.3015
BLOCK06/SES067/SA067S25	SES177	0.510399	-71.7911	-72.3015
BLOCK06/SES067/SA067S25	SES183	-0.686218	-72.9877	-72.3015
BLOCK06/SES067/SA067S25	SES202	0.636368	-71.6651	-72.3015
BLOCK06/SES067/SA067S29	SES085	0.722839	-72.0727	-72.7955
BLOCK06/SES067/SA067S29	SES177	0.654503	-72.141	-72.7955
BLOCK06/SES067/SA067S29	SES183	-0.297554	-73.0931	-72.7955
BLOCK06/SES067/SA067S29	SES202	1.35237	-71.4432	-72.7955
BLOCK06/SES069/SA069S12	SES029	-1.60295	-71.84	-70.237
BLOCK06/SES069/SA069S12	SES082	0.384468	-69.8526	-70.237
BLOCK06/SES069/SA069S12	SES087	-0.464851	-70.7019	-70.237
BLOCK06/SES069/SA069S12	SES206	-0.194801	-70.4318	-70.237
BLOCK06/SES069/SA069S13	SES029	-1.42826	-71.5532	-70.125
BLOCK06/SES069/SA069S13	SES087	-1.17303	-71.298	-70.125
BLOCK06/SES069/SA069S13	SES206	-1.46301	-71.588	-70.125
BLOCK06/SES069/SA069S13	SES226	-1.0911	-71.2161	-70.125
BLOCK06/SES069/SA069S23	SES029	-1.35921	-69.9511	-68.5919
BLOCK06/SES069/SA069S23	SES087	-0.350136	-68.9421	-68.5919
BLOCK06/SES069/SA069S23	SES206	-0.13591	-68.7278	-68.5919
BLOCK06/SES069/SA069S23	SES226	0.498314	-68.0936	-68.5919
BLOCK06/SES069/SA069S25	SES087	-0.449287	-68.9703	-68.521
BLOCK06/SES069/SA069S25	SES206	-0.717148	-69.2382	-68.521
BLOCK06/SES069/SA069S25	SES226	-0.519737	-69.0408	-68.521
BLOCK06/SES069/SA069S25	SES270	-0.945496	-69.4665	-68.521
BLOCK06/SES069/SA069S27	SES087	-0.296875	-69.6075	-69.3106
BLOCK06/SES069/SA069S27	SES206	0.404129	-68.9065	-69.3106
BLOCK06/SES069/SA069S27	SES226	1.04198	-68.2687	-69.3106
BLOCK06/SES069/SA069S27	SES270	-0.42054	-69.7312	-69.3106
BLOCK08/SES081/SA081S11	SES060	-0.982018	-73.7438	-72.7617
BLOCK08/SES081/SA081S11	SES062	-2.85506	-75.6168	-72.7617
BLOCK08/SES081/SA081S11	SES117	-0.826782	-73.5885	-72.7617
BLOCK08/SES081/SA081S11	SES162	0.249672	-72.5121	-72.7617
BLOCK08/SES081/SA081S13	SES016	0.017128	-71.5941	-71.6113
BLOCK08/SES081/SA081S13	SES060	-0.129387	-71.7407	-71.6113
BLOCK08/SES081/SA081S13	SES068	0.647408	-70.9639	-71.6113
BLOCK08/SES081/SA081S13	SES129	-1.28248	-72.8937	-71.6113
BLOCK08/SES081/SA081S24	SES060	-0.209648	-72.8712	-72.6615
BLOCK08/SES081/SA081S24	SES068	0.406952	-72.2546	-72.6615
BLOCK08/SES081/SA081S24	SES117	-0.362633	-73.0242	-72.6615
BLOCK08/SES081/SA081S24	SES275	-0.966934	-73.6285	-72.6615
BLOCK08/SES081/SA081S27	SES007	-1.01278	-74.0112	-72.9984
BLOCK08/SES081/SA081S27	SES060	-0.400513	-73.3989	-72.9984
BLOCK08/SES081/SA081S27	SES117	-0.263489	-73.2619	-72.9984
BLOCK08/SES081/SA081S27	SES275	-1.30379	-74.3022	-72.9984
BLOCK08/SES081/SA081S29	SES007	-0.597389	-73.1162	-72.5188
BLOCK08/SES081/SA081S29	SES060	0.0877914	-72.431	-72.5188
BLOCK08/SES081/SA081S29	SES117	-0.282616	-72.8014	-72.5188
BLOCK08/SES081/SA081S29	SES275	-1.09557	-73.6144	-72.5188
BLOCK08/SES086/SA086S11	SES029	-2.60229	-73.5704	-70.9681
BLOCK08/SES086/SA086S11	SES082	0.0706406	-70.8975	-70.9681
BLOCK08/SES086/SA086S11	SES087	0.274033	-70.6941	-70.9681
BLOCK08/SES086/SA086S11	SES206	0.519966	-70.4482	-70.9681
BLOCK08/SES086/SA086S12	SES029	-2.22382	-72.0981	-69.8743
BLOCK08/SES086/SA086S12	SES082	0.256844	-69.6174	-69.8743
BLOCK08/SES086/SA086S12	SES087	1.02431	-68.85	-69.8743
BLOCK08/SES086/SA086S12	SES206	0.814056	-69.0602	-69.8743
BLOCK08/SES086/SA086S20	SES029	-2.32585	-71.6819	-69.356
BLOCK08/SES086/SA086S20	SES082	0.754524	-68.6015	-69.356
BLOCK08/SES086/SA086S20	SES087	1.09864	-68.2574	-69.356
BLOCK08/SES086/SA086S20	SES206	1.87193	-67.4841	-69.356
BLOCK08/SES086/SA086S24	SES087	1.13439	-69.1571	-70.2915
BLOCK08/SES086/SA086S24	SES104	1.04072	-69.2508	-70.2915
BLOCK08/SES086/SA086S24	SES120	-2.09115	-72.3827	-70.2915
BLOCK08/SES086/SA086S24	SES206	1.72525	-68.5663	-70.2915
BLOCK08/SES086/SA086S28	SES029	-1.91399	-71.0384	-69.1244
BLOCK08/SES086/SA086S28	SES082	0.451241	-68.6731	-69.1244
BLOCK08/SES086/SA086S28	SES087	1.14691	-67.9775	-69.1244
BLOCK08/SES086/SA086S28	SES206	1.24612	-67.8783	-69.1244
BLOCK08/SES089/SA089S13	SES087	-1.75477	-72.695	-70.9402
BLOCK08/SES089/SA089S13	SES206	-1.87673	-72.817	-70.9402
BLOCK08/SES089/SA089S13	SES226	-0.147095	-71.0873	-70.9402
BLOCK08/SES089/SA089S13	SES270	-2.47585	-73.4161	-70.9402
BLOCK08/SES089/SA089S14	SES062	-1.09904	-71.0048	-69.9058
BLOCK08/SES089/SA089S14	SES087	0.0330429	-69.8727	-69.9058
BLOCK08/SES089/SA089S14	SES206	-0.386604	-70.2924	-69.9058
BLOCK08/SES089/SA089S14	SES226	0.512688	-69.3931	-69.9058
BLOCK08/SES089/SA089S23	SES087	-1.5405	-73.2334	-71.6929
BLOCK08/SES089/SA089S23	SES206	-2.30104	-73.9939	-71.6929
BLOCK08/SES089/SA089S23	SES226	0.309143	-71.3837	-71.6929
BLOCK08/SES089/SA089S23	SES270	-3.79277	-75.4856	-71.6929
BLOCK08/SES089/SA089S25	SES062	-0.852348	-71.322	-70.4696
BLOCK08/SES089/SA089S25	SES087	-1.48169	-71.9513	-70.4696
BLOCK08/SES089/SA089S25	SES206	-1.8531	-72.3227	-70.4696
BLOCK08/SES089/SA089S25	SES226	1.06031	-69.4093	-70.4696
BLOCK08/SES089/SA089S28	SES062	-1.09346	-71.8002	-70.7067
BLOCK08/SES089/SA089S28	SES087	-0.86187	-71.5686	-70.7067
BLOCK08/SES089/SA089S28	SES206	-1.13966	-71.8464	-70.7067
BLOCK08/SES089/SA089S28	SES226	0.971527	-69.7352	-70.7067
BLOCK09/SES097/SA097S11	SES099	0.953423	-69.9532	-70.9066
BLOCK09/SES097/SA097S11	SES125	0.739349	-70.1673	-70.9066
BLOCK09/SES097/SA097S11	SES206	0.568542	-70.3381	-70.9066
BLOCK09/SES097/SA097S11	SES226	0.0265961	-70.88	-70.9066
BLOCK09/SES097/SA097S14	SES062	-1.82787	-72.2889	-70.461
BLOCK09/SES097/SA097S14	SES099	-0.525993	-70.987	-70.461
BLOCK09/SES097/SA097S14	SES104	0.437218	-70.0238	-70.461
BLOCK09/SES097/SA097S14	SES206	0.0941315	-70.3669	-70.461
BLOCK09/SES097/SA097S22	SES099	0.398254	-70.4025	-70.8007
BLOCK09/SES097/SA097S22	SES206	1.22521	-69.5755	-70.8007
BLOCK09/SES097/SA097S22	SES226	0.759911	-70.0408	-70.8007
BLOCK09/SES097/SA097S22	SES270	1.17242	-69.6283	-70.8007
BLOCK09/SES097/SA097S26	SES099	0.651955	-69.4281	-70.0801
BLOCK09/SES097/SA097S26	SES120	-1.92937	-72.0095	-70.0801
BLOCK09/SES097/SA097S26	SES206	1.36076	-68.7193	-70.0801
BLOCK09/SES097/SA097S26	SES226	0.440346	-69.6397	-70.0801
BLOCK09/SES097/SA097S28	SES099	-0.129623	-70.1591	-70.0295
BLOCK09/SES097/SA097S28	SES120	-1.77657	-71.806	-70.0295
BLOCK09/SES097/SA097S28	SES206	0.0737305	-69.9557	-70.0295
BLOCK09/SES097/SA097S28	SES226	0.115639	-69.9138	-70.0295
BLOCK09/SES098/SA098S11	SES127	-0.350136	-75.2948	-74.9447
BLOCK09/SES098/SA098S11	SES144	-0.159859	-75.1046	-74.9447
BLOCK09/SES098/SA098S11	SES147	0.421638	-74.5231	-74.9447
BLOCK09/SES098/SA098S11	SES148	-0.914001	-75.8587	-74.9447
BLOCK09/SES098/SA098S12	SES127	-0.745117	-78.0399	-77.2947
BLOCK09/SES098/SA098S12	SES144	0.29425	-77.0005	-77.2947
BLOCK09/SES098/SA098S12	SES147	0.938049	-76.3567	-77.2947
BLOCK09/SES098/SA098S12	SES189	0.820862	-76.4739	-77.2947
BLOCK09/SES098/SA098S20	SES127	-0.770279	-76.8195	-76.0492
BLOCK09/SES098/SA098S20	SES147	0.935493	-75.1137	-76.0492
BLOCK09/SES098/SA098S20	SES148	-1.31447	-77.3637	-76.0492
BLOCK09/SES098/SA098S20	SES292	-2.07027	-78.1195	-76.0492
BLOCK09/SES098/SA098S23	SES127	0.374039	-74.4273	-74.8014
BLOCK09/SES098/SA098S23	SES147	0.803741	-73.9976	-74.8014
BLOCK09/SES098/SA098S23	SES187	1.22701	-73.5744	-74.8014
BLOCK09/SES098/SA098S23	SES292	-1.15501	-75.9564	-74.8014
BLOCK09/SES098/SA098S27	SES127	-0.981178	-76.396	-75.4148
BLOCK09/SES098/SA098S27	SES147	0.317307	-75.0975	-75.4148
BLOCK09/SES098/SA098S27	SES148	-1.61323	-77.0281	-75.4148
BLOCK09/SES098/SA098S27	SES292	-2.59347	-78.0083	-75.4148
BLOCK10/SES102/SA102S13	SES101	-0.269928	-72.8249	-72.555
BLOCK10/SES102/SA102S13	SES105	-1.22952	-73.7845	-72.555
BLOCK10/SES102/SA102S13	SES120	-0.628609	-73.1836	-72.555
BLOCK10/SES102/SA102S13	SES158	-11.2979	-83.8529	-72.555
BLOCK10/SES102/SA102S14	SES007	0.419899	-71.3223	-71.7422
BLOCK10/SES102/SA102S14	SES101	-0.0781555	-71.8203	-71.7422
BLOCK10/SES102/SA102S14	SES105	-0.270149	-72.0123	-71.7422
BLOCK10/SES102/SA102S14	SES147	-1.73407	-73.4763	-71.7422
BLOCK10/SES102/SA102S22	SES007	-0.0313797	-70.8244	-70.793
BLOCK10/SES102/SA102S22	SES101	0.0984879	-70.6945	-70.793
BLOCK10/SES102/SA102S22	SES105	-0.364197	-71.1572	-70.793
BLOCK10/SES102/SA102S22	SES158	-4.29362	-75.0866	-70.793
BLOCK10/SES102/SA102S25	SES007	0.0209961	-71.0075	-71.0285
BLOCK10/SES102/SA102S25	SES101	-0.167862	-71.1963	-71.0285
BLOCK10/SES102/SA102S25	SES105	-0.0778961	-71.1064	-71.0285
BLOCK10/SES102/SA102S25	SES147	-2.77095	-73.7994	-71.0285
BLOCK10/SES102/SA102S27	SES007	-0.149437	-72.3946	-72.2451
BLOCK10/SES102/SA102S27	SES101	-0.499001	-72.7441	-72.2451
BLOCK10/SES102/SA102S27	SES105	-0.6735	-72.9186	-72.2451
BLOCK10/SES102/SA102S27	SES147	-1.66968	-73.9148	-72.2451
BLOCK10/SES103/SA103S14	SES105	-1.44058	-71.9274	-70.4868
BLOCK10/SES103/SA103S14	SES106	0.395912	-70.0909	-70.4868
BLOCK10/SES103/SA103S14	SES120	-1.68498	-72.1718	-70.4868
BLOCK10/SES103/SA103S14	SES206	0.0587692	-70.428	-70.4868
BLOCK10/SES103/SA103S15	SES099	-0.995171	-72.7308	-71.7356
BLOCK10/SES103/SA103S15	SES101	-2.38091	-74.1165	-71.7356
BLOCK10/SES103/SA103S15	SES104	0.366562	-71.369	-71.7356
BLOCK10/SES103/SA103S15	SES125	-0.386459	-72.1221	-71.7356
BLOCK10/SES103/SA103S24	SES104	0.240654	-69.835	-70.0757
BLOCK10/SES103/SA103S24	SES125	-0.287209	-70.3629	-70.0757
BLOCK10/SES103/SA103S24	SES148	-2.45482	-72.5305	-70.0757
BLOCK10/SES103/SA103S24	SES158	0.679214	-69.3965	-70.0757
BLOCK10/SES103/SA103S26	SES104	-0.355095	-71.8247	-71.4696
BLOCK10/SES103/SA103S26	SES106	0.228279	-71.2413	-71.4696
BLOCK10/SES103/SA103S26	SES125	-0.645668	-72.1153	-71.4696
BLOCK10/SES103/SA103S26	SES148	-2.05946	-73.5291	-71.4696
BLOCK10/SES103/SA103S28	SES104	0.145721	-72.93	-73.0757
BLOCK10/SES103/SA103S28	SES106	0.102516	-72.9732	-73.0757
BLOCK10/SES103/SA103S28	SES125	-0.828522	-73.9042	-73.0757
BLOCK10/SES103/SA103S28	SES206	-1.35497	-74.4307	-73.0757
BLOCK12/SES121/SA121S12	SES042	-1.28701	-72.9863	-71.6993
BLOCK12/SES121/SA121S12	SES087	-0.856659	-72.556	-71.6993
BLOCK12/SES121/SA121S12	SES105	-0.923035	-72.6224	-71.6993
BLOCK12/SES121/SA121S12	SES206	-0.591537	-72.2909	-71.6993
BLOCK12/SES121/SA121S14	SES007	-1.96684	-73.8351	-71.8683
BLOCK12/SES121/SA121S14	SES105	-1.32361	-73.1919	-71.8683
BLOCK12/SES121/SA121S14	SES106	-0.14962	-72.0179	-71.8683
BLOCK12/SES121/SA121S14	SES206	-0.363609	-72.2319	-71.8683
BLOCK12/SES121/SA121S23	SES105	-0.990425	-73.4334	-72.4429
BLOCK12/SES121/SA121S23	SES106	-0.428673	-72.8716	-72.4429
BLOCK12/SES121/SA121S23	SES120	-2.30846	-74.7514	-72.4429
BLOCK12/SES121/SA121S23	SES206	-0.847389	-73.2903	-72.4429
BLOCK12/SES121/SA121S25	SES007	-1.97516	-74.5842	-72.609
BLOCK12/SES121/SA121S25	SES105	-1.5983	-74.2073	-72.609
BLOCK12/SES121/SA121S25	SES106	0.257538	-72.3515	-72.609
BLOCK12/SES121/SA121S25	SES206	0.177765	-72.4313	-72.609
BLOCK12/SES121/SA121S27	SES087	-0.328308	-72.4341	-72.1058
BLOCK12/SES121/SA121S27	SES105	-1.46062	-73.5664	-72.1058
BLOCK12/SES121/SA121S27	SES120	-2.24352	-74.3493	-72.1058
BLOCK12/SES121/SA121S27	SES206	0.205826	-71.8999	-72.1058
BLOCK12/SES124/SA124S16	SES042	0.470116	-69.823	-70.2931
BLOCK12/SES124/SA124S16	SES082	0.0769196	-70.2162	-70.2931
BLOCK12/SES124/SA124S16	SES183	-2.77083	-73.0639	-70.2931
BLOCK12/SES124/SA124S16	SES206	0.0969925	-70.1961	-70.2931
BLOCK12/SES124/SA124S17	SES105	-1.54437	-72.7453	-71.2009
BLOCK12/SES124/SA124S17	SES149	-0.31266	-71.5135	-71.2009
BLOCK12/SES124/SA124S17	SES158	0.37574	-70.8251	-71.2009
BLOCK12/SES124/SA124S17	SES275	-2.22392	-73.4248	-71.2009
BLOCK12/SES124/SA124S23	SES105	-1.87926	-70.7767	-68.8975
BLOCK12/SES124/SA124S23	SES125	1.65585	-67.2416	-68.8975
BLOCK12/SES124/SA124S23	SES129	-2.57274	-71.4702	-68.8975
BLOCK12/SES124/SA124S23	SES158	0.923286	-67.9742	-68.8975
BLOCK12/SES124/SA124S26	SES105	-2.1672	-72.6751	-70.5079
BLOCK12/SES124/SA124S26	SES125	1.80298	-68.7049	-70.5079
BLOCK12/SES124/SA124S26	SES129	-2.4565	-72.9644	-70.5079
BLOCK12/SES124/SA124S26	SES158	1.35072	-69.1572	-70.5079
BLOCK12/SES124/SA124S28	SES104	1.43466	-68.5492	-69.9839
BLOCK12/SES124/SA124S28	SES106	1.36493	-68.619	-69.9839
BLOCK12/SES124/SA124S28	SES125	1.37089	-68.613	-69.9839
BLOCK12/SES124/SA124S28	SES275	-2.36672	-72.3506	-69.9839
BLOCK12/SES126/SA126S13	SES007	-1.14968	-75.8122	-74.6625
BLOCK12/SES126/SA126S13	SES162	1.09779	-73.5647	-74.6625
BLOCK12/SES126/SA126S13	SES177	0.660172	-74.0024	-74.6625
BLOCK12/SES126/SA126S13	SES180	1.00674	-73.6558	-74.6625
BLOCK12/SES126/SA126S14	SES144	0.0199585	-72.8218	-72.8418
BLOCK12/SES126/SA126S14	SES148	-0.204025	-73.0458	-72.8418
BLOCK12/SES126/SA126S14	SES177	1.32139	-71.5204	-72.8418
BLOCK12/SES126/SA126S14	SES180	1.35959	-71.4822	-72.8418
BLOCK12/SES126/SA126S20	SES007	-1.42265	-74.3992	-72.9765
BLOCK12/SES126/SA126S20	SES162	-1.08844	-74.065	-72.9765
BLOCK12/SES126/SA126S20	SES172	-2.41544	-75.392	-72.9765
BLOCK12/SES126/SA126S20	SES180	-0.211685	-73.1882	-72.9765
BLOCK12/SES126/SA126S24	SES120	-0.592133	-73.7268	-73.1347
BLOCK12/SES126/SA126S24	SES162	1.03735	-72.0973	-73.1347
BLOCK12/SES126/SA126S24	SES177	0.887611	-72.2471	-73.1347
BLOCK12/SES126/SA126S24	SES180	1.34577	-71.7889	-73.1347
BLOCK12/SES126/SA126S26	SES120	0.0418701	-73.4839	-73.5257
BLOCK12/SES126/SA126S26	SES177	0.16925	-73.3565	-73.5257
BLOCK12/SES126/SA126S26	SES180	0.76062	-72.7651	-73.5257
BLOCK12/SES126/SA126S26	SES202	-1.17909	-74.7048	-73.5257
BLOCK12/SES128/SA128S10	SES087	-0.460976	-70.2694	-69.8085
BLOCK12/SES128/SA128S10	SES206	0.218994	-69.5895	-69.8085
BLOCK12/SES128/SA128S10	SES226	0.79837	-69.0101	-69.8085
BLOCK12/SES128/SA128S10	SES270	-0.291443	-70.0999	-69.8085
BLOCK12/SES128/SA128S12	SES120	-1.96488	-72.3933	-70.4284
BLOCK12/SES128/SA128S12	SES158	0.197968	-70.2304	-70.4284
BLOCK12/SES128/SA128S12	SES206	0.183334	-70.2451	-70.4284
BLOCK12/SES128/SA128S12	SES226	0.681839	-69.7466	-70.4284
BLOCK12/SES128/SA128S21	SES106	-1.47672	-74.3996	-72.9229
BLOCK12/SES128/SA128S21	SES120	-1.20255	-74.1255	-72.9229
BLOCK12/SES128/SA128S21	SES206	-1.68575	-74.6086	-72.9229
BLOCK12/SES128/SA128S21	SES226	0.635437	-72.2875	-72.9229
BLOCK12/SES128/SA128S24	SES087	-2.08331	-73.5454	-71.4621
BLOCK12/SES128/SA128S24	SES120	-1.38641	-72.8485	-71.4621
BLOCK12/SES128/SA128S24	SES206	-1.61984	-73.0819	-71.4621
BLOCK12/SES128/SA128S24	SES226	-0.290215	-71.7523	-71.4621
BLOCK12/SES128/SA128S27	SES099	-2.94203	-73.1818	-70.2398
BLOCK12/SES128/SA128S27	SES120	-1.42783	-71.6676	-70.2398
BLOCK12/SES128/SA128S27	SES206	-1.17139	-71.4112	-70.2398
BLOCK12/SES128/SA128S27	SES226	0.173035	-70.0668	-70.2398
BLOCK13/SES130/SA130S13	SES143	-3.3271	-77.5533	-74.2262
BLOCK13/SES130/SA130S13	SES144	-0.136971	-74.3632	-74.2262
BLOCK13/SES130/SA130S13	SES146	0.540367	-73.6859	-74.2262
BLOCK13/SES130/SA130S13	SES275	-0.780716	-75.0069	-74.2262
BLOCK13/SES130/SA130S15	SES143	-1.37161	-73.4119	-72.0402
BLOCK13/SES130/SA130S15	SES144	0.0796204	-71.9606	-72.0402
BLOCK13/SES130/SA130S15	SES146	0.551872	-71.4884	-72.0402
BLOCK13/SES130/SA130S15	SES275	0.197845	-71.8424	-72.0402
BLOCK13/SES130/SA130S23	SES127	-1.33085	-75.0809	-73.75
BLOCK13/SES130/SA130S23	SES144	0.0605316	-73.6895	-73.75
BLOCK13/SES130/SA130S23	SES146	0.645607	-73.1044	-73.75
BLOCK13/SES130/SA130S23	SES162	-0.900665	-74.6507	-73.75
BLOCK13/SES130/SA130S25	SES127	-1.83	-73.2324	-71.4024
BLOCK13/SES130/SA130S25	SES144	0.197968	-71.2044	-71.4024
BLOCK13/SES130/SA130S25	SES146	0.846275	-70.5561	-71.4024
BLOCK13/SES130/SA130S25	SES275	-0.314003	-71.7164	-71.4024
BLOCK13/SES130/SA130S28	SES127	0.307747	-72.3607	-72.6684
BLOCK13/SES130/SA130S28	SES144	0.489655	-72.1788	-72.6684
BLOCK13/SES130/SA130S28	SES146	0.237556	-72.4309	-72.6684
BLOCK13/SES130/SA130S28	SES275	0.458015	-72.2104	-72.6684
BLOCK13/SES131/SA131S13	SES002	-0.0190048	-72.0687	-72.0497
BLOCK13/SES131/SA131S13	SES007	-1.90665	-73.9563	-72.0497
BLOCK13/SES131/SA131S13	SES099	-0.69175	-72.7414	-72.0497
BLOCK13/SES131/SA131S13	SES105	-1.82274	-73.8724	-72.0497
BLOCK13/SES131/SA131S14	SES104	-0.168205	-70.3786	-70.2104
BLOCK13/SES131/SA131S14	SES106	0.790733	-69.4197	-70.2104
BLOCK13/SES131/SA131S14	SES125	-0.718422	-70.9288	-70.2104
BLOCK13/SES131/SA131S14	SES148	-1.77674	-71.9872	-70.2104
BLOCK13/SES131/SA131S20	SES104	-0.093338	-71.739	-71.6457
BLOCK13/SES131/SA131S20	SES106	0.882599	-70.7631	-71.6457
BLOCK13/SES131/SA131S20	SES125	-0.112144	-71.7579	-71.6457
BLOCK13/SES131/SA131S20	SES148	-2.65732	-74.303	-71.6457
BLOCK13/SES131/SA131S22	SES099	0.0638123	-70.4764	-70.5402
BLOCK13/SES131/SA131S22	SES104	0.62394	-69.9163	-70.5402
BLOCK13/SES131/SA131S22	SES125	0.351501	-70.1887	-70.5402
BLOCK13/SES131/SA131S22	SES206	0.406715	-70.1335	-70.5402
BLOCK13/SES131/SA131S29	SES087	0.238983	-70.8832	-71.1222
BLOCK13/SES131/SA131S29	SES104	-0.00605011	-71.1283	-71.1222
BLOCK13/SES131/SA131S29	SES125	-0.00934601	-71.1316	-71.1222
BLOCK13/SES131/SA131S29	SES206	0.109497	-71.0127	-71.1222
BLOCK13/SES132/SA132S11	SES083	0.400299	-71.0129	-71.4132
BLOCK13/SES132/SA132S11	SES120	0.621315	-70.7919	-71.4132
BLOCK13/SES132/SA132S11	SES127	0.484917	-70.9283	-71.4132
BLOCK13/SES132/SA132S11	SES275	-0.506012	-71.9192	-71.4132
BLOCK13/SES132/SA132S12	SES083	-0.359825	-71.1319	-70.7721
BLOCK13/SES132/SA132S12	SES143	-0.0271606	-70.7992	-70.7721
BLOCK13/SES132/SA132S12	SES144	-0.00910187	-70.7812	-70.7721
BLOCK13/SES132/SA132S12	SES148	-0.237755	-71.0098	-70.7721
BLOCK13/SES132/SA132S22	SES062	-0.0514755	-72.004	-71.9526
BLOCK13/SES132/SA132S22	SES083	0.422096	-71.5305	-71.9526
BLOCK13/SES132/SA132S22	SES127	0.855476	-71.0971	-71.9526
BLOCK13/SES132/SA132S22	SES275	-0.235924	-72.1885	-71.9526
BLOCK13/SES132/SA132S24	SES007	-0.768982	-72.0957	-71.3267
BLOCK13/SES132/SA132S24	SES083	0.0243835	-71.3023	-71.3267
BLOCK13/SES132/SA132S24	SES127	-0.373695	-71.7004	-71.3267
BLOCK13/SES132/SA132S24	SES275	-1.11881	-72.4455	-71.3267
BLOCK13/SES132/SA132S27	SES083	-0.181557	-72.4036	-72.222
BLOCK13/SES132/SA132S27	SES120	0.450966	-71.771	-72.222
BLOCK13/SES132/SA132S27	SES127	-0.000717163	-72.2227	-72.222
BLOCK13/SES132/SA132S27	SES275	-0.865456	-73.0875	-72.222
BLOCK14/SES141/SA141S09	SES143	0.571312	-71.6172	-72.1885
BLOCK14/SES141/SA141S09	SES144	-0.11219	-72.3007	-72.1885
BLOCK14/SES141/SA141S09	SES162	0.335739	-71.8528	-72.1885
BLOCK14/SES141/SA141S09	SES180	0.606133	-71.5824	-72.1885
BLOCK14/SES141/SA141S15	SES127	-0.190041	-71.8966	-71.7066
BLOCK14/SES141/SA141S15	SES144	-0.137077	-71.8436	-71.7066
BLOCK14/SES141/SA141S15	SES162	0.628792	-71.0778	-71.7066
BLOCK14/SES141/SA141S15	SES180	0.68586	-71.0207	-71.7066
BLOCK14/SES141/SA141S24	SES127	0.387497	-72.1727	-72.5602
BLOCK14/SES141/SA141S24	SES144	-0.14151	-72.7017	-72.5602
BLOCK14/SES141/SA141S24	SES162	1.23035	-71.3299	-72.5602
BLOCK14/SES141/SA141S24	SES183	-0.285828	-72.846	-72.5602
BLOCK14/SES141/SA141S26	SES142	1.45416	-71.8927	-73.3469
BLOCK14/SES141/SA141S26	SES144	0.407295	-72.9396	-73.3469
BLOCK14/SES141/SA141S26	SES172	-0.201866	-73.5487	-73.3469
BLOCK14/SES141/SA141S26	SES180	1.18671	-72.1602	-73.3469
BLOCK14/SES141/SA141S29	SES127	0.354759	-72.1333	-72.488
BLOCK14/SES141/SA141S29	SES142	0.759506	-71.7285	-72.488
BLOCK14/SES141/SA141S29	SES144	-0.295166	-72.7832	-72.488
BLOCK14/SES141/SA141S29	SES180	1.33981	-71.1482	-72.488
BLOCK15/SES157/SA157S08	SES083	-0.408211	-72.0703	-71.6621
BLOCK15/SES157/SA157S08	SES127	-1.08141	-72.7435	-71.6621
BLOCK15/SES157/SA157S08	SES148	-0.356346	-72.0184	-71.6621
BLOCK15/SES157/SA157S08	SES292	-0.324936	-71.987	-71.6621
BLOCK15/SES157/SA157S11	SES083	-0.345505	-72.0407	-71.6952
BLOCK15/SES157/SA157S11	SES127	-2.30991	-74.0051	-71.6952
BLOCK15/SES157/SA157S11	SES148	-0.836555	-72.5317	-71.6952
BLOCK15/SES157/SA157S11	SES292	-1.00025	-72.6954	-71.6952
BLOCK15/SES157/SA157S21	SES127	-2.81248	-74.2392	-71.4267
BLOCK15/SES157/SA157S21	SES148	-0.796539	-72.2233	-71.4267
BLOCK15/SES157/SA157S21	SES158	-4.20625	-75.633	-71.4267
BLOCK15/SES157/SA157S21	SES292	-0.0342712	-71.461	-71.4267
BLOCK15/SES157/SA157S24	SES127	-2.29753	-73.7338	-71.4362
BLOCK15/SES157/SA157S24	SES148	-0.415192	-71.8514	-71.4362
BLOCK15/SES157/SA157S24	SES183	-0.681923	-72.1182	-71.4362
BLOCK15/SES157/SA157S24	SES292	0.220566	-71.2157	-71.4362
BLOCK15/SES157/SA157S26	SES007	0.143188	-71.3328	-71.476
BLOCK15/SES157/SA157S26	SES127	-0.350258	-71.8263	-71.476
BLOCK15/SES157/SA157S26	SES147	-2.12717	-73.6032	-71.476
BLOCK15/SES157/SA157S26	SES148	0.089325	-71.3867	-71.476
BLOCK16/SES161/SA161S10	SES007	-1.2365	-72.6731	-71.4366
BLOCK16/SES161/SA161S10	SES105	-0.628914	-72.0655	-71.4366
BLOCK16/SES161/SA161S10	SES158	-1.71996	-73.1565	-71.4366
BLOCK16/SES161/SA161S10	SES275	-1.50076	-72.9373	-71.4366
BLOCK16/SES161/SA161S12	SES007	-0.704361	-72.09	-71.3857
BLOCK16/SES161/SA161S12	SES105	-0.819725	-72.2054	-71.3857
BLOCK16/SES161/SA161S12	SES158	-0.385597	-71.7713	-71.3857
BLOCK16/SES161/SA161S12	SES275	-1.26728	-72.653	-71.3857
BLOCK16/SES161/SA161S20	SES007	-1.30096	-74.2102	-72.9092
BLOCK16/SES161/SA161S20	SES105	-0.662491	-73.5717	-72.9092
BLOCK16/SES161/SA161S20	SES158	-1.44352	-74.3528	-72.9092
BLOCK16/SES161/SA161S20	SES275	-1.13644	-74.0457	-72.9092
BLOCK16/SES161/SA161S23	SES007	-0.892281	-71.9047	-71.0124
BLOCK16/SES161/SA161S23	SES105	-0.829453	-71.8418	-71.0124
BLOCK16/SES161/SA161S23	SES148	-1.9471	-72.9595	-71.0124
BLOCK16/SES161/SA161S23	SES158	-0.434898	-71.4473	-71.0124
BLOCK16/SES161/SA161S28	SES007	-1.48853	-72.5697	-71.0811
BLOCK16/SES161/SA161S28	SES105	-1.02634	-72.1075	-71.0811
BLOCK16/SES161/SA161S28	SES158	0.198456	-70.8827	-71.0811
BLOCK16/SES161/SA161S28	SES206	-1.02061	-72.1018	-71.0811
BLOCK16/SES164/SA164S11	SES104	0.261406	-68.9178	-69.1792
BLOCK16/SES164/SA164S11	SES125	0.677673	-68.5015	-69.1792
BLOCK16/SES164/SA164S11	SES158	1.04156	-68.1376	-69.1792
BLOCK16/SES164/SA164S11	SES206	0.822159	-68.357	-69.1792
BLOCK16/SES164/SA164S13	SES099	1.01017	-69.8854	-70.8956
BLOCK16/SES164/SA164S13	SES104	-0.114845	-71.0104	-70.8956
BLOCK16/SES164/SA164S13	SES125	0.0807724	-70.8148	-70.8956
BLOCK16/SES164/SA164S13	SES206	0.658806	-70.2367	-70.8956
BLOCK16/SES164/SA164S24	SES002	1.90916	-68.4032	-70.3124
BLOCK16/SES164/SA164S24	SES099	0.959602	-69.3528	-70.3124
BLOCK16/SES164/SA164S24	SES125	0.159065	-70.1533	-70.3124
BLOCK16/SES164/SA164S24	SES226	0.0631027	-70.2493	-70.3124
BLOCK16/SES164/SA164S27	SES087	0.15554	-70.4235	-70.579
BLOCK16/SES164/SA164S27	SES125	0.614105	-69.9649	-70.579
BLOCK16/SES164/SA164S27	SES206	0.856781	-69.7223	-70.579
BLOCK16/SES164/SA164S27	SES226	-0.111511	-70.6906	-70.579
BLOCK16/SES164/SA164S29	SES002	0.789459	-69.0484	-69.8379
BLOCK16/SES164/SA164S29	SES019	0.411087	-69.4268	-69.8379
BLOCK16/SES164/SA164S29	SES125	0.303444	-69.5344	-69.8379
BLOCK16/SES164/SA164S29	SES226	-0.212547	-70.0504	-69.8379
BLOCK16/SES169/SA169S13	SES117	-0.919998	-73.057	-72.137
BLOCK16/SES169/SA169S13	SES144	0.106819	-72.0302	-72.137
BLOCK16/SES169/SA169S13	SES146	0.218109	-71.9189	-72.137
BLOCK16/SES169/SA169S13	SES162	-1.64174	-73.7787	-72.137
BLOCK16/SES169/SA169S14	SES144	-0.521996	-71.3031	-70.7811
BLOCK16/SES169/SA169S14	SES148	-0.629005	-71.4101	-70.7811
BLOCK16/SES169/SA169S14	SES177	-2.00977	-72.7909	-70.7811
BLOCK16/SES169/SA169S14	SES180	-2.41579	-73.1969	-70.7811
BLOCK16/SES169/SA169S24	SES117	-1.25182	-74.0235	-72.7716
BLOCK16/SES169/SA169S24	SES144	-0.188469	-72.9601	-72.7716
BLOCK16/SES169/SA169S24	SES146	0.393852	-72.3778	-72.7716
BLOCK16/SES169/SA169S24	SES162	-1.37356	-74.1452	-72.7716
BLOCK16/SES169/SA169S27	SES127	-0.848305	-72.8919	-72.0436
BLOCK16/SES169/SA169S27	SES129	0.133347	-71.9103	-72.0436
BLOCK16/SES169/SA169S27	SES144	-0.248596	-72.2922	-72.0436
BLOCK16/SES169/SA169S27	SES146	0.658531	-71.3851	-72.0436
BLOCK16/SES169/SA169S29	SES144	-0.292313	-71.0888	-70.7964
BLOCK16/SES169/SA169S29	SES162	-1.60409	-72.4005	-70.7964
BLOCK16/SES169/SA169S29	SES177	-2.00142	-72.7979	-70.7964
BLOCK16/SES169/SA169S29	SES180	-1.61596	-72.4124	-70.7964
BLOCK17/SES171/SA171S12	SES083	-0.592529	-72.7175	-72.125
BLOCK17/SES171/SA171S12	SES148	-0.380295	-72.5053	-72.125
BLOCK17/SES171/SA171S12	SES172	-0.661758	-72.7867	-72.125
BLOCK17/SES171/SA171S12	SES292	-0.938286	-73.0633	-72.125
BLOCK17/SES171/SA171S15	SES148	-1.24168	-75.1757	-73.9341
BLOCK17/SES171/SA171S15	SES177	0.0595322	-73.8745	-73.9341
BLOCK17/SES171/SA171S15	SES180	-1.04276	-74.9768	-73.9341
BLOCK17/SES171/SA171S15	SES292	-2.43236	-76.3664	-73.9341
BLOCK17/SES171/SA171S22	SES007	-0.670204	-71.696	-71.0258
BLOCK17/SES171/SA171S22	SES148	-0.227943	-71.2538	-71.0258
BLOCK17/SES171/SA171S22	SES177	0.0554276	-70.9704	-71.0258
BLOCK17/SES171/SA171S22	SES180	-0.283066	-71.3089	-71.0258
BLOCK17/SES171/SA171S25	SES101	-2.14269	-76.9793	-74.8366
BLOCK17/SES171/SA171S25	SES120	-2.51286	-77.3495	-74.8366
BLOCK17/SES171/SA171S25	SES177	-0.275131	-75.1117	-74.8366
BLOCK17/SES171/SA171S25	SES180	-0.398148	-75.2347	-74.8366
BLOCK17/SES171/SA171S27	SES177	0.236275	-72.042	-72.2783
BLOCK17/SES171/SA171S27	SES180	-0.50959	-72.7878	-72.2783
BLOCK17/SES171/SA171S27	SES189	-0.374161	-72.6524	-72.2783
BLOCK17/SES171/SA171S27	SES292	-1.45522	-73.7335	-72.2783
BLOCK17/SES173/SA173S13	SES162	-0.237762	-75.1601	-74.9223
BLOCK17/SES173/SA173S13	SES177	0.215675	-74.7067	-74.9223
BLOCK17/SES173/SA173S13	SES180	0.285316	-74.637	-74.9223
BLOCK17/SES173/SA173S13	SES292	-3.92588	-78.8482	-74.9223
BLOCK17/SES173/SA173S14	SES007	-2.41482	-77.6086	-75.1938
BLOCK17/SES173/SA173S14	SES162	-0.246338	-75.4401	-75.1938
BLOCK17/SES173/SA173S14	SES177	0.170677	-75.0231	-75.1938
BLOCK17/SES173/SA173S14	SES180	0.420578	-74.7732	-75.1938
BLOCK17/SES173/SA173S24	SES144	1.02142	-75.2923	-76.3138
BLOCK17/SES173/SA173S24	SES162	-0.220695	-76.5345	-76.3138
BLOCK17/SES173/SA173S24	SES177	0.286743	-76.027	-76.3138
BLOCK17/SES173/SA173S24	SES180	0.377274	-75.9365	-76.3138
BLOCK17/SES173/SA173S27	SES162	-0.406555	-75.1032	-74.6967
BLOCK17/SES173/SA173S27	SES177	0.161415	-74.5353	-74.6967
BLOCK17/SES173/SA173S27	SES180	-0.225121	-74.9218	-74.6967
BLOCK17/SES173/SA173S27	SES292	-3.42616	-78.1228	-74.6967
BLOCK17/SES173/SA173S29	SES162	-0.353424	-76.2217	-75.8683
BLOCK17/SES173/SA173S29	SES175	0.975456	-74.8928	-75.8683
BLOCK17/SES173/SA173S29	SES177	0.359024	-75.5092	-75.8683
BLOCK17/SES173/SA173S29	SES292	-3.61172	-79.48	-75.8683
BLOCK18/SES182/SA182S10	SES144	0.205208	-71.3387	-71.5439
BLOCK18/SES182/SA182S10	SES177	0.0689011	-71.475	-71.5439
BLOCK18/SES182/SA182S10	SES180	0.230896	-71.313	-71.5439
BLOCK18/SES182/SA182S10	SES275	-0.7239	-72.2678	-71.5439
BLOCK18/SES182/SA182S12	SES144	0.0179749	-71.811	-71.829
BLOCK18/SES182/SA182S12	SES177	0.392258	-71.4367	-71.829
BLOCK18/SES182/SA182S12	SES180	0.119087	-71.7099	-71.829
BLOCK18/SES182/SA182S12	SES275	-1.38304	-73.212	-71.829
BLOCK18/SES182/SA182S21	SES117	0.495178	-73.153	-73.6482
BLOCK18/SES182/SA182S21	SES144	-0.0927353	-73.7409	-73.6482
BLOCK18/SES182/SA182S21	SES162	1.08587	-72.5623	-73.6482
BLOCK18/SES182/SA182S21	SES180	1.0627	-72.5855	-73.6482
BLOCK18/SES182/SA182S23	SES117	0.212906	-72.203	-72.4159
BLOCK18/SES182/SA182S23	SES144	-0.325905	-72.7418	-72.4159
BLOCK18/SES182/SA182S23	SES180	-0.0884705	-72.5043	-72.4159
BLOCK18/SES182/SA182S23	SES275	-0.905113	-73.321	-72.4159
BLOCK18/SES182/SA182S25	SES007	-0.867691	-73.8365	-72.9688
BLOCK18/SES182/SA182S25	SES162	0.18261	-72.7862	-72.9688
BLOCK18/SES182/SA182S25	SES177	0.23616	-72.7326	-72.9688
BLOCK18/SES182/SA182S25	SES180	0.62323	-72.3455	-72.9688
BLOCK18/SES184/SA184S12	SES177	-0.0562973	-72.3182	-72.2619
BLOCK18/SES184/SA184S12	SES180	-0.0114212	-72.2733	-72.2619
BLOCK18/SES184/SA184S12	SES189	-1.64671	-73.9086	-72.2619
BLOCK18/SES184/SA184S12	SES292	0.258926	-72.003	-72.2619
BLOCK18/SES184/SA184S13	SES101	-0.520416	-73.6047	-73.0843
BLOCK18/SES184/SA184S13	SES177	-0.173981	-73.2583	-73.0843
BLOCK18/SES184/SA184S13	SES180	0.0105896	-73.0737	-73.0843
BLOCK18/SES184/SA184S13	SES292	-0.210381	-73.2947	-73.0843
BLOCK18/SES184/SA184S22	SES177	0.191277	-72.6489	-72.8402
BLOCK18/SES184/SA184S22	SES180	0.365982	-72.4742	-72.8402
BLOCK18/SES184/SA184S22	SES189	-1.80788	-74.6481	-72.8402
BLOCK18/SES184/SA184S22	SES292	-0.368668	-73.2089	-72.8402
BLOCK18/SES184/SA184S25	SES101	0.305046	-71.8485	-72.1536
BLOCK18/SES184/SA184S25	SES177	0.108299	-72.0453	-72.1536
BLOCK18/SES184/SA184S25	SES180	-0.296547	-72.4501	-72.1536
BLOCK18/SES184/SA184S25	SES292	0.350128	-71.8034	-72.1536
BLOCK18/SES184/SA184S27	SES083	-0.176964	-72.3342	-72.1572
BLOCK18/SES184/SA184S27	SES177	-0.267387	-72.4246	-72.1572
BLOCK18/SES184/SA184S27	SES202	-2.51355	-74.6708	-72.1572
BLOCK18/SES184/SA184S27	SES292	-0.446793	-72.604	-72.1572
BLOCK20/SES204/SA204S12	SES062	-1.6512	-71.3155	-69.6643
BLOCK20/SES204/SA204S12	SES083	-1.63134	-71.2956	-69.6643
BLOCK20/SES204/SA204S12	SES206	0.590836	-69.0735	-69.6643
BLOCK20/SES204/SA204S12	SES226	0.317474	-69.3468	-69.6643
BLOCK20/SES204/SA204S14	SES068	-3.80924	-72.7521	-68.9429
BLOCK20/SES204/SA204S14	SES087	0.4496	-68.4933	-68.9429
BLOCK20/SES204/SA204S14	SES206	0.247643	-68.6952	-68.9429
BLOCK20/SES204/SA204S14	SES226	0.562157	-68.3807	-68.9429
BLOCK20/SES204/SA204S22	SES068	-3.58586	-73.5381	-69.9523
BLOCK20/SES204/SA204S22	SES082	-0.403778	-70.356	-69.9523
BLOCK20/SES204/SA204S22	SES083	-1.98567	-71.9379	-69.9523
BLOCK20/SES204/SA204S22	SES206	0.65387	-69.2984	-69.9523
BLOCK20/SES204/SA204S25	SES062	-2.00254	-71.8977	-69.8951
BLOCK20/SES204/SA204S25	SES083	-1.58215	-71.4773	-69.8951
BLOCK20/SES204/SA204S25	SES206	0.534157	-69.361	-69.8951
BLOCK20/SES204/SA204S25	SES226	0.263977	-69.6311	-69.8951
BLOCK20/SES204/SA204S27	SES068	-3.78242	-73.7483	-69.9659
BLOCK20/SES204/SA204S27	SES082	0.130295	-69.8356	-69.9659
BLOCK20/SES204/SA204S27	SES087	0.676323	-69.2896	-69.9659
BLOCK20/SES204/SA204S27	SES206	0.526588	-69.4393	-69.9659
BLOCK20/SES207/SA207S10	SES127	-0.310699	-72.6339	-72.3232
BLOCK20/SES207/SA207S10	SES183	-0.113464	-72.4367	-72.3232
BLOCK20/SES207/SA207S10	SES189	-0.842384	-73.1656	-72.3232
BLOCK20/SES207/SA207S10	SES292	-0.836853	-73.1601	-72.3232
BLOCK20/SES207/SA207S11	SES127	-0.838593	-73.3966	-72.558
BLOCK20/SES207/SA207S11	SES183	-0.145454	-72.7035	-72.558
BLOCK20/SES207/SA207S11	SES187	-0.0816956	-72.6397	-72.558
BLOCK20/SES207/SA207S11	SES292	-0.948006	-73.506	-72.558
BLOCK20/SES207/SA207S25	SES068	-0.111328	-73.706	-73.5947
BLOCK20/SES207/SA207S25	SES083	-0.311913	-73.9066	-73.5947
BLOCK20/SES207/SA207S25	SES127	0.392952	-73.2017	-73.5947
BLOCK20/SES207/SA207S25	SES187	0.494179	-73.1005	-73.5947
BLOCK20/SES207/SA207S27	SES127	-0.87468	-74.0388	-73.1642
BLOCK20/SES207/SA207S27	SES183	-0.0119553	-73.1761	-73.1642
BLOCK20/SES207/SA207S27	SES187	0.131332	-73.0328	-73.1642
BLOCK20/SES207/SA207S27	SES292	-0.847351	-74.0115	-73.1642
BLOCK20/SES207/SA207S29	SES083	0.0146027	-73.4193	-73.4339
BLOCK20/SES207/SA207S29	SES085	0.208557	-73.2253	-73.4339
BLOCK20/SES207/SA207S29	SES172	-0.158051	-73.5919	-73.4339
BLOCK20/SES207/SA207S29	SES189	-0.519203	-73.9531	-73.4339
BLOCK22/SES221/SA221S12	SES068	-1.22055	-75.4059	-74.1853
BLOCK22/SES221/SA221S12	SES143	0.525909	-73.6594	-74.1853
BLOCK22/SES221/SA221S12	SES175	0.978676	-73.2066	-74.1853
BLOCK22/SES221/SA221S12	SES202	0.691475	-73.4938	-74.1853
BLOCK22/SES221/SA221S15	SES085	-1.38602	-77.3675	-75.9814
BLOCK22/SES221/SA221S15	SES143	0.609215	-75.3722	-75.9814
BLOCK22/SES221/SA221S15	SES175	0.118797	-75.8626	-75.9814
BLOCK22/SES221/SA221S15	SES187	1.29124	-74.6902	-75.9814
BLOCK22/SES221/SA221S23	SES068	-2.20045	-76.65	-74.4496
BLOCK22/SES221/SA221S23	SES143	0.36763	-74.082	-74.4496
BLOCK22/SES221/SA221S23	SES175	0.637505	-73.8121	-74.4496
BLOCK22/SES221/SA221S23	SES189	1.39044	-73.0592	-74.4496
BLOCK22/SES221/SA221S27	SES085	-1.05853	-76.8096	-75.7511
BLOCK22/SES221/SA221S27	SES143	0.571228	-75.1798	-75.7511
BLOCK22/SES221/SA221S27	SES175	-0.020546	-75.7716	-75.7511
BLOCK22/SES221/SA221S27	SES189	1.81491	-73.9361	-75.7511
BLOCK22/SES221/SA221S29	SES085	-1.80955	-79.4353	-77.6258
BLOCK22/SES221/SA221S29	SES143	0.773262	-76.8525	-77.6258
BLOCK22/SES221/SA221S29	SES175	-0.397552	-78.0233	-77.6258
BLOCK22/SES221/SA221S29	SES187	1.20497	-76.4208	-77.6258
BLOCK22/SES223/SA223S11	SES143	0.169853	-74.1202	-74.2901
BLOCK22/SES223/SA223S11	SES144	-0.748688	-75.0388	-74.2901
BLOCK22/SES223/SA223S11	SES175	0.0333099	-74.2568	-74.2901
BLOCK22/SES223/SA223S11	SES187	0.208488	-74.0816	-74.2901
BLOCK22/SES223/SA223S13	SES068	-1.21542	-76.5366	-75.3212
BLOCK22/SES223/SA223S13	SES143	-0.32531	-75.6465	-75.3212
BLOCK22/SES223/SA223S13	SES146	-1.41327	-76.7345	-75.3212
BLOCK22/SES223/SA223S13	SES202	-0.212952	-75.5341	-75.3212
BLOCK22/SES223/SA223S22	SES143	0.234039	-74.2611	-74.4951
BLOCK22/SES223/SA223S22	SES144	-0.316628	-74.8117	-74.4951
BLOCK22/SES223/SA223S22	SES175	-0.269768	-74.7649	-74.4951
BLOCK22/SES223/SA223S22	SES187	0.482994	-74.0121	-74.4951
BLOCK22/SES223/SA223S25	SES068	-2.0195	-76.8066	-74.7871
BLOCK22/SES223/SA223S25	SES143	0.0208511	-74.7663	-74.7871
BLOCK22/SES223/SA223S25	SES175	-0.0601807	-74.8473	-74.7871
BLOCK22/SES223/SA223S25	SES187	0.178627	-74.6085	-74.7871
BLOCK22/SES223/SA223S27	SES143	-0.0877762	-75.7248	-75.6371
BLOCK22/SES223/SA223S27	SES146	-1.05548	-76.6926	-75.6371
BLOCK22/SES223/SA223S27	SES187	0.536407	-75.1007	-75.6371
BLOCK22/SES223/SA223S27	SES292	-2.97073	-78.6078	-75.6371
BLOCK27/SES273/SA273S12	SES099	0.74102	-67.7212	-68.4622
BLOCK27/SES273/SA273S12	SES104	1.94105	-66.5212	-68.4622
BLOCK27/SES273/SA273S12	SES125	1.54671	-66.9155	-68.4622
BLOCK27/SES273/SA273S12	SES206	1.91441	-66.5478	-68.4622
BLOCK27/SES273/SA273S13	SES099	0.641647	-67.5053	-68.1469
BLOCK27/SES273/SA273S13	SES104	1.17141	-66.9755	-68.1469
BLOCK27/SES273/SA273S13	SES206	1.59834	-66.5486	-68.1469
BLOCK27/SES273/SA273S13	SES292	-1.77952	-69.9265	-68.1469
BLOCK27/SES273/SA273S21	SES099	1.02038	-66.6225	-67.6429
BLOCK27/SES273/SA273S21	SES148	-2.47784	-70.1207	-67.6429
BLOCK27/SES273/SA273S21	SES149	0.507431	-67.1354	-67.6429
BLOCK27/SES273/SA273S21	SES177	-3.22406	-70.8669	-67.6429
BLOCK27/SES273/SA273S25	SES104	0.956856	-67.3609	-68.3178
BLOCK27/SES273/SA273S25	SES125	0.73719	-67.5806	-68.3178
BLOCK27/SES273/SA273S25	SES158	0.959106	-67.3587	-68.3178
BLOCK27/SES273/SA273S25	SES206	1.65356	-66.6642	-68.3178
BLOCK27/SES273/SA273S27	SES099	0.701279	-67.7396	-68.4408
BLOCK27/SES273/SA273S27	SES104	0.107193	-68.3337	-68.4408
BLOCK27/SES273/SA273S27	SES149	0.611023	-67.8298	-68.4408
BLOCK27/SES273/SA273S27	SES275	-1.03452	-69.4754	-68.4408
BLOCK27/SES274/SA274S10	SES105	-1.43783	-70.4023	-68.9644
BLOCK27/SES274/SA274S10	SES125	0.99662	-67.9678	-68.9644
BLOCK27/SES274/SA274S10	SES129	-1.1952	-70.1596	-68.9644
BLOCK27/SES274/SA274S10	SES158	0.104973	-68.8595	-68.9644
BLOCK27/SES274/SA274S11	SES105	-1.57985	-70.3393	-68.7594
BLOCK27/SES274/SA274S11	SES149	0.391823	-68.3676	-68.7594
BLOCK27/SES274/SA274S11	SES158	0.119904	-68.6395	-68.7594
BLOCK27/SES274/SA274S11	SES275	-1.83817	-70.5976	-68.7594
BLOCK27/SES274/SA274S21	SES105	-1.48596	-70.5615	-69.0755
BLOCK27/SES274/SA274S21	SES129	-1.27747	-70.353	-69.0755
BLOCK27/SES274/SA274S21	SES149	-0.101768	-69.1773	-69.0755
BLOCK27/SES274/SA274S21	SES158	-0.527168	-69.6027	-69.0755
BLOCK27/SES274/SA274S24	SES105	-1.77467	-69.8577	-68.083
BLOCK27/SES274/SA274S24	SES129	-1.70765	-69.7907	-68.083
BLOCK27/SES274/SA274S24	SES149	-0.0482712	-68.1313	-68.083
BLOCK27/SES274/SA274S24	SES158	-0.360275	-68.4433	-68.083
BLOCK27/SES274/SA274S29	SES105	-1.58546	-70.4574	-68.8719
BLOCK27/SES274/SA274S29	SES106	-0.0215607	-68.8934	-68.8719
BLOCK27/SES274/SA274S29	SES120	-1.52665	-70.3985	-68.8719
BLOCK27/SES274/SA274S29	SES275	-1.43987	-70.3118	-68.8719
BLOCK27/SES276/SA276S16	SES148	-0.509521	-73.6712	-73.1617
BLOCK27/SES276/SA276S16	SES172	-0.737083	-73.8988	-73.1617
BLOCK27/SES276/SA276S16	SES180	-2.07744	-75.2392	-73.1617
BLOCK27/SES276/SA276S16	SES292	0.246529	-72.9152	-73.1617
BLOCK27/SES276/SA276S17	SES101	-0.372299	-72.9627	-72.5904
BLOCK27/SES276/SA276S17	SES177	-0.567757	-73.1581	-72.5904
BLOCK27/SES276/SA276S17	SES180	-0.52594	-73.1163	-72.5904
BLOCK27/SES276/SA276S17	SES292	0.22998	-72.3604	-72.5904
BLOCK27/SES276/SA276S24	SES101	-0.373802	-72.4103	-72.0365
BLOCK27/SES276/SA276S24	SES177	-1.11098	-73.1475	-72.0365
BLOCK27/SES276/SA276S24	SES180	-0.979355	-73.0159	-72.0365
BLOCK27/SES276/SA276S24	SES292	-0.18911	-72.2256	-72.0365
BLOCK27/SES276/SA276S26	SES101	-1.11912	-73.4976	-72.3784
BLOCK27/SES276/SA276S26	SES177	-0.434311	-72.8128	-72.3784
BLOCK27/SES276/SA276S26	SES180	-0.373825	-72.7523	-72.3784
BLOCK27/SES276/SA276S26	SES292	-0.154625	-72.5331	-72.3784
BLOCK27/SES276/SA276S28	SES101	0.141586	-73.0171	-73.1587
BLOCK27/SES276/SA276S28	SES177	0.246429	-72.9123	-73.1587
BLOCK27/SES276/SA276S28	SES180	0.222778	-72.9359	-73.1587
BLOCK27/SES276/SA276S28	SES292	0.094429	-73.0643	-73.1587
BLOCK27/SES277/SA277S12	SES101	-0.131622	-73.1484	-73.0167
BLOCK27/SES277/SA277S12	SES177	-0.380074	-73.3968	-73.0167
BLOCK27/SES277/SA277S12	SES180	0.0532379	-72.9635	-73.0167
BLOCK27/SES277/SA277S12	SES292	-0.402229	-73.419	-73.0167
BLOCK27/SES277/SA277S14	SES177	-0.0197296	-73.0272	-73.0075
BLOCK27/SES277/SA277S14	SES180	-0.679909	-73.6874	-73.0075
BLOCK27/SES277/SA277S14	SES189	-0.281212	-73.2887	-73.0075
BLOCK27/SES277/SA277S14	SES292	-2.01192	-75.0194	-73.0075
BLOCK27/SES277/SA277S21	SES177	-0.0527115	-72.2235	-72.1708
BLOCK27/SES277/SA277S21	SES180	-0.261559	-72.4324	-72.1708
BLOCK27/SES277/SA277S21	SES189	-0.483887	-72.6547	-72.1708
BLOCK27/SES277/SA277S21	SES292	-0.977608	-73.1484	-72.1708
BLOCK27/SES277/SA277S24	SES144	-0.859612	-75.3614	-74.5018
BLOCK27/SES277/SA277S24	SES177	-0.373459	-74.8753	-74.5018
BLOCK27/SES277/SA277S24	SES180	-0.620995	-75.1228	-74.5018
BLOCK27/SES277/SA277S24	SES189	-0.582199	-75.084	-74.5018
BLOCK27/SES277/SA277S29	SES177	0.0719376	-71.9665	-72.0384
BLOCK27/SES277/SA277S29	SES180	0.103294	-71.9351	-72.0384
BLOCK27/SES277/SA277S29	SES202	-0.906372	-72.9448	-72.0384
BLOCK27/SES277/SA277S29	SES292	-1.20627	-73.2447	-72.0384
BLOCK27/SES279/SA279S09	SES120	-1.26122	-71.3506	-70.0893
BLOCK27/SES279/SA279S09	SES146	-0.381325	-70.4707	-70.0893
BLOCK27/SES279/SA279S09	SES206	-1.59032	-71.6797	-70.0893
BLOCK27/SES279/SA279S09	SES226	-1.05874	-71.1481	-70.0893
BLOCK27/SES279/SA279S10	SES099	-2.34559	-71.7821	-69.4365
BLOCK27/SES279/SA279S10	SES206	-1.03943	-70.476	-69.4365
BLOCK27/SES279/SA279S10	SES226	-0.0510406	-69.4876	-69.4365
BLOCK27/SES279/SA279S10	SES292	-0.798233	-70.2348	-69.4365
BLOCK27/SES279/SA279S20	SES099	-3.61256	-74.1912	-70.5786
BLOCK27/SES279/SA279S20	SES206	-1.60415	-72.1828	-70.5786
BLOCK27/SES279/SA279S20	SES226	-0.718864	-71.2975	-70.5786
BLOCK27/SES279/SA279S20	SES292	-0.563362	-71.142	-70.5786
BLOCK27/SES279/SA279S26	SES099	-2.88277	-73.4539	-70.5711
BLOCK27/SES279/SA279S26	SES206	-1.31467	-71.8857	-70.5711
BLOCK27/SES279/SA279S26	SES226	-0.17556	-70.7466	-70.5711
BLOCK27/SES279/SA279S26	SES292	-0.504143	-71.0752	-70.5711
BLOCK27/SES279/SA279S28	SES099	-2.18369	-71.3621	-69.1784
BLOCK27/SES279/SA279S28	SES120	-1.19088	-70.3693	-69.1784
BLOCK27/SES279/SA279S28	SES177	-4.17815	-73.3565	-69.1784
BLOCK27/SES279/SA279S28	SES206	-1.51208	-70.6905	-69.1784
BLOCK29/SES290/SA290S12	SES162	-0.858902	-73.6573	-72.7984
BLOCK29/SES290/SA290S12	SES177	-0.0159073	-72.8143	-72.7984
BLOCK29/SES290/SA290S12	SES180	-0.253273	-73.0517	-72.7984
BLOCK29/SES290/SA290S12	SES292	-2.10164	-74.9001	-72.7984
BLOCK29/SES290/SA290S13	SES007	-1.76281	-76.0051	-74.2423
BLOCK29/SES290/SA290S13	SES162	-0.227669	-74.47	-74.2423
BLOCK29/SES290/SA290S13	SES177	0.0196533	-74.2226	-74.2423
BLOCK29/SES290/SA290S13	SES180	0.219345	-74.0229	-74.2423
BLOCK29/SES290/SA290S22	SES177	0.69223	-72.53	-73.2223
BLOCK29/SES290/SA290S22	SES180	0.615341	-72.6069	-73.2223
BLOCK29/SES290/SA290S22	SES202	0.0465317	-73.1757	-73.2223
BLOCK29/SES290/SA290S22	SES292	-1.29489	-74.5172	-73.2223
BLOCK29/SES290/SA290S25	SES162	-0.396751	-73.2134	-72.8167
BLOCK29/SES290/SA290S25	SES177	0.224823	-72.5918	-72.8167
BLOCK29/SES290/SA290S25	SES180	0.154289	-72.6624	-72.8167
BLOCK29/SES290/SA290S25	SES292	-1.45339	-74.27	-72.8167
BLOCK29/SES290/SA290S29	SES177	0.575836	-71.909	-72.4849
BLOCK29/SES290/SA290S29	SES180	0.602196	-71.8827	-72.4849
BLOCK29/SES290/SA290S29	SES275	-1.48025	-73.9651	-72.4849
BLOCK29/SES290/SA290S29	SES292	-0.771034	-73.2559	-72.4849
BLOCK29/SES291/SA291S11	SES105	-1.89928	-72.4402	-70.541
BLOCK29/SES291/SA291S11	SES125	0.834351	-69.7066	-70.541
BLOCK29/SES291/SA291S11	SES158	0.593437	-69.9475	-70.541
BLOCK29/SES291/SA291S11	SES275	-2.33138	-72.8723	-70.541
BLOCK29/SES291/SA291S12	SES158	1.01841	-68.7805	-69.7989
BLOCK29/SES291/SA291S12	SES226	0.150215	-69.6487	-69.7989
BLOCK29/SES291/SA291S12	SES270	1.63114	-68.1678	-69.7989
BLOCK29/SES291/SA291S12	SES275	-2.28697	-72.0859	-69.7989
BLOCK29/SES291/SA291S22	SES082	-0.203247	-69.874	-69.6707
BLOCK29/SES291/SA291S22	SES158	0.437813	-69.2329	-69.6707
BLOCK29/SES291/SA291S22	SES259	0.0721054	-69.5986	-69.6707
BLOCK29/SES291/SA291S22	SES275	-2.04852	-71.7193	-69.6707
BLOCK29/SES291/SA291S24	SES104	1.29714	-67.6075	-68.9047
BLOCK29/SES291/SA291S24	SES125	1.28693	-67.6178	-68.9047
BLOCK29/SES291/SA291S24	SES158	1.11574	-67.7889	-68.9047
BLOCK29/SES291/SA291S24	SES275	-1.92867	-70.8334	-68.9047
BLOCK29/SES291/SA291S27	SES158	1.70451	-68.4803	-70.1848
BLOCK29/SES291/SA291S27	SES172	-3.18105	-73.3659	-70.1848
BLOCK29/SES291/SA291S27	SES275	-2.34496	-72.5298	-70.1848
BLOCK29/SES291/SA291S27	SES292	-2.28968	-72.4745	-70.1848
