BLOCK00/SES002/SA002S12	SES002	0.608877	-9.30553	-9.91441
BLOCK00/SES002/SA002S13	SES002	1.25228	-9.87275	-11.125
BLOCK00/SES002/SA002S23	SES002	0.664883	-9.38237	-10.0472
BLOCK00/SES002/SA002S26	SES002	0.536344	-10.9009	-11.4372
BLOCK00/SES002/SA002S28	SES002	0.327921	-9.65347	-9.98139
BLOCK00/SES007/SA007S14	SES007	0.609269	-8.30191	-8.91117
BLOCK00/SES007/SA007S15	SES007	0.622193	-9.00483	-9.62702
BLOCK00/SES007/SA007S24	SES007	0.595035	-8.65804	-9.25307
BLOCK00/SES007/SA007S27	SES007	0.462221	-10.3602	-10.8224
BLOCK00/SES007/SA007S29	SES007	0.279479	-8.41648	-8.69595
BLOCK00/SES008/SA008S11	SES008	1.02799	-7.49791	-8.5259
BLOCK00/SES008/SA008S12	SES008	0.574288	-8.08002	-8.65431
BLOCK00/SES008/SA008S19	SES008	1.06889	-8.18758	-9.25647
BLOCK00/SES008/SA008S22	SES008	0.837996	-8.65997	-9.49797
BLOCK00/SES008/SA008S29	SES008	0.736288	-7.92487	-8.66116
BLOCK01/SES014/SA014S10	SES014	0.832211	-9.1354	-9.96761
BLOCK01/SES014/SA014S12	SES014	1.29354	-8.83484	-10.1284
BLOCK01/SES014/SA014S24	SES014	1.71098	-8.6369	-10.3479
BLOCK01/SES014/SA014S26	SES014	1.41682	-8.88353	-10.3003
BLOCK01/SES014/SA014S28	SES014	2.02177	-7.62694	-9.64872
BLOCK01/SES016/SA016S12	SES016	1.17161	-10.3267	-11.4983
BLOCK01/SES016/SA016S13	SES016	0.639626	-9.55164	-10.1913
BLOCK01/SES016/SA016S22	SES016	0.633607	-9.00913	-9.64274
BLOCK01/SES016/SA016S25	SES016	0.451455	-8.14927	-8.60072
BLOCK01/SES016/SA016S27	SES016	0.727843	-9.30513	-10.033
BLOCK01/SES019/SA019S13	SES019	2.4134	-8.42055	-10.8339
BLOCK01/SES019/SA019S14	SES019	0.913293	-9.85364	-10.7669
BLOCK01/SES019/SA019S22	SES019	1.69419	-8.61196	-10.3062
BLOCK01/SES019/SA019S25	SES019	1.22906	-9.44953	-10.6786
BLOCK01/SES019/SA019S29	SES019	2.55189	-9.39485	-11.9467
BLOCK02/SES029/SA029S11	SES029	-0.279615	-9.19919	-8.91958
BLOCK02/SES029/SA029S12	SES029	-0.0376139	-9.21929	-9.18168
BLOCK02/SES029/SA029S20	SES029	0.107871	-8.89286	-9.00073
BLOCK02/SES029/SA029S25	SES029	0.363732	-9.30412	-9.66786
BLOCK02/SES029/SA029S28	SES029	0.21688	-9.17583	-9.39271
BLOCK04/SES042/SA042S12	SES042	1.07958	-8.75182	-9.8314
BLOCK04/SES042/SA042S15	SES042	1.2885	-8.2824	-9.57091
BLOCK04/SES042/SA042S22	SES042	2.067	-9.72987	-11.7969
BLOCK04/SES042/SA042S25	SES042	1.18227	-10.4315	-11.6137
BLOCK04/SES042/SA042S27	SES042	1.74241	-9.7898	-11.5322
BLOCK04/SES048/SA048S11	SES048	0.438561	-8.53555	-8.97411
BLOCK04/SES048/SA048S12	SES048	0.431456	-9.30112	-9.73258
BLOCK04/SES048/SA048S20	SES048	0.280316	-9.25947	-9.53979
BLOCK04/SES048/SA048S23	SES048	0.615815	-8.96579	-9.58161
BLOCK04/SES048/SA048S27	SES048	0.191363	-9.51268	-9.70404
BLOCK06/SES060/SA060S11	SES060	1.44748	-8.7415	-10.189
BLOCK06/SES060/SA060S12	SES060	1.40015	-9.27553	-10.6757
BLOCK06/SES060/SA060S22	SES060	-1.30861	-11.7999	-10.4913
BLOCK06/SES060/SA060S24	SES060	0.717793	-8.02189	-8.73969
BLOCK06/SES060/SA060S28	SES060	0.808319	-7.88159	-8.6899
BLOCK06/SES062/SA062S10	SES062	0.00547791	-9.51998	-9.52546
BLOCK06/SES062/SA062S11	SES062	0.525611	-9.6206	-10.1462
BLOCK06/SES062/SA062S21	SES062	0.681918	-7.60906	-8.29098
BLOCK06/SES062/SA062S26	SES062	0.140419	-9.24416	-9.38458
BLOCK06/SES062/SA062S29	SES062	0.825171	-8.2914	-9.11658
BLOCK06/SES068/SA068S14	SES068	0.17585	-9.49062	-9.66647
BLOCK06/SES068/SA068S15	SES068	0.678349	-9.10947	-9.78782
BLOCK06/SES068/SA068S23	SES068	0.262375	-9.42512	-9.6875
BLOCK06/SES068/SA068S27	SES068	1.61055	-8.29601	-9.90655
BLOCK06/SES068/SA068S29	SES068	0.515646	-9.08051	-9.59616
BLOCK08/SES082/SA082S12	SES082	-0.285134	-9.70204	-9.4169
BLOCK08/SES082/SA082S14	SES082	0.548366	-9.70888	-10.2572
BLOCK08/SES082/SA082S21	SES082	0.236991	-9.21808	-9.45507
BLOCK08/SES082/SA082S24	SES082	0.350883	-9.30614	-9.65702
BLOCK08/SES082/SA082S28	SES082	0.442769	-9.41813	-9.8609
BLOCK08/SES083/SA083S14	SES083	0.622283	-8.85423	-9.47651
BLOCK08/SES083/SA083S15	SES083	0.593703	-8.55425	-9.14795
BLOCK08/SES083/SA083S24	SES083	0.306317	-8.82305	-9.12937
BLOCK08/SES083/SA083S26	SES083	0.419106	-9.78254	-10.2016
BLOCK08/SES083/SA083S29	SES083	0.117612	-9.42924	-9.54686
BLOCK08/SES085/SA085S10	SES085	0.732481	-7.8031	-8.53558
BLOCK08/SES085/SA085S13	SES085	0.127624	-9.65471	-9.78233
BLOCK08/SES085/SA085S22	SES085	0.842395	-8.543	-9.38539
BLOCK08/SES085/SA085S26	SES085	0.268537	-9.69031	-9.95885
BLOCK08/SES085/SA085S28	SES085	0.193704	-8.80476	-8.99847
BLOCK08/SES087/SA087S15	SES087	0.435954	-9.69896	-10.1349
BLOCK08/SES087/SA087S16	SES087	0.95195	-9.77306	-10.725
BLOCK08/SES087/SA087S24	SES087	0.86448	-9.80208	-10.6666
BLOCK08/SES087/SA087S26	SES087	0.289073	-9.11995	-9.40902
BLOCK08/SES087/SA087S29	SES087	0.78115	-8.94689	-9.72804
BLOCK09/SES099/SA099S15	SES099	0.718633	-9.96574	-10.6844
BLOCK09/SES099/SA099S16	SES099	0.366899	-9.50615	-9.87305
BLOCK09/SES099/SA099S24	SES099	0.581717	-9.44376	-10.0255
BLOCK09/SES099/SA099S26	SES099	1.18475	-9.1424	-10.3271
BLOCK09/SES099/SA099S29	SES099	0.717552	-9.40083	-10.1184
BLOCK10/SES101/SA101S11	SES101	-0.0503283	-8.9225	-8.87217
BLOCK10/SES101/SA101S13	SES101	-0.0998793	-8.59178	-8.4919
BLOCK10/SES101/SA101S22	SES101	0.311537	-10.0865	-10.398
BLOCK10/SES101/SA101S24	SES101	0.195203	-9.22455	-9.41975
BLOCK10/SES101/SA101S28	SES101	0.345757	-9.36865	-9.71441
BLOCK10/SES104/SA104S11	SES104	0.244123	-9.13879	-9.38291
BLOCK10/SES104/SA104S12	SES104	0.723807	-9.09154	-9.81535
BLOCK10/SES104/SA104S21	SES104	0.691637	-9.76525	-10.4569
BLOCK10/SES104/SA104S24	SES104	0.0345259	-10.0255	-10.06
BLOCK10/SES104/SA104S28	SES104	0.502909	-9.82144	-10.3244
BLOCK10/SES105/SA105S12	SES105	0.352901	-9.68672	-10.0396
BLOCK10/SES105/SA105S13	SES105	0.161953	-9.3494	-9.51136
BLOCK10/SES105/SA105S22	SES105	0.207894	-9.90919	-10.1171
BLOCK10/SES105/SA105S26	SES105	0.346437	-10.2294	-10.5758
BLOCK10/SES105/SA105S29	SES105	0.599895	-8.93256	-9.53245
BLOCK10/SES106/SA106S09	SES106	0.605991	-9.80809	-10.4141
BLOCK10/SES106/SA106S11	SES106	0.666036	-8.84054	-9.50658
BLOCK10/SES106/SA106S22	SES106	0.973808	-9.92348	-10.8973
BLOCK10/SES106/SA106S27	SES106	0.0847902	-9.1074	-9.19219
BLOCK10/SES106/SA106S29	SES106	0.485029	-8.06742	-8.55245
BLOCK11/SES117/SA117S12	SES117	-0.102997	-10.3282	-10.2252
BLOCK11/SES117/SA117S13	SES117	-0.392485	-10.3982	-10.0058
BLOCK11/SES117/SA117S23	SES117	1.05224	-9.98075	-11.033
BLOCK11/SES117/SA117S25	SES117	0.893605	-9.20077	-10.0944
BLOCK11/SES117/SA117S28	SES117	0.65123	-9.90013	-10.5514
BLOCK12/SES120/SA120S08	SES120	0.460348	-9.91002	-10.3704
BLOCK12/SES120/SA120S11	SES120	0.987799	-12.6083	-13.5961
BLOCK12/SES120/SA120S22	SES120	0.250819	-8.83384	-9.08466
BLOCK12/SES120/SA120S24	SES120	0.514627	-9.88086	-10.3955
BLOCK12/SES120/SA120S28	SES120	-0.333056	-10.3037	-9.97067
BLOCK12/SES125/SA125S13	SES125	0.747914	-9.11543	-9.86334
BLOCK12/SES125/SA125S14	SES125	0.446977	-9.71071	-10.1577
BLOCK12/SES125/SA125S25	SES125	1.41249	-9.28068	-10.6932
BLOCK12/SES125/SA125S27	SES125	0.835526	-8.66244	-9.49797
BLOCK12/SES125/SA125S29	SES125	0.577562	-8.86401	-9.44158
BLOCK12/SES127/SA127S11	SES127	0.379423	-8.94815	-9.32757
BLOCK12/SES127/SA127S12	SES127	0.205295	-7.7726	-7.97789
BLOCK12/SES127/SA127S23	SES127	0.290528	-8.19344	-8.48397
BLOCK12/SES127/SA127S25	SES127	0.180951	-8.5212	-8.70215
BLOCK12/SES127/SA127S27	SES127	0.787489	-8.20979	-8.99728
BLOCK12/SES129/SA129S11	SES129	0.545404	-8.00151	-8.54691
BLOCK12/SES129/SA129S12	SES129	0.496852	-7.9752	-8.47206
BLOCK12/SES129/SA129S22	SES129	0.577381	-8.85199	-9.42937
BLOCK12/SES129/SA129S27	SES129	0.860004	-8.17682	-9.03682
BLOCK12/SES129/SA129S29	SES129	0.282088	-9.73051	-10.0126
BLOCK14/SES142/SA142S11	SES142	1.23539	-7.49267	-8.72806
BLOCK14/SES142/SA142S12	SES142	0.926181	-8.28599	-9.21217
BLOCK14/SES142/SA142S24	SES142	1.02478	-8.06131	-9.08609
BLOCK14/SES142/SA142S27	SES142	0.988743	-8.00187	-8.99062
BLOCK14/SES142/SA142S29	SES142	0.73622	-7.94141	-8.67763
BLOCK14/SES143/SA143S12	SES143	0.980488	-8.92136	-9.90185
BLOCK14/SES143/SA143S13	SES143	0.718705	-8.78469	-9.5034
BLOCK14/SES143/SA143S23	SES143	0.733051	-8.80907	-9.54212
BLOCK14/SES143/SA143S25	SES143	0.574225	-9.67551	-10.2497
BLOCK14/SES143/SA143S28	SES143	0.855042	-9.07916	-9.9342
BLOCK14/SES144/SA144S09	SES144	-0.207191	-9.40531	-9.19812
BLOCK14/SES144/SA144S11	SES144	-0.226238	-9.67302	-9.44678
BLOCK14/SES144/SA144S21	SES144	-0.663388	-10.1518	-9.48841
BLOCK14/SES144/SA144S25	SES144	-0.233326	-9.2474	-9.01407
BLOCK14/SES144/SA144S29	SES144	-0.0128584	-10.1445	-10.1317
BLOCK14/SES146/SA146S14	SES146	0.407559	-9.48301	-9.89057
BLOCK14/SES146/SA146S15	SES146	0.312106	-9.7344	-10.0465
BLOCK14/SES146/SA146S24	SES146	0.855081	-9.1616	-10.0167
BLOCK14/SES146/SA146S26	SES146	0.520189	-9.33666	-9.85685
BLOCK14/SES146/SA146S29	SES146	0.708398	-9.64176	-10.3502
BLOCK14/SES147/SA147S11	SES147	-0.158035	-9.91594	-9.7579
BLOCK14/SES147/SA147S13	SES147	0.0162096	-8.86396	-8.88017
BLOCK14/SES147/SA147S23	SES147	0.543815	-8.87265	-9.41647
BLOCK14/SES147/SA147S26	SES147	0.603514	-8.97082	-9.57433
BLOCK14/SES147/SA147S28	SES147	0.469612	-8.27708	-8.7467
BLOCK14/SES148/SA148S10	SES148	0.254324	-8.24478	-8.49911
BLOCK14/SES148/SA148S12	SES148	0.747156	-9.04786	-9.79501
BLOCK14/SES148/SA148S22	SES148	0.540397	-8.29001	-8.83041
BLOCK14/SES148/SA148S26	SES148	0.273741	-7.97323	-8.24697
BLOCK14/SES148/SA148S29	SES148	0.563487	-8.78462	-9.34811
BLOCK14/SES149/SA149S13	SES149	0.294214	-8.88646	-9.18067
BLOCK14/SES149/SA149S14	SES149	0.489073	-8.61793	-9.10701
BLOCK14/SES149/SA149S24	SES149	0.596177	-8.85453	-9.4507
BLOCK14/SES149/SA149S26	SES149	0.369542	-8.65783	-9.02737
BLOCK14/SES149/SA149S28	SES149	0.840236	-8.00563	-8.84587
BLOCK15/SES158/SA158S13	SES158	0.890985	-9.5547	-10.4457
BLOCK15/SES158/SA158S14	SES158	0.725031	-10.3653	-11.0903
BLOCK15/SES158/SA158S23	SES158	0.65997	-8.58444	-9.24441
BLOCK15/SES158/SA158S26	SES158	1.16951	-9.01109	-10.1806
BLOCK15/SES158/SA158S28	SES158	0.785667	-9.36041	-10.1461
BLOCK16/SES162/SA162S10	SES162	0.36053	-9.4835	-9.84403
BLOCK16/SES162/SA162S11	SES162	0.338151	-8.6209	-8.95905
BLOCK16/SES162/SA162S21	SES162	0.919988	-8.30487	-9.22486
BLOCK16/SES162/SA162S24	SES162	1.01634	-8.38598	-9.40232
BLOCK16/SES162/SA162S27	SES162	0.771984	-9.76847	-10.5405
BLOCK16/SES167/SA167S14	SES167	0.634972	-7.84123	-8.4762
BLOCK16/SES167/SA167S15	SES167	0.458133	-7.73813	-8.19627
BLOCK16/SES167/SA167S21	SES167	0.566691	-7.60142	-8.16811
BLOCK16/SES167/SA167S25	SES167	0.502154	-8.05798	-8.56014
BLOCK16/SES167/SA167S29	SES167	1.1809	-6.91523	-8.09612
BLOCK17/SES172/SA172S12	SES172	0.336723	-9.76114	-10.0979
BLOCK17/SES172/SA172S13	SES172	0.677739	-9.49519	-10.1729
BLOCK17/SES172/SA172S23	SES172	0.636221	-8.40081	-9.03703
BLOCK17/SES172/SA172S27	SES172	-0.0513191	-10.3842	-10.3329
BLOCK17/SES172/SA172S29	SES172	0.726341	-9.03097	-9.75731
BLOCK17/SES175/SA175S11	SES175	0.263086	-9.68597	-9.94905
BLOCK17/SES175/SA175S13	SES175	0.154757	-7.91861	-8.07336
BLOCK17/SES175/SA175S23	SES175	0.476276	-8.31271	-8.78899
BLOCK17/SES175/SA175S25	SES175	-0.171657	-10.0943	-9.92264
BLOCK17/SES175/SA175S28	SES175	0.368143	-8.8707	-9.23885
BLOCK17/SES177/SA177S15	SES177	0.501616	-9.78903	-10.2906
BLOCK17/SES177/SA177S17	SES177	0.637528	-9.54656	-10.1841
BLOCK17/SES177/SA177S23	SES177	0.213278	-9.51339	-9.72667
BLOCK17/SES177/SA177S26	SES177	0.706485	-8.16069	-8.86718
BLOCK17/SES177/SA177S28	SES177	0.778812	-9.37608	-10.1549
BLOCK18/SES180/SA180S13	SES180	-0.157297	-10.4631	-10.3058
BLOCK18/SES180/SA180S15	SES180	0.602111	-8.73024	-9.33235
BLOCK18/SES180/SA180S24	SES180	0.397098	-8.23269	-8.62978
BLOCK18/SES180/SA180S26	SES180	0.0612688	-8.96997	-9.03124
BLOCK18/SES180/SA180S29	SES180	-0.650661	-10.1615	-9.51086
BLOCK18/SES183/SA183S13	SES183	0.671583	-8.86176	-9.53334
BLOCK18/SES183/SA183S14	SES183	0.113996	-9.57468	-9.68868
BLOCK18/SES183/SA183S24	SES183	0.882128	-9.53873	-10.4209
BLOCK18/SES183/SA183S27	SES183	0.768568	-9.52024	-10.2888
BLOCK18/SES183/SA183S29	SES183	0.852211	-8.99784	-9.85005
BLOCK18/SES187/SA187S13	SES187	-0.0304012	-10.4878	-10.4574
BLOCK18/SES187/SA187S14	SES187	0.649198	-10.3031	-10.9523
BLOCK18/SES187/SA187S24	SES187	0.323168	-9.89497	-10.2181
BLOCK18/SES187/SA187S27	SES187	0.48141	-9.7572	-10.2386
BLOCK18/SES187/SA187S29	SES187	0.320739	-11.4311	-11.7518
BLOCK18/SES189/SA189S10	SES189	0.47881	-10.0145	-10.4933
BLOCK18/SES189/SA189S13	SES189	1.1352	-10.7553	-11.8905
BLOCK18/SES189/SA189S24	SES189	0.687686	-9.14023	-9.82791
BLOCK18/SES189/SA189S26	SES189	0.650468	-9.48063	-10.1311
BLOCK18/SES189/SA189S29	SES189	1.14239	-9.06744	-10.2098
BLOCK20/SES202/SA202S12	SES202	0.51496	-9.24507	-9.76003
BLOCK20/SES202/SA202S14	SES202	0.823442	-9.01543	-9.83887
BLOCK20/SES202/SA202S24	SES202	0.339917	-9.70221	-10.0421
BLOCK20/SES202/SA202S27	SES202	0.683862	-8.5983	-9.28216
BLOCK20/SES202/SA202S29	SES202	0.694793	-8.71093	-9.40572
BLOCK20/SES206/SA206S15	SES206	-0.309182	-9.16517	-8.85599
BLOCK20/SES206/SA206S17	SES206	1.43127	-9.37998	-10.8112
BLOCK20/SES206/SA206S24	SES206	0.994775	-8.71886	-9.71363
BLOCK20/SES206/SA206S27	SES206	1.00356	-9.90446	-10.908
BLOCK20/SES206/SA206S29	SES206	2.04911	-8.82316	-10.8723
BLOCK22/SES226/SA226S12	SES226	0.831078	-9.33019	-10.1613
BLOCK22/SES226/SA226S13	SES226	-0.226946	-10.5516	-10.3246
BLOCK22/SES226/SA226S20	SES226	0.53305	-9.75208	-10.2851
BLOCK22/SES226/SA226S23	SES226	0.64502	-9.08858	-9.7336
BLOCK22/SES226/SA226S28	SES226	0.952717	-8.78375	-9.73647
BLOCK25/SES259/SA259S13	SES259	0.510764	-9.929	-10.4398
BLOCK25/SES259/SA259S14	SES259	0.488503	-9.12743	-9.61593
BLOCK25/SES259/SA259S22	SES259	0.729612	-9.17974	-9.90936
BLOCK25/SES259/SA259S24	SES259	0.539063	-9.57137	-10.1104
BLOCK25/SES259/SA259S28	SES259	0.646597	-9.15957	-9.80616
BLOCK27/SES270/SA270S14	SES270	1.19202	-9.24724	-10.4393
BLOCK27/SES270/SA270S16	SES270	0.376285	-8.85242	-9.2287
BLOCK27/SES270/SA270S22	SES270	1.23793	-8.82819	-10.0661
BLOCK27/SES270/SA270S26	SES270	0.985304	-8.55098	-9.53628
BLOCK27/SES270/SA270S28	SES270	0.715074	-8.91489	-9.62997
BLOCK27/SES275/SA275S17	SES275	0.306002	-8.84168	-9.14769
BLOCK27/SES275/SA275S18	SES275	0.127756	-9.28524	-9.413
BLOCK27/SES275/SA275S24	SES275	-0.0844507	-9.54681	-9.46236
BLOCK27/SES275/SA275S26	SES275	0.752395	-8.70802	-9.46041
BLOCK27/SES275/SA275S28	SES275	0.352447	-9.19289	-9.54533
BLOCK29/SES292/SA292S10	SES292	-0.237909	-9.20125	-8.96334
BLOCK29/SES292/SA292S12	SES292	0.137946	-10.5375	-10.6754
BLOCK29/SES292/SA292S22	SES292	0.244074	-9.62935	-9.87342
BLOCK29/SES292/SA292S24	SES292	0.321783	-9.55467	-9.87645
BLOCK29/SES292/SA292S27	SES292	0.262581	-9.04004	-9.30262
BLOCK00/SES001/SA001S14	SES062	-1.02444	-11.2838	-10.2594
BLOCK00/SES001/SA001S14	SES082	0.00172424	-10.2577	-10.2594
BLOCK00/SES001/SA001S14	SES106	-0.383763	-10.6432	-10.2594
BLOCK00/SES001/SA001S14	SES206	-0.246044	-10.5054	-10.2594
BLOCK00/SES001/SA001S15	SES062	-0.68227	-9.67745	-8.99518
BLOCK00/SES001/SA001S15	SES104	-0.482365	-9.47755	-8.99518
BLOCK00/SES001/SA001S15	SES106	-0.226173	-9.22136	-8.99518
BLOCK00/SES001/SA001S15	SES206	-0.932628	-9.92781	-8.99518
BLOCK00/SES001/SA001S24	SES062	-0.646759	-9.91618	-9.26942
BLOCK00/SES001/SA001S24	SES082	-0.161937	-9.43135	-9.26942
BLOCK00/SES001/SA001S24	SES087	-1.27478	-10.5442	-9.26942
BLOCK00/SES001/SA001S24	SES206	-0.491422	-9.76084	-9.26942
BLOCK00/SES001/SA001S27	SES062	-0.198018	-8.14292	-7.94491
BLOCK00/SES001/SA001S27	SES082	-0.184274	-8.12918	-7.94491
BLOCK00/SES001/SA001S27	SES087	-0.480918	-8.42582	-7.94491
BLOCK00/SES001/SA001S27	SES206	-0.582431	-8.52734	-7.94491
BLOCK00/SES001/SA001S29	SES062	-0.535889	-10.2956	-9.7597
BLOCK00/SES001/SA001S29	SES082	0.0182095	-9.74149	-9.7597
BLOCK00/SES001/SA001S29	SES158	0.0951138	-9.66459	-9.7597
BLOCK00/SES001/SA001S29	SES206	-0.688694	-10.4484	-9.7597
BLOCK00/SES003/SA003S11	SES002	0.323918	-9.42292	-9.74684
BLOCK00/SES003/SA003S11	SES019	-0.818389	-10.5652	-9.74684
BLOCK00/SES003/SA003S11	SES082	0.0741692	-9.67267	-9.74684
BLOCK00/SES003/SA003S11	SES125	0.0716619	-9.67518	-9.74684
BLOCK00/SES003/SA003S15	SES016	-1.67764	-10.4672	-8.78957
BLOCK00/SES003/SA003S15	SES019	-3.28076	-12.0703	-8.78957
BLOCK00/SES003/SA003S15	SES062	-0.429153	-9.21872	-8.78957
BLOCK00/SES003/SA003S15	SES206	-0.494937	-9.2845	-8.78957
BLOCK00/SES003/SA003S22	SES002	0.0508184	-9.5969	-9.64772
BLOCK00/SES003/SA003S22	SES062	0.678109	-8.96961	-9.64772
BLOCK00/SES003/SA003S22	SES082	0.22436	-9.42336	-9.64772
BLOCK00/SES003/SA003S22	SES087	-0.21131	-9.85903	-9.64772
BLOCK00/SES003/SA003S25	SES062	-0.0999193	-11.1311	-11.0312
BLOCK00/SES003/SA003S25	SES082	-1.07599	-12.1072	-11.0312
BLOCK00/SES003/SA003S25	SES087	0.452464	-10.5787	-11.0312
BLOCK00/SES003/SA003S25	SES206	-0.355411	-11.3866	-11.0312
BLOCK00/SES003/SA003S29	SES002	0.307407	-9.40054	-9.70795
BLOCK00/SES003/SA003S29	SES062	-0.122929	-9.83087	-9.70795
BLOCK00/SES003/SA003S29	SES082	-0.333139	-10.0411	-9.70795
BLOCK00/SES003/SA003S29	SES087	-0.49145	-10.1994	-9.70795
BLOCK00/SES004/SA004S12	SES083	-0.21286	-8.86742	-8.65456
BLOCK00/SES004/SA004S12	SES148	-0.441591	-9.09615	-8.65456
BLOCK00/SES004/SA004S12	SES172	-0.0647039	-8.71926	-8.65456
BLOCK00/SES004/SA004S12	SES292	-0.422569	-9.07713	-8.65456
BLOCK00/SES004/SA004S17	SES083	-0.383854	-9.29559	-8.91174
BLOCK00/SES004/SA004S17	SES162	-0.0409794	-8.95272	-8.91174
BLOCK00/SES004/SA004S17	SES172	-0.062748	-8.97448	-8.91174
BLOCK00/SES004/SA004S17	SES292	-0.371221	-9.28296	-8.91174
BLOCK00/SES004/SA004S24	SES083	-0.012454	-8.86073	-8.84828
BLOCK00/SES004/SA004S24	SES148	-0.494968	-9.34325	-8.84828
BLOCK00/SES004/SA004S24	SES172	-0.240562	-9.08884	-8.84828
BLOCK00/SES004/SA004S24	SES292	-0.196144	-9.04442	-8.84828
BLOCK00/SES004/SA004S26	SES083	-0.276626	-9.78645	-9.50983
BLOCK00/SES004/SA004S26	SES127	0.282263	-9.22756	-9.50983
BLOCK00/SES004/SA004S26	SES148	-0.511636	-10.0215	-9.50983
BLOCK00/SES004/SA004S26	SES292	-0.669801	-10.1796	-9.50983
BLOCK00/SES004/SA004S28	SES083	-0.1846	-9.05946	-8.87486
BLOCK00/SES004/SA004S28	SES127	0.440021	-8.43484	-8.87486
BLOCK00/SES004/SA004S28	SES187	0.556367	-8.31849	-8.87486
BLOCK00/SES004/SA004S28	SES292	-0.441237	-9.3161	-8.87486
BLOCK00/SES006/SA006S10	SES014	-1.0325	-11.9754	-10.9429
BLOCK00/SES006/SA006S10	SES158	-0.430583	-11.3735	-10.9429
BLOCK00/SES006/SA006S10	SES226	-0.830799	-11.7737	-10.9429
BLOCK00/SES006/SA006S10	SES270	0.281233	-10.6616	-10.9429
BLOCK00/SES006/SA006S11	SES158	-0.457164	-11.1382	-10.6811
BLOCK00/SES006/SA006S11	SES226	-0.417418	-11.0985	-10.6811
BLOCK00/SES006/SA006S11	SES270	0.534445	-10.1466	-10.6811
BLOCK00/SES006/SA006S11	SES275	-0.983537	-11.6646	-10.6811
BLOCK00/SES006/SA006S23	SES062	-1.25779	-12.4328	-11.175
BLOCK00/SES006/SA006S23	SES105	-1.23791	-12.4129	-11.175
BLOCK00/SES006/SA006S23	SES158	-1.03237	-12.2074	-11.175
BLOCK00/SES006/SA006S23	SES275	-1.22435	-12.3994	-11.175
BLOCK00/SES006/SA006S26	SES104	-1.0955	-11.7009	-10.6054
BLOCK00/SES006/SA006S26	SES158	-0.946502	-11.5519	-10.6054
BLOCK00/SES006/SA006S26	SES270	0.205679	-10.3997	-10.6054
BLOCK00/SES006/SA006S26	SES275	-0.965252	-11.5706	-10.6054
BLOCK00/SES006/SA006S28	SES007	-0.495952	-11.6671	-11.1712
BLOCK00/SES006/SA006S28	SES105	-0.726241	-11.8974	-11.1712
BLOCK00/SES006/SA006S28	SES158	-0.110746	-11.2819	-11.1712
BLOCK00/SES006/SA006S28	SES275	-0.771469	-11.9426	-11.1712
BLOCK00/SES009/SA009S12	SES083	-0.515551	-10.6349	-10.1194
BLOCK00/SES009/SA009S12	SES148	-2.03583	-12.1552	-10.1194
BLOCK00/SES009/SA009S12	SES177	0.0924978	-10.0269	-10.1194
BLOCK00/SES009/SA009S12	SES292	0.372026	-9.74737	-10.1194
BLOCK00/SES009/SA009S15	SES007	0.487045	-9.0502	-9.53724
BLOCK00/SES009/SA009S15	SES099	-1.83147	-11.3687	-9.53724
BLOCK00/SES009/SA009S15	SES148	-0.583326	-10.1206	-9.53724
BLOCK00/SES009/SA009S15	SES172	-0.27117	-9.80841	-9.53724
BLOCK00/SES009/SA009S24	SES146	0.132584	-9.89435	-10.0269
BLOCK00/SES009/SA009S24	SES148	-1.20809	-11.235	-10.0269
BLOCK00/SES009/SA009S24	SES177	0.419678	-9.60726	-10.0269
BLOCK00/SES009/SA009S24	SES292	0.121407	-9.90553	-10.0269
BLOCK00/SES009/SA009S26	SES083	-0.537904	-9.99576	-9.45786
BLOCK00/SES009/SA009S26	SES101	-0.816211	-10.2741	-9.45786
BLOCK00/SES009/SA009S26	SES120	-0.204143	-9.662	-9.45786
BLOCK00/SES009/SA009S26	SES177	0.0676193	-9.39024	-9.45786
BLOCK00/SES009/SA009S29	SES083	-0.782362	-10.26	-9.4776
BLOCK00/SES009/SA009S29	SES101	-0.793935	-10.2715	-9.4776
BLOCK00/SES009/SA009S29	SES177	0.124533	-9.35306	-9.4776
BLOCK00/SES009/SA009S29	SES292	0.136358	-9.34124	-9.4776
BLOCK01/SES011/SA011S10	SES019	-2.84772	-14.1764	-11.3287
BLOCK01/SES011/SA011S10	SES042	1.47501	-9.85367	-11.3287
BLOCK01/SES011/SA011S10	SES082	0.124457	-11.2042	-11.3287
BLOCK01/SES011/SA011S10	SES206	0.413238	-10.9154	-11.3287
BLOCK01/SES011/SA011S11	SES019	-2.06264	-12.0776	-10.015
BLOCK01/SES011/SA011S11	SES042	0.9322	-9.08276	-10.015
BLOCK01/SES011/SA011S11	SES082	0.354139	-9.66083	-10.015
BLOCK01/SES011/SA011S11	SES206	-0.0299683	-10.0449	-10.015
BLOCK01/SES011/SA011S22	SES019	-1.45938	-12.1465	-10.6871
BLOCK01/SES011/SA011S22	SES042	0.774528	-9.91257	-10.6871
BLOCK01/SES011/SA011S22	SES082	-0.134242	-10.8213	-10.6871
BLOCK01/SES011/SA011S22	SES206	-0.112699	-10.7998	-10.6871
BLOCK01/SES011/SA011S24	SES019	-1.81753	-11.9027	-10.0851
BLOCK01/SES011/SA011S24	SES042	1.37371	-8.71142	-10.0851
BLOCK01/SES011/SA011S24	SES104	0.522984	-9.56215	-10.0851
BLOCK01/SES011/SA011S24	SES206	0.731488	-9.35364	-10.0851
BLOCK01/SES011/SA011S27	SES082	0.314246	-9.63412	-9.94837
BLOCK01/SES011/SA011S27	SES087	-1.06698	-11.0153	-9.94837
BLOCK01/SES011/SA011S27	SES125	0.332876	-9.61549	-9.94837
BLOCK01/SES011/SA011S27	SES206	-0.157067	-10.1054	-9.94837
BLOCK01/SES012/SA012S11	SES007	0.0260439	-9.00847	-9.03451
BLOCK01/SES012/SA012S11	SES082	0.286003	-8.74851	-9.03451
BLOCK01/SES012/SA012S11	SES083	-0.558099	-9.59261	-9.03451
BLOCK01/SES012/SA012S11	SES206	0.0798492	-8.95467	-9.03451
BLOCK01/SES012/SA012S14	SES082	-0.142409	-10.432	-10.2896
BLOCK01/SES012/SA012S14	SES087	-0.718075	-11.0076	-10.2896
BLOCK01/SES012/SA012S14	SES206	0.277003	-10.0126	-10.2896
BLOCK01/SES012/SA012S14	SES292	-0.0574541	-10.347	-10.2896
BLOCK01/SES012/SA012S24	SES082	0.70031	-10.1779	-10.8782
BLOCK01/SES012/SA012S24	SES087	-0.320668	-11.1989	-10.8782
BLOCK01/SES012/SA012S24	SES120	0.207683	-10.6706	-10.8782
BLOCK01/SES012/SA012S24	SES206	0.723814	-10.1544	-10.8782
BLOCK01/SES012/SA012S26	SES019	-3.8828	-15.5191	-11.6363
BLOCK01/SES012/SA012S26	SES082	0.0547905	-11.5815	-11.6363
BLOCK01/SES012/SA012S26	SES206	1.33065	-10.3056	-11.6363
BLOCK01/SES012/SA012S26	SES292	0.461145	-11.1751	-11.6363
BLOCK01/SES012/SA012S29	SES062	-0.276102	-9.05888	-8.78278
BLOCK01/SES012/SA012S29	SES082	0.311669	-8.47111	-8.78278
BLOCK01/SES012/SA012S29	SES083	-0.550292	-9.33307	-8.78278
BLOCK01/SES012/SA012S29	SES206	0.246723	-8.53606	-8.78278
BLOCK01/SES013/SA013S16	SES062	-1.23824	-12.6019	-11.3637
BLOCK01/SES013/SA013S16	SES106	-0.45992	-11.8236	-11.3637
BLOCK01/SES013/SA013S16	SES206	-0.285684	-11.6494	-11.3637
BLOCK01/SES013/SA013S16	SES226	-0.212058	-11.5757	-11.3637
BLOCK01/SES013/SA013S17	SES062	-0.488174	-10.7183	-10.2301
BLOCK01/SES013/SA013S17	SES106	-0.1806	-10.4107	-10.2301
BLOCK01/SES013/SA013S17	SES206	0.0614395	-10.1686	-10.2301
BLOCK01/SES013/SA013S17	SES226	-0.105203	-10.3353	-10.2301
BLOCK01/SES013/SA013S23	SES104	-0.434473	-11.5778	-11.1433
BLOCK01/SES013/SA013S23	SES106	0.154574	-10.9887	-11.1433
BLOCK01/SES013/SA013S23	SES206	-1.33763	-12.4809	-11.1433
BLOCK01/SES013/SA013S23	SES270	-0.352805	-11.4961	-11.1433
BLOCK01/SES013/SA013S25	SES042	-1.54129	-11.9554	-10.4141
BLOCK01/SES013/SA013S25	SES104	0.0710649	-10.3431	-10.4141
BLOCK01/SES013/SA013S25	SES106	0.0520992	-10.362	-10.4141
BLOCK01/SES013/SA013S25	SES206	-0.858326	-11.2725	-10.4141
BLOCK01/SES013/SA013S29	SES062	-0.768994	-11.4042	-10.6352
BLOCK01/SES013/SA013S29	SES104	-0.422482	-11.0577	-10.6352
BLOCK01/SES013/SA013S29	SES106	0.0744953	-10.5607	-10.6352
BLOCK01/SES013/SA013S29	SES206	-1.55762	-12.1928	-10.6352
BLOCK02/SES021/SA021S13	SES016	-0.304866	-10.1149	-9.81001
BLOCK02/SES021/SA021S13	SES029	-0.339855	-10.1499	-9.81001
BLOCK02/SES021/SA021S13	SES087	-2.30499	-12.115	-9.81001
BLOCK02/SES021/SA021S13	SES206	-0.894012	-10.704	-9.81001
BLOCK02/SES021/SA021S15	SES087	-0.575418	-10.2737	-9.69829
BLOCK02/SES021/SA021S15	SES125	0.16552	-9.53277	-9.69829
BLOCK02/SES021/SA021S15	SES206	-0.222056	-9.92035	-9.69829
BLOCK02/SES021/SA021S15	SES226	-0.113253	-9.81154	-9.69829
BLOCK02/SES021/SA021S23	SES062	-1.08799	-11.8015	-10.7135
BLOCK02/SES021/SA021S23	SES087	-0.171386	-10.8849	-10.7135
BLOCK02/SES021/SA021S23	SES206	-0.4599	-11.1734	-10.7135
BLOCK02/SES021/SA021S23	SES226	0.129306	-10.5842	-10.7135
BLOCK02/SES021/SA021S27	SES002	-0.356125	-9.92725	-9.57112
BLOCK02/SES021/SA021S27	SES016	-1.07416	-10.6453	-9.57112
BLOCK02/SES021/SA021S27	SES019	-0.96807	-10.5392	-9.57112
BLOCK02/SES021/SA021S27	SES062	-0.4583	-10.0294	-9.57112
BLOCK02/SES021/SA021S29	SES087	-0.43933	-11.4486	-11.0093
BLOCK02/SES021/SA021S29	SES125	-0.521235	-11.5305	-11.0093
BLOCK02/SES021/SA021S29	SES206	0.216573	-10.7927	-11.0093
BLOCK02/SES021/SA021S29	SES226	-0.0120029	-11.0213	-11.0093
BLOCK04/SES043/SA043S09	SES083	0.451869	-9.86845	-10.3203
BLOCK04/SES043/SA043S09	SES101	0.213133	-10.1072	-10.3203
BLOCK04/SES043/SA043S09	SES144	0.53134	-9.78898	-10.3203
BLOCK04/SES043/SA043S09	SES172	-0.101735	-10.4221	-10.3203
BLOCK04/SES043/SA043S11	SES083	0.466389	-8.75928	-9.22567
BLOCK04/SES043/SA043S11	SES101	0.352307	-8.87336	-9.22567
BLOCK04/SES043/SA043S11	SES144	0.400145	-8.82552	-9.22567
BLOCK04/SES043/SA043S11	SES172	0.034667	-9.191	-9.22567
BLOCK04/SES043/SA043S23	SES083	0.483166	-9.07306	-9.55622
BLOCK04/SES043/SA043S23	SES144	0.403178	-9.15304	-9.55622
BLOCK04/SES043/SA043S23	SES177	0.111669	-9.44455	-9.55622
BLOCK04/SES043/SA043S23	SES275	0.12351	-9.43271	-9.55622
BLOCK04/SES043/SA043S26	SES083	0.034174	-10.4049	-10.4391
BLOCK04/SES043/SA043S26	SES101	0.155089	-10.284	-10.4391
BLOCK04/SES043/SA043S26	SES144	0.123096	-10.316	-10.4391
BLOCK04/SES043/SA043S26	SES177	-0.140465	-10.5795	-10.4391
BLOCK04/SES043/SA043S28	SES016	-0.228371	-10.0692	-9.84082
BLOCK04/SES043/SA043S28	SES083	0.180108	-9.66071	-9.84082
BLOCK04/SES043/SA043S28	SES101	0.171236	-9.66958	-9.84082
BLOCK04/SES043/SA043S28	SES144	0.23225	-9.60857	-9.84082
BLOCK04/SES044/SA044S10	SES127	-1.46338	-12.1336	-10.6702
BLOCK04/SES044/SA044S10	SES144	-0.0532618	-10.7234	-10.6702
BLOCK04/SES044/SA044S10	SES147	-0.698502	-11.3687	-10.6702
BLOCK04/SES044/SA044S10	SES148	-0.623346	-11.2935	-10.6702
BLOCK04/SES044/SA044S11	SES101	0.232659	-9.53219	-9.76485
BLOCK04/SES044/SA044S11	SES144	0.374578	-9.39027	-9.76485
BLOCK04/SES044/SA044S11	SES147	-0.518082	-10.2829	-9.76485
BLOCK04/SES044/SA044S11	SES177	-0.182315	-9.94716	-9.76485
BLOCK04/SES044/SA044S24	SES007	-1.07265	-10.9899	-9.91722
BLOCK04/SES044/SA044S24	SES101	0.245004	-9.67221	-9.91722
BLOCK04/SES044/SA044S24	SES147	-0.24631	-10.1635	-9.91722
BLOCK04/SES044/SA044S24	SES177	-0.0122843	-9.9295	-9.91722
BLOCK04/SES044/SA044S26	SES007	-0.758191	-10.1228	-9.36459
BLOCK04/SES044/SA044S26	SES016	-0.0913315	-9.45592	-9.36459
BLOCK04/SES044/SA044S26	SES101	0.373406	-8.99119	-9.36459
BLOCK04/SES044/SA044S26	SES147	0.454908	-8.90968	-9.36459
BLOCK04/SES044/SA044S29	SES007	-1.15933	-10.6126	-9.45326
BLOCK04/SES044/SA044S29	SES101	0.387536	-9.06573	-9.45326
BLOCK04/SES044/SA044S29	SES147	-0.583145	-10.0364	-9.45326
BLOCK04/SES044/SA044S29	SES177	-0.48685	-9.94011	-9.45326
BLOCK04/SES046/SA046S13	SES101	0.0984316	-10.4703	-10.5688
BLOCK04/SES046/SA046S13	SES144	0.136164	-10.4326	-10.5688
BLOCK04/SES046/SA046S13	SES147	-0.512891	-11.0816	-10.5688
BLOCK04/SES046/SA046S13	SES177	-0.286626	-10.8554	-10.5688
BLOCK04/SES046/SA046S15	SES048	-0.367954	-9.34651	-8.97856
BLOCK04/SES046/SA046S15	SES083	-0.338486	-9.31705	-8.97856
BLOCK04/SES046/SA046S15	SES120	-1.18777	-10.1663	-8.97856
BLOCK04/SES046/SA046S15	SES148	-0.211038	-9.1896	-8.97856
BLOCK04/SES046/SA046S22	SES101	0.635587	-9.57368	-10.2093
BLOCK04/SES046/SA046S22	SES144	0.542392	-9.66688	-10.2093
BLOCK04/SES046/SA046S22	SES147	-0.135896	-10.3452	-10.2093
BLOCK04/SES046/SA046S22	SES172	0.0167217	-10.1925	-10.2093
BLOCK04/SES046/SA046S25	SES083	0.0412741	-8.96278	-9.00405
BLOCK04/SES046/SA046S25	SES127	-0.613827	-9.61788	-9.00405
BLOCK04/SES046/SA046S25	SES144	0.152436	-8.85161	-9.00405
BLOCK04/SES046/SA046S25	SES148	-0.525832	-9.52988	-9.00405
BLOCK04/SES046/SA046S28	SES007	-0.337456	-9.82789	-9.49044
BLOCK04/SES046/SA046S28	SES105	0.279959	-9.21048	-9.49044
BLOCK04/SES046/SA046S28	SES147	0.257246	-9.23319	-9.49044
BLOCK04/SES046/SA046S28	SES148	-0.358085	-9.84852	-9.49044
BLOCK04/SES049/SA049S16	SES104	-0.2019	-11.8681	-11.6662
BLOCK04/SES049/SA049S16	SES106	-1.62351	-13.2897	-11.6662
BLOCK04/SES049/SA049S16	SES120	-0.0156965	-11.6819	-11.6662
BLOCK04/SES049/SA049S16	SES206	-0.022481	-11.6887	-11.6662
BLOCK04/SES049/SA049S18	SES099	0.0565224	-10.371	-10.4275
BLOCK04/SES049/SA049S18	SES104	-0.64934	-11.0769	-10.4275
BLOCK04/SES049/SA049S18	SES125	-0.443078	-10.8706	-10.4275
BLOCK04/SES049/SA049S18	SES206	-0.880691	-11.3082	-10.4275
BLOCK04/SES049/SA049S25	SES087	-0.363927	-12.0792	-11.7153
BLOCK04/SES049/SA049S25	SES104	0.026082	-11.6892	-11.7153
BLOCK04/SES049/SA049S25	SES125	0.00655842	-11.7087	-11.7153
BLOCK04/SES049/SA049S25	SES206	-0.201492	-11.9168	-11.7153
BLOCK04/SES049/SA049S27	SES099	-0.539788	-10.5604	-10.0206
BLOCK04/SES049/SA049S27	SES104	0.0274734	-9.99314	-10.0206
BLOCK04/SES049/SA049S27	SES125	-0.395662	-10.4163	-10.0206
BLOCK04/SES049/SA049S27	SES206	-0.623571	-10.6442	-10.0206
BLOCK04/SES049/SA049S29	SES099	0.315496	-9.56319	-9.87869
BLOCK04/SES049/SA049S29	SES104	0.483596	-9.39509	-9.87869
BLOCK04/SES049/SA049S29	SES125	0.833527	-9.04516	-9.87869
BLOCK04/SES049/SA049S29	SES206	-0.0924358	-9.97112	-9.87869
BLOCK06/SES063/SA063S09	SES068	-1.03052	-12.1084	-11.0778
BLOCK06/SES063/SA063S09	SES083	-0.0501127	-11.128	-11.0778
BLOCK06/SES063/SA063S09	SES177	-0.30206	-11.3799	-11.0778
BLOCK06/SES063/SA063S09	SES187	-0.350657	-11.4285	-11.0778
BLOCK06/SES063/SA063S10	SES068	-0.927715	-11.0183	-10.0906
BLOCK06/SES063/SA063S10	SES083	-0.673829	-10.7644	-10.0906
BLOCK06/SES063/SA063S10	SES172	-0.0379524	-10.1285	-10.0906
BLOCK06/SES063/SA063S10	SES187	-0.867099	-10.9577	-10.0906
BLOCK06/SES063/SA063S20	SES068	-1.16776	-11.9675	-10.7997
BLOCK06/SES063/SA063S20	SES083	-0.629612	-11.4294	-10.7997
BLOCK06/SES063/SA063S20	SES172	-0.0592165	-10.859	-10.7997
BLOCK06/SES063/SA063S20	SES187	-0.757698	-11.5574	-10.7997
BLOCK06/SES063/SA063S24	SES029	-0.715744	-12.013	-11.2972
BLOCK06/SES063/SA063S24	SES083	0.540009	-10.7572	-11.2972
BLOCK06/SES063/SA063S24	SES177	-0.0243549	-11.3216	-11.2972
BLOCK06/SES063/SA063S24	SES189	0.552599	-10.7446	-11.2972
BLOCK06/SES063/SA063S27	SES083	0.0188274	-10.5587	-10.5775
BLOCK06/SES063/SA063S27	SES172	-0.170251	-10.7478	-10.5775
BLOCK06/SES063/SA063S27	SES187	-0.374579	-10.9521	-10.5775
BLOCK06/SES063/SA063S27	SES292	-0.104748	-10.6823	-10.5775
BLOCK06/SES067/SA067S12	SES083	-0.247331	-8.91565	-8.66832
BLOCK06/SES067/SA067S12	SES172	-0.478491	-9.14681	-8.66832
BLOCK06/SES067/SA067S12	SES202	-0.0569048	-8.72522	-8.66832
BLOCK06/SES067/SA067S12	SES292	-0.358783	-9.0271	-8.66832
BLOCK06/SES067/SA067S14	SES085	0.110844	-7.40016	-7.511
BLOCK06/SES067/SA067S14	SES177	-0.147837	-7.65884	-7.511
BLOCK06/SES067/SA067S14	SES183	0.110203	-7.4008	-7.511
BLOCK06/SES067/SA067S14	SES202	0.157581	-7.35342	-7.511
BLOCK06/SES067/SA067S21	SES144	-0.487226	-10.6153	-10.128
BLOCK06/SES067/SA067S21	SES177	-0.265518	-10.3936	-10.128
BLOCK06/SES067/SA067S21	SES183	-0.664355	-10.7924	-10.128
BLOCK06/SES067/SA067S21	SES189	-0.10438	-10.2324	-10.128
BLOCK06/SES067/SA067S25	SES085	-1.59113	-10.9959	-9.40476
BLOCK06/SES067/SA067S25	SES177	-0.443991	-9.84875	-9.40476
BLOCK06/SES067/SA067S25	SES183	-0.227157	-9.63192	-9.40476
BLOCK06/SES067/SA067S25	SES202	-0.701849	-10.1066	-9.40476
BLOCK06/SES067/SA067S29	SES085	-0.968722	-10.6702	-9.70149
BLOCK06/SES067/SA067S29	SES177	-0.741474	-10.443	-9.70149
BLOCK06/SES067/SA067S29	SES183	-0.755898	-10.4574	-9.70149
BLOCK06/SES067/SA067S29	SES202	0.117029	-9.58447	-9.70149
BLOCK06/SES069/SA069S12	SES029	-1.09923	-10.4918	-9.39259
BLOCK06/SES069/SA069S12	SES082	-0.235118	-9.62771	-9.39259
BLOCK06/SES069/SA069S12	SES087	-0.78823	-10.1808	-9.39259
BLOCK06/SES069/SA069S12	SES206	-0.174107	-9.5667	-9.39259
BLOCK06/SES069/SA069S13	SES029	-0.621759	-10.1009	-9.47911
BLOCK06/SES069/SA069S13	SES087	-0.047368	-9.52647	-9.47911
BLOCK06/SES069/SA069S13	SES206	-0.573333	-10.0524	-9.47911
BLOCK06/SES069/SA069S13	SES226	0.629981	-8.84912	-9.47911
BLOCK06/SES069/SA069S23	SES029	-0.390729	-8.89107	-8.50034
BLOCK06/SES069/SA069S23	SES087	-0.0385342	-8.53887	-8.50034
BLOCK06/SES069/SA069S23	SES206	-0.498879	-8.99922	-8.50034
BLOCK06/SES069/SA069S23	SES226	0.00174618	-8.49859	-8.50034
BLOCK06/SES069/SA069S25	SES087	-0.85087	-10.2302	-9.37932
BLOCK06/SES069/SA069S25	SES206	-1.02921	-10.4085	-9.37932
BLOCK06/SES069/SA069S25	SES226	0.185083	-9.19423	-9.37932
BLOCK06/SES069/SA069S25	SES270	-0.0443783	-9.4237	-9.37932
BLOCK06/SES069/SA069S27	SES087	-0.756269	-10.8805	-10.1242
BLOCK06/SES069/SA069S27	SES206	0.212584	-9.91166	-10.1242
BLOCK06/SES069/SA069S27	SES226	-0.102445	-10.2267	-10.1242
BLOCK06/SES069/SA069S27	SES270	-0.852001	-10.9762	-10.1242
BLOCK08/SES081/SA081S11	SES060	-0.0995703	-10.145	-10.0454
BLOCK08/SES081/SA081S11	SES062	-0.135129	-10.1806	-10.0454
BLOCK08/SES081/SA081S11	SES117	-1.3037	-11.3491	-10.0454
BLOCK08/SES081/SA081S11	SES162	-1.3193	-11.3647	-10.0454
BLOCK08/SES081/SA081S13	SES016	-0.214583	-9.04472	-8.83014
BLOCK08/SES081/SA081S13	SES060	0.173647	-8.65649	-8.83014
BLOCK08/SES081/SA081S13	SES068	-0.255317	-9.08546	-8.83014
BLOCK08/SES081/SA081S13	SES129	-0.62219	-9.45233	-8.83014
BLOCK08/SES081/SA081S24	SES060	-0.379088	-9.87467	-9.49558
BLOCK08/SES081/SA081S24	SES068	-0.14464	-9.64022	-9.49558
BLOCK08/SES081/SA081S24	SES117	-0.737226	-10.2328	-9.49558
BLOCK08/SES081/SA081S24	SES275	-0.500165	-9.99574	-9.49558
BLOCK08/SES081/SA081S27	SES007	1.01655	-10.2265	-11.243
BLOCK08/SES081/SA081S27	SES060	0.645856	-10.5972	-11.243
BLOCK08/SES081/SA081S27	SES117	0.231668	-11.0114	-11.243
BLOCK08/SES081/SA081S27	SES275	-1.53766	-12.7807	-11.243
BLOCK08/SES081/SA081S29	SES007	0.997641	-9.98808	-10.9857
BLOCK08/SES081/SA081S29	SES060	0.844629	-10.1411	-10.9857
BLOCK08/SES081/SA081S29	SES117	0.266995	-10.7187	-10.9857
BLOCK08/SES081/SA081S29	SES275	-2.07823	-13.064	-10.9857
BLOCK08/SES086/SA086S11	SES029	-1.61552	-13.1231	-11.5076
BLOCK08/SES086/SA086S11	SES082	-0.325315	-11.8329	-11.5076
BLOCK08/SES086/SA086S11	SES087	0.425204	-11.0824	-11.5076
BLOCK08/SES086/SA086S11	SES206	-0.795784	-12.3034	-11.5076
BLOCK08/SES086/SA086S12	SES029	-1.31723	-12.2043	-10.887
BLOCK08/SES086/SA086S12	SES082	-0.255028	-11.142	-10.887
BLOCK08/SES086/SA086S12	SES087	0.584252	-10.3028	-10.887
BLOCK08/SES086/SA086S12	SES206	-0.0045929	-10.8916	-10.887
BLOCK08/SES086/SA086S20	SES029	-1.50666	-11.9488	-10.4422
BLOCK08/SES086/SA086S20	SES082	-0.418228	-10.8604	-10.4422
BLOCK08/SES086/SA086S20	SES087	0.188211	-10.254	-10.4422
BLOCK08/SES086/SA086S20	SES206	-0.470554	-10.9127	-10.4422
BLOCK08/SES086/SA086S24	SES087	0.520954	-11.2083	-11.7293
BLOCK08/SES086/SA086S24	SES104	-0.167462	-11.8967	-11.7293
BLOCK08/SES086/SA086S24	SES120	0.206037	-11.5232	-11.7293
BLOCK08/SES086/SA086S24	SES206	-0.169166	-11.8984	-11.7293
BLOCK08/SES086/SA086S28	SES029	-1.80711	-11.5923	-9.78523
BLOCK08/SES086/SA086S28	SES082	-0.504694	-10.2899	-9.78523
BLOCK08/SES086/SA086S28	SES087	0.424684	-9.36054	-9.78523
BLOCK08/SES086/SA086S28	SES206	-0.613074	-10.3983	-9.78523
BLOCK08/SES089/SA089S13	SES087	0.121143	-10.6169	-10.738
BLOCK08/SES089/SA089S13	SES206	-0.864973	-11.603	-10.738
BLOCK08/SES089/SA089S13	SES226	0.13772	-10.6003	-10.738
BLOCK08/SES089/SA089S13	SES270	-0.0126019	-10.7506	-10.738
BLOCK08/SES089/SA089S14	SES062	-0.431001	-10.0915	-9.6605
BLOCK08/SES089/SA089S14	SES087	0.187547	-9.47295	-9.6605
BLOCK08/SES089/SA089S14	SES206	-0.603561	-10.2641	-9.6605
BLOCK08/SES089/SA089S14	SES226	-0.885597	-10.5461	-9.6605
BLOCK08/SES089/SA089S23	SES087	0.0686331	-11.7393	-11.8079
BLOCK08/SES089/SA089S23	SES206	-0.668837	-12.4768	-11.8079
BLOCK08/SES089/SA089S23	SES226	0.658642	-11.1493	-11.8079
BLOCK08/SES089/SA089S23	SES270	-0.0594769	-11.8674	-11.8079
BLOCK08/SES089/SA089S25	SES062	-0.468896	-10.6836	-10.2147
BLOCK08/SES089/SA089S25	SES087	-0.0935059	-10.3082	-10.2147
BLOCK08/SES089/SA089S25	SES206	-1.21454	-11.4292	-10.2147
BLOCK08/SES089/SA089S25	SES226	-0.0331688	-10.2479	-10.2147
BLOCK08/SES089/SA089S28	SES062	-0.117321	-10.7022	-10.5849
BLOCK08/SES089/SA089S28	SES087	0.58457	-10.0003	-10.5849
BLOCK08/SES089/SA089S28	SES206	-0.582606	-11.1675	-10.5849
BLOCK08/SES089/SA089S28	SES226	0.286403	-10.2985	-10.5849
BLOCK09/SES097/SA097S11	SES099	0.115446	-10.6913	-10.8068
BLOCK09/SES097/SA097S11	SES125	0.210917	-10.5958	-10.8068
BLOCK09/SES097/SA097S11	SES206	-0.540075	-11.3468	-10.8068
BLOCK09/SES097/SA097S11	SES226	0.387414	-10.4194	-10.8068
BLOCK09/SES097/SA097S14	SES062	-0.507733	-10.6414	-10.1336
BLOCK09/SES097/SA097S14	SES099	-0.726515	-10.8601	-10.1336
BLOCK09/SES097/SA097S14	SES104	-0.281092	-10.4147	-10.1336
BLOCK09/SES097/SA097S14	SES206	-1.72666	-11.8603	-10.1336
BLOCK09/SES097/SA097S22	SES099	0.514004	-9.85917	-10.3732
BLOCK09/SES097/SA097S22	SES206	-0.605124	-10.9783	-10.3732
BLOCK09/SES097/SA097S22	SES226	0.108766	-10.2644	-10.3732
BLOCK09/SES097/SA097S22	SES270	0.0310469	-10.3421	-10.3732
BLOCK09/SES097/SA097S26	SES099	1.06071	-10.1477	-11.2084
BLOCK09/SES097/SA097S26	SES120	0.152128	-11.0563	-11.2084
BLOCK09/SES097/SA097S26	SES206	-1.39137	-12.5997	-11.2084
BLOCK09/SES097/SA097S26	SES226	0.740054	-10.4683	-11.2084
BLOCK09/SES097/SA097S28	SES099	0.202103	-9.519	-9.7211
BLOCK09/SES097/SA097S28	SES120	-0.0613689	-9.78247	-9.7211
BLOCK09/SES097/SA097S28	SES206	-0.464192	-10.1853	-9.7211
BLOCK09/SES097/SA097S28	SES226	0.0578737	-9.66323	-9.7211
BLOCK09/SES098/SA098S11	SES127	-0.114264	-9.54775	-9.43348
BLOCK09/SES098/SA098S11	SES144	0.0920649	-9.34142	-9.43348
BLOCK09/SES098/SA098S11	SES147	0.146872	-9.28661	-9.43348
BLOCK09/SES098/SA098S11	SES148	-1.06458	-10.4981	-9.43348
BLOCK09/SES098/SA098S12	SES127	-1.51015	-12.6001	-11.0899
BLOCK09/SES098/SA098S12	SES144	-1.35719	-12.4471	-11.0899
BLOCK09/SES098/SA098S12	SES147	-0.514314	-11.6042	-11.0899
BLOCK09/SES098/SA098S12	SES189	-0.875687	-11.9656	-11.0899
BLOCK09/SES098/SA098S20	SES127	-2.21377	-13.0624	-10.8486
BLOCK09/SES098/SA098S20	SES147	-1.35155	-12.2002	-10.8486
BLOCK09/SES098/SA098S20	SES148	-4.25211	-15.1007	-10.8486
BLOCK09/SES098/SA098S20	SES292	0.163463	-10.6852	-10.8486
BLOCK09/SES098/SA098S23	SES127	-0.879505	-11.0288	-10.1493
BLOCK09/SES098/SA098S23	SES147	-0.556467	-10.7058	-10.1493
BLOCK09/SES098/SA098S23	SES187	-0.260013	-10.4094	-10.1493
BLOCK09/SES098/SA098S23	SES292	-0.216977	-10.3663	-10.1493
BLOCK09/SES098/SA098S27	SES127	-1.79576	-11.9503	-10.1545
BLOCK09/SES098/SA098S27	SES147	-0.795509	-10.95	-10.1545
BLOCK09/SES098/SA098S27	SES148	-1.54958	-11.7041	-10.1545
BLOCK09/SES098/SA098S27	SES292	-0.0107193	-10.1652	-10.1545
BLOCK10/SES102/SA102S13	SES101	-0.112055	-11.3741	-11.262
BLOCK10/SES102/SA102S13	SES105	-0.697989	-11.96	-11.262
BLOCK10/SES102/SA102S13	SES120	-0.623167	-11.8852	-11.262
BLOCK10/SES102/SA102S13	SES158	-0.0932083	-11.3552	-11.262
BLOCK10/SES102/SA102S14	SES007	0.148882	-8.89033	-9.03921
BLOCK10/SES102/SA102S14	SES101	-0.794071	-9.83328	-9.03921
BLOCK10/SES102/SA102S14	SES105	-0.41262	-9.45183	-9.03921
BLOCK10/SES102/SA102S14	SES147	-0.699396	-9.73861	-9.03921
BLOCK10/SES102/SA102S22	SES007	-0.570024	-10.0839	-9.51386
BLOCK10/SES102/SA102S22	SES101	-0.145103	-9.65896	-9.51386
BLOCK10/SES102/SA102S22	SES105	-0.410753	-9.92461	-9.51386
BLOCK10/SES102/SA102S22	SES158	-1.16953	-10.6834	-9.51386
BLOCK10/SES102/SA102S25	SES007	-0.0799017	-9.45013	-9.37023
BLOCK10/SES102/SA102S25	SES101	-0.386466	-9.75669	-9.37023
BLOCK10/SES102/SA102S25	SES105	-0.243671	-9.6139	-9.37023
BLOCK10/SES102/SA102S25	SES147	-0.588945	-9.95917	-9.37023
BLOCK10/SES102/SA102S27	SES007	-0.0627975	-9.7964	-9.73361
BLOCK10/SES102/SA102S27	SES101	0.0690546	-9.66455	-9.73361
BLOCK10/SES102/SA102S27	SES105	-0.389491	-10.1231	-9.73361
BLOCK10/SES102/SA102S27	SES147	-0.54139	-10.275	-9.73361
BLOCK10/SES103/SA103S14	SES105	-0.411271	-11.3299	-10.9186
BLOCK10/SES103/SA103S14	SES106	-0.828835	-11.7474	-10.9186
BLOCK10/SES103/SA103S14	SES120	-1.07511	-11.9937	-10.9186
BLOCK10/SES103/SA103S14	SES206	-0.40306	-11.3216	-10.9186
BLOCK10/SES103/SA103S15	SES099	-1.30265	-12.5104	-11.2077
BLOCK10/SES103/SA103S15	SES101	-1.18886	-12.3966	-11.2077
BLOCK10/SES103/SA103S15	SES104	-0.387804	-11.5955	-11.2077
BLOCK10/SES103/SA103S15	SES125	-1.34084	-12.5485	-11.2077
BLOCK10/SES103/SA103S24	SES104	-0.164535	-10.9925	-10.828
BLOCK10/SES103/SA103S24	SES125	-1.97576	-12.8037	-10.828
BLOCK10/SES103/SA103S24	SES148	-0.601608	-11.4296	-10.828
BLOCK10/SES103/SA103S24	SES158	-0.45093	-11.2789	-10.828
BLOCK10/SES103/SA103S26	SES104	-0.294361	-10.4742	-10.1798
BLOCK10/SES103/SA103S26	SES106	-0.881025	-11.0608	-10.1798
BLOCK10/SES103/SA103S26	SES125	-0.668532	-10.8483	-10.1798
BLOCK10/SES103/SA103S26	SES148	-0.92723	-11.107	-10.1798
BLOCK10/SES103/SA103S28	SES104	0.306404	-10.9104	-11.2168
BLOCK10/SES103/SA103S28	SES106	-1.43967	-12.6564	-11.2168
BLOCK10/SES103/SA103S28	SES125	-1.14799	-12.3648	-11.2168
BLOCK10/SES103/SA103S28	SES206	-0.711215	-11.928	-11.2168
BLOCK12/SES121/SA121S12	SES042	-0.279153	-10.5938	-10.3146
BLOCK12/SES121/SA121S12	SES087	-0.558615	-10.8732	-10.3146
BLOCK12/SES121/SA121S12	SES105	-0.128309	-10.4429	-10.3146
BLOCK12/SES121/SA121S12	SES206	-0.317473	-10.6321	-10.3146
BLOCK12/SES121/SA121S14	SES007	-0.0118465	-13.4225	-13.4106
BLOCK12/SES121/SA121S14	SES105	-0.738868	-14.1495	-13.4106
BLOCK12/SES121/SA121S14	SES106	-0.224724	-13.6354	-13.4106
BLOCK12/SES121/SA121S14	SES206	-0.797971	-14.2086	-13.4106
BLOCK12/SES121/SA121S23	SES105	-0.466201	-13.6393	-13.1731
BLOCK12/SES121/SA121S23	SES106	-1.38263	-14.5557	-13.1731
BLOCK12/SES121/SA121S23	SES120	-0.916073	-14.0892	-13.1731
BLOCK12/SES121/SA121S23	SES206	-0.363154	-13.5362	-13.1731
BLOCK12/SES121/SA121S25	SES007	0.761307	-12.6843	-13.4456
BLOCK12/SES121/SA121S25	SES105	-1.05626	-14.5018	-13.4456
BLOCK12/SES121/SA121S25	SES106	0.774145	-12.6714	-13.4456
BLOCK12/SES121/SA121S25	SES206	-0.447576	-13.8931	-13.4456
BLOCK12/SES121/SA121S27	SES087	0.828747	-11.8908	-12.7195
BLOCK12/SES121/SA121S27	SES105	-1.22166	-13.9412	-12.7195
BLOCK12/SES121/SA121S27	SES120	0.0776777	-12.6418	-12.7195
BLOCK12/SES121/SA121S27	SES206	-0.745818	-13.4653	-12.7195
BLOCK12/SES124/SA124S16	SES042	0.38091	-7.97957	-8.36048
BLOCK12/SES124/SA124S16	SES082	0.0686035	-8.29188	-8.36048
BLOCK12/SES124/SA124S16	SES183	-0.636067	-8.99655	-8.36048
BLOCK12/SES124/SA124S16	SES206	0.0744076	-8.28608	-8.36048
BLOCK12/SES124/SA124S17	SES105	0.00989723	-10.0359	-10.0458
BLOCK12/SES124/SA124S17	SES149	-0.311082	-10.3569	-10.0458
BLOCK12/SES124/SA124S17	SES158	-0.165359	-10.2111	-10.0458
BLOCK12/SES124/SA124S17	SES275	-0.0549831	-10.1008	-10.0458
BLOCK12/SES124/SA124S23	SES105	-0.941935	-9.57863	-8.6367
BLOCK12/SES124/SA124S23	SES125	1.0175	-7.6192	-8.6367
BLOCK12/SES124/SA124S23	SES129	-0.783823	-9.42052	-8.6367
BLOCK12/SES124/SA124S23	SES158	0.0233889	-8.61331	-8.6367
BLOCK12/SES124/SA124S26	SES105	-0.644578	-9.94792	-9.30334
BLOCK12/SES124/SA124S26	SES125	0.189645	-9.1137	-9.30334
BLOCK12/SES124/SA124S26	SES129	-0.743069	-10.0464	-9.30334
BLOCK12/SES124/SA124S26	SES158	0.220705	-9.08263	-9.30334
BLOCK12/SES124/SA124S28	SES104	0.429167	-8.45325	-8.88242
BLOCK12/SES124/SA124S28	SES106	-0.0864649	-8.96889	-8.88242
BLOCK12/SES124/SA124S28	SES125	0.824979	-8.05744	-8.88242
BLOCK12/SES124/SA124S28	SES275	-0.531021	-9.41344	-8.88242
BLOCK12/SES126/SA126S13	SES007	0.44088	-9.5437	-9.98458
BLOCK12/SES126/SA126S13	SES162	-0.641899	-10.6265	-9.98458
BLOCK12/SES126/SA126S13	SES177	-0.0205803	-10.0052	-9.98458
BLOCK12/SES126/SA126S13	SES180	-1.12934	-11.1139	-9.98458
BLOCK12/SES126/SA126S14	SES144	-0.454777	-9.95685	-9.50207
BLOCK12/SES126/SA126S14	SES148	-0.55835	-10.0604	-9.50207
BLOCK12/SES126/SA126S14	SES177	0.356683	-9.14539	-9.50207
BLOCK12/SES126/SA126S14	SES180	-0.47299	-9.97506	-9.50207
BLOCK12/SES126/SA126S20	SES007	-0.0415201	-8.51556	-8.47404
BLOCK12/SES126/SA126S20	SES162	-0.536597	-9.01064	-8.47404
BLOCK12/SES126/SA126S20	SES172	-0.473966	-8.948	-8.47404
BLOCK12/SES126/SA126S20	SES180	-0.304353	-8.77839	-8.47404
BLOCK12/SES126/SA126S24	SES120	0.230744	-9.05934	-9.29009
BLOCK12/SES126/SA126S24	SES162	-0.37332	-9.66341	-9.29009
BLOCK12/SES126/SA126S24	SES177	0.251871	-9.03821	-9.29009
BLOCK12/SES126/SA126S24	SES180	-0.370454	-9.66054	-9.29009
BLOCK12/SES126/SA126S26	SES120	0.82048	-9.26309	-10.0836
BLOCK12/SES126/SA126S26	SES177	-0.0149975	-10.0986	-10.0836
BLOCK12/SES126/SA126S26	SES180	0.55962	-9.52395	-10.0836
BLOCK12/SES126/SA126S26	SES202	0.382569	-9.701	-10.0836
BLOCK12/SES128/SA128S10	SES087	-0.905759	-11.3334	-10.4276
BLOCK12/SES128/SA128S10	SES206	0.0481091	-10.3795	-10.4276
BLOCK12/SES128/SA128S10	SES226	-0.197553	-10.6252	-10.4276
BLOCK12/SES128/SA128S10	SES270	-0.400311	-10.828	-10.4276
BLOCK12/SES128/SA128S12	SES120	0.730112	-9.57258	-10.3027
BLOCK12/SES128/SA128S12	SES158	0.4533	-9.84939	-10.3027
BLOCK12/SES128/SA128S12	SES206	0.541837	-9.76086	-10.3027
BLOCK12/SES128/SA128S12	SES226	-0.825593	-11.1283	-10.3027
BLOCK12/SES128/SA128S21	SES106	-0.760802	-11.1698	-10.409
BLOCK12/SES128/SA128S21	SES120	0.231004	-10.178	-10.409
BLOCK12/SES128/SA128S21	SES206	0.0266714	-10.3823	-10.409
BLOCK12/SES128/SA128S21	SES226	0.596275	-9.81273	-10.409
BLOCK12/SES128/SA128S24	SES087	-0.0410299	-10.8245	-10.7834
BLOCK12/SES128/SA128S24	SES120	0.268487	-10.5149	-10.7834
BLOCK12/SES128/SA128S24	SES206	-0.114795	-10.8982	-10.7834
BLOCK12/SES128/SA128S24	SES226	-0.534424	-11.3179	-10.7834
BLOCK12/SES128/SA128S27	SES099	0.193399	-9.82626	-10.0197
BLOCK12/SES128/SA128S27	SES120	0.214123	-9.80553	-10.0197
BLOCK12/SES128/SA128S27	SES206	-0.049571	-10.0692	-10.0197
BLOCK12/SES128/SA128S27	SES226	-0.716925	-10.7366	-10.0197
BLOCK13/SES130/SA130S13	SES143	0.629564	-10.1168	-10.7464
BLOCK13/SES130/SA130S13	SES144	0.925795	-9.8206	-10.7464
BLOCK13/SES130/SA130S13	SES146	-0.498319	-11.2447	-10.7464
BLOCK13/SES130/SA130S13	SES275	-0.816784	-11.5632	-10.7464
BLOCK13/SES130/SA130S15	SES143	-0.132393	-9.44686	-9.31447
BLOCK13/SES130/SA130S15	SES144	0.229652	-9.08482	-9.31447
BLOCK13/SES130/SA130S15	SES146	-0.0896959	-9.40416	-9.31447
BLOCK13/SES130/SA130S15	SES275	-0.299407	-9.61388	-9.31447
BLOCK13/SES130/SA130S23	SES127	0.273948	-9.50779	-9.78173
BLOCK13/SES130/SA130S23	SES144	0.237023	-9.54471	-9.78173
BLOCK13/SES130/SA130S23	SES146	-0.207501	-9.98923	-9.78173
BLOCK13/SES130/SA130S23	SES162	-0.138083	-9.91982	-9.78173
BLOCK13/SES130/SA130S25	SES127	0.0183058	-9.04634	-9.06464
BLOCK13/SES130/SA130S25	SES144	0.395226	-8.66942	-9.06464
BLOCK13/SES130/SA130S25	SES146	0.173065	-8.89158	-9.06464
BLOCK13/SES130/SA130S25	SES275	-0.21028	-9.27493	-9.06464
BLOCK13/SES130/SA130S28	SES127	0.0898342	-9.8324	-9.92224
BLOCK13/SES130/SA130S28	SES144	0.0684271	-9.85381	-9.92224
BLOCK13/SES130/SA130S28	SES146	0.269077	-9.65316	-9.92224
BLOCK13/SES130/SA130S28	SES275	-0.0932751	-10.0155	-9.92224
BLOCK13/SES131/SA131S13	SES002	-0.064126	-10.2734	-10.2092
BLOCK13/SES131/SA131S13	SES007	-0.186438	-10.3957	-10.2092
BLOCK13/SES131/SA131S13	SES099	0.227544	-9.98169	-10.2092
BLOCK13/SES131/SA131S13	SES105	-0.20843	-10.4177	-10.2092
BLOCK13/SES131/SA131S14	SES104	-0.722218	-8.70885	-7.98663
BLOCK13/SES131/SA131S14	SES106	-0.948408	-8.93504	-7.98663
BLOCK13/SES131/SA131S14	SES125	-1.0299	-9.01653	-7.98663
BLOCK13/SES131/SA131S14	SES148	0.221707	-7.76492	-7.98663
BLOCK13/SES131/SA131S20	SES104	-0.495771	-10.9938	-10.4981
BLOCK13/SES131/SA131S20	SES106	-0.840825	-11.3389	-10.4981
BLOCK13/SES131/SA131S20	SES125	-0.468246	-10.9663	-10.4981
BLOCK13/SES131/SA131S20	SES148	-0.954573	-11.4526	-10.4981
BLOCK13/SES131/SA131S22	SES099	-0.0457258	-9.24124	-9.19551
BLOCK13/SES131/SA131S22	SES104	-0.223567	-9.41908	-9.19551
BLOCK13/SES131/SA131S22	SES125	0.401978	-8.79354	-9.19551
BLOCK13/SES131/SA131S22	SES206	-0.00303745	-9.19855	-9.19551
BLOCK13/SES131/SA131S29	SES087	-0.761959	-11.7964	-11.0344
BLOCK13/SES131/SA131S29	SES104	-0.518274	-11.5527	-11.0344
BLOCK13/SES131/SA131S29	SES125	-2.4158	-13.4502	-11.0344
BLOCK13/SES131/SA131S29	SES206	-0.450165	-11.4846	-11.0344
BLOCK13/SES132/SA132S11	SES083	-0.324637	-10.2696	-9.94492
BLOCK13/SES132/SA132S11	SES120	0.47828	-9.46664	-9.94492
BLOCK13/SES132/SA132S11	SES127	-1.68283	-11.6278	-9.94492
BLOCK13/SES132/SA132S11	SES275	-0.814472	-10.7594	-9.94492
BLOCK13/SES132/SA132S12	SES083	-0.35968	-9.60963	-9.24995
BLOCK13/SES132/SA132S12	SES143	-1.31472	-10.5647	-9.24995
BLOCK13/SES132/SA132S12	SES144	-0.509864	-9.75982	-9.24995
BLOCK13/SES132/SA132S12	SES148	-1.25109	-10.501	-9.24995
BLOCK13/SES132/SA132S22	SES062	-0.476023	-10.5769	-10.1009
BLOCK13/SES132/SA132S22	SES083	-0.745996	-10.8469	-10.1009
BLOCK13/SES132/SA132S22	SES127	-2.0405	-12.1413	-10.1009
BLOCK13/SES132/SA132S22	SES275	-1.00102	-11.1019	-10.1009
BLOCK13/SES132/SA132S24	SES007	0.608772	-8.68501	-9.29379
BLOCK13/SES132/SA132S24	SES083	-0.398099	-9.69189	-9.29379
BLOCK13/SES132/SA132S24	SES127	-2.38874	-11.6825	-9.29379
BLOCK13/SES132/SA132S24	SES275	-1.14726	-10.4411	-9.29379
BLOCK13/SES132/SA132S27	SES083	-1.04255	-12.1988	-11.1562
BLOCK13/SES132/SA132S27	SES120	1.22078	-9.93542	-11.1562
BLOCK13/SES132/SA132S27	SES127	-2.96155	-14.1178	-11.1562
BLOCK13/SES132/SA132S27	SES275	-1.31403	-12.4702	-11.1562
BLOCK14/SES141/SA141S09	SES143	-0.205377	-8.65713	-8.45176
BLOCK14/SES141/SA141S09	SES144	-0.182145	-8.6339	-8.45176
BLOCK14/SES141/SA141S09	SES162	-0.246684	-8.69844	-8.45176
BLOCK14/SES141/SA141S09	SES180	-0.356759	-8.80851	-8.45176
BLOCK14/SES141/SA141S15	SES127	-0.600349	-9.79679	-9.19644
BLOCK14/SES141/SA141S15	SES144	-0.767419	-9.96385	-9.19644
BLOCK14/SES141/SA141S15	SES162	-0.800834	-9.99727	-9.19644
BLOCK14/SES141/SA141S15	SES180	-0.277155	-9.47359	-9.19644
BLOCK14/SES141/SA141S24	SES127	-0.910769	-10.519	-9.60825
BLOCK14/SES141/SA141S24	SES144	-0.569784	-10.178	-9.60825
BLOCK14/SES141/SA141S24	SES162	-0.417796	-10.026	-9.60825
BLOCK14/SES141/SA141S24	SES183	-0.854779	-10.463	-9.60825
BLOCK14/SES141/SA141S26	SES142	0.790071	-9.42574	-10.2158
BLOCK14/SES141/SA141S26	SES144	-0.36893	-10.5847	-10.2158
BLOCK14/SES141/SA141S26	SES172	-0.113071	-10.3289	-10.2158
BLOCK14/SES141/SA141S26	SES180	-0.163114	-10.3789	-10.2158
BLOCK14/SES141/SA141S29	SES127	-0.411953	-9.24203	-8.83007
BLOCK14/SES141/SA141S29	SES142	0.0806723	-8.7494	-8.83007
BLOCK14/SES141/SA141S29	SES144	-0.537685	-9.36776	-8.83007
BLOCK14/SES141/SA141S29	SES180	-0.0150986	-8.84517	-8.83007
BLOCK15/SES157/SA157S08	SES083	-0.0931139	-8.76175	-8.66863
BLOCK15/SES157/SA157S08	SES127	-0.0491247	-8.71776	-8.66863
BLOCK15/SES157/SA157S08	SES148	-0.122893	-8.79153	-8.66863
BLOCK15/SES157/SA157S08	SES292	-0.372785	-9.04142	-8.66863
BLOCK15/SES157/SA157S11	SES083	-0.296698	-9.73215	-9.43545
BLOCK15/SES157/SA157S11	SES127	-0.678816	-10.1143	-9.43545
BLOCK15/SES157/SA157S11	SES148	-0.61186	-10.0473	-9.43545
BLOCK15/SES157/SA157S11	SES292	-0.433516	-9.86897	-9.43545
BLOCK15/SES157/SA157S21	SES127	0.451705	-8.14495	-8.59666
BLOCK15/SES157/SA157S21	SES148	0.578444	-8.01822	-8.59666
BLOCK15/SES157/SA157S21	SES158	-1.40403	-10.0007	-8.59666
BLOCK15/SES157/SA157S21	SES292	-0.063405	-8.66006	-8.59666
BLOCK15/SES157/SA157S24	SES127	-0.262106	-9.53116	-9.26905
BLOCK15/SES157/SA157S24	SES148	-0.309733	-9.57878	-9.26905
BLOCK15/SES157/SA157S24	SES183	-0.743114	-10.0122	-9.26905
BLOCK15/SES157/SA157S24	SES292	-0.317744	-9.58679	-9.26905
BLOCK15/SES157/SA157S26	SES007	-0.254281	-9.08396	-8.82968
BLOCK15/SES157/SA157S26	SES127	0.101087	-8.72859	-8.82968
BLOCK15/SES157/SA157S26	SES147	0.100198	-8.72948	-8.82968
BLOCK15/SES157/SA157S26	SES148	-0.196946	-9.02663	-8.82968
BLOCK16/SES161/SA161S10	SES007	-0.227189	-9.75657	-9.52938
BLOCK16/SES161/SA161S10	SES105	-0.279551	-9.80894	-9.52938
BLOCK16/SES161/SA161S10	SES158	-0.613323	-10.1427	-9.52938
BLOCK16/SES161/SA161S10	SES275	-0.588392	-10.1178	-9.52938
BLOCK16/SES161/SA161S12	SES007	0.0926027	-12.3673	-12.4599
BLOCK16/SES161/SA161S12	SES105	-0.687465	-13.1474	-12.4599
BLOCK16/SES161/SA161S12	SES158	-0.0656719	-12.5256	-12.4599
BLOCK16/SES161/SA161S12	SES275	-2.07516	-14.5351	-12.4599
BLOCK16/SES161/SA161S20	SES007	0.436212	-10.8913	-11.3275
BLOCK16/SES161/SA161S20	SES105	-0.952156	-12.2797	-11.3275
BLOCK16/SES161/SA161S20	SES158	0.848091	-10.4795	-11.3275
BLOCK16/SES161/SA161S20	SES275	-2.17966	-13.5072	-11.3275
BLOCK16/SES161/SA161S23	SES007	-0.872112	-12.7597	-11.8876
BLOCK16/SES161/SA161S23	SES105	0.409516	-11.4781	-11.8876
BLOCK16/SES161/SA161S23	SES148	-0.0812387	-11.9689	-11.8876
BLOCK16/SES161/SA161S23	SES158	-1.76182	-13.6494	-11.8876
BLOCK16/SES161/SA161S28	SES007	0.598469	-10.9999	-11.5984
BLOCK16/SES161/SA161S28	SES105	-1.15632	-12.7547	-11.5984
BLOCK16/SES161/SA161S28	SES158	1.02124	-10.5772	-11.5984
BLOCK16/SES161/SA161S28	SES206	0.223247	-11.3751	-11.5984
BLOCK16/SES164/SA164S11	SES104	-0.57805	-10.2774	-9.69935
BLOCK16/SES164/SA164S11	SES125	0.311062	-9.38829	-9.69935
BLOCK16/SES164/SA164S11	SES158	-0.606934	-10.3063	-9.69935
BLOCK16/SES164/SA164S11	SES206	-2.02208	-11.7214	-9.69935
BLOCK16/SES164/SA164S13	SES099	-1.63491	-11.8091	-10.1741
BLOCK16/SES164/SA164S13	SES104	-0.815126	-10.9893	-10.1741
BLOCK16/SES164/SA164S13	SES125	-0.400903	-10.5751	-10.1741
BLOCK16/SES164/SA164S13	SES206	-1.64411	-11.8183	-10.1741
BLOCK16/SES164/SA164S24	SES002	0.671412	-8.63702	-9.30843
BLOCK16/SES164/SA164S24	SES099	-1.35997	-10.6684	-9.30843
BLOCK16/SES164/SA164S24	SES125	-0.11932	-9.42775	-9.30843
BLOCK16/SES164/SA164S24	SES226	0.599068	-8.70936	-9.30843
BLOCK16/SES164/SA164S27	SES087	-1.42764	-11.1367	-9.7091
BLOCK16/SES164/SA164S27	SES125	-0.401452	-10.1106	-9.7091
BLOCK16/SES164/SA164S27	SES206	-2.87659	-12.5857	-9.7091
BLOCK16/SES164/SA164S27	SES226	0.434216	-9.27489	-9.7091
BLOCK16/SES164/SA164S29	SES002	0.182857	-9.58935	-9.7722
BLOCK16/SES164/SA164S29	SES019	-0.50368	-10.2759	-9.7722
BLOCK16/SES164/SA164S29	SES125	0.0316982	-9.7405	-9.7722
BLOCK16/SES164/SA164S29	SES226	0.455437	-9.31677	-9.7722
BLOCK16/SES169/SA169S13	SES117	-0.596514	-10.3134	-9.71692
BLOCK16/SES169/SA169S13	SES144	-0.648612	-10.3655	-9.71692
BLOCK16/SES169/SA169S13	SES146	0.16827	-9.54865	-9.71692
BLOCK16/SES169/SA169S13	SES162	-0.539915	-10.2568	-9.71692
BLOCK16/SES169/SA169S14	SES144	-0.29386	-8.87785	-8.58399
BLOCK16/SES169/SA169S14	SES148	0.138695	-8.44529	-8.58399
BLOCK16/SES169/SA169S14	SES177	0.408759	-8.17523	-8.58399
BLOCK16/SES169/SA169S14	SES180	0.0210276	-8.56296	-8.58399
BLOCK16/SES169/SA169S24	SES117	-0.374417	-10.3473	-9.97286
BLOCK16/SES169/SA169S24	SES144	-0.507724	-10.4806	-9.97286
BLOCK16/SES169/SA169S24	SES146	0.041894	-9.93097	-9.97286
BLOCK16/SES169/SA169S24	SES162	-0.478642	-10.4515	-9.97286
BLOCK16/SES169/SA169S27	SES127	-0.320088	-9.93186	-9.61177
BLOCK16/SES169/SA169S27	SES129	-0.125715	-9.73749	-9.61177
BLOCK16/SES169/SA169S27	SES144	-0.486217	-10.098	-9.61177
BLOCK16/SES169/SA169S27	SES146	0.355575	-9.2562	-9.61177
BLOCK16/SES169/SA169S29	SES144	-0.450658	-8.9227	-8.47204
BLOCK16/SES169/SA169S29	SES162	-0.162562	-8.6346	-8.47204
BLOCK16/SES169/SA169S29	SES177	-0.00730133	-8.47934	-8.47204
BLOCK16/SES169/SA169S29	SES180	-0.464499	-8.93654	-8.47204
BLOCK17/SES171/SA171S12	SES083	-0.521917	-11.2963	-10.7744
BLOCK17/SES171/SA171S12	SES148	-0.311195	-11.0856	-10.7744
BLOCK17/SES171/SA171S12	SES172	-0.548736	-11.3231	-10.7744
BLOCK17/SES171/SA171S12	SES292	-0.322816	-11.0972	-10.7744
BLOCK17/SES171/SA171S15	SES148	-0.604731	-9.88358	-9.27885
BLOCK17/SES171/SA171S15	SES177	-0.486729	-9.76558	-9.27885
BLOCK17/SES171/SA171S15	SES180	-1.47178	-10.7506	-9.27885
BLOCK17/SES171/SA171S15	SES292	-0.417986	-9.69684	-9.27885
BLOCK17/SES171/SA171S22	SES007	-0.395151	-8.29582	-7.90067
BLOCK17/SES171/SA171S22	SES148	0.0666504	-7.83402	-7.90067
BLOCK17/SES171/SA171S22	SES177	0.134356	-7.76632	-7.90067
BLOCK17/SES171/SA171S22	SES180	-0.695568	-8.59624	-7.90067
BLOCK17/SES171/SA171S25	SES101	-0.586746	-10.6837	-10.0969
BLOCK17/SES171/SA171S25	SES120	-0.980935	-11.0779	-10.0969
BLOCK17/SES171/SA171S25	SES177	-0.224005	-10.321	-10.0969
BLOCK17/SES171/SA171S25	SES180	-0.887775	-10.9847	-10.0969
BLOCK17/SES171/SA171S27	SES177	-0.296765	-10.7396	-10.4429
BLOCK17/SES171/SA171S27	SES180	-0.955849	-11.3987	-10.4429
BLOCK17/SES171/SA171S27	SES189	0.359549	-10.0833	-10.4429
BLOCK17/SES171/SA171S27	SES292	-0.494554	-10.9374	-10.4429
BLOCK17/SES173/SA173S13	SES162	-1.5652	-11.1547	-9.58946
BLOCK17/SES173/SA173S13	SES177	-1.05803	-10.6475	-9.58946
BLOCK17/SES173/SA173S13	SES180	-0.792933	-10.3824	-9.58946
BLOCK17/SES173/SA173S13	SES292	0.364627	-9.22483	-9.58946
BLOCK17/SES173/SA173S14	SES007	-0.115754	-9.22672	-9.11097
BLOCK17/SES173/SA173S14	SES162	-1.85837	-10.9693	-9.11097
BLOCK17/SES173/SA173S14	SES177	-0.274426	-9.3854	-9.11097
BLOCK17/SES173/SA173S14	SES180	-1.16537	-10.2763	-9.11097
BLOCK17/SES173/SA173S24	SES144	-1.22852	-11.3947	-10.1662
BLOCK17/SES173/SA173S24	SES162	-1.26713	-11.4333	-10.1662
BLOCK17/SES173/SA173S24	SES177	-0.10495	-10.2712	-10.1662
BLOCK17/SES173/SA173S24	SES180	-1.26114	-11.4273	-10.1662
BLOCK17/SES173/SA173S27	SES162	-1.91702	-12.1493	-10.2323
BLOCK17/SES173/SA173S27	SES177	-1.00823	-11.2405	-10.2323
BLOCK17/SES173/SA173S27	SES180	-0.699785	-10.9321	-10.2323
BLOCK17/SES173/SA173S27	SES292	0.371311	-9.86096	-10.2323
BLOCK17/SES173/SA173S29	SES162	-0.718523	-10.4742	-9.75565
BLOCK17/SES173/SA173S29	SES175	-0.132129	-9.88778	-9.75565
BLOCK17/SES173/SA173S29	SES177	0.064558	-9.69109	-9.75565
BLOCK17/SES173/SA173S29	SES292	0.227904	-9.52775	-9.75565
BLOCK18/SES182/SA182S10	SES144	-0.837137	-9.98303	-9.1459
BLOCK18/SES182/SA182S10	SES177	-0.0364714	-9.18237	-9.1459
BLOCK18/SES182/SA182S10	SES180	-1.63762	-10.7835	-9.1459
BLOCK18/SES182/SA182S10	SES275	-0.771543	-9.91744	-9.1459
BLOCK18/SES182/SA182S12	SES144	-0.651286	-9.73278	-9.08149
BLOCK18/SES182/SA182S12	SES177	-0.360674	-9.44217	-9.08149
BLOCK18/SES182/SA182S12	SES180	-1.79374	-10.8752	-9.08149
BLOCK18/SES182/SA182S12	SES275	-0.566389	-9.64788	-9.08149
BLOCK18/SES182/SA182S21	SES117	-1.10233	-11.9482	-10.8458
BLOCK18/SES182/SA182S21	SES144	-0.730512	-11.5764	-10.8458
BLOCK18/SES182/SA182S21	SES162	-0.590418	-11.4363	-10.8458
BLOCK18/SES182/SA182S21	SES180	-1.82298	-12.6688	-10.8458
BLOCK18/SES182/SA182S23	SES117	-1.79739	-13.0126	-11.2152
BLOCK18/SES182/SA182S23	SES144	-1.97843	-13.1937	-11.2152
BLOCK18/SES182/SA182S23	SES180	-3.11281	-14.3281	-11.2152
BLOCK18/SES182/SA182S23	SES275	-1.5459	-12.7611	-11.2152
BLOCK18/SES182/SA182S25	SES007	0.794133	-9.15842	-9.95255
BLOCK18/SES182/SA182S25	SES162	-0.383915	-10.3365	-9.95255
BLOCK18/SES182/SA182S25	SES177	-0.0107603	-9.96331	-9.95255
BLOCK18/SES182/SA182S25	SES180	-2.40486	-12.3574	-9.95255
BLOCK18/SES184/SA184S12	SES177	-0.487082	-9.61408	-9.127
BLOCK18/SES184/SA184S12	SES180	-0.253253	-9.38025	-9.127
BLOCK18/SES184/SA184S12	SES189	-1.27778	-10.4048	-9.127
BLOCK18/SES184/SA184S12	SES292	-0.199935	-9.32693	-9.127
BLOCK18/SES184/SA184S13	SES101	-0.0447588	-9.44755	-9.40279
BLOCK18/SES184/SA184S13	SES177	-0.136929	-9.53972	-9.40279
BLOCK18/SES184/SA184S13	SES180	-0.0678501	-9.47064	-9.40279
BLOCK18/SES184/SA184S13	SES292	-0.170679	-9.57347	-9.40279
BLOCK18/SES184/SA184S22	SES177	0.141332	-9.72822	-9.86955
BLOCK18/SES184/SA184S22	SES180	0.27033	-9.59922	-9.86955
BLOCK18/SES184/SA184S22	SES189	-0.542348	-10.4119	-9.86955
BLOCK18/SES184/SA184S22	SES292	-0.392996	-10.2625	-9.86955
BLOCK18/SES184/SA184S25	SES101	-0.226695	-9.3836	-9.15691
BLOCK18/SES184/SA184S25	SES177	-0.387892	-9.5448	-9.15691
BLOCK18/SES184/SA184S25	SES180	-0.0596857	-9.21659	-9.15691
BLOCK18/SES184/SA184S25	SES292	-0.0783587	-9.23527	-9.15691
BLOCK18/SES184/SA184S27	SES083	-0.665238	-9.67189	-9.00665
BLOCK18/SES184/SA184S27	SES177	-0.0478315	-9.05448	-9.00665
BLOCK18/SES184/SA184S27	SES202	-0.151303	-9.15795	-9.00665
BLOCK18/SES184/SA184S27	SES292	-0.205304	-9.21196	-9.00665
BLOCK20/SES204/SA204S12	SES062	-0.526316	-9.93253	-9.40621
BLOCK20/SES204/SA204S12	SES083	-0.425014	-9.83123	-9.40621
BLOCK20/SES204/SA204S12	SES206	0.199389	-9.20683	-9.40621
BLOCK20/SES204/SA204S12	SES226	-0.781707	-10.1879	-9.40621
BLOCK20/SES204/SA204S14	SES068	-0.11053	-9.12373	-9.0132
BLOCK20/SES204/SA204S14	SES087	0.247509	-8.76569	-9.0132
BLOCK20/SES204/SA204S14	SES206	0.187583	-8.82562	-9.0132
BLOCK20/SES204/SA204S14	SES226	-0.582884	-9.59609	-9.0132
BLOCK20/SES204/SA204S22	SES068	0.285849	-9.28257	-9.56842
BLOCK20/SES204/SA204S22	SES082	0.420232	-9.14819	-9.56842
BLOCK20/SES204/SA204S22	SES083	-1.20919	-10.7776	-9.56842
BLOCK20/SES204/SA204S22	SES206	0.455343	-9.11308	-9.56842
BLOCK20/SES204/SA204S25	SES062	-0.341123	-9.63602	-9.2949
BLOCK20/SES204/SA204S25	SES083	-0.443052	-9.73795	-9.2949
BLOCK20/SES204/SA204S25	SES206	0.581576	-8.71332	-9.2949
BLOCK20/SES204/SA204S25	SES226	-0.631113	-9.92601	-9.2949
BLOCK20/SES204/SA204S27	SES068	0.178361	-9.52044	-9.6988
BLOCK20/SES204/SA204S27	SES082	-0.058939	-9.75774	-9.6988
BLOCK20/SES204/SA204S27	SES087	0.319876	-9.37892	-9.6988
BLOCK20/SES204/SA204S27	SES206	-0.471924	-10.1707	-9.6988
BLOCK20/SES207/SA207S10	SES127	-1.14112	-9.8129	-8.67178
BLOCK20/SES207/SA207S10	SES183	-0.601766	-9.27355	-8.67178
BLOCK20/SES207/SA207S10	SES189	0.00704479	-8.66474	-8.67178
BLOCK20/SES207/SA207S10	SES292	-0.800127	-9.47191	-8.67178
BLOCK20/SES207/SA207S11	SES127	-0.915187	-10.2924	-9.37724
BLOCK20/SES207/SA207S11	SES183	-1.35776	-10.735	-9.37724
BLOCK20/SES207/SA207S11	SES187	-0.362885	-9.74012	-9.37724
BLOCK20/SES207/SA207S11	SES292	-0.160989	-9.53822	-9.37724
BLOCK20/SES207/SA207S25	SES068	-0.0213614	-9.97251	-9.95115
BLOCK20/SES207/SA207S25	SES083	-0.649954	-10.6011	-9.95115
BLOCK20/SES207/SA207S25	SES127	0.0469484	-9.9042	-9.95115
BLOCK20/SES207/SA207S25	SES187	0.0974131	-9.85374	-9.95115
BLOCK20/SES207/SA207S27	SES127	-0.62858	-10.3522	-9.72361
BLOCK20/SES207/SA207S27	SES183	-1.14682	-10.8704	-9.72361
BLOCK20/SES207/SA207S27	SES187	-0.296206	-10.0198	-9.72361
BLOCK20/SES207/SA207S27	SES292	-0.133788	-9.8574	-9.72361
BLOCK20/SES207/SA207S29	SES083	-1.00881	-10.3686	-9.35975
BLOCK20/SES207/SA207S29	SES085	-0.642532	-10.0023	-9.35975
BLOCK20/SES207/SA207S29	SES172	0.379381	-8.98037	-9.35975
BLOCK20/SES207/SA207S29	SES189	-0.901695	-10.2614	-9.35975
BLOCK22/SES221/SA221S12	SES068	0.165967	-8.72895	-8.89492
BLOCK22/SES221/SA221S12	SES143	-0.744016	-9.63893	-8.89492
BLOCK22/SES221/SA221S12	SES175	-0.26006	-9.15498	-8.89492
BLOCK22/SES221/SA221S12	SES202	0.126303	-8.76861	-8.89492
BLOCK22/SES221/SA221S15	SES085	0.0245161	-8.97466	-8.99917
BLOCK22/SES221/SA221S15	SES143	-0.528466	-9.52764	-8.99917
BLOCK22/SES221/SA221S15	SES175	-0.140786	-9.13996	-8.99917
BLOCK22/SES221/SA221S15	SES187	-0.588887	-9.58806	-8.99917
BLOCK22/SES221/SA221S23	SES068	0.308889	-8.802	-9.11089
BLOCK22/SES221/SA221S23	SES143	-0.88397	-9.99486	-9.11089
BLOCK22/SES221/SA221S23	SES175	-0.688855	-9.79974	-9.11089
BLOCK22/SES221/SA221S23	SES189	-0.752481	-9.86337	-9.11089
BLOCK22/SES221/SA221S27	SES085	0.199875	-9.32721	-9.52709
BLOCK22/SES221/SA221S27	SES143	-0.195007	-9.72209	-9.52709
BLOCK22/SES221/SA221S27	SES175	-0.398347	-9.92543	-9.52709
BLOCK22/SES221/SA221S27	SES189	-0.67568	-10.2028	-9.52709
BLOCK22/SES221/SA221S29	SES085	1.0246	-8.2732	-9.2978
BLOCK22/SES221/SA221S29	SES143	-0.0060997	-9.3039	-9.2978
BLOCK22/SES221/SA221S29	SES175	0.106987	-9.19082	-9.2978
BLOCK22/SES221/SA221S29	SES187	-0.97682	-10.2746	-9.2978
BLOCK22/SES223/SA223S11	SES143	-0.17311	-9.69532	-9.52221
BLOCK22/SES223/SA223S11	SES144	-0.970618	-10.4928	-9.52221
BLOCK22/SES223/SA223S11	SES175	-0.186533	-9.70874	-9.52221
BLOCK22/SES223/SA223S11	SES187	-0.586151	-10.1084	-9.52221
BLOCK22/SES223/SA223S13	SES068	0.373827	-8.93413	-9.30796
BLOCK22/SES223/SA223S13	SES143	-0.613507	-9.92146	-9.30796
BLOCK22/SES223/SA223S13	SES146	-0.282496	-9.59045	-9.30796
BLOCK22/SES223/SA223S13	SES202	0.289788	-9.01817	-9.30796
BLOCK22/SES223/SA223S22	SES143	-0.387602	-9.66726	-9.27965
BLOCK22/SES223/SA223S22	SES144	-1.23355	-10.5132	-9.27965
BLOCK22/SES223/SA223S22	SES175	-0.245769	-9.52542	-9.27965
BLOCK22/SES223/SA223S22	SES187	-0.815858	-10.0955	-9.27965
BLOCK22/SES223/SA223S25	SES068	-0.175692	-10.1536	-9.97793
BLOCK22/SES223/SA223S25	SES143	-0.433138	-10.4111	-9.97793
BLOCK22/SES223/SA223S25	SES175	-0.0129766	-9.99091	-9.97793
BLOCK22/SES223/SA223S25	SES187	-0.465733	-10.4437	-9.97793
BLOCK22/SES223/SA223S27	SES143	0.0568237	-10.0418	-10.0986
BLOCK22/SES223/SA223S27	SES146	-0.524578	-10.6232	-10.0986
BLOCK22/SES223/SA223S27	SES187	-0.408585	-10.5072	-10.0986
BLOCK22/SES223/SA223S27	SES292	0.311893	-9.78668	-10.0986
BLOCK27/SES273/SA273S12	SES099	0.391814	-9.51843	-9.91025
BLOCK27/SES273/SA273S12	SES104	0.696643	-9.2136	-9.91025
BLOCK27/SES273/SA273S12	SES125	0.390256	-9.51999	-9.91025
BLOCK27/SES273/SA273S12	SES206	0.476766	-9.43348	-9.91025
BLOCK27/SES273/SA273S13	SES099	-0.701154	-10.0611	-9.35991
BLOCK27/SES273/SA273S13	SES104	-0.0728054	-9.43272	-9.35991
BLOCK27/SES273/SA273S13	SES206	-0.325723	-9.68564	-9.35991
BLOCK27/SES273/SA273S13	SES292	-0.134953	-9.49487	-9.35991
BLOCK27/SES273/SA273S21	SES099	-0.601211	-10.1512	-9.54998
BLOCK27/SES273/SA273S21	SES148	-1.27615	-10.8261	-9.54998
BLOCK27/SES273/SA273S21	SES149	-0.830066	-10.38	-9.54998
BLOCK27/SES273/SA273S21	SES177	-0.51666	-10.0666	-9.54998
BLOCK27/SES273/SA273S25	SES104	0.791743	-10.2257	-11.0175
BLOCK27/SES273/SA273S25	SES125	0.585782	-10.4317	-11.0175
BLOCK27/SES273/SA273S25	SES158	1.42276	-9.59473	-11.0175
BLOCK27/SES273/SA273S25	SES206	0.856268	-10.1612	-11.0175
BLOCK27/SES273/SA273S27	SES099	-0.205571	-8.96407	-8.7585
BLOCK27/SES273/SA273S27	SES104	-0.118005	-8.87651	-8.7585
BLOCK27/SES273/SA273S27	SES149	-0.138545	-8.89705	-8.7585
BLOCK27/SES273/SA273S27	SES275	-0.152338	-8.91084	-8.7585
BLOCK27/SES274/SA274S10	SES105	-0.601629	-8.89125	-8.28962
BLOCK27/SES274/SA274S10	SES125	-1.08163	-9.37125	-8.28962
BLOCK27/SES274/SA274S10	SES129	0.428316	-7.86131	-8.28962
BLOCK27/SES274/SA274S10	SES158	-1.58429	-9.87392	-8.28962
BLOCK27/SES274/SA274S11	SES105	-0.258282	-8.87565	-8.61737
BLOCK27/SES274/SA274S11	SES149	-0.470875	-9.08825	-8.61737
BLOCK27/SES274/SA274S11	SES158	-0.400136	-9.01751	-8.61737
BLOCK27/SES274/SA274S11	SES275	-0.315078	-8.93245	-8.61737
BLOCK27/SES274/SA274S21	SES105	-0.341005	-9.28915	-8.94814
BLOCK27/SES274/SA274S21	SES129	0.0697365	-8.87841	-8.94814
BLOCK27/SES274/SA274S21	SES149	-0.887754	-9.8359	-8.94814
BLOCK27/SES274/SA274S21	SES158	-1.32695	-10.2751	-8.94814
BLOCK27/SES274/SA274S24	SES105	-0.430387	-9.94771	-9.51733
BLOCK27/SES274/SA274S24	SES129	0.442552	-9.07477	-9.51733
BLOCK27/SES274/SA274S24	SES149	-1.7401	-11.2574	-9.51733
BLOCK27/SES274/SA274S24	SES158	-1.26097	-10.7783	-9.51733
BLOCK27/SES274/SA274S29	SES105	-0.440662	-9.95877	-9.51811
BLOCK27/SES274/SA274S29	SES106	-0.865504	-10.3836	-9.51811
BLOCK27/SES274/SA274S29	SES120	-0.12633	-9.64444	-9.51811
BLOCK27/SES274/SA274S29	SES275	-0.454317	-9.97243	-9.51811
BLOCK27/SES276/SA276S16	SES148	0.028616	-8.92992	-8.95853
BLOCK27/SES276/SA276S16	SES172	0.182872	-8.77566	-8.95853
BLOCK27/SES276/SA276S16	SES180	-0.00708008	-8.96561	-8.95853
BLOCK27/SES276/SA276S16	SES292	-0.111473	-9.07	-8.95853
BLOCK27/SES276/SA276S17	SES101	0.117827	-9.37467	-9.4925
BLOCK27/SES276/SA276S17	SES177	-0.215081	-9.70758	-9.4925
BLOCK27/SES276/SA276S17	SES180	-0.268878	-9.76138	-9.4925
BLOCK27/SES276/SA276S17	SES292	-0.060503	-9.553	-9.4925
BLOCK27/SES276/SA276S24	SES101	0.416594	-8.42268	-8.83927
BLOCK27/SES276/SA276S24	SES177	0.106716	-8.73255	-8.83927
BLOCK27/SES276/SA276S24	SES180	-0.135501	-8.97477	-8.83927
BLOCK27/SES276/SA276S24	SES292	-0.264793	-9.10406	-8.83927
BLOCK27/SES276/SA276S26	SES101	-0.0595169	-8.94246	-8.88294
BLOCK27/SES276/SA276S26	SES177	-0.0159941	-8.89894	-8.88294
BLOCK27/SES276/SA276S26	SES180	-0.0793943	-8.96234	-8.88294
BLOCK27/SES276/SA276S26	SES292	0.204491	-8.67845	-8.88294
BLOCK27/SES276/SA276S28	SES101	0.0144033	-8.66091	-8.67531
BLOCK27/SES276/SA276S28	SES177	-0.334467	-9.00978	-8.67531
BLOCK27/SES276/SA276S28	SES180	0.178532	-8.49678	-8.67531
BLOCK27/SES276/SA276S28	SES292	-0.0281382	-8.70345	-8.67531
BLOCK27/SES277/SA277S12	SES101	0.134953	-10.1438	-10.2787
BLOCK27/SES277/SA277S12	SES177	-0.508849	-10.7876	-10.2787
BLOCK27/SES277/SA277S12	SES180	-0.671022	-10.9497	-10.2787
BLOCK27/SES277/SA277S12	SES292	-0.383109	-10.6618	-10.2787
BLOCK27/SES277/SA277S14	SES177	-0.17703	-10.9187	-10.7417
BLOCK27/SES277/SA277S14	SES180	-0.804155	-11.5459	-10.7417
BLOCK27/SES277/SA277S14	SES189	0.269933	-10.4718	-10.7417
BLOCK27/SES277/SA277S14	SES292	-0.63583	-11.3775	-10.7417
BLOCK27/SES277/SA277S21	SES177	-0.28842	-10.1125	-9.82407
BLOCK27/SES277/SA277S21	SES180	-0.378977	-10.203	-9.82407
BLOCK27/SES277/SA277S21	SES189	-0.143282	-9.96735	-9.82407
BLOCK27/SES277/SA277S21	SES292	-0.722412	-10.5465	-9.82407
BLOCK27/SES277/SA277S24	SES144	0.449968	-10.4906	-10.9406
BLOCK27/SES277/SA277S24	SES177	-0.252276	-11.1929	-10.9406
BLOCK27/SES277/SA277S24	SES180	-0.977311	-11.9179	-10.9406
BLOCK27/SES277/SA277S24	SES189	0.413576	-10.527	-10.9406
BLOCK27/SES277/SA277S29	SES177	-0.0113449	-8.43289	-8.42154
BLOCK27/SES277/SA277S29	SES180	-0.183033	-8.60458	-8.42154
BLOCK27/SES277/SA277S29	SES202	-0.115822	-8.53736	-8.42154
BLOCK27/SES277/SA277S29	SES292	-0.702135	-9.12368	-8.42154
BLOCK27/SES279/SA279S09	SES120	-0.118228	-9.36153	-9.2433
BLOCK27/SES279/SA279S09	SES146	-0.213541	-9.45684	-9.2433
BLOCK27/SES279/SA279S09	SES206	0.40125	-8.84205	-9.2433
BLOCK27/SES279/SA279S09	SES226	-0.633718	-9.87702	-9.2433
BLOCK27/SES279/SA279S10	SES099	-0.397096	-10.0424	-9.64535
BLOCK27/SES279/SA279S10	SES206	-0.385198	-10.0306	-9.64535
BLOCK27/SES279/SA279S10	SES226	-1.11099	-10.7563	-9.64535
BLOCK27/SES279/SA279S10	SES292	-0.0924444	-9.7378	-9.64535
BLOCK27/SES279/SA279S20	SES099	-0.833524	-10.8927	-10.0591
BLOCK27/SES279/SA279S20	SES206	-0.289131	-10.3483	-10.0591
BLOCK27/SES279/SA279S20	SES226	-0.712858	-10.772	-10.0591
BLOCK27/SES279/SA279S20	SES292	-0.239767	-10.2989	-10.0591
BLOCK27/SES279/SA279S26	SES099	0.319653	-10.5007	-10.8203
BLOCK27/SES279/SA279S26	SES206	0.937202	-9.88311	-10.8203
BLOCK27/SES279/SA279S26	SES226	0.0286818	-10.7916	-10.8203
BLOCK27/SES279/SA279S26	SES292	0.576659	-10.2437	-10.8203
BLOCK27/SES279/SA279S28	SES099	-0.132608	-9.10833	-8.97572
BLOCK27/SES279/SA279S28	SES120	-0.0747633	-9.05048	-8.97572
BLOCK27/SES279/SA279S28	SES177	-0.436719	-9.41244	-8.97572
BLOCK27/SES279/SA279S28	SES206	-0.00153923	-8.97726	-8.97572
BLOCK29/SES290/SA290S12	SES162	0.137775	-8.17965	-8.31742
BLOCK29/SES290/SA290S12	SES177	0.216283	-8.10114	-8.31742
BLOCK29/SES290/SA290S12	SES180	-0.30156	-8.61899	-8.31742
BLOCK29/SES290/SA290S12	SES292	-0.934633	-9.25206	-8.31742
BLOCK29/SES290/SA290S13	SES007	0.295658	-8.56864	-8.8643
BLOCK29/SES290/SA290S13	SES162	-0.350123	-9.21442	-8.8643
BLOCK29/SES290/SA290S13	SES177	0.196809	-8.66749	-8.8643
BLOCK29/SES290/SA290S13	SES180	0.122419	-8.74188	-8.8643
BLOCK29/SES290/SA290S22	SES177	0.109321	-8.52665	-8.63597
BLOCK29/SES290/SA290S22	SES180	-0.00775146	-8.64372	-8.63597
BLOCK29/SES290/SA290S22	SES202	0.257565	-8.3784	-8.63597
BLOCK29/SES290/SA290S22	SES292	0.0949306	-8.54104	-8.63597
BLOCK29/SES290/SA290S25	SES162	-0.129188	-9.16874	-9.03955
BLOCK29/SES290/SA290S25	SES177	0.420428	-8.61912	-9.03955
BLOCK29/SES290/SA290S25	SES180	0.0380859	-9.00146	-9.03955
BLOCK29/SES290/SA290S25	SES292	0.0865049	-8.95304	-9.03955
BLOCK29/SES290/SA290S29	SES177	0.177186	-8.08108	-8.25827
BLOCK29/SES290/SA290S29	SES180	0.164291	-8.09398	-8.25827
BLOCK29/SES290/SA290S29	SES275	-0.154738	-8.41301	-8.25827
BLOCK29/SES290/SA290S29	SES292	-0.285314	-8.54358	-8.25827
BLOCK29/SES291/SA291S11	SES105	-0.404512	-10.5913	-10.1868
BLOCK29/SES291/SA291S11	SES125	-0.341166	-10.5279	-10.1868
BLOCK29/SES291/SA291S11	SES158	-0.139716	-10.3265	-10.1868
BLOCK29/SES291/SA291S11	SES275	-0.591959	-10.7787	-10.1868
BLOCK29/SES291/SA291S12	SES158	0.908224	-9.45635	-10.3646
BLOCK29/SES291/SA291S12	SES226	-1.00712	-11.3717	-10.3646
BLOCK29/SES291/SA291S12	SES270	-0.513444	-10.878	-10.3646
BLOCK29/SES291/SA291S12	SES275	-1.94847	-12.313	-10.3646
BLOCK29/SES291/SA291S22	SES082	0.0447798	-9.64171	-9.68649
BLOCK29/SES291/SA291S22	SES158	0.471304	-9.21519	-9.68649
BLOCK29/SES291/SA291S22	SES259	-0.0904055	-9.77689	-9.68649
BLOCK29/SES291/SA291S22	SES275	-1.33134	-11.0178	-9.68649
BLOCK29/SES291/SA291S24	SES104	0.081605	-9.46325	-9.54486
BLOCK29/SES291/SA291S24	SES125	0.0508089	-9.49405	-9.54486
BLOCK29/SES291/SA291S24	SES158	0.378695	-9.16616	-9.54486
BLOCK29/SES291/SA291S24	SES275	-0.822145	-10.367	-9.54486
BLOCK29/SES291/SA291S27	SES158	0.448657	-9.10293	-9.55159
BLOCK29/SES291/SA291S27	SES172	-0.708949	-10.2605	-9.55159
BLOCK29/SES291/SA291S27	SES275	-0.73858	-10.2902	-9.55159
BLOCK29/SES291/SA291S27	SES292	0.27839	-9.2732	-9.55159
Threshold search:
THR	-4.252116804	9	0(0)	1(1000)
THR	-4.18407673596	8.991	0(0)	0.999(999)
THR	-4.11603666792	8.991	0(0)	0.999(999)
THR	-4.04799659988	8.991	0(0)	0.999(999)
THR	-3.97995653184	8.991	0(0)	0.999(999)
THR	-3.9119164638	8.991	0(0)	0.999(999)
THR	-3.84387639576	8.982	0(0)	0.998(998)
THR	-3.77583632772	8.982	0(0)	0.998(998)
THR	-3.70779625968	8.982	0(0)	0.998(998)
THR	-3.63975619164	8.982	0(0)	0.998(998)
THR	-3.5717161236	8.982	0(0)	0.998(998)
THR	-3.50367605556	8.982	0(0)	0.998(998)
THR	-3.43563598752	8.982	0(0)	0.998(998)
THR	-3.36759591948	8.982	0(0)	0.998(998)
THR	-3.29955585144	8.982	0(0)	0.998(998)
THR	-3.2315157834	8.973	0(0)	0.997(997)
THR	-3.16347571536	8.973	0(0)	0.997(997)
THR	-3.09543564732	8.964	0(0)	0.996(996)
THR	-3.02739557928	8.964	0(0)	0.996(996)
THR	-2.95935551124	8.955	0(0)	0.995(995)
THR	-2.8913154432	8.955	0(0)	0.995(995)
THR	-2.82327537516	8.937	0(0)	0.993(993)
THR	-2.75523530712	8.937	0(0)	0.993(993)
THR	-2.68719523908	8.937	0(0)	0.993(993)
THR	-2.61915517104	8.937	0(0)	0.993(993)
THR	-2.551115103	8.937	0(0)	0.993(993)
THR	-2.48307503496	8.937	0(0)	0.993(993)
THR	-2.41503496692	8.928	0(0)	0.992(992)
THR	-2.34699489887999	8.91	0(0)	0.99(990)
THR	-2.27895483083999	8.901	0(0)	0.989(989)
THR	-2.21091476279999	8.892	0(0)	0.988(988)
THR	-2.14287469475999	8.883	0(0)	0.987(987)
THR	-2.07483462671999	8.865	0(0)	0.985(985)
THR	-2.00679455867999	8.829	0(0)	0.981(981)
THR	-1.93875449063999	8.802	0(0)	0.978(978)
THR	-1.87071442259999	8.793	0(0)	0.977(977)
THR	-1.80267435455999	8.748	0(0)	0.972(972)
THR	-1.73463428651999	8.703	0(0)	0.967(967)
THR	-1.66659421847999	8.676	0(0)	0.964(964)
THR	-1.59855415043999	8.631	0(0)	0.959(959)
THR	-1.53051408239999	8.559	0(0)	0.951(951)
THR	-1.46247401435999	8.523	0(0)	0.947(947)
THR	-1.39443394631999	8.487	0(0)	0.943(943)
THR	-1.32639387827999	8.397	0(0)	0.933(933)
THR	-1.25835381023999	8.293	0.004(1)	0.921(921)
THR	-1.19031374219999	8.194	0.004(1)	0.91(910)
THR	-1.12227367415999	8.086	0.004(1)	0.898(898)
THR	-1.05423360611999	7.96	0.004(1)	0.884(884)
THR	-0.986193538079995	7.861	0.004(1)	0.873(873)
THR	-0.918153470039995	7.699	0.004(1)	0.855(855)
THR	-0.850113401999995	7.501	0.004(1)	0.833(833)
THR	-0.782073333959995	7.267	0.004(1)	0.807(807)
THR	-0.714033265919995	6.997	0.004(1)	0.777(777)
THR	-0.645993197879995	6.744	0.012(3)	0.748(748)
THR	-0.577953129839995	6.366	0.012(3)	0.706(706)
THR	-0.509913061799995	6.042	0.012(3)	0.67(670)
THR	-0.441872993759995	5.583	0.012(3)	0.619(619)
THR	-0.373832925719995	5.128	0.016(4)	0.568(568)
THR	-0.305792857679995	4.785	0.024(6)	0.529(529)
THR	-0.237752789639995	4.401	0.036(9)	0.485(485)
THR	-0.169712721599995	3.989	0.056(14)	0.437(437)
THR	-0.101672653559995	3.47	0.068(17)	0.378(378)
THR	-0.0336325855199949	3.04	0.088(22)	0.328(328)
THR	0.0344074825200051	2.615	0.104(26)	0.279(279)
THR	0.102447550560005	2.24	0.116(29)	0.236(236)
THR	0.170487618600005	1.916	0.152(38)	0.196(196)
THR	0.238527686640005	1.578	0.192(48)	0.154(154)
THR	0.306567754680005	1.439	0.26(65)	0.131(131)
THR	0.374607822720005	1.317	0.336(84)	0.109(109)
THR	0.442647890760005	1.079	0.368(92)	0.079(79)
THR	0.510687958800005	0.994	0.436(109)	0.062(62)
THR	0.578728026840005	0.953	0.512(128)	0.049(49)
THR	0.646768094880005	0.925	0.592(148)	0.037(37)
THR	0.714808162920005	0.944	0.656(164)	0.032(32)
THR	0.782848230960005	0.965	0.74(185)	0.025(25)
THR	0.850888299000005	0.928	0.784(196)	0.016(16)
THR	0.918928367040005	0.946	0.82(205)	0.014(14)
THR	0.986968435080005	0.947	0.848(212)	0.011(11)
THR	1.05500850312	0.934	0.88(220)	0.006(6)
THR	1.12304857116	0.933	0.888(222)	0.005(5)
THR	1.1910886392	0.961	0.916(229)	0.005(5)
THR	1.25912870724	0.972	0.936(234)	0.004(4)
THR	1.32716877528	0.98	0.944(236)	0.004(4)
THR	1.39520884332	0.962	0.944(236)	0.002(2)
THR	1.46324891136	0.973	0.964(241)	0.001(1)
THR	1.5312889794	0.964	0.964(241)	0(0)
THR	1.59932904744	0.964	0.964(241)	0(0)
THR	1.66736911548	0.968	0.968(242)	0(0)
THR	1.73540918352	0.976	0.976(244)	0(0)
THR	1.80344925156	0.98	0.98(245)	0(0)
THR	1.8714893196	0.98	0.98(245)	0(0)
THR	1.93952938764	0.98	0.98(245)	0(0)
THR	2.00756945568	0.98	0.98(245)	0(0)
THR	2.07560952372	0.992	0.992(248)	0(0)
THR	2.14364959176	0.992	0.992(248)	0(0)
THR	2.21168965980001	0.992	0.992(248)	0(0)
THR	2.27972972784001	0.992	0.992(248)	0(0)
THR	2.34776979588001	0.992	0.992(248)	0(0)
THR	2.41580986392001	0.996	0.996(249)	0(0)
THR	2.48384993196001	0.996	0.996(249)	0(0)
THR	2.55189000000001	1	1(250)	0(0)


==============================================
THR: 0.646768094880005
Missed:     148/250=0.5920
FalseAlarm: 37/1000=0.0370
----------------------------------------------
==> CostDetection: 92.5
==============================================
