BLOCK00/SES002/SA002S12	SES002	1e+38	-9.37919	-1e+38
BLOCK00/SES002/SA002S13	SES002	1e+38	-9.5449	-1e+38
BLOCK00/SES002/SA002S23	SES002	1e+38	-9.4757	-1e+38
BLOCK00/SES002/SA002S26	SES002	1e+38	-12.4831	-1e+38
BLOCK00/SES002/SA002S28	SES002	1e+38	-10.5962	-1e+38
BLOCK00/SES007/SA007S14	SES007	1e+38	-9.07417	-1e+38
BLOCK00/SES007/SA007S15	SES007	1e+38	-9.38328	-1e+38
BLOCK00/SES007/SA007S24	SES007	1e+38	-8.46808	-1e+38
BLOCK00/SES007/SA007S27	SES007	1e+38	-11.0566	-1e+38
BLOCK00/SES007/SA007S29	SES007	1e+38	-7.25516	-1e+38
BLOCK00/SES008/SA008S11	SES008	1e+38	-4.62993	-1e+38
BLOCK00/SES008/SA008S12	SES008	1e+38	-5.22185	-1e+38
BLOCK00/SES008/SA008S19	SES008	1e+38	-5.99079	-1e+38
BLOCK00/SES008/SA008S22	SES008	1e+38	-6.67067	-1e+38
BLOCK00/SES008/SA008S29	SES008	1e+38	-4.56032	-1e+38
BLOCK01/SES014/SA014S10	SES014	1e+38	-8.29167	-1e+38
BLOCK01/SES014/SA014S12	SES014	1e+38	-7.44351	-1e+38
BLOCK01/SES014/SA014S24	SES014	1e+38	-7.88261	-1e+38
BLOCK01/SES014/SA014S26	SES014	1e+38	-9.19838	-1e+38
BLOCK01/SES014/SA014S28	SES014	1e+38	-4.89484	-1e+38
BLOCK01/SES016/SA016S12	SES016	1e+38	-10.7121	-1e+38
BLOCK01/SES016/SA016S13	SES016	1e+38	-9.89456	-1e+38
BLOCK01/SES016/SA016S22	SES016	1e+38	-9.93246	-1e+38
BLOCK01/SES016/SA016S25	SES016	1e+38	-8.97752	-1e+38
BLOCK01/SES016/SA016S27	SES016	1e+38	-11.1056	-1e+38
BLOCK01/SES019/SA019S13	SES019	1e+38	-8.53088	-1e+38
BLOCK01/SES019/SA019S14	SES019	1e+38	-9.42228	-1e+38
BLOCK01/SES019/SA019S22	SES019	1e+38	-8.10238	-1e+38
BLOCK01/SES019/SA019S25	SES019	1e+38	-9.71	-1e+38
BLOCK01/SES019/SA019S29	SES019	1e+38	-9.63358	-1e+38
BLOCK02/SES029/SA029S11	SES029	1e+38	-8.82993	-1e+38
BLOCK02/SES029/SA029S12	SES029	1e+38	-9.17829	-1e+38
BLOCK02/SES029/SA029S20	SES029	1e+38	-8.23954	-1e+38
BLOCK02/SES029/SA029S25	SES029	1e+38	-10.0038	-1e+38
BLOCK02/SES029/SA029S28	SES029	1e+38	-9.78816	-1e+38
BLOCK04/SES042/SA042S12	SES042	1e+38	-8.61244	-1e+38
BLOCK04/SES042/SA042S15	SES042	1e+38	-9.67091	-1e+38
BLOCK04/SES042/SA042S22	SES042	1e+38	-11.102	-1e+38
BLOCK04/SES042/SA042S25	SES042	1e+38	-11.1819	-1e+38
BLOCK04/SES042/SA042S27	SES042	1e+38	-10.6782	-1e+38
BLOCK04/SES048/SA048S11	SES048	-3.37823	-7.12358	-3.74535
BLOCK04/SES048/SA048S12	SES048	-3.8362	-9.42658	-5.59038
BLOCK04/SES048/SA048S20	SES048	-3.47217	-9.11481	-5.64264
BLOCK04/SES048/SA048S23	SES048	-2.64205	-6.27196	-3.62992
BLOCK04/SES048/SA048S27	SES048	-3.96724	-9.39775	-5.43051
BLOCK06/SES060/SA060S11	SES060	-2.98464	-9.90765	-6.92302
BLOCK06/SES060/SA060S12	SES060	-2.77541	-11.0775	-8.30206
BLOCK06/SES060/SA060S22	SES060	-4.32757	-10.6999	-6.37231
BLOCK06/SES060/SA060S24	SES060	-2.92475	-6.26242	-3.33767
BLOCK06/SES060/SA060S28	SES060	-2.36796	-5.49028	-3.12232
BLOCK06/SES062/SA062S10	SES062	-3.31272	-8.60366	-5.29094
BLOCK06/SES062/SA062S11	SES062	-3.9809	-10.9217	-6.94077
BLOCK06/SES062/SA062S21	SES062	-2.96152	-4.87979	-1.91827
BLOCK06/SES062/SA062S26	SES062	-3.24919	-7.66168	-4.41249
BLOCK06/SES062/SA062S29	SES062	-2.44256	-5.76885	-3.32629
BLOCK06/SES068/SA068S14	SES068	-3.17108	-7.33789	-4.1668
BLOCK06/SES068/SA068S15	SES068	-2.87432	-8.01897	-5.14465
BLOCK06/SES068/SA068S23	SES068	-3.63668	-9.8611	-6.22442
BLOCK06/SES068/SA068S27	SES068	-3.29225	-8.23653	-4.94428
BLOCK06/SES068/SA068S29	SES068	-3.12793	-9.26749	-6.13956
BLOCK08/SES082/SA082S12	SES082	-3.73651	-8.11578	-4.37927
BLOCK08/SES082/SA082S14	SES082	-3.53722	-7.65481	-4.11759
BLOCK08/SES082/SA082S21	SES082	-3.08398	-6.78859	-3.70461
BLOCK08/SES082/SA082S24	SES082	-3.0162	-8.58547	-5.56928
BLOCK08/SES082/SA082S28	SES082	-3.95459	-9.97255	-6.01796
BLOCK08/SES083/SA083S14	SES083	-3.90594	-7.96108	-4.05514
BLOCK08/SES083/SA083S15	SES083	-3.61694	-9.41854	-5.8016
BLOCK08/SES083/SA083S24	SES083	-3.37703	-8.31547	-4.93844
BLOCK08/SES083/SA083S26	SES083	-3.75055	-10.8123	-7.06172
BLOCK08/SES083/SA083S29	SES083	-3.1758	-8.92557	-5.74977
BLOCK08/SES085/SA085S10	SES085	-2.69983	-6.15434	-3.45451
BLOCK08/SES085/SA085S13	SES085	-2.95262	-9.31322	-6.3606
BLOCK08/SES085/SA085S22	SES085	-2.91065	-7.02299	-4.11235
BLOCK08/SES085/SA085S26	SES085	-3.48936	-11.1936	-7.70422
BLOCK08/SES085/SA085S28	SES085	-2.82776	-6.82421	-3.99645
BLOCK08/SES087/SA087S15	SES087	-2.2076	-7.78408	-5.57648
BLOCK08/SES087/SA087S16	SES087	-2.73488	-7.53862	-4.80374
BLOCK08/SES087/SA087S24	SES087	-2.76779	-11.6615	-8.89369
BLOCK08/SES087/SA087S26	SES087	-3.08078	-8.13165	-5.05087
BLOCK08/SES087/SA087S29	SES087	-2.76631	-6.46145	-3.69514
BLOCK09/SES099/SA099S15	SES099	-2.88282	-9.1491	-6.26628
BLOCK09/SES099/SA099S16	SES099	-2.87864	-5.80566	-2.92702
BLOCK09/SES099/SA099S24	SES099	-2.70885	-7.5383	-4.82945
BLOCK09/SES099/SA099S26	SES099	-2.73533	-8.58952	-5.85419
BLOCK09/SES099/SA099S29	SES099	-1.71859	-8.15001	-6.43142
BLOCK10/SES101/SA101S11	SES101	-4.273	-9.11275	-4.83975
BLOCK10/SES101/SA101S13	SES101	-4.59589	-5.73954	-1.14365
BLOCK10/SES101/SA101S22	SES101	-2.17689	-7.76847	-5.59158
BLOCK10/SES101/SA101S24	SES101	-3.95439	-8.82082	-4.86644
BLOCK10/SES101/SA101S28	SES101	-2.64276	-7.94488	-5.30212
BLOCK10/SES104/SA104S11	SES104	-3.51965	-7.47116	-3.95151
BLOCK10/SES104/SA104S12	SES104	-3.56107	-8.28661	-4.72555
BLOCK10/SES104/SA104S21	SES104	-2.62192	-7.53687	-4.91495
BLOCK10/SES104/SA104S24	SES104	-4.57551	-12.0924	-7.51693
BLOCK10/SES104/SA104S28	SES104	-3.30526	-10.4228	-7.1175
BLOCK10/SES105/SA105S12	SES105	-2.70726	-9.47169	-6.76442
BLOCK10/SES105/SA105S13	SES105	-4.13341	-10.7166	-6.58318
BLOCK10/SES105/SA105S22	SES105	-4.55158	-10.6893	-6.13773
BLOCK10/SES105/SA105S26	SES105	-4.62184	-11.5773	-6.95545
BLOCK10/SES105/SA105S29	SES105	-3.62269	-8.00877	-4.38608
BLOCK10/SES106/SA106S09	SES106	-3.20927	-11.9179	-8.70863
BLOCK10/SES106/SA106S11	SES106	-3.61799	-9.37538	-5.75738
BLOCK10/SES106/SA106S22	SES106	-3.06443	-12.7872	-9.72276
BLOCK10/SES106/SA106S27	SES106	-2.64433	-8.08647	-5.44214
BLOCK10/SES106/SA106S29	SES106	-2.7897	-8.41585	-5.62615
BLOCK11/SES117/SA117S12	SES117	-3.8292	-9.96631	-6.13711
BLOCK11/SES117/SA117S13	SES117	-3.41	-7.50245	-4.09245
BLOCK11/SES117/SA117S23	SES117	-1.46253	-10.9568	-9.49427
BLOCK11/SES117/SA117S25	SES117	-1.90573	-7.50943	-5.6037
BLOCK11/SES117/SA117S28	SES117	-1.92364	-10.5148	-8.59114
BLOCK12/SES120/SA120S08	SES120	-3.11718	-11.9035	-8.78631
BLOCK12/SES120/SA120S11	SES120	-2.5784	-15.294	-12.7156
BLOCK12/SES120/SA120S22	SES120	-2.93844	-8.50628	-5.56784
BLOCK12/SES120/SA120S24	SES120	-3.19456	-13.2115	-10.0169
BLOCK12/SES120/SA120S28	SES120	-2.99018	-11.1313	-8.14107
BLOCK12/SES125/SA125S13	SES125	-2.04235	-10.7196	-8.67723
BLOCK12/SES125/SA125S14	SES125	-2.57735	-11.8753	-9.298
BLOCK12/SES125/SA125S25	SES125	-2.1018	-8.80548	-6.70368
BLOCK12/SES125/SA125S27	SES125	-2.22044	-9.54981	-7.32937
BLOCK12/SES125/SA125S29	SES125	-3.02266	-8.60723	-5.58458
BLOCK12/SES127/SA127S11	SES127	-2.89295	-6.93597	-4.04302
BLOCK12/SES127/SA127S12	SES127	-3.48033	-4.4669	-0.986568
BLOCK12/SES127/SA127S23	SES127	-3.43995	-6.44722	-3.00726
BLOCK12/SES127/SA127S25	SES127	-4.13545	-6.20772	-2.07227
BLOCK12/SES127/SA127S27	SES127	-3.46858	-6.90301	-3.43443
BLOCK12/SES129/SA129S11	SES129	-2.7042	-5.55539	-2.85119
BLOCK12/SES129/SA129S12	SES129	-2.86557	-5.67477	-2.80921
BLOCK12/SES129/SA129S22	SES129	-1.88343	-5.35751	-3.47407
BLOCK12/SES129/SA129S27	SES129	-1.73015	-5.08776	-3.35761
BLOCK12/SES129/SA129S29	SES129	-3.12705	-11.1043	-7.97723
BLOCK14/SES142/SA142S11	SES142	-2.41349	-7.10039	-4.68689
BLOCK14/SES142/SA142S12	SES142	-2.52428	-11.3317	-8.80746
BLOCK14/SES142/SA142S24	SES142	-2.75418	-9.94695	-7.19277
BLOCK14/SES142/SA142S27	SES142	-3.50309	-10.6579	-7.15484
BLOCK14/SES142/SA142S29	SES142	-2.91786	-9.50926	-6.5914
BLOCK14/SES143/SA143S12	SES143	-3.03399	-7.76978	-4.73579
BLOCK14/SES143/SA143S13	SES143	-2.95476	-7.62981	-4.67505
BLOCK14/SES143/SA143S23	SES143	-2.35712	-7.43369	-5.07657
BLOCK14/SES143/SA143S25	SES143	-4.01536	-12.3306	-8.31523
BLOCK14/SES143/SA143S28	SES143	-4.24395	-10.9661	-6.72212
BLOCK14/SES144/SA144S09	SES144	-2.63068	-7.00478	-4.37409
BLOCK14/SES144/SA144S11	SES144	-3.88722	-8.17492	-4.28771
BLOCK14/SES144/SA144S21	SES144	-2.84568	-6.44229	-3.5966
BLOCK14/SES144/SA144S25	SES144	-1.87253	-7.27501	-5.40248
BLOCK14/SES144/SA144S29	SES144	-4.0282	-9.77729	-5.74909
BLOCK14/SES146/SA146S14	SES146	-2.97819	-8.0278	-5.04961
BLOCK14/SES146/SA146S15	SES146	-3.71129	-9.72251	-6.01121
BLOCK14/SES146/SA146S24	SES146	-2.86263	-9.70976	-6.84713
BLOCK14/SES146/SA146S26	SES146	-3.55138	-9.36788	-5.8165
BLOCK14/SES146/SA146S29	SES146	-3.07546	-9.8692	-6.79374
BLOCK14/SES147/SA147S11	SES147	-2.82806	-9.12752	-6.29946
BLOCK14/SES147/SA147S13	SES147	-2.61056	-6.12507	-3.51451
BLOCK14/SES147/SA147S23	SES147	-2.25558	-6.11869	-3.86311
BLOCK14/SES147/SA147S26	SES147	-2.15403	-5.87082	-3.71679
BLOCK14/SES147/SA147S28	SES147	-1.73355	-4.00312	-2.26957
BLOCK14/SES148/SA148S10	SES148	-3.77277	-6.51721	-2.74444
BLOCK14/SES148/SA148S12	SES148	-2.87538	-7.65063	-4.77525
BLOCK14/SES148/SA148S22	SES148	-2.01416	-4.75652	-2.74237
BLOCK14/SES148/SA148S26	SES148	-3.14939	-4.80667	-1.65728
BLOCK14/SES148/SA148S29	SES148	-3.52204	-8.2223	-4.70026
BLOCK14/SES149/SA149S13	SES149	-4.09962	-8.44972	-4.35011
BLOCK14/SES149/SA149S14	SES149	-3.89242	-6.61229	-2.71987
BLOCK14/SES149/SA149S24	SES149	-2.74105	-6.67635	-3.93531
BLOCK14/SES149/SA149S26	SES149	-3.71308	-8.76286	-5.04978
BLOCK14/SES149/SA149S28	SES149	-2.04995	-2.67096	-0.621011
BLOCK15/SES158/SA158S13	SES158	-2.10185	-11.7608	-9.65897
BLOCK15/SES158/SA158S14	SES158	-2.32545	-12.6066	-10.2812
BLOCK15/SES158/SA158S23	SES158	-3.292	-10.6608	-7.36875
BLOCK15/SES158/SA158S26	SES158	-2.74529	-12.5954	-9.85006
BLOCK15/SES158/SA158S28	SES158	-3.75537	-11.3162	-7.56087
BLOCK16/SES162/SA162S10	SES162	-3.18149	-10.1631	-6.9816
BLOCK16/SES162/SA162S11	SES162	-2.96724	-6.43935	-3.47211
BLOCK16/SES162/SA162S21	SES162	-2.40782	-6.72453	-4.31671
BLOCK16/SES162/SA162S24	SES162	-1.13703	-5.36015	-4.22312
BLOCK16/SES162/SA162S27	SES162	-1.38684	-9.40234	-8.0155
BLOCK16/SES167/SA167S14	SES167	-1.30776	-4.38072	-3.07296
BLOCK16/SES167/SA167S15	SES167	-1.21944	-3.08446	-1.86503
BLOCK16/SES167/SA167S21	SES167	-1.24022	-3.05048	-1.81027
BLOCK16/SES167/SA167S25	SES167	-0.328614	-4.93969	-4.61107
BLOCK16/SES167/SA167S29	SES167	-0.527106	-2.37052	-1.84342
BLOCK17/SES172/SA172S12	SES172	-2.14451	-8.09632	-5.95181
BLOCK17/SES172/SA172S13	SES172	-2.24668	-9.2215	-6.97482
BLOCK17/SES172/SA172S23	SES172	-2.38157	-5.63324	-3.25167
BLOCK17/SES172/SA172S27	SES172	-3.42868	-10.5421	-7.11339
BLOCK17/SES172/SA172S29	SES172	-1.80678	-5.94957	-4.14279
BLOCK17/SES175/SA175S11	SES175	-4.85611	-11.9596	-7.10345
BLOCK17/SES175/SA175S13	SES175	-3.93319	-5.43224	-1.49905
BLOCK17/SES175/SA175S23	SES175	-3.68553	-7.37453	-3.68901
BLOCK17/SES175/SA175S25	SES175	-3.09367	-8.75618	-5.66251
BLOCK17/SES175/SA175S28	SES175	-5.20028	-10.1628	-4.96249
BLOCK17/SES177/SA177S15	SES177	-4.11269	-9.50135	-5.38866
BLOCK17/SES177/SA177S17	SES177	-4.36518	-9.55555	-5.19037
BLOCK17/SES177/SA177S23	SES177	-3.87245	-8.69226	-4.81981
BLOCK17/SES177/SA177S26	SES177	-4.15612	-6.51562	-2.3595
BLOCK17/SES177/SA177S28	SES177	-3.88971	-11.1471	-7.25739
BLOCK18/SES180/SA180S13	SES180	-3.2203	-11.6777	-8.45739
BLOCK18/SES180/SA180S15	SES180	-2.78793	-6.13547	-3.34754
BLOCK18/SES180/SA180S24	SES180	-3.26293	-7.18255	-3.91962
BLOCK18/SES180/SA180S26	SES180	-3.66723	-8.80919	-5.14196
BLOCK18/SES180/SA180S29	SES180	-4.06601	-11.1341	-7.06806
BLOCK18/SES183/SA183S13	SES183	-2.14293	-7.65478	-5.51185
BLOCK18/SES183/SA183S14	SES183	-3.58503	-8.56781	-4.98278
BLOCK18/SES183/SA183S24	SES183	-2.87127	-10.2427	-7.37143
BLOCK18/SES183/SA183S27	SES183	-2.68446	-8.62665	-5.94219
BLOCK18/SES183/SA183S29	SES183	-2.47558	-6.71283	-4.23725
BLOCK18/SES187/SA187S13	SES187	-2.76343	-9.15239	-6.38896
BLOCK18/SES187/SA187S14	SES187	-3.25009	-10.1395	-6.8894
BLOCK18/SES187/SA187S24	SES187	-3.57507	-9.35937	-5.7843
BLOCK18/SES187/SA187S27	SES187	-3.86715	-8.10332	-4.23617
BLOCK18/SES187/SA187S29	SES187	-3.39471	-12.5122	-9.11748
BLOCK18/SES189/SA189S10	SES189	-2.1397	-9.46151	-7.32181
BLOCK18/SES189/SA189S13	SES189	-2.12059	-13.25	-11.1294
BLOCK18/SES189/SA189S24	SES189	-2.50635	-9.06625	-6.5599
BLOCK18/SES189/SA189S26	SES189	-3.25428	-10.187	-6.93274
BLOCK18/SES189/SA189S29	SES189	-1.83619	-8.4864	-6.65021
BLOCK20/SES202/SA202S12	SES202	-2.11881	-11.9903	-9.87153
BLOCK20/SES202/SA202S14	SES202	-2.09459	-9.69805	-7.60345
BLOCK20/SES202/SA202S24	SES202	-2.98993	-10.577	-7.58704
BLOCK20/SES202/SA202S27	SES202	-2.3417	-7.42778	-5.08608
BLOCK20/SES202/SA202S29	SES202	-2.65983	-9.34165	-6.68182
BLOCK20/SES206/SA206S15	SES206	-4.37372	-7.18333	-2.80961
BLOCK20/SES206/SA206S17	SES206	-3.51375	-9.6127	-6.09895
BLOCK20/SES206/SA206S24	SES206	-2.9398	-7.14012	-4.20032
BLOCK20/SES206/SA206S27	SES206	-2.13161	-9.97803	-7.84642
BLOCK20/SES206/SA206S29	SES206	-2.89752	-10.7387	-7.84114
BLOCK22/SES226/SA226S12	SES226	-3.29118	-8.385	-5.09382
BLOCK22/SES226/SA226S13	SES226	-4.60461	-8.98032	-4.37571
BLOCK22/SES226/SA226S20	SES226	-4.07057	-8.37815	-4.30758
BLOCK22/SES226/SA226S23	SES226	-3.56729	-7.27718	-3.70989
BLOCK22/SES226/SA226S28	SES226	-3.18053	-6.84209	-3.66156
BLOCK25/SES259/SA259S13	SES259	-2.35852	-9.44046	-7.08195
BLOCK25/SES259/SA259S14	SES259	-3.47455	-9.54244	-6.06789
BLOCK25/SES259/SA259S22	SES259	-4.06837	-9.40012	-5.33174
BLOCK25/SES259/SA259S24	SES259	-4.32738	-10.7852	-6.45778
BLOCK25/SES259/SA259S28	SES259	-3.53616	-9.18089	-5.64473
BLOCK27/SES270/SA270S14	SES270	-2.7058	-7.70917	-5.00337
BLOCK27/SES270/SA270S16	SES270	-2.46016	-6.43611	-3.97596
BLOCK27/SES270/SA270S22	SES270	-3.07561	-7.5149	-4.43929
BLOCK27/SES270/SA270S26	SES270	-1.56231	-7.95381	-6.39151
BLOCK27/SES270/SA270S28	SES270	-2.22895	-5.46819	-3.23924
BLOCK27/SES275/SA275S17	SES275	-4.57331	-9.62994	-5.05664
BLOCK27/SES275/SA275S18	SES275	-4.21647	-9.64512	-5.42865
BLOCK27/SES275/SA275S24	SES275	-3.79064	-9.66996	-5.87933
BLOCK27/SES275/SA275S26	SES275	-3.29601	-7.91529	-4.61927
BLOCK27/SES275/SA275S28	SES275	-4.25309	-9.14598	-4.89289
BLOCK29/SES292/SA292S10	SES292	-4.28794	-8.60581	-4.31787
BLOCK29/SES292/SA292S12	SES292	-3.64859	-10.1821	-6.53349
BLOCK29/SES292/SA292S22	SES292	-3.34843	-8.66203	-5.3136
BLOCK29/SES292/SA292S24	SES292	-3.61434	-6.36654	-2.75221
BLOCK29/SES292/SA292S27	SES292	-4.26538	-7.92472	-3.65934
BLOCK00/SES001/SA001S14	SES062	0	-1e+38	-1e+38
BLOCK00/SES001/SA001S14	SES082	0	-1e+38	-1e+38
BLOCK00/SES001/SA001S14	SES106	0	-1e+38	-1e+38
BLOCK00/SES001/SA001S14	SES206	0	-1e+38	-1e+38
BLOCK00/SES001/SA001S15	SES062	0	-1e+38	-1e+38
BLOCK00/SES001/SA001S15	SES104	0	-1e+38	-1e+38
BLOCK00/SES001/SA001S15	SES106	0	-1e+38	-1e+38
BLOCK00/SES001/SA001S15	SES206	0	-1e+38	-1e+38
BLOCK00/SES001/SA001S24	SES062	0	-1e+38	-1e+38
BLOCK00/SES001/SA001S24	SES082	0	-1e+38	-1e+38
BLOCK00/SES001/SA001S24	SES087	0	-1e+38	-1e+38
BLOCK00/SES001/SA001S24	SES206	0	-1e+38	-1e+38
BLOCK00/SES001/SA001S27	SES062	0	-1e+38	-1e+38
BLOCK00/SES001/SA001S27	SES082	0	-1e+38	-1e+38
BLOCK00/SES001/SA001S27	SES087	0	-1e+38	-1e+38
BLOCK00/SES001/SA001S27	SES206	0	-1e+38	-1e+38
BLOCK00/SES001/SA001S29	SES062	0	-1e+38	-1e+38
BLOCK00/SES001/SA001S29	SES082	0	-1e+38	-1e+38
BLOCK00/SES001/SA001S29	SES158	0	-1e+38	-1e+38
BLOCK00/SES001/SA001S29	SES206	0	-1e+38	-1e+38
BLOCK00/SES003/SA003S11	SES002	1e+38	-6.68469	-1e+38
BLOCK00/SES003/SA003S11	SES019	0	-1e+38	-1e+38
BLOCK00/SES003/SA003S11	SES082	0	-1e+38	-1e+38
BLOCK00/SES003/SA003S11	SES125	0	-1e+38	-1e+38
BLOCK00/SES003/SA003S15	SES016	0	-1e+38	-1e+38
BLOCK00/SES003/SA003S15	SES019	0	-1e+38	-1e+38
BLOCK00/SES003/SA003S15	SES062	0	-1e+38	-1e+38
BLOCK00/SES003/SA003S15	SES206	0	-1e+38	-1e+38
BLOCK00/SES003/SA003S22	SES002	1e+38	-8.46573	-1e+38
BLOCK00/SES003/SA003S22	SES062	0	-1e+38	-1e+38
BLOCK00/SES003/SA003S22	SES082	0	-1e+38	-1e+38
BLOCK00/SES003/SA003S22	SES087	0	-1e+38	-1e+38
BLOCK00/SES003/SA003S25	SES062	0	-1e+38	-1e+38
BLOCK00/SES003/SA003S25	SES082	0	-1e+38	-1e+38
BLOCK00/SES003/SA003S25	SES087	0	-1e+38	-1e+38
BLOCK00/SES003/SA003S25	SES206	0	-1e+38	-1e+38
BLOCK00/SES003/SA003S29	SES002	1e+38	-7.41614	-1e+38
BLOCK00/SES003/SA003S29	SES062	0	-1e+38	-1e+38
BLOCK00/SES003/SA003S29	SES082	0	-1e+38	-1e+38
BLOCK00/SES003/SA003S29	SES087	0	-1e+38	-1e+38
BLOCK00/SES004/SA004S12	SES083	0	-1e+38	-1e+38
BLOCK00/SES004/SA004S12	SES148	0	-1e+38	-1e+38
BLOCK00/SES004/SA004S12	SES172	0	-1e+38	-1e+38
BLOCK00/SES004/SA004S12	SES292	0	-1e+38	-1e+38
BLOCK00/SES004/SA004S17	SES083	0	-1e+38	-1e+38
BLOCK00/SES004/SA004S17	SES162	0	-1e+38	-1e+38
BLOCK00/SES004/SA004S17	SES172	0	-1e+38	-1e+38
BLOCK00/SES004/SA004S17	SES292	0	-1e+38	-1e+38
BLOCK00/SES004/SA004S24	SES083	0	-1e+38	-1e+38
BLOCK00/SES004/SA004S24	SES148	0	-1e+38	-1e+38
BLOCK00/SES004/SA004S24	SES172	0	-1e+38	-1e+38
BLOCK00/SES004/SA004S24	SES292	0	-1e+38	-1e+38
BLOCK00/SES004/SA004S26	SES083	0	-1e+38	-1e+38
BLOCK00/SES004/SA004S26	SES127	0	-1e+38	-1e+38
BLOCK00/SES004/SA004S26	SES148	0	-1e+38	-1e+38
BLOCK00/SES004/SA004S26	SES292	0	-1e+38	-1e+38
BLOCK00/SES004/SA004S28	SES083	0	-1e+38	-1e+38
BLOCK00/SES004/SA004S28	SES127	0	-1e+38	-1e+38
BLOCK00/SES004/SA004S28	SES187	0	-1e+38	-1e+38
BLOCK00/SES004/SA004S28	SES292	0	-1e+38	-1e+38
BLOCK00/SES006/SA006S10	SES014	1e+38	-15.1607	-1e+38
BLOCK00/SES006/SA006S10	SES158	0	-1e+38	-1e+38
BLOCK00/SES006/SA006S10	SES226	0	-1e+38	-1e+38
BLOCK00/SES006/SA006S10	SES270	0	-1e+38	-1e+38
BLOCK00/SES006/SA006S11	SES158	0	-1e+38	-1e+38
BLOCK00/SES006/SA006S11	SES226	0	-1e+38	-1e+38
BLOCK00/SES006/SA006S11	SES270	0	-1e+38	-1e+38
BLOCK00/SES006/SA006S11	SES275	0	-1e+38	-1e+38
BLOCK00/SES006/SA006S23	SES062	0	-1e+38	-1e+38
BLOCK00/SES006/SA006S23	SES105	0	-1e+38	-1e+38
BLOCK00/SES006/SA006S23	SES158	0	-1e+38	-1e+38
BLOCK00/SES006/SA006S23	SES275	0	-1e+38	-1e+38
BLOCK00/SES006/SA006S26	SES104	0	-1e+38	-1e+38
BLOCK00/SES006/SA006S26	SES158	0	-1e+38	-1e+38
BLOCK00/SES006/SA006S26	SES270	0	-1e+38	-1e+38
BLOCK00/SES006/SA006S26	SES275	0	-1e+38	-1e+38
BLOCK00/SES006/SA006S28	SES007	1e+38	-12.2268	-1e+38
BLOCK00/SES006/SA006S28	SES105	0	-1e+38	-1e+38
BLOCK00/SES006/SA006S28	SES158	0	-1e+38	-1e+38
BLOCK00/SES006/SA006S28	SES275	0	-1e+38	-1e+38
BLOCK00/SES009/SA009S12	SES083	0	-1e+38	-1e+38
BLOCK00/SES009/SA009S12	SES148	0	-1e+38	-1e+38
BLOCK00/SES009/SA009S12	SES177	0	-1e+38	-1e+38
BLOCK00/SES009/SA009S12	SES292	0	-1e+38	-1e+38
BLOCK00/SES009/SA009S15	SES007	1e+38	-11.1733	-1e+38
BLOCK00/SES009/SA009S15	SES099	0	-1e+38	-1e+38
BLOCK00/SES009/SA009S15	SES148	0	-1e+38	-1e+38
BLOCK00/SES009/SA009S15	SES172	0	-1e+38	-1e+38
BLOCK00/SES009/SA009S24	SES146	0	-1e+38	-1e+38
BLOCK00/SES009/SA009S24	SES148	0	-1e+38	-1e+38
BLOCK00/SES009/SA009S24	SES177	0	-1e+38	-1e+38
BLOCK00/SES009/SA009S24	SES292	0	-1e+38	-1e+38
BLOCK00/SES009/SA009S26	SES083	0	-1e+38	-1e+38
BLOCK00/SES009/SA009S26	SES101	0	-1e+38	-1e+38
BLOCK00/SES009/SA009S26	SES120	0	-1e+38	-1e+38
BLOCK00/SES009/SA009S26	SES177	0	-1e+38	-1e+38
BLOCK00/SES009/SA009S29	SES083	0	-1e+38	-1e+38
BLOCK00/SES009/SA009S29	SES101	0	-1e+38	-1e+38
BLOCK00/SES009/SA009S29	SES177	0	-1e+38	-1e+38
BLOCK00/SES009/SA009S29	SES292	0	-1e+38	-1e+38
BLOCK01/SES011/SA011S10	SES019	0	-1e+38	-1e+38
BLOCK01/SES011/SA011S10	SES042	0	-1e+38	-1e+38
BLOCK01/SES011/SA011S10	SES082	0	-1e+38	-1e+38
BLOCK01/SES011/SA011S10	SES206	0	-1e+38	-1e+38
BLOCK01/SES011/SA011S11	SES019	0	-1e+38	-1e+38
BLOCK01/SES011/SA011S11	SES042	0	-1e+38	-1e+38
BLOCK01/SES011/SA011S11	SES082	0	-1e+38	-1e+38
BLOCK01/SES011/SA011S11	SES206	0	-1e+38	-1e+38
BLOCK01/SES011/SA011S22	SES019	0	-1e+38	-1e+38
BLOCK01/SES011/SA011S22	SES042	0	-1e+38	-1e+38
BLOCK01/SES011/SA011S22	SES082	0	-1e+38	-1e+38
BLOCK01/SES011/SA011S22	SES206	0	-1e+38	-1e+38
BLOCK01/SES011/SA011S24	SES019	0	-1e+38	-1e+38
BLOCK01/SES011/SA011S24	SES042	0	-1e+38	-1e+38
BLOCK01/SES011/SA011S24	SES104	0	-1e+38	-1e+38
BLOCK01/SES011/SA011S24	SES206	0	-1e+38	-1e+38
BLOCK01/SES011/SA011S27	SES082	0	-1e+38	-1e+38
BLOCK01/SES011/SA011S27	SES087	0	-1e+38	-1e+38
BLOCK01/SES011/SA011S27	SES125	0	-1e+38	-1e+38
BLOCK01/SES011/SA011S27	SES206	0	-1e+38	-1e+38
BLOCK01/SES012/SA012S11	SES007	1e+38	-8.47669	-1e+38
BLOCK01/SES012/SA012S11	SES082	0	-1e+38	-1e+38
BLOCK01/SES012/SA012S11	SES083	0	-1e+38	-1e+38
BLOCK01/SES012/SA012S11	SES206	0	-1e+38	-1e+38
BLOCK01/SES012/SA012S14	SES082	0	-1e+38	-1e+38
BLOCK01/SES012/SA012S14	SES087	0	-1e+38	-1e+38
BLOCK01/SES012/SA012S14	SES206	0	-1e+38	-1e+38
BLOCK01/SES012/SA012S14	SES292	0	-1e+38	-1e+38
BLOCK01/SES012/SA012S24	SES082	0	-1e+38	-1e+38
BLOCK01/SES012/SA012S24	SES087	0	-1e+38	-1e+38
BLOCK01/SES012/SA012S24	SES120	0	-1e+38	-1e+38
BLOCK01/SES012/SA012S24	SES206	0	-1e+38	-1e+38
BLOCK01/SES012/SA012S26	SES019	0	-1e+38	-1e+38
BLOCK01/SES012/SA012S26	SES082	0	-1e+38	-1e+38
BLOCK01/SES012/SA012S26	SES206	0	-1e+38	-1e+38
BLOCK01/SES012/SA012S26	SES292	0	-1e+38	-1e+38
BLOCK01/SES012/SA012S29	SES062	0	-1e+38	-1e+38
BLOCK01/SES012/SA012S29	SES082	0	-1e+38	-1e+38
BLOCK01/SES012/SA012S29	SES083	0	-1e+38	-1e+38
BLOCK01/SES012/SA012S29	SES206	0	-1e+38	-1e+38
BLOCK01/SES013/SA013S16	SES062	0	-1e+38	-1e+38
BLOCK01/SES013/SA013S16	SES106	0	-1e+38	-1e+38
BLOCK01/SES013/SA013S16	SES206	0	-1e+38	-1e+38
BLOCK01/SES013/SA013S16	SES226	0	-1e+38	-1e+38
BLOCK01/SES013/SA013S17	SES062	0	-1e+38	-1e+38
BLOCK01/SES013/SA013S17	SES106	0	-1e+38	-1e+38
BLOCK01/SES013/SA013S17	SES206	0	-1e+38	-1e+38
BLOCK01/SES013/SA013S17	SES226	0	-1e+38	-1e+38
BLOCK01/SES013/SA013S23	SES104	0	-1e+38	-1e+38
BLOCK01/SES013/SA013S23	SES106	0	-1e+38	-1e+38
BLOCK01/SES013/SA013S23	SES206	0	-1e+38	-1e+38
BLOCK01/SES013/SA013S23	SES270	0	-1e+38	-1e+38
BLOCK01/SES013/SA013S25	SES042	0	-1e+38	-1e+38
BLOCK01/SES013/SA013S25	SES104	0	-1e+38	-1e+38
BLOCK01/SES013/SA013S25	SES106	0	-1e+38	-1e+38
BLOCK01/SES013/SA013S25	SES206	0	-1e+38	-1e+38
BLOCK01/SES013/SA013S29	SES062	0	-1e+38	-1e+38
BLOCK01/SES013/SA013S29	SES104	0	-1e+38	-1e+38
BLOCK01/SES013/SA013S29	SES106	0	-1e+38	-1e+38
BLOCK01/SES013/SA013S29	SES206	0	-1e+38	-1e+38
BLOCK02/SES021/SA021S13	SES016	1e+38	-11.845	-1e+38
BLOCK02/SES021/SA021S13	SES029	1e+38	-11.108	-1e+38
BLOCK02/SES021/SA021S13	SES087	0	-1e+38	-1e+38
BLOCK02/SES021/SA021S13	SES206	0	-1e+38	-1e+38
BLOCK02/SES021/SA021S15	SES087	0	-1e+38	-1e+38
BLOCK02/SES021/SA021S15	SES125	0	-1e+38	-1e+38
BLOCK02/SES021/SA021S15	SES206	0	-1e+38	-1e+38
BLOCK02/SES021/SA021S15	SES226	0	-1e+38	-1e+38
BLOCK02/SES021/SA021S23	SES062	0	-1e+38	-1e+38
BLOCK02/SES021/SA021S23	SES087	0	-1e+38	-1e+38
BLOCK02/SES021/SA021S23	SES206	0	-1e+38	-1e+38
BLOCK02/SES021/SA021S23	SES226	0	-1e+38	-1e+38
BLOCK02/SES021/SA021S27	SES002	0	-1e+38	-1e+38
BLOCK02/SES021/SA021S27	SES016	1e+38	-10.0406	-1e+38
BLOCK02/SES021/SA021S27	SES019	1e+38	-9.55444	-1e+38
BLOCK02/SES021/SA021S27	SES062	0	-1e+38	-1e+38
BLOCK02/SES021/SA021S29	SES087	0	-1e+38	-1e+38
BLOCK02/SES021/SA021S29	SES125	0	-1e+38	-1e+38
BLOCK02/SES021/SA021S29	SES206	0	-1e+38	-1e+38
BLOCK02/SES021/SA021S29	SES226	0	-1e+38	-1e+38
BLOCK04/SES043/SA043S09	SES083	0	-1e+38	-1e+38
BLOCK04/SES043/SA043S09	SES101	0	-1e+38	-1e+38
BLOCK04/SES043/SA043S09	SES144	0	-1e+38	-1e+38
BLOCK04/SES043/SA043S09	SES172	0	-1e+38	-1e+38
BLOCK04/SES043/SA043S11	SES083	0	-1e+38	-1e+38
BLOCK04/SES043/SA043S11	SES101	0	-1e+38	-1e+38
BLOCK04/SES043/SA043S11	SES144	0	-1e+38	-1e+38
BLOCK04/SES043/SA043S11	SES172	0	-1e+38	-1e+38
BLOCK04/SES043/SA043S23	SES083	0	-1e+38	-1e+38
BLOCK04/SES043/SA043S23	SES144	0	-1e+38	-1e+38
BLOCK04/SES043/SA043S23	SES177	0	-1e+38	-1e+38
BLOCK04/SES043/SA043S23	SES275	0	-1e+38	-1e+38
BLOCK04/SES043/SA043S26	SES083	0	-1e+38	-1e+38
BLOCK04/SES043/SA043S26	SES101	0	-1e+38	-1e+38
BLOCK04/SES043/SA043S26	SES144	0	-1e+38	-1e+38
BLOCK04/SES043/SA043S26	SES177	0	-1e+38	-1e+38
BLOCK04/SES043/SA043S28	SES016	1e+38	-10.3635	-1e+38
BLOCK04/SES043/SA043S28	SES083	0	-1e+38	-1e+38
BLOCK04/SES043/SA043S28	SES101	0	-1e+38	-1e+38
BLOCK04/SES043/SA043S28	SES144	0	-1e+38	-1e+38
BLOCK04/SES044/SA044S10	SES127	0	-1e+38	-1e+38
BLOCK04/SES044/SA044S10	SES144	0	-1e+38	-1e+38
BLOCK04/SES044/SA044S10	SES147	0	-1e+38	-1e+38
BLOCK04/SES044/SA044S10	SES148	0	-1e+38	-1e+38
BLOCK04/SES044/SA044S11	SES101	0	-1e+38	-1e+38
BLOCK04/SES044/SA044S11	SES144	0	-1e+38	-1e+38
BLOCK04/SES044/SA044S11	SES147	0	-1e+38	-1e+38
BLOCK04/SES044/SA044S11	SES177	0	-1e+38	-1e+38
BLOCK04/SES044/SA044S24	SES007	0	-1e+38	-1e+38
BLOCK04/SES044/SA044S24	SES101	0	-1e+38	-1e+38
BLOCK04/SES044/SA044S24	SES147	0	-1e+38	-1e+38
BLOCK04/SES044/SA044S24	SES177	0	-1e+38	-1e+38
BLOCK04/SES044/SA044S26	SES007	0	-1e+38	-1e+38
BLOCK04/SES044/SA044S26	SES016	1e+38	-8.11176	-1e+38
BLOCK04/SES044/SA044S26	SES101	0	-1e+38	-1e+38
BLOCK04/SES044/SA044S26	SES147	0	-1e+38	-1e+38
BLOCK04/SES044/SA044S29	SES007	0	-1e+38	-1e+38
BLOCK04/SES044/SA044S29	SES101	0	-1e+38	-1e+38
BLOCK04/SES044/SA044S29	SES147	0	-1e+38	-1e+38
BLOCK04/SES044/SA044S29	SES177	0	-1e+38	-1e+38
BLOCK04/SES046/SA046S13	SES101	0	-1e+38	-1e+38
BLOCK04/SES046/SA046S13	SES144	0	-1e+38	-1e+38
BLOCK04/SES046/SA046S13	SES147	0	-1e+38	-1e+38
BLOCK04/SES046/SA046S13	SES177	0	-1e+38	-1e+38
BLOCK04/SES046/SA046S15	SES048	0	-1e+38	-1e+38
BLOCK04/SES046/SA046S15	SES083	0	-1e+38	-1e+38
BLOCK04/SES046/SA046S15	SES120	0	-1e+38	-1e+38
BLOCK04/SES046/SA046S15	SES148	0	-1e+38	-1e+38
BLOCK04/SES046/SA046S22	SES101	-3.68429	-9.77831	-6.09402
BLOCK04/SES046/SA046S22	SES144	-2.36663	-8.46065	-6.09402
BLOCK04/SES046/SA046S22	SES147	-2.78432	-8.87834	-6.09402
BLOCK04/SES046/SA046S22	SES172	-3.31053	-9.40455	-6.09402
BLOCK04/SES046/SA046S25	SES083	-2.89029	-6.33783	-3.44754
BLOCK04/SES046/SA046S25	SES127	-3.83038	-7.27792	-3.44754
BLOCK04/SES046/SA046S25	SES144	-2.1527	-5.60024	-3.44754
BLOCK04/SES046/SA046S25	SES148	-2.55862	-6.00617	-3.44754
BLOCK04/SES046/SA046S28	SES007	-1e+38	-1e+38	-4.7009
BLOCK04/SES046/SA046S28	SES105	-4.1871	-8.888	-4.7009
BLOCK04/SES046/SA046S28	SES147	-2.88014	-7.58104	-4.7009
BLOCK04/SES046/SA046S28	SES148	-4.40955	-9.11045	-4.7009
BLOCK04/SES049/SA049S16	SES104	-4.09004	-10.906	-6.81592
BLOCK04/SES049/SA049S16	SES106	-5.66074	-12.4767	-6.81592
BLOCK04/SES049/SA049S16	SES120	-4.92024	-11.7362	-6.81592
BLOCK04/SES049/SA049S16	SES206	-3.88129	-10.6972	-6.81592
BLOCK04/SES049/SA049S18	SES099	-2.96508	-8.88848	-5.9234
BLOCK04/SES049/SA049S18	SES104	-3.39762	-9.32102	-5.9234
BLOCK04/SES049/SA049S18	SES125	-3.97514	-9.89854	-5.9234
BLOCK04/SES049/SA049S18	SES206	-3.3021	-9.2255	-5.9234
BLOCK04/SES049/SA049S25	SES087	-4.00414	-10.4422	-6.43805
BLOCK04/SES049/SA049S25	SES104	-3.85666	-10.2947	-6.43805
BLOCK04/SES049/SA049S25	SES125	-5.1367	-11.5748	-6.43805
BLOCK04/SES049/SA049S25	SES206	-4.10233	-10.5404	-6.43805
BLOCK04/SES049/SA049S27	SES099	-5.46688	-6.51976	-1.05289
BLOCK04/SES049/SA049S27	SES104	-3.96715	-5.02004	-1.05289
BLOCK04/SES049/SA049S27	SES125	-6.18524	-7.23812	-1.05289
BLOCK04/SES049/SA049S27	SES206	-4.15886	-5.21175	-1.05289
BLOCK04/SES049/SA049S29	SES099	-3.19785	-6.0818	-2.88396
BLOCK04/SES049/SA049S29	SES104	-2.91533	-5.79929	-2.88396
BLOCK04/SES049/SA049S29	SES125	-4.05382	-6.93778	-2.88396
BLOCK04/SES049/SA049S29	SES206	-3.07748	-5.96144	-2.88396
BLOCK06/SES063/SA063S09	SES068	-3.25763	-11.015	-7.75739
BLOCK06/SES063/SA063S09	SES083	-2.58084	-10.3382	-7.75739
BLOCK06/SES063/SA063S09	SES177	-2.92434	-10.6817	-7.75739
BLOCK06/SES063/SA063S09	SES187	-3.24565	-11.003	-7.75739
BLOCK06/SES063/SA063S10	SES068	-3.76766	-10.4841	-6.71648
BLOCK06/SES063/SA063S10	SES083	-2.68976	-9.40624	-6.71648
BLOCK06/SES063/SA063S10	SES172	-3.74583	-10.4623	-6.71648
BLOCK06/SES063/SA063S10	SES187	-3.24893	-9.96541	-6.71648
BLOCK06/SES063/SA063S20	SES068	-3.43468	-11.5762	-8.14154
BLOCK06/SES063/SA063S20	SES083	-3.12222	-11.2638	-8.14154
BLOCK06/SES063/SA063S20	SES172	-2.81844	-10.96	-8.14154
BLOCK06/SES063/SA063S20	SES187	-3.11113	-11.2527	-8.14154
BLOCK06/SES063/SA063S24	SES029	-1e+38	-1e+38	-8.03519
BLOCK06/SES063/SA063S24	SES083	-2.84412	-10.8793	-8.03519
BLOCK06/SES063/SA063S24	SES177	-3.74197	-11.7772	-8.03519
BLOCK06/SES063/SA063S24	SES189	-4.1229	-12.1581	-8.03519
BLOCK06/SES063/SA063S27	SES083	-2.66078	-11.1911	-8.5303
BLOCK06/SES063/SA063S27	SES172	-3.30159	-11.8319	-8.5303
BLOCK06/SES063/SA063S27	SES187	-3.81781	-12.3481	-8.5303
BLOCK06/SES063/SA063S27	SES292	-4.11686	-12.6472	-8.5303
BLOCK06/SES067/SA067S12	SES083	-3.51958	-8.14413	-4.62455
BLOCK06/SES067/SA067S12	SES172	-3.61583	-8.24038	-4.62455
BLOCK06/SES067/SA067S12	SES202	-3.35862	-7.98317	-4.62455
BLOCK06/SES067/SA067S12	SES292	-3.47908	-8.10363	-4.62455
BLOCK06/SES067/SA067S14	SES085	-3.63365	-5.60902	-1.97536
BLOCK06/SES067/SA067S14	SES177	-4.14631	-6.12167	-1.97536
BLOCK06/SES067/SA067S14	SES183	-2.7251	-4.70046	-1.97536
BLOCK06/SES067/SA067S14	SES202	-4.16362	-6.13898	-1.97536
BLOCK06/SES067/SA067S21	SES144	-4.43747	-9.71318	-5.27571
BLOCK06/SES067/SA067S21	SES177	-5.02236	-10.2981	-5.27571
BLOCK06/SES067/SA067S21	SES183	-4.10358	-9.37929	-5.27571
BLOCK06/SES067/SA067S21	SES189	-4.58845	-9.86416	-5.27571
BLOCK06/SES067/SA067S25	SES085	-4.59049	-10.8639	-6.27342
BLOCK06/SES067/SA067S25	SES177	-4.06974	-10.3432	-6.27342
BLOCK06/SES067/SA067S25	SES183	-3.81585	-10.0893	-6.27342
BLOCK06/SES067/SA067S25	SES202	-3.42943	-9.70284	-6.27342
BLOCK06/SES067/SA067S29	SES085	-5.68106	-12.0554	-6.37431
BLOCK06/SES067/SA067S29	SES177	-5.37123	-11.7455	-6.37431
BLOCK06/SES067/SA067S29	SES183	-4.19915	-10.5735	-6.37431
BLOCK06/SES067/SA067S29	SES202	-5.7705	-12.1448	-6.37431
BLOCK06/SES069/SA069S12	SES029	-1e+38	-1e+38	-3.42411
BLOCK06/SES069/SA069S12	SES082	-4.34345	-7.76755	-3.42411
BLOCK06/SES069/SA069S12	SES087	-5.85906	-9.28317	-3.42411
BLOCK06/SES069/SA069S12	SES206	-3.99399	-7.4181	-3.42411
BLOCK06/SES069/SA069S13	SES029	-1e+38	-1e+38	-2.94
BLOCK06/SES069/SA069S13	SES087	-4.32581	-7.26581	-2.94
BLOCK06/SES069/SA069S13	SES206	-4.07976	-7.01977	-2.94
BLOCK06/SES069/SA069S13	SES226	-3.42654	-6.36654	-2.94
BLOCK06/SES069/SA069S23	SES029	-1e+38	-1e+38	-0.651173
BLOCK06/SES069/SA069S23	SES087	-2.85854	-3.50972	-0.651173
BLOCK06/SES069/SA069S23	SES206	-2.526	-3.17718	-0.651173
BLOCK06/SES069/SA069S23	SES226	-2.28968	-2.94085	-0.651173
BLOCK06/SES069/SA069S25	SES087	-4.27964	-7.24545	-2.96581
BLOCK06/SES069/SA069S25	SES206	-4.688	-7.65381	-2.96581
BLOCK06/SES069/SA069S25	SES226	-3.61042	-6.57623	-2.96581
BLOCK06/SES069/SA069S25	SES270	-4.37179	-7.3376	-2.96581
BLOCK06/SES069/SA069S27	SES087	-6.66474	-11.0304	-4.36564
BLOCK06/SES069/SA069S27	SES206	-4.22757	-8.59321	-4.36564
BLOCK06/SES069/SA069S27	SES226	-4.78872	-9.15436	-4.36564
BLOCK06/SES069/SA069S27	SES270	-5.46018	-9.82582	-4.36564
BLOCK08/SES081/SA081S11	SES060	-4.47443	-11.9221	-7.44764
BLOCK08/SES081/SA081S11	SES062	-3.86141	-11.3091	-7.44764
BLOCK08/SES081/SA081S11	SES117	-4.2568	-11.7044	-7.44764
BLOCK08/SES081/SA081S11	SES162	-4.509	-11.9566	-7.44764
BLOCK08/SES081/SA081S13	SES016	-1e+38	-1e+38	-5.22109
BLOCK08/SES081/SA081S13	SES060	-3.07052	-8.2916	-5.22109
BLOCK08/SES081/SA081S13	SES068	-3.8196	-9.04068	-5.22109
BLOCK08/SES081/SA081S13	SES129	-3.55171	-8.7728	-5.22109
BLOCK08/SES081/SA081S24	SES060	-3.74734	-9.64408	-5.89674
BLOCK08/SES081/SA081S24	SES068	-3.44007	-9.33681	-5.89674
BLOCK08/SES081/SA081S24	SES117	-3.63394	-9.53068	-5.89674
BLOCK08/SES081/SA081S24	SES275	-3.40904	-9.30577	-5.89674
BLOCK08/SES081/SA081S27	SES007	-1e+38	-1e+38	-10.4618
BLOCK08/SES081/SA081S27	SES060	-5.35134	-15.8131	-10.4618
BLOCK08/SES081/SA081S27	SES117	-4.90174	-15.3635	-10.4618
BLOCK08/SES081/SA081S27	SES275	-6.50991	-16.9717	-10.4618
BLOCK08/SES081/SA081S29	SES007	-1e+38	-1e+38	-9.95728
BLOCK08/SES081/SA081S29	SES060	-3.20143	-13.1587	-9.95728
BLOCK08/SES081/SA081S29	SES117	-2.99474	-12.952	-9.95728
BLOCK08/SES081/SA081S29	SES275	-5.03842	-14.9957	-9.95728
BLOCK08/SES086/SA086S11	SES029	-1e+38	-1e+38	-9.16588
BLOCK08/SES086/SA086S11	SES082	-3.9677	-13.1336	-9.16588
BLOCK08/SES086/SA086S11	SES087	-2.98295	-12.1488	-9.16588
BLOCK08/SES086/SA086S11	SES206	-3.83159	-12.9975	-9.16588
BLOCK08/SES086/SA086S12	SES029	-1e+38	-1e+38	-6.82475
BLOCK08/SES086/SA086S12	SES082	-4.22199	-11.0467	-6.82475
BLOCK08/SES086/SA086S12	SES087	-2.99259	-9.81734	-6.82475
BLOCK08/SES086/SA086S12	SES206	-3.61805	-10.4428	-6.82475
BLOCK08/SES086/SA086S20	SES029	-1e+38	-1e+38	-6.49693
BLOCK08/SES086/SA086S20	SES082	-3.77405	-10.271	-6.49693
BLOCK08/SES086/SA086S20	SES087	-3.44263	-9.93955	-6.49693
BLOCK08/SES086/SA086S20	SES206	-3.38611	-9.88304	-6.49693
BLOCK08/SES086/SA086S24	SES087	-2.63359	-10.2646	-7.63103
BLOCK08/SES086/SA086S24	SES104	-2.98331	-10.6143	-7.63103
BLOCK08/SES086/SA086S24	SES120	-2.49005	-10.1211	-7.63103
BLOCK08/SES086/SA086S24	SES206	-2.72444	-10.3555	-7.63103
BLOCK08/SES086/SA086S28	SES029	-1e+38	-1e+38	-4.38135
BLOCK08/SES086/SA086S28	SES082	-3.60101	-7.98237	-4.38135
BLOCK08/SES086/SA086S28	SES087	-3.09001	-7.47136	-4.38135
BLOCK08/SES086/SA086S28	SES206	-3.30034	-7.68169	-4.38135
BLOCK08/SES089/SA089S13	SES087	-4.54801	-11.451	-6.90303
BLOCK08/SES089/SA089S13	SES206	-4.35004	-11.2531	-6.90303
BLOCK08/SES089/SA089S13	SES226	-3.23308	-10.1361	-6.90303
BLOCK08/SES089/SA089S13	SES270	-3.43344	-10.3365	-6.90303
BLOCK08/SES089/SA089S14	SES062	-3.14179	-8.97506	-5.83328
BLOCK08/SES089/SA089S14	SES087	-2.58197	-8.41524	-5.83328
BLOCK08/SES089/SA089S14	SES206	-2.97101	-8.80428	-5.83328
BLOCK08/SES089/SA089S14	SES226	-3.81694	-9.65022	-5.83328
BLOCK08/SES089/SA089S23	SES087	-4.22907	-13.0782	-8.84918
BLOCK08/SES089/SA089S23	SES206	-3.83133	-12.6805	-8.84918
BLOCK08/SES089/SA089S23	SES226	-2.66584	-11.515	-8.84918
BLOCK08/SES089/SA089S23	SES270	-2.58623	-11.4354	-8.84918
BLOCK08/SES089/SA089S25	SES062	-4.05251	-10.2872	-6.23465
BLOCK08/SES089/SA089S25	SES087	-4.35964	-10.5943	-6.23465
BLOCK08/SES089/SA089S25	SES206	-3.98602	-10.2207	-6.23465
BLOCK08/SES089/SA089S25	SES226	-3.42093	-9.65558	-6.23465
BLOCK08/SES089/SA089S28	SES062	-4.04373	-9.23273	-5.189
BLOCK08/SES089/SA089S28	SES087	-3.41046	-8.59946	-5.189
BLOCK08/SES089/SA089S28	SES206	-4.08219	-9.27119	-5.189
BLOCK08/SES089/SA089S28	SES226	-3.6233	-8.8123	-5.189
BLOCK09/SES097/SA097S11	SES099	-3.53515	-7.92684	-4.39169
BLOCK09/SES097/SA097S11	SES125	-4.24312	-8.63481	-4.39169
BLOCK09/SES097/SA097S11	SES206	-4.04299	-8.43468	-4.39169
BLOCK09/SES097/SA097S11	SES226	-2.75509	-7.14678	-4.39169
BLOCK09/SES097/SA097S14	SES062	-3.98244	-7.54291	-3.56048
BLOCK09/SES097/SA097S14	SES099	-4.60526	-8.16573	-3.56048
BLOCK09/SES097/SA097S14	SES104	-5.02828	-8.58876	-3.56048
BLOCK09/SES097/SA097S14	SES206	-5.0113	-8.57177	-3.56048
BLOCK09/SES097/SA097S22	SES099	-3.89485	-8.56317	-4.66832
BLOCK09/SES097/SA097S22	SES206	-4.89319	-9.56152	-4.66832
BLOCK09/SES097/SA097S22	SES226	-4.69949	-9.36781	-4.66832
BLOCK09/SES097/SA097S22	SES270	-4.72113	-9.38945	-4.66832
BLOCK09/SES097/SA097S26	SES099	-2.37489	-7.83065	-5.45577
BLOCK09/SES097/SA097S26	SES120	-4.324	-9.77976	-5.45577
BLOCK09/SES097/SA097S26	SES206	-3.92033	-9.37609	-5.45577
BLOCK09/SES097/SA097S26	SES226	-2.73044	-8.18621	-5.45577
BLOCK09/SES097/SA097S28	SES099	-2.65813	-7.07345	-4.41532
BLOCK09/SES097/SA097S28	SES120	-4.16756	-8.58288	-4.41532
BLOCK09/SES097/SA097S28	SES206	-3.88668	-8.302	-4.41532
BLOCK09/SES097/SA097S28	SES226	-3.93262	-8.34793	-4.41532
BLOCK09/SES098/SA098S11	SES127	-5.10021	-10.6415	-5.54124
BLOCK09/SES098/SA098S11	SES144	-3.58966	-9.13091	-5.54124
BLOCK09/SES098/SA098S11	SES147	-3.6409	-9.18215	-5.54124
BLOCK09/SES098/SA098S11	SES148	-5.64317	-11.1844	-5.54124
BLOCK09/SES098/SA098S12	SES127	-6.02052	-14.5177	-8.49714
BLOCK09/SES098/SA098S12	SES144	-4.63985	-13.137	-8.49714
BLOCK09/SES098/SA098S12	SES147	-4.40383	-12.901	-8.49714
BLOCK09/SES098/SA098S12	SES189	-5.03438	-13.5315	-8.49714
BLOCK09/SES098/SA098S20	SES127	-7.76248	-18.8978	-11.1353
BLOCK09/SES098/SA098S20	SES147	-4.74056	-15.8759	-11.1353
BLOCK09/SES098/SA098S20	SES148	-9.53321	-20.6685	-11.1353
BLOCK09/SES098/SA098S20	SES292	-4.67901	-15.8143	-11.1353
BLOCK09/SES098/SA098S23	SES127	-5.15755	-12.1951	-7.03752
BLOCK09/SES098/SA098S23	SES147	-4.7777	-11.8152	-7.03752
BLOCK09/SES098/SA098S23	SES187	-4.14921	-11.1867	-7.03752
BLOCK09/SES098/SA098S23	SES292	-5.01451	-12.052	-7.03752
BLOCK09/SES098/SA098S27	SES127	-6.00577	-13.7647	-7.75896
BLOCK09/SES098/SA098S27	SES147	-4.8737	-12.6327	-7.75896
BLOCK09/SES098/SA098S27	SES148	-5.86384	-13.6228	-7.75896
BLOCK09/SES098/SA098S27	SES292	-4.59772	-12.3567	-7.75896
BLOCK10/SES102/SA102S13	SES101	-3.41704	-11.6492	-8.23211
BLOCK10/SES102/SA102S13	SES105	-3.49592	-11.728	-8.23211
BLOCK10/SES102/SA102S13	SES120	-3.95883	-12.1909	-8.23211
BLOCK10/SES102/SA102S13	SES158	-3.47287	-11.705	-8.23211
BLOCK10/SES102/SA102S14	SES007	-1e+38	-1e+38	-4.65484
BLOCK10/SES102/SA102S14	SES101	-6.87198	-11.5268	-4.65484
BLOCK10/SES102/SA102S14	SES105	-6.80218	-11.457	-4.65484
BLOCK10/SES102/SA102S14	SES147	-6.15066	-10.8055	-4.65484
BLOCK10/SES102/SA102S22	SES007	-1e+38	-1e+38	-5.0761
BLOCK10/SES102/SA102S22	SES101	-4.43809	-9.51419	-5.0761
BLOCK10/SES102/SA102S22	SES105	-4.98329	-10.0594	-5.0761
BLOCK10/SES102/SA102S22	SES158	-4.28861	-9.36471	-5.0761
BLOCK10/SES102/SA102S25	SES007	-1e+38	-1e+38	-4.90008
BLOCK10/SES102/SA102S25	SES101	-6.01441	-10.9145	-4.90008
BLOCK10/SES102/SA102S25	SES105	-6.3524	-11.2525	-4.90008
BLOCK10/SES102/SA102S25	SES147	-5.92008	-10.8202	-4.90008
BLOCK10/SES102/SA102S27	SES007	-1e+38	-1e+38	-4.01064
BLOCK10/SES102/SA102S27	SES101	-4.45803	-8.46866	-4.01064
BLOCK10/SES102/SA102S27	SES105	-4.2932	-8.30383	-4.01064
BLOCK10/SES102/SA102S27	SES147	-4.70723	-8.71787	-4.01064
BLOCK10/SES103/SA103S14	SES105	-5.58587	-15.599	-10.0131
BLOCK10/SES103/SA103S14	SES106	-5.5102	-15.5233	-10.0131
BLOCK10/SES103/SA103S14	SES120	-5.53921	-15.5523	-10.0131
BLOCK10/SES103/SA103S14	SES206	-4.15723	-14.1703	-10.0131
BLOCK10/SES103/SA103S15	SES099	-4.40133	-14.3974	-9.99607
BLOCK10/SES103/SA103S15	SES101	-4.4464	-14.4425	-9.99607
BLOCK10/SES103/SA103S15	SES104	-2.90473	-12.9008	-9.99607
BLOCK10/SES103/SA103S15	SES125	-4.08851	-14.0846	-9.99607
BLOCK10/SES103/SA103S24	SES104	-3.39533	-8.90805	-5.51271
BLOCK10/SES103/SA103S24	SES125	-4.78391	-10.2966	-5.51271
BLOCK10/SES103/SA103S24	SES148	-4.30141	-9.81413	-5.51271
BLOCK10/SES103/SA103S24	SES158	-4.71205	-10.2248	-5.51271
BLOCK10/SES103/SA103S26	SES104	-3.45603	-12.4885	-9.03247
BLOCK10/SES103/SA103S26	SES106	-4.82064	-13.8531	-9.03247
BLOCK10/SES103/SA103S26	SES125	-4.20938	-13.2419	-9.03247
BLOCK10/SES103/SA103S26	SES148	-5.78573	-14.8182	-9.03247
BLOCK10/SES103/SA103S28	SES104	-4.48721	-14.4043	-9.91705
BLOCK10/SES103/SA103S28	SES106	-7.78759	-17.7046	-9.91705
BLOCK10/SES103/SA103S28	SES125	-5.95037	-15.8674	-9.91705
BLOCK10/SES103/SA103S28	SES206	-3.88607	-13.8031	-9.91705
BLOCK12/SES121/SA121S12	SES042	-1e+38	-1e+38	-6.95093
BLOCK12/SES121/SA121S12	SES087	-2.81446	-9.76539	-6.95093
BLOCK12/SES121/SA121S12	SES105	-2.31286	-9.26379	-6.95093
BLOCK12/SES121/SA121S12	SES206	-2.04974	-9.00066	-6.95093
BLOCK12/SES121/SA121S14	SES007	-1e+38	-1e+38	-11.4339
BLOCK12/SES121/SA121S14	SES105	-3.78805	-15.222	-11.4339
BLOCK12/SES121/SA121S14	SES106	-4.05337	-15.4873	-11.4339
BLOCK12/SES121/SA121S14	SES206	-3.37442	-14.8084	-11.4339
BLOCK12/SES121/SA121S23	SES105	-2.97715	-12.5586	-9.5815
BLOCK12/SES121/SA121S23	SES106	-3.68906	-13.2706	-9.5815
BLOCK12/SES121/SA121S23	SES120	-3.53348	-13.115	-9.5815
BLOCK12/SES121/SA121S23	SES206	-2.05143	-11.6329	-9.5815
BLOCK12/SES121/SA121S25	SES007	-1e+38	-1e+38	-11.9295
BLOCK12/SES121/SA121S25	SES105	-4.13203	-16.0615	-11.9295
BLOCK12/SES121/SA121S25	SES106	-3.00136	-14.9308	-11.9295
BLOCK12/SES121/SA121S25	SES206	-3.45902	-15.3885	-11.9295
BLOCK12/SES121/SA121S27	SES087	-2.95292	-13.9731	-11.0201
BLOCK12/SES121/SA121S27	SES105	-3.34352	-14.3637	-11.0201
BLOCK12/SES121/SA121S27	SES120	-2.4027	-13.4228	-11.0201
BLOCK12/SES121/SA121S27	SES206	-3.00696	-14.0271	-11.0201
BLOCK12/SES124/SA124S16	SES042	-1e+38	-1e+38	-4.63999
BLOCK12/SES124/SA124S16	SES082	-3.57115	-8.21114	-4.63999
BLOCK12/SES124/SA124S16	SES183	-3.8121	-8.45209	-4.63999
BLOCK12/SES124/SA124S16	SES206	-4.1847	-8.82469	-4.63999
BLOCK12/SES124/SA124S17	SES105	-7.35188	-15.9434	-8.59149
BLOCK12/SES124/SA124S17	SES149	-5.3186	-13.9101	-8.59149
BLOCK12/SES124/SA124S17	SES158	-4.227	-12.8185	-8.59149
BLOCK12/SES124/SA124S17	SES275	-5.84443	-14.4359	-8.59149
BLOCK12/SES124/SA124S23	SES105	-5.34431	-8.80052	-3.45622
BLOCK12/SES124/SA124S23	SES125	-2.16246	-5.61868	-3.45622
BLOCK12/SES124/SA124S23	SES129	-3.8724	-7.32862	-3.45622
BLOCK12/SES124/SA124S23	SES158	-4.184	-7.64022	-3.45622
BLOCK12/SES124/SA124S26	SES105	-7.08372	-13.5694	-6.48564
BLOCK12/SES124/SA124S26	SES125	-4.78176	-11.2674	-6.48564
BLOCK12/SES124/SA124S26	SES129	-5.37292	-11.8586	-6.48564
BLOCK12/SES124/SA124S26	SES158	-4.15839	-10.644	-6.48564
BLOCK12/SES124/SA124S28	SES104	-2.96238	-7.91388	-4.9515
BLOCK12/SES124/SA124S28	SES106	-2.72374	-7.67524	-4.9515
BLOCK12/SES124/SA124S28	SES125	-2.75734	-7.70885	-4.9515
BLOCK12/SES124/SA124S28	SES275	-4.73596	-9.68747	-4.9515
BLOCK12/SES126/SA126S13	SES007	-1e+38	-1e+38	-7.00538
BLOCK12/SES126/SA126S13	SES162	-4.12838	-11.1338	-7.00538
BLOCK12/SES126/SA126S13	SES177	-3.75662	-10.762	-7.00538
BLOCK12/SES126/SA126S13	SES180	-3.80591	-10.8113	-7.00538
BLOCK12/SES126/SA126S14	SES144	-3.14028	-8.34256	-5.20228
BLOCK12/SES126/SA126S14	SES148	-3.68981	-8.89209	-5.20228
BLOCK12/SES126/SA126S14	SES177	-2.50896	-7.71124	-5.20228
BLOCK12/SES126/SA126S14	SES180	-3.33874	-8.54102	-5.20228
BLOCK12/SES126/SA126S20	SES007	-1e+38	-1e+38	-2.92355
BLOCK12/SES126/SA126S20	SES162	-3.00372	-5.92726	-2.92355
BLOCK12/SES126/SA126S20	SES172	-3.19713	-6.12067	-2.92355
BLOCK12/SES126/SA126S20	SES180	-2.84969	-5.77324	-2.92355
BLOCK12/SES126/SA126S24	SES120	-2.88979	-8.14673	-5.25694
BLOCK12/SES126/SA126S24	SES162	-3.14324	-8.40019	-5.25694
BLOCK12/SES126/SA126S24	SES177	-2.55067	-7.80761	-5.25694
BLOCK12/SES126/SA126S24	SES180	-3.06915	-8.32609	-5.25694
BLOCK12/SES126/SA126S26	SES120	-2.61751	-6.89118	-4.27368
BLOCK12/SES126/SA126S26	SES177	-2.60602	-6.87969	-4.27368
BLOCK12/SES126/SA126S26	SES180	-2.74561	-7.01929	-4.27368
BLOCK12/SES126/SA126S26	SES202	-2.97172	-7.2454	-4.27368
BLOCK12/SES128/SA128S10	SES087	-4.45583	-9.6258	-5.16997
BLOCK12/SES128/SA128S10	SES206	-3.67655	-8.84651	-5.16997
BLOCK12/SES128/SA128S10	SES226	-4.33532	-9.50528	-5.16997
BLOCK12/SES128/SA128S10	SES270	-4.30285	-9.47282	-5.16997
BLOCK12/SES128/SA128S12	SES120	-3.86785	-11.1029	-7.23509
BLOCK12/SES128/SA128S12	SES158	-4.69881	-11.9339	-7.23509
BLOCK12/SES128/SA128S12	SES206	-3.59869	-10.8338	-7.23509
BLOCK12/SES128/SA128S12	SES226	-5.54367	-12.7788	-7.23509
BLOCK12/SES128/SA128S21	SES106	-5.72409	-11.4394	-5.71534
BLOCK12/SES128/SA128S21	SES120	-3.57329	-9.28863	-5.71534
BLOCK12/SES128/SA128S21	SES206	-3.84684	-9.56217	-5.71534
BLOCK12/SES128/SA128S21	SES226	-4.08728	-9.80261	-5.71534
BLOCK12/SES128/SA128S24	SES087	-4.1085	-11.1464	-7.03792
BLOCK12/SES128/SA128S24	SES120	-3.93477	-10.9727	-7.03792
BLOCK12/SES128/SA128S24	SES206	-3.9646	-11.0025	-7.03792
BLOCK12/SES128/SA128S24	SES226	-5.05352	-12.0914	-7.03792
BLOCK12/SES128/SA128S27	SES099	-4.23677	-9.95154	-5.71477
BLOCK12/SES128/SA128S27	SES120	-3.74967	-9.46444	-5.71477
BLOCK12/SES128/SA128S27	SES206	-3.49739	-9.21216	-5.71477
BLOCK12/SES128/SA128S27	SES226	-4.80111	-10.5159	-5.71477
BLOCK13/SES130/SA130S13	SES143	-3.52352	-9.83381	-6.3103
BLOCK13/SES130/SA130S13	SES144	-3.06087	-9.37117	-6.3103
BLOCK13/SES130/SA130S13	SES146	-4.93525	-11.2455	-6.3103
BLOCK13/SES130/SA130S13	SES275	-5.49286	-11.8032	-6.3103
BLOCK13/SES130/SA130S15	SES143	-3.7978	-8.06795	-4.27014
BLOCK13/SES130/SA130S15	SES144	-2.54613	-6.81627	-4.27014
BLOCK13/SES130/SA130S15	SES146	-3.62946	-7.89961	-4.27014
BLOCK13/SES130/SA130S15	SES275	-4.17921	-8.44936	-4.27014
BLOCK13/SES130/SA130S23	SES127	-2.95017	-6.95664	-4.00648
BLOCK13/SES130/SA130S23	SES144	-2.10393	-6.1104	-4.00648
BLOCK13/SES130/SA130S23	SES146	-3.30351	-7.30998	-4.00648
BLOCK13/SES130/SA130S23	SES162	-2.28851	-6.29498	-4.00648
BLOCK13/SES130/SA130S25	SES127	-3.96498	-5.63029	-1.66531
BLOCK13/SES130/SA130S25	SES144	-2.93847	-4.60378	-1.66531
BLOCK13/SES130/SA130S25	SES146	-4.12028	-5.78559	-1.66531
BLOCK13/SES130/SA130S25	SES275	-4.20053	-5.86584	-1.66531
BLOCK13/SES130/SA130S28	SES127	-4.20409	-8.81873	-4.61464
BLOCK13/SES130/SA130S28	SES144	-3.12869	-7.74333	-4.61464
BLOCK13/SES130/SA130S28	SES146	-3.52286	-8.1375	-4.61464
BLOCK13/SES130/SA130S28	SES275	-3.82645	-8.44109	-4.61464
BLOCK13/SES131/SA131S13	SES002	-1e+38	-1e+38	-5.88062
BLOCK13/SES131/SA131S13	SES007	-1e+38	-1e+38	-5.88062
BLOCK13/SES131/SA131S13	SES099	-3.39653	-9.27715	-5.88062
BLOCK13/SES131/SA131S13	SES105	-2.99056	-8.87117	-5.88062
BLOCK13/SES131/SA131S14	SES104	-3.27924	-4.73213	-1.45288
BLOCK13/SES131/SA131S14	SES106	-5.34811	-6.80099	-1.45288
BLOCK13/SES131/SA131S14	SES125	-4.4883	-5.94118	-1.45288
BLOCK13/SES131/SA131S14	SES148	-2.7414	-4.19429	-1.45288
BLOCK13/SES131/SA131S20	SES104	-3.65806	-11.3526	-7.69454
BLOCK13/SES131/SA131S20	SES106	-5.79526	-13.4898	-7.69454
BLOCK13/SES131/SA131S20	SES125	-4.33628	-12.0308	-7.69454
BLOCK13/SES131/SA131S20	SES148	-3.58119	-11.2757	-7.69454
BLOCK13/SES131/SA131S22	SES099	-4.97679	-9.98708	-5.01029
BLOCK13/SES131/SA131S22	SES104	-3.37897	-8.38926	-5.01029
BLOCK13/SES131/SA131S22	SES125	-3.71732	-8.72761	-5.01029
BLOCK13/SES131/SA131S22	SES206	-3.91206	-8.92235	-5.01029
BLOCK13/SES131/SA131S29	SES087	-4.54865	-11.6964	-7.14776
BLOCK13/SES131/SA131S29	SES104	-4.56564	-11.7134	-7.14776
BLOCK13/SES131/SA131S29	SES125	-5.54255	-12.6903	-7.14776
BLOCK13/SES131/SA131S29	SES206	-4.97531	-12.1231	-7.14776
BLOCK13/SES132/SA132S11	SES083	-4.0217	-12.0859	-8.06425
BLOCK13/SES132/SA132S11	SES120	-3.05777	-11.122	-8.06425
BLOCK13/SES132/SA132S11	SES127	-5.74192	-13.8062	-8.06425
BLOCK13/SES132/SA132S11	SES275	-4.65381	-12.7181	-8.06425
BLOCK13/SES132/SA132S12	SES083	-3.74873	-8.51556	-4.76683
BLOCK13/SES132/SA132S12	SES143	-4.19869	-8.96552	-4.76683
BLOCK13/SES132/SA132S12	SES144	-3.3296	-8.09643	-4.76683
BLOCK13/SES132/SA132S12	SES148	-4.79209	-9.55892	-4.76683
BLOCK13/SES132/SA132S22	SES062	-3.53045	-10.8887	-7.35822
BLOCK13/SES132/SA132S22	SES083	-4.44767	-11.8059	-7.35822
BLOCK13/SES132/SA132S22	SES127	-4.66953	-12.0277	-7.35822
BLOCK13/SES132/SA132S22	SES275	-3.97796	-11.3362	-7.35822
BLOCK13/SES132/SA132S24	SES007	-1e+38	-1e+38	-5.1215
BLOCK13/SES132/SA132S24	SES083	-4.02836	-9.14986	-5.1215
BLOCK13/SES132/SA132S24	SES127	-5.82991	-10.9514	-5.1215
BLOCK13/SES132/SA132S24	SES275	-4.58448	-9.70598	-5.1215
BLOCK13/SES132/SA132S27	SES083	-5.42625	-13.4122	-7.98592
BLOCK13/SES132/SA132S27	SES120	-3.47326	-11.4592	-7.98592
BLOCK13/SES132/SA132S27	SES127	-7.90602	-15.8919	-7.98592
BLOCK13/SES132/SA132S27	SES275	-4.41029	-12.3962	-7.98592
BLOCK14/SES141/SA141S09	SES143	-3.67028	-7.81293	-4.14265
BLOCK14/SES141/SA141S09	SES144	-2.64007	-6.78272	-4.14265
BLOCK14/SES141/SA141S09	SES162	-3.01149	-7.15414	-4.14265
BLOCK14/SES141/SA141S09	SES180	-2.91876	-7.06141	-4.14265
BLOCK14/SES141/SA141S15	SES127	-2.85459	-8.33273	-5.47814
BLOCK14/SES141/SA141S15	SES144	-3.18879	-8.66693	-5.47814
BLOCK14/SES141/SA141S15	SES162	-3.55238	-9.03051	-5.47814
BLOCK14/SES141/SA141S15	SES180	-3.14194	-8.62008	-5.47814
BLOCK14/SES141/SA141S24	SES127	-4.02519	-10.7481	-6.72288
BLOCK14/SES141/SA141S24	SES144	-3.92289	-10.6458	-6.72288
BLOCK14/SES141/SA141S24	SES162	-3.08603	-9.80892	-6.72288
BLOCK14/SES141/SA141S24	SES183	-4.29351	-11.0164	-6.72288
BLOCK14/SES141/SA141S26	SES142	-2.7117	-8.85983	-6.14813
BLOCK14/SES141/SA141S26	SES144	-3.14612	-9.29425	-6.14813
BLOCK14/SES141/SA141S26	SES172	-3.20501	-9.35314	-6.14813
BLOCK14/SES141/SA141S26	SES180	-3.50552	-9.65364	-6.14813
BLOCK14/SES141/SA141S29	SES127	-3.26554	-7.60796	-4.34243
BLOCK14/SES141/SA141S29	SES142	-3.01802	-7.36044	-4.34243
BLOCK14/SES141/SA141S29	SES144	-2.9858	-7.32823	-4.34243
BLOCK14/SES141/SA141S29	SES180	-2.82206	-7.16448	-4.34243
BLOCK15/SES157/SA157S08	SES083	-4.05252	-7.50969	-3.45717
BLOCK15/SES157/SA157S08	SES127	-4.62573	-8.0829	-3.45717
BLOCK15/SES157/SA157S08	SES148	-3.84622	-7.30338	-3.45717
BLOCK15/SES157/SA157S08	SES292	-4.03765	-7.49481	-3.45717
BLOCK15/SES157/SA157S11	SES083	-3.99055	-8.1601	-4.16955
BLOCK15/SES157/SA157S11	SES127	-5.24751	-9.41706	-4.16955
BLOCK15/SES157/SA157S11	SES148	-4.27648	-8.44602	-4.16955
BLOCK15/SES157/SA157S11	SES292	-3.96099	-8.13054	-4.16955
BLOCK15/SES157/SA157S21	SES127	-3.70526	-5.84929	-2.14403
BLOCK15/SES157/SA157S21	SES148	-3.3136	-5.45763	-2.14403
BLOCK15/SES157/SA157S21	SES158	-7.98491	-10.1289	-2.14403
BLOCK15/SES157/SA157S21	SES292	-3.96371	-6.10773	-2.14403
BLOCK15/SES157/SA157S24	SES127	-3.55909	-9.15999	-5.6009
BLOCK15/SES157/SA157S24	SES148	-3.92735	-9.52825	-5.6009
BLOCK15/SES157/SA157S24	SES183	-3.70304	-9.30394	-5.6009
BLOCK15/SES157/SA157S24	SES292	-3.61707	-9.21797	-5.6009
BLOCK15/SES157/SA157S26	SES007	-1e+38	-1e+38	-3.81059
BLOCK15/SES157/SA157S26	SES127	-3.83551	-7.6461	-3.81059
BLOCK15/SES157/SA157S26	SES147	-3.21346	-7.02405	-3.81059
BLOCK15/SES157/SA157S26	SES148	-4.16326	-7.97385	-3.81059
BLOCK16/SES161/SA161S10	SES007	-1e+38	-1e+38	-6.16768
BLOCK16/SES161/SA161S10	SES105	-3.95622	-10.1239	-6.16768
BLOCK16/SES161/SA161S10	SES158	-3.99703	-10.1647	-6.16768
BLOCK16/SES161/SA161S10	SES275	-4.05557	-10.2233	-6.16768
BLOCK16/SES161/SA161S12	SES007	-1e+38	-1e+38	-9.45764
BLOCK16/SES161/SA161S12	SES105	-4.0331	-13.4907	-9.45764
BLOCK16/SES161/SA161S12	SES158	-4.32794	-13.7856	-9.45764
BLOCK16/SES161/SA161S12	SES275	-4.91372	-14.3714	-9.45764
BLOCK16/SES161/SA161S20	SES007	-1e+38	-1e+38	-10.0142
BLOCK16/SES161/SA161S20	SES105	-4.6163	-14.6305	-10.0142
BLOCK16/SES161/SA161S20	SES158	-3.64682	-13.661	-10.0142
BLOCK16/SES161/SA161S20	SES275	-5.75636	-15.7706	-10.0142
BLOCK16/SES161/SA161S23	SES007	-1e+38	-1e+38	-10.2841
BLOCK16/SES161/SA161S23	SES105	-3.179	-13.4631	-10.2841
BLOCK16/SES161/SA161S23	SES148	-4.4292	-14.7133	-10.2841
BLOCK16/SES161/SA161S23	SES158	-4.66461	-14.9487	-10.2841
BLOCK16/SES161/SA161S28	SES007	-1e+38	-1e+38	-9.76917
BLOCK16/SES161/SA161S28	SES105	-6.31788	-16.087	-9.76917
BLOCK16/SES161/SA161S28	SES158	-3.95491	-13.7241	-9.76917
BLOCK16/SES161/SA161S28	SES206	-4.30195	-14.0711	-9.76917
BLOCK16/SES164/SA164S11	SES104	-3.21041	-6.2903	-3.07989
BLOCK16/SES164/SA164S11	SES125	-3.93353	-7.01342	-3.07989
BLOCK16/SES164/SA164S11	SES158	-6.35511	-9.435	-3.07989
BLOCK16/SES164/SA164S11	SES206	-3.86401	-6.94391	-3.07989
BLOCK16/SES164/SA164S13	SES099	-3.94802	-8.56732	-4.6193
BLOCK16/SES164/SA164S13	SES104	-3.16163	-7.78094	-4.6193
BLOCK16/SES164/SA164S13	SES125	-3.90566	-8.52496	-4.6193
BLOCK16/SES164/SA164S13	SES206	-3.33538	-7.95469	-4.6193
BLOCK16/SES164/SA164S24	SES002	-1e+38	-1e+38	-3.98554
BLOCK16/SES164/SA164S24	SES099	-4.39427	-8.37982	-3.98554
BLOCK16/SES164/SA164S24	SES125	-3.31437	-7.29991	-3.98554
BLOCK16/SES164/SA164S24	SES226	-1.87482	-5.86037	-3.98554
BLOCK16/SES164/SA164S27	SES087	-3.27527	-7.90659	-4.63132
BLOCK16/SES164/SA164S27	SES125	-3.31178	-7.9431	-4.63132
BLOCK16/SES164/SA164S27	SES206	-3.36677	-7.99808	-4.63132
BLOCK16/SES164/SA164S27	SES226	-2.9523	-7.58362	-4.63132
BLOCK16/SES164/SA164S29	SES002	-1e+38	-1e+38	-3.3715
BLOCK16/SES164/SA164S29	SES019	-1e+38	-1e+38	-3.3715
BLOCK16/SES164/SA164S29	SES125	-3.7563	-7.1278	-3.3715
BLOCK16/SES164/SA164S29	SES226	-3.13042	-6.50192	-3.3715
BLOCK16/SES169/SA169S13	SES117	-3.92649	-10.1587	-6.23223
BLOCK16/SES169/SA169S13	SES144	-4.05473	-10.287	-6.23223
BLOCK16/SES169/SA169S13	SES146	-3.58654	-9.81877	-6.23223
BLOCK16/SES169/SA169S13	SES162	-4.02861	-10.2608	-6.23223
BLOCK16/SES169/SA169S14	SES144	-3.37102	-6.28583	-2.91481
BLOCK16/SES169/SA169S14	SES148	-3.99745	-6.91226	-2.91481
BLOCK16/SES169/SA169S14	SES177	-3.25696	-6.17177	-2.91481
BLOCK16/SES169/SA169S14	SES180	-4.16736	-7.08217	-2.91481
BLOCK16/SES169/SA169S24	SES117	-2.50185	-8.28777	-5.78592
BLOCK16/SES169/SA169S24	SES144	-2.41382	-8.19975	-5.78592
BLOCK16/SES169/SA169S24	SES146	-2.48837	-8.27429	-5.78592
BLOCK16/SES169/SA169S24	SES162	-2.59388	-8.3798	-5.78592
BLOCK16/SES169/SA169S27	SES127	-3.60442	-9.45667	-5.85224
BLOCK16/SES169/SA169S27	SES129	-2.84246	-8.6947	-5.85224
BLOCK16/SES169/SA169S27	SES144	-3.39949	-9.25173	-5.85224
BLOCK16/SES169/SA169S27	SES146	-3.19554	-9.04778	-5.85224
BLOCK16/SES169/SA169S29	SES144	-2.64236	-5.45754	-2.81518
BLOCK16/SES169/SA169S29	SES162	-2.7441	-5.55928	-2.81518
BLOCK16/SES169/SA169S29	SES177	-3.06274	-5.87792	-2.81518
BLOCK16/SES169/SA169S29	SES180	-2.73263	-5.54781	-2.81518
BLOCK17/SES171/SA171S12	SES083	-5.28325	-10.42	-5.13674
BLOCK17/SES171/SA171S12	SES148	-4.78686	-9.9236	-5.13674
BLOCK17/SES171/SA171S12	SES172	-4.73269	-9.86943	-5.13674
BLOCK17/SES171/SA171S12	SES292	-4.75151	-9.88825	-5.13674
BLOCK17/SES171/SA171S15	SES148	-4.88218	-10.1524	-5.27027
BLOCK17/SES171/SA171S15	SES177	-4.35902	-9.62928	-5.27027
BLOCK17/SES171/SA171S15	SES180	-5.13323	-10.4035	-5.27027
BLOCK17/SES171/SA171S15	SES292	-4.0301	-9.30037	-5.27027
BLOCK17/SES171/SA171S22	SES007	-1e+38	-1e+38	-1.98176
BLOCK17/SES171/SA171S22	SES148	-3.86993	-5.85169	-1.98176
BLOCK17/SES171/SA171S22	SES177	-4.64669	-6.62845	-1.98176
BLOCK17/SES171/SA171S22	SES180	-5.36818	-7.34994	-1.98176
BLOCK17/SES171/SA171S25	SES101	-5.58121	-11.4634	-5.88218
BLOCK17/SES171/SA171S25	SES120	-5.81246	-11.6946	-5.88218
BLOCK17/SES171/SA171S25	SES177	-4.24234	-10.1245	-5.88218
BLOCK17/SES171/SA171S25	SES180	-5.24961	-11.1318	-5.88218
BLOCK17/SES171/SA171S27	SES177	-4.74984	-10.8771	-6.12725
BLOCK17/SES171/SA171S27	SES180	-5.34673	-11.474	-6.12725
BLOCK17/SES171/SA171S27	SES189	-3.44531	-9.57256	-6.12725
BLOCK17/SES171/SA171S27	SES292	-4.22057	-10.3478	-6.12725
BLOCK17/SES173/SA173S13	SES162	-4.51861	-11.0541	-6.53547
BLOCK17/SES173/SA173S13	SES177	-4.31405	-10.8495	-6.53547
BLOCK17/SES173/SA173S13	SES180	-3.94792	-10.4834	-6.53547
BLOCK17/SES173/SA173S13	SES292	-3.30508	-9.84055	-6.53547
BLOCK17/SES173/SA173S14	SES007	-1e+38	-1e+38	-5.34663
BLOCK17/SES173/SA173S14	SES162	-4.87577	-10.2224	-5.34663
BLOCK17/SES173/SA173S14	SES177	-3.73626	-9.08289	-5.34663
BLOCK17/SES173/SA173S14	SES180	-4.14003	-9.48665	-5.34663
BLOCK17/SES173/SA173S24	SES144	-5.25687	-11.2986	-6.04172
BLOCK17/SES173/SA173S24	SES162	-5.07576	-11.1175	-6.04172
BLOCK17/SES173/SA173S24	SES177	-4.05983	-10.1015	-6.04172
BLOCK17/SES173/SA173S24	SES180	-5.23704	-11.2788	-6.04172
BLOCK17/SES173/SA173S27	SES162	-4.82345	-11.5824	-6.75899
BLOCK17/SES173/SA173S27	SES177	-3.49035	-10.2493	-6.75899
BLOCK17/SES173/SA173S27	SES180	-3.87359	-10.6326	-6.75899
BLOCK17/SES173/SA173S27	SES292	-3.44518	-10.2042	-6.75899
BLOCK17/SES173/SA173S29	SES162	-4.36009	-7.39421	-3.03412
BLOCK17/SES173/SA173S29	SES175	-3.82376	-6.85788	-3.03412
BLOCK17/SES173/SA173S29	SES177	-3.96999	-7.00411	-3.03412
BLOCK17/SES173/SA173S29	SES292	-3.78794	-6.82206	-3.03412
BLOCK18/SES182/SA182S10	SES144	-3.82071	-9.50871	-5.688
BLOCK18/SES182/SA182S10	SES177	-4.21198	-9.89998	-5.688
BLOCK18/SES182/SA182S10	SES180	-4.83493	-10.5229	-5.688
BLOCK18/SES182/SA182S10	SES275	-4.63903	-10.327	-5.688
BLOCK18/SES182/SA182S12	SES144	-5.30546	-11.1584	-5.85289
BLOCK18/SES182/SA182S12	SES177	-4.53622	-10.3891	-5.85289
BLOCK18/SES182/SA182S12	SES180	-5.98603	-11.8389	-5.85289
BLOCK18/SES182/SA182S12	SES275	-4.7272	-10.5801	-5.85289
BLOCK18/SES182/SA182S21	SES117	-3.42255	-11.0286	-7.60604
BLOCK18/SES182/SA182S21	SES144	-3.17985	-10.7859	-7.60604
BLOCK18/SES182/SA182S21	SES162	-3.32697	-10.933	-7.60604
BLOCK18/SES182/SA182S21	SES180	-4.20488	-11.8109	-7.60604
BLOCK18/SES182/SA182S23	SES117	-4.92478	-14.483	-9.55827
BLOCK18/SES182/SA182S23	SES144	-6.55594	-16.1142	-9.55827
BLOCK18/SES182/SA182S23	SES180	-6.51931	-16.0776	-9.55827
BLOCK18/SES182/SA182S23	SES275	-5.67576	-15.234	-9.55827
BLOCK18/SES182/SA182S25	SES007	-1e+38	-1e+38	-6.50603
BLOCK18/SES182/SA182S25	SES162	-3.05434	-9.56038	-6.50603
BLOCK18/SES182/SA182S25	SES177	-3.16001	-9.66604	-6.50603
BLOCK18/SES182/SA182S25	SES180	-3.84967	-10.3557	-6.50603
BLOCK18/SES184/SA184S12	SES177	-3.73433	-8.04906	-4.31473
BLOCK18/SES184/SA184S12	SES180	-3.77376	-8.08848	-4.31473
BLOCK18/SES184/SA184S12	SES189	-5.54586	-9.86058	-4.31473
BLOCK18/SES184/SA184S12	SES292	-3.92927	-8.244	-4.31473
BLOCK18/SES184/SA184S13	SES101	-4.9984	-9.7843	-4.78589
BLOCK18/SES184/SA184S13	SES177	-4.21235	-8.99824	-4.78589
BLOCK18/SES184/SA184S13	SES180	-4.52239	-9.30828	-4.78589
BLOCK18/SES184/SA184S13	SES292	-4.39288	-9.17877	-4.78589
BLOCK18/SES184/SA184S22	SES177	-3.94277	-8.18719	-4.24442
BLOCK18/SES184/SA184S22	SES180	-3.68365	-7.92807	-4.24442
BLOCK18/SES184/SA184S22	SES189	-5.95606	-10.2005	-4.24442
BLOCK18/SES184/SA184S22	SES292	-5.0289	-9.27332	-4.24442
BLOCK18/SES184/SA184S25	SES101	-4.62756	-7.80818	-3.18062
BLOCK18/SES184/SA184S25	SES177	-4.81279	-7.99342	-3.18062
BLOCK18/SES184/SA184S25	SES180	-4.0442	-7.22482	-3.18062
BLOCK18/SES184/SA184S25	SES292	-4.51894	-7.69956	-3.18062
BLOCK18/SES184/SA184S27	SES083	-4.20712	-8.17515	-3.96804
BLOCK18/SES184/SA184S27	SES177	-3.91211	-7.88014	-3.96804
BLOCK18/SES184/SA184S27	SES202	-4.56296	-8.53099	-3.96804
BLOCK18/SES184/SA184S27	SES292	-4.1636	-8.13164	-3.96804
BLOCK20/SES204/SA204S12	SES062	-3.78306	-8.58427	-4.80121
BLOCK20/SES204/SA204S12	SES083	-5.03614	-9.83735	-4.80121
BLOCK20/SES204/SA204S12	SES206	-4.44588	-9.24709	-4.80121
BLOCK20/SES204/SA204S12	SES226	-4.71466	-9.51587	-4.80121
BLOCK20/SES204/SA204S14	SES068	-4.91205	-8.06806	-3.15601
BLOCK20/SES204/SA204S14	SES087	-4.76602	-7.92203	-3.15601
BLOCK20/SES204/SA204S14	SES206	-4.48635	-7.64236	-3.15601
BLOCK20/SES204/SA204S14	SES226	-4.88755	-8.04357	-3.15601
BLOCK20/SES204/SA204S22	SES068	-4.57103	-9.45714	-4.88611
BLOCK20/SES204/SA204S22	SES082	-4.31102	-9.19713	-4.88611
BLOCK20/SES204/SA204S22	SES083	-5.0641	-9.95021	-4.88611
BLOCK20/SES204/SA204S22	SES206	-3.86727	-8.75337	-4.88611
BLOCK20/SES204/SA204S25	SES062	-5.32999	-10.376	-5.04597
BLOCK20/SES204/SA204S25	SES083	-6.18306	-11.229	-5.04597
BLOCK20/SES204/SA204S25	SES206	-4.162	-9.20797	-5.04597
BLOCK20/SES204/SA204S25	SES226	-4.34476	-9.39073	-5.04597
BLOCK20/SES204/SA204S27	SES068	-4.14247	-9.44877	-5.30629
BLOCK20/SES204/SA204S27	SES082	-4.01764	-9.32394	-5.30629
BLOCK20/SES204/SA204S27	SES087	-3.05938	-8.36567	-5.30629
BLOCK20/SES204/SA204S27	SES206	-3.62122	-8.92752	-5.30629
BLOCK20/SES207/SA207S10	SES127	-4.61235	-8.51992	-3.90757
BLOCK20/SES207/SA207S10	SES183	-3.49768	-7.40525	-3.90757
BLOCK20/SES207/SA207S10	SES189	-3.82888	-7.73645	-3.90757
BLOCK20/SES207/SA207S10	SES292	-4.41847	-8.32604	-3.90757
BLOCK20/SES207/SA207S11	SES127	-3.16804	-7.53441	-4.36638
BLOCK20/SES207/SA207S11	SES183	-3.28089	-7.64727	-4.36638
BLOCK20/SES207/SA207S11	SES187	-3.57528	-7.94166	-4.36638
BLOCK20/SES207/SA207S11	SES292	-3.19644	-7.56281	-4.36638
BLOCK20/SES207/SA207S25	SES068	-3.30523	-9.50486	-6.19963
BLOCK20/SES207/SA207S25	SES083	-3.70479	-9.90442	-6.19963
BLOCK20/SES207/SA207S25	SES127	-3.06772	-9.26735	-6.19963
BLOCK20/SES207/SA207S25	SES187	-3.92231	-10.1219	-6.19963
BLOCK20/SES207/SA207S27	SES127	-4.50043	-11.6766	-7.17622
BLOCK20/SES207/SA207S27	SES183	-4.3759	-11.5521	-7.17622
BLOCK20/SES207/SA207S27	SES187	-4.74312	-11.9193	-7.17622
BLOCK20/SES207/SA207S27	SES292	-4.19762	-11.3738	-7.17622
BLOCK20/SES207/SA207S29	SES083	-3.37094	-6.75479	-3.38384
BLOCK20/SES207/SA207S29	SES085	-1.92309	-5.30693	-3.38384
BLOCK20/SES207/SA207S29	SES172	-1.48546	-4.86931	-3.38384
BLOCK20/SES207/SA207S29	SES189	-4.3224	-7.70624	-3.38384
BLOCK22/SES221/SA221S12	SES068	-3.17896	-7.71025	-4.53129
BLOCK22/SES221/SA221S12	SES143	-3.5448	-8.07609	-4.53129
BLOCK22/SES221/SA221S12	SES175	-3.77373	-8.30502	-4.53129
BLOCK22/SES221/SA221S12	SES202	-2.87641	-7.4077	-4.53129
BLOCK22/SES221/SA221S15	SES085	-2.83612	-7.46376	-4.62764
BLOCK22/SES221/SA221S15	SES143	-3.89557	-8.52321	-4.62764
BLOCK22/SES221/SA221S15	SES175	-3.49822	-8.12586	-4.62764
BLOCK22/SES221/SA221S15	SES187	-4.20884	-8.83648	-4.62764
BLOCK22/SES221/SA221S23	SES068	-3.20797	-8.891	-5.68303
BLOCK22/SES221/SA221S23	SES143	-3.80186	-9.48489	-5.68303
BLOCK22/SES221/SA221S23	SES175	-4.01495	-9.69798	-5.68303
BLOCK22/SES221/SA221S23	SES189	-4.09723	-9.78026	-5.68303
BLOCK22/SES221/SA221S27	SES085	-2.58287	-7.71796	-5.13509
BLOCK22/SES221/SA221S27	SES143	-3.51003	-8.64512	-5.13509
BLOCK22/SES221/SA221S27	SES175	-3.64057	-8.77565	-5.13509
BLOCK22/SES221/SA221S27	SES189	-4.21089	-9.34597	-5.13509
BLOCK22/SES221/SA221S29	SES085	-3.1947	-10.9896	-7.79491
BLOCK22/SES221/SA221S29	SES143	-5.01724	-12.8122	-7.79491
BLOCK22/SES221/SA221S29	SES175	-4.40614	-12.201	-7.79491
BLOCK22/SES221/SA221S29	SES187	-5.50214	-13.2971	-7.79491
BLOCK22/SES223/SA223S11	SES143	-2.96453	-9.72022	-6.75569
BLOCK22/SES223/SA223S11	SES144	-3.9623	-10.718	-6.75569
BLOCK22/SES223/SA223S11	SES175	-3.59901	-10.3547	-6.75569
BLOCK22/SES223/SA223S11	SES187	-3.62229	-10.378	-6.75569
BLOCK22/SES223/SA223S13	SES068	-4.56648	-12.8742	-8.30775
BLOCK22/SES223/SA223S13	SES143	-5.72829	-14.036	-8.30775
BLOCK22/SES223/SA223S13	SES146	-4.09568	-12.4034	-8.30775
BLOCK22/SES223/SA223S13	SES202	-4.0938	-12.4015	-8.30775
BLOCK22/SES223/SA223S22	SES143	-3.75756	-9.03204	-5.27447
BLOCK22/SES223/SA223S22	SES144	-3.82504	-9.09952	-5.27447
BLOCK22/SES223/SA223S22	SES175	-4.59537	-9.86985	-5.27447
BLOCK22/SES223/SA223S22	SES187	-3.78787	-9.06234	-5.27447
BLOCK22/SES223/SA223S25	SES068	-3.94961	-9.69313	-5.74352
BLOCK22/SES223/SA223S25	SES143	-3.77151	-9.51503	-5.74352
BLOCK22/SES223/SA223S25	SES175	-3.73258	-9.4761	-5.74352
BLOCK22/SES223/SA223S25	SES187	-3.80024	-9.54376	-5.74352
BLOCK22/SES223/SA223S27	SES143	-2.98763	-11.5407	-8.55308
BLOCK22/SES223/SA223S27	SES146	-4.33274	-12.8858	-8.55308
BLOCK22/SES223/SA223S27	SES187	-3.41434	-11.9674	-8.55308
BLOCK22/SES223/SA223S27	SES292	-3.32256	-11.8756	-8.55308
BLOCK27/SES273/SA273S12	SES099	-4.1502	-10.5331	-6.38287
BLOCK27/SES273/SA273S12	SES104	-3.76905	-10.1519	-6.38287
BLOCK27/SES273/SA273S12	SES125	-4.50919	-10.8921	-6.38287
BLOCK27/SES273/SA273S12	SES206	-3.73692	-10.1198	-6.38287
BLOCK27/SES273/SA273S13	SES099	-5.10253	-7.61448	-2.51195
BLOCK27/SES273/SA273S13	SES104	-4.94533	-7.45728	-2.51195
BLOCK27/SES273/SA273S13	SES206	-4.9473	-7.45926	-2.51195
BLOCK27/SES273/SA273S13	SES292	-4.36656	-6.87851	-2.51195
BLOCK27/SES273/SA273S21	SES099	-4.24639	-8.13504	-3.88865
BLOCK27/SES273/SA273S21	SES148	-5.09856	-8.98721	-3.88865
BLOCK27/SES273/SA273S21	SES149	-4.58662	-8.47527	-3.88865
BLOCK27/SES273/SA273S21	SES177	-5.25201	-9.14066	-3.88865
BLOCK27/SES273/SA273S25	SES104	-4.15947	-10.9855	-6.82599
BLOCK27/SES273/SA273S25	SES125	-5.09854	-11.9245	-6.82599
BLOCK27/SES273/SA273S25	SES158	-4.44077	-11.2668	-6.82599
BLOCK27/SES273/SA273S25	SES206	-3.6063	-10.4323	-6.82599
BLOCK27/SES273/SA273S27	SES099	-5.54318	-7.06404	-1.52086
BLOCK27/SES273/SA273S27	SES104	-5.68476	-7.20562	-1.52086
BLOCK27/SES273/SA273S27	SES149	-5.11265	-6.63351	-1.52086
BLOCK27/SES273/SA273S27	SES275	-4.79489	-6.31575	-1.52086
BLOCK27/SES274/SA274S10	SES105	-5.3501	-7.55213	-2.20203
BLOCK27/SES274/SA274S10	SES125	-6.35372	-8.55575	-2.20203
BLOCK27/SES274/SA274S10	SES129	-3.87033	-6.07236	-2.20203
BLOCK27/SES274/SA274S10	SES158	-9.03106	-11.2331	-2.20203
BLOCK27/SES274/SA274S11	SES105	-6.29333	-10.9176	-4.62422
BLOCK27/SES274/SA274S11	SES149	-5.20532	-9.82954	-4.62422
BLOCK27/SES274/SA274S11	SES158	-5.37314	-9.99737	-4.62422
BLOCK27/SES274/SA274S11	SES275	-4.89669	-9.52092	-4.62422
BLOCK27/SES274/SA274S21	SES105	-3.63063	-8.7049	-5.07428
BLOCK27/SES274/SA274S21	SES129	-3.29959	-8.37387	-5.07428
BLOCK27/SES274/SA274S21	SES149	-3.89423	-8.9685	-5.07428
BLOCK27/SES274/SA274S21	SES158	-5.08253	-10.1568	-5.07428
BLOCK27/SES274/SA274S24	SES105	-4.41636	-9.1575	-4.74113
BLOCK27/SES274/SA274S24	SES129	-2.7214	-7.46253	-4.74113
BLOCK27/SES274/SA274S24	SES149	-3.99069	-8.73183	-4.74113
BLOCK27/SES274/SA274S24	SES158	-6.30343	-11.0446	-4.74113
BLOCK27/SES274/SA274S29	SES105	-4.69811	-8.89705	-4.19894
BLOCK27/SES274/SA274S29	SES106	-5.37418	-9.57311	-4.19894
BLOCK27/SES274/SA274S29	SES120	-3.95949	-8.15843	-4.19894
BLOCK27/SES274/SA274S29	SES275	-3.9372	-8.13614	-4.19894
BLOCK27/SES276/SA276S16	SES148	-5.15971	-10.42	-5.2603
BLOCK27/SES276/SA276S16	SES172	-3.53946	-8.79976	-5.2603
BLOCK27/SES276/SA276S16	SES180	-3.91891	-9.17921	-5.2603
BLOCK27/SES276/SA276S16	SES292	-4.32157	-9.58187	-5.2603
BLOCK27/SES276/SA276S17	SES101	-3.09303	-7.74355	-4.65052
BLOCK27/SES276/SA276S17	SES177	-3.17388	-7.8244	-4.65052
BLOCK27/SES276/SA276S17	SES180	-2.96448	-7.615	-4.65052
BLOCK27/SES276/SA276S17	SES292	-2.95197	-7.60249	-4.65052
BLOCK27/SES276/SA276S24	SES101	-3.62513	-7.44884	-3.82371
BLOCK27/SES276/SA276S24	SES177	-3.26265	-7.08636	-3.82371
BLOCK27/SES276/SA276S24	SES180	-3.88206	-7.70577	-3.82371
BLOCK27/SES276/SA276S24	SES292	-4.34029	-8.164	-3.82371
BLOCK27/SES276/SA276S26	SES101	-3.7589	-5.26751	-1.50862
BLOCK27/SES276/SA276S26	SES177	-3.72587	-5.23448	-1.50862
BLOCK27/SES276/SA276S26	SES180	-3.50795	-5.01656	-1.50862
BLOCK27/SES276/SA276S26	SES292	-3.00695	-4.51557	-1.50862
BLOCK27/SES276/SA276S28	SES101	-3.06433	-5.35049	-2.28617
BLOCK27/SES276/SA276S28	SES177	-3.69871	-5.98487	-2.28617
BLOCK27/SES276/SA276S28	SES180	-2.73778	-5.02395	-2.28617
BLOCK27/SES276/SA276S28	SES292	-3.17321	-5.45937	-2.28617
BLOCK27/SES277/SA277S12	SES101	-3.99028	-11.2146	-7.22428
BLOCK27/SES277/SA277S12	SES177	-4.24547	-11.4698	-7.22428
BLOCK27/SES277/SA277S12	SES180	-4.02566	-11.2499	-7.22428
BLOCK27/SES277/SA277S12	SES292	-4.09577	-11.3201	-7.22428
BLOCK27/SES277/SA277S14	SES177	-4.43709	-10.8543	-6.41721
BLOCK27/SES277/SA277S14	SES180	-4.77212	-11.1893	-6.41721
BLOCK27/SES277/SA277S14	SES189	-3.31053	-9.72775	-6.41721
BLOCK27/SES277/SA277S14	SES292	-4.02605	-10.4433	-6.41721
BLOCK27/SES277/SA277S21	SES177	-3.76534	-10.2648	-6.49942
BLOCK27/SES277/SA277S21	SES180	-3.9013	-10.4007	-6.49942
BLOCK27/SES277/SA277S21	SES189	-3.58977	-10.0892	-6.49942
BLOCK27/SES277/SA277S21	SES292	-4.06222	-10.5616	-6.49942
BLOCK27/SES277/SA277S24	SES144	-2.89693	-10.543	-7.64607
BLOCK27/SES277/SA277S24	SES177	-3.85683	-11.5029	-7.64607
BLOCK27/SES277/SA277S24	SES180	-3.73104	-11.3771	-7.64607
BLOCK27/SES277/SA277S24	SES189	-3.25049	-10.8966	-7.64607
BLOCK27/SES277/SA277S29	SES177	-4.33597	-6.80646	-2.4705
BLOCK27/SES277/SA277S29	SES180	-4.46638	-6.93688	-2.4705
BLOCK27/SES277/SA277S29	SES202	-5.09664	-7.56714	-2.4705
BLOCK27/SES277/SA277S29	SES292	-4.89625	-7.36675	-2.4705
BLOCK27/SES279/SA279S09	SES120	-4.50222	-8.05882	-3.5566
BLOCK27/SES279/SA279S09	SES146	-4.30739	-7.86399	-3.5566
BLOCK27/SES279/SA279S09	SES206	-3.09263	-6.64922	-3.5566
BLOCK27/SES279/SA279S09	SES226	-4.98133	-8.53792	-3.5566
BLOCK27/SES279/SA279S10	SES099	-3.6369	-8.36167	-4.72477
BLOCK27/SES279/SA279S10	SES206	-3.61171	-8.33648	-4.72477
BLOCK27/SES279/SA279S10	SES226	-4.43599	-9.16076	-4.72477
BLOCK27/SES279/SA279S10	SES292	-3.38048	-8.10524	-4.72477
BLOCK27/SES279/SA279S20	SES099	-5.16835	-11.4174	-6.24909
BLOCK27/SES279/SA279S20	SES206	-4.03495	-10.284	-6.24909
BLOCK27/SES279/SA279S20	SES226	-6.0894	-12.3385	-6.24909
BLOCK27/SES279/SA279S20	SES292	-4.12188	-10.371	-6.24909
BLOCK27/SES279/SA279S26	SES099	-2.33056	-9.3192	-6.98865
BLOCK27/SES279/SA279S26	SES206	-2.62486	-9.61351	-6.98865
BLOCK27/SES279/SA279S26	SES226	-3.66959	-10.6582	-6.98865
BLOCK27/SES279/SA279S26	SES292	-2.97256	-9.96121	-6.98865
BLOCK27/SES279/SA279S28	SES099	-3.32559	-4.80974	-1.48415
BLOCK27/SES279/SA279S28	SES120	-4.04373	-5.52788	-1.48415
BLOCK27/SES279/SA279S28	SES177	-4.43773	-5.92188	-1.48415
BLOCK27/SES279/SA279S28	SES206	-3.79898	-5.28313	-1.48415
BLOCK29/SES290/SA290S12	SES162	-3.66932	-8.11779	-4.44847
BLOCK29/SES290/SA290S12	SES177	-3.588	-8.03647	-4.44847
BLOCK29/SES290/SA290S12	SES180	-4.25808	-8.70655	-4.44847
BLOCK29/SES290/SA290S12	SES292	-4.79825	-9.24672	-4.44847
BLOCK29/SES290/SA290S13	SES007	-1e+38	-1e+38	-4.55642
BLOCK29/SES290/SA290S13	SES162	-4.19669	-8.75311	-4.55642
BLOCK29/SES290/SA290S13	SES177	-3.92533	-8.48175	-4.55642
BLOCK29/SES290/SA290S13	SES180	-3.92465	-8.48107	-4.55642
BLOCK29/SES290/SA290S22	SES177	-4.38239	-8.8596	-4.4772
BLOCK29/SES290/SA290S22	SES180	-4.53566	-9.01287	-4.4772
BLOCK29/SES290/SA290S22	SES202	-3.91032	-8.38753	-4.4772
BLOCK29/SES290/SA290S22	SES292	-4.45106	-8.92826	-4.4772
BLOCK29/SES290/SA290S25	SES162	-4.44826	-9.56302	-5.11476
BLOCK29/SES290/SA290S25	SES177	-4.14297	-9.25773	-5.11476
BLOCK29/SES290/SA290S25	SES180	-4.16007	-9.27483	-5.11476
BLOCK29/SES290/SA290S25	SES292	-4.29003	-9.40479	-5.11476
BLOCK29/SES290/SA290S29	SES177	-3.62219	-6.11518	-2.49299
BLOCK29/SES290/SA290S29	SES180	-4.0224	-6.51539	-2.49299
BLOCK29/SES290/SA290S29	SES275	-4.46474	-6.95773	-2.49299
BLOCK29/SES290/SA290S29	SES292	-4.31809	-6.81108	-2.49299
BLOCK29/SES291/SA291S11	SES105	-5.27063	-12.0447	-6.77405
BLOCK29/SES291/SA291S11	SES125	-4.60812	-11.3822	-6.77405
BLOCK29/SES291/SA291S11	SES158	-4.08798	-10.862	-6.77405
BLOCK29/SES291/SA291S11	SES275	-4.68391	-11.458	-6.77405
BLOCK29/SES291/SA291S12	SES158	-3.53633	-11.6979	-8.1616
BLOCK29/SES291/SA291S12	SES226	-7.03518	-15.1968	-8.1616
BLOCK29/SES291/SA291S12	SES270	-5.38269	-13.5443	-8.1616
BLOCK29/SES291/SA291S12	SES275	-7.1937	-15.3553	-8.1616
BLOCK29/SES291/SA291S22	SES082	-3.10378	-8.24559	-5.14181
BLOCK29/SES291/SA291S22	SES158	-4.00741	-9.14922	-5.14181
BLOCK29/SES291/SA291S22	SES259	-4.01467	-9.15648	-5.14181
BLOCK29/SES291/SA291S22	SES275	-5.11537	-10.2572	-5.14181
BLOCK29/SES291/SA291S24	SES104	-5.30961	-11.236	-5.92638
BLOCK29/SES291/SA291S24	SES125	-5.98445	-11.9108	-5.92638
BLOCK29/SES291/SA291S24	SES158	-4.67747	-10.6038	-5.92638
BLOCK29/SES291/SA291S24	SES275	-6.68274	-12.6091	-5.92638
BLOCK29/SES291/SA291S27	SES158	-4.85958	-8.67306	-3.81348
BLOCK29/SES291/SA291S27	SES172	-6.24994	-10.0634	-3.81348
BLOCK29/SES291/SA291S27	SES275	-5.76851	-9.58199	-3.81348
BLOCK29/SES291/SA291S27	SES292	-5.31383	-9.12731	-3.81348
Threshold search:
THR	-1.000002e+38	9	0(0)	1(1000)
THR	-9.8000198e+37	8.658	0(0)	0.962(962)
THR	-9.6000196e+37	8.658	0(0)	0.962(962)
THR	-9.4000194e+37	8.658	0(0)	0.962(962)
THR	-9.2000192e+37	8.658	0(0)	0.962(962)
THR	-9.000019e+37	8.658	0(0)	0.962(962)
THR	-8.8000188e+37	8.658	0(0)	0.962(962)
THR	-8.6000186e+37	8.658	0(0)	0.962(962)
THR	-8.4000184e+37	8.658	0(0)	0.962(962)
THR	-8.2000182e+37	8.658	0(0)	0.962(962)
THR	-8.000018e+37	8.658	0(0)	0.962(962)
THR	-7.8000178e+37	8.658	0(0)	0.962(962)
THR	-7.6000176e+37	8.658	0(0)	0.962(962)
THR	-7.4000174e+37	8.658	0(0)	0.962(962)
THR	-7.2000172e+37	8.658	0(0)	0.962(962)
THR	-7.000017e+37	8.658	0(0)	0.962(962)
THR	-6.8000168e+37	8.658	0(0)	0.962(962)
THR	-6.6000166e+37	8.658	0(0)	0.962(962)
THR	-6.4000164e+37	8.658	0(0)	0.962(962)
THR	-6.2000162e+37	8.658	0(0)	0.962(962)
THR	-6.000016e+37	8.658	0(0)	0.962(962)
THR	-5.8000158e+37	8.658	0(0)	0.962(962)
THR	-5.6000156e+37	8.658	0(0)	0.962(962)
THR	-5.4000154e+37	8.658	0(0)	0.962(962)
THR	-5.2000152e+37	8.658	0(0)	0.962(962)
THR	-5.000015e+37	8.658	0(0)	0.962(962)
THR	-4.8000148e+37	8.658	0(0)	0.962(962)
THR	-4.6000146e+37	8.658	0(0)	0.962(962)
THR	-4.4000144e+37	8.658	0(0)	0.962(962)
THR	-4.2000142e+37	8.658	0(0)	0.962(962)
THR	-4.000014e+37	8.658	0(0)	0.962(962)
THR	-3.8000138e+37	8.658	0(0)	0.962(962)
THR	-3.6000136e+37	8.658	0(0)	0.962(962)
THR	-3.4000134e+37	8.658	0(0)	0.962(962)
THR	-3.2000132e+37	8.658	0(0)	0.962(962)
THR	-3.000013e+37	8.658	0(0)	0.962(962)
THR	-2.8000128e+37	8.658	0(0)	0.962(962)
THR	-2.6000126e+37	8.658	0(0)	0.962(962)
THR	-2.4000124e+37	8.658	0(0)	0.962(962)
THR	-2.2000122e+37	8.658	0(0)	0.962(962)
THR	-2.000012e+37	8.658	0(0)	0.962(962)
THR	-1.8000118e+37	8.658	0(0)	0.962(962)
THR	-1.6000116e+37	8.658	0(0)	0.962(962)
THR	-1.4000114e+37	8.658	0(0)	0.962(962)
THR	-1.2000112e+37	8.658	0(0)	0.962(962)
THR	-1.000011e+37	8.658	0(0)	0.962(962)
THR	-8.00010799999996e+36	8.658	0(0)	0.962(962)
THR	-6.00010599999996e+36	8.658	0(0)	0.962(962)
THR	-4.00010399999996e+36	8.658	0(0)	0.962(962)
THR	-2.00010199999996e+36	8.658	0(0)	0.962(962)
THR	-9.99999999623037e+31	8.658	0(0)	0.962(962)
THR	1.99990200000004e+36	0.957	0.84(210)	0.013(13)
THR	3.99990400000004e+36	0.957	0.84(210)	0.013(13)
THR	5.99990600000004e+36	0.957	0.84(210)	0.013(13)
THR	7.99990800000004e+36	0.957	0.84(210)	0.013(13)
THR	9.99991000000004e+36	0.957	0.84(210)	0.013(13)
THR	1.1999912e+37	0.957	0.84(210)	0.013(13)
THR	1.3999914e+37	0.957	0.84(210)	0.013(13)
THR	1.5999916e+37	0.957	0.84(210)	0.013(13)
THR	1.7999918e+37	0.957	0.84(210)	0.013(13)
THR	1.999992e+37	0.957	0.84(210)	0.013(13)
THR	2.1999922e+37	0.957	0.84(210)	0.013(13)
THR	2.3999924e+37	0.957	0.84(210)	0.013(13)
THR	2.5999926e+37	0.957	0.84(210)	0.013(13)
THR	2.7999928e+37	0.957	0.84(210)	0.013(13)
THR	2.999993e+37	0.957	0.84(210)	0.013(13)
THR	3.1999932e+37	0.957	0.84(210)	0.013(13)
THR	3.3999934e+37	0.957	0.84(210)	0.013(13)
THR	3.5999936e+37	0.957	0.84(210)	0.013(13)
THR	3.7999938e+37	0.957	0.84(210)	0.013(13)
THR	3.999994e+37	0.957	0.84(210)	0.013(13)
THR	4.19999420000001e+37	0.957	0.84(210)	0.013(13)
THR	4.3999944e+37	0.957	0.84(210)	0.013(13)
THR	4.5999946e+37	0.957	0.84(210)	0.013(13)
THR	4.7999948e+37	0.957	0.84(210)	0.013(13)
THR	4.999995e+37	0.957	0.84(210)	0.013(13)
THR	5.19999520000001e+37	0.957	0.84(210)	0.013(13)
THR	5.39999540000001e+37	0.957	0.84(210)	0.013(13)
THR	5.59999560000001e+37	0.957	0.84(210)	0.013(13)
THR	5.79999580000001e+37	0.957	0.84(210)	0.013(13)
THR	5.99999600000001e+37	0.957	0.84(210)	0.013(13)
THR	6.19999620000001e+37	0.957	0.84(210)	0.013(13)
THR	6.39999640000001e+37	0.957	0.84(210)	0.013(13)
THR	6.59999660000001e+37	0.957	0.84(210)	0.013(13)
THR	6.79999680000001e+37	0.957	0.84(210)	0.013(13)
THR	6.99999700000001e+37	0.957	0.84(210)	0.013(13)
THR	7.19999720000001e+37	0.957	0.84(210)	0.013(13)
THR	7.39999740000001e+37	0.957	0.84(210)	0.013(13)
THR	7.59999760000001e+37	0.957	0.84(210)	0.013(13)
THR	7.79999780000001e+37	0.957	0.84(210)	0.013(13)
THR	7.99999800000001e+37	0.957	0.84(210)	0.013(13)
THR	8.19999820000001e+37	0.957	0.84(210)	0.013(13)
THR	8.39999840000001e+37	0.957	0.84(210)	0.013(13)
THR	8.59999860000001e+37	0.957	0.84(210)	0.013(13)
THR	8.79999880000001e+37	0.957	0.84(210)	0.013(13)
THR	8.99999900000001e+37	0.957	0.84(210)	0.013(13)
THR	9.19999920000001e+37	0.957	0.84(210)	0.013(13)
THR	9.39999940000001e+37	0.957	0.84(210)	0.013(13)
THR	9.59999960000001e+37	0.957	0.84(210)	0.013(13)
THR	9.79999980000001e+37	0.957	0.84(210)	0.013(13)
THR	1e+38	1	1(250)	0(0)


==============================================
THR: 1.99990200000004e+36
Missed:     210/250=0.8400
FalseAlarm: 13/1000=0.0130
----------------------------------------------
==> CostDetection: 95.7
==============================================
