BLOCK00/SES002/SA002S12	SES002	1.11618	18.8443	17.7281
BLOCK00/SES002/SA002S13	SES002	2.25646	18.2369	15.9805
BLOCK00/SES002/SA002S23	SES002	1.57096	18.9437	17.3727
BLOCK00/SES002/SA002S26	SES002	1.97845	20.0713	18.0928
BLOCK00/SES002/SA002S28	SES002	1.36436	17.6052	16.2408
BLOCK00/SES007/SA007S14	SES007	2.173	20.6136	18.4406
BLOCK00/SES007/SA007S15	SES007	0.99749	18.3659	17.3684
BLOCK00/SES007/SA007S24	SES007	1.15972	18.3527	17.1929
BLOCK00/SES007/SA007S27	SES007	0.975758	17.6973	16.7215
BLOCK00/SES007/SA007S29	SES007	0.496513	18.4115	17.915
BLOCK00/SES008/SA008S11	SES008	1.70044	19.1299	17.4295
BLOCK00/SES008/SA008S12	SES008	0.263739	17.7795	17.5157
BLOCK00/SES008/SA008S19	SES008	2.32336	20.812	18.4886
BLOCK00/SES008/SA008S22	SES008	1.23278	17.6044	16.3716
BLOCK00/SES008/SA008S29	SES008	1.73628	19.6222	17.8859
BLOCK01/SES014/SA014S10	SES014	2.5477	19.9514	17.4037
BLOCK01/SES014/SA014S12	SES014	3.84702	22.9615	19.1145
BLOCK01/SES014/SA014S24	SES014	1.64259	19.8245	18.1819
BLOCK01/SES014/SA014S26	SES014	2.17934	22.7648	20.5855
BLOCK01/SES014/SA014S28	SES014	4.37729	23.4112	19.0339
BLOCK01/SES016/SA016S12	SES016	1.85648	16.8965	15.04
BLOCK01/SES016/SA016S13	SES016	1.85832	18.9499	17.0916
BLOCK01/SES016/SA016S22	SES016	1.47911	18.4512	16.9721
BLOCK01/SES016/SA016S25	SES016	1.9953	20.8484	18.8531
BLOCK01/SES016/SA016S27	SES016	2.42617	21.8104	19.3842
BLOCK01/SES019/SA019S13	SES019	3.20749	18.3417	15.1342
BLOCK01/SES019/SA019S14	SES019	2.53253	18.1277	15.5952
BLOCK01/SES019/SA019S22	SES019	3.28854	18.6871	15.3986
BLOCK01/SES019/SA019S25	SES019	2.96169	19.1034	16.1417
BLOCK01/SES019/SA019S29	SES019	3.71813	18.9524	15.2343
BLOCK02/SES029/SA029S11	SES029	1.93506	19.4633	17.5283
BLOCK02/SES029/SA029S12	SES029	0.601622	19.4135	18.8119
BLOCK02/SES029/SA029S20	SES029	1.2865	18.8	17.5136
BLOCK02/SES029/SA029S25	SES029	1.12589	19.6465	18.5206
BLOCK02/SES029/SA029S28	SES029	0.772486	18.9116	18.1391
BLOCK04/SES042/SA042S12	SES042	2.24638	20.311	18.0646
BLOCK04/SES042/SA042S15	SES042	2.57829	20.9747	18.3964
BLOCK04/SES042/SA042S22	SES042	3.75179	23.3878	19.636
BLOCK04/SES042/SA042S25	SES042	2.28799	19.4977	17.2097
BLOCK04/SES042/SA042S27	SES042	2.28333	21.8361	19.5527
BLOCK04/SES048/SA048S11	SES048	1.83541	20.3501	18.5147
BLOCK04/SES048/SA048S12	SES048	1.0645	19.736	18.6715
BLOCK04/SES048/SA048S20	SES048	0.907303	20.2682	19.3609
BLOCK04/SES048/SA048S23	SES048	1.752	18.9962	17.2442
BLOCK04/SES048/SA048S27	SES048	1.46637	21.2111	19.7447
BLOCK06/SES060/SA060S11	SES060	1.86729	20.5537	18.6864
BLOCK06/SES060/SA060S12	SES060	-0.213673	17.4241	17.6377
BLOCK06/SES060/SA060S22	SES060	-0.306953	16.1862	16.4931
BLOCK06/SES060/SA060S24	SES060	1.60253	20.5604	18.9579
BLOCK06/SES060/SA060S28	SES060	1.71628	22.2281	20.5118
BLOCK06/SES062/SA062S10	SES062	1.09592	19.9276	18.8316
BLOCK06/SES062/SA062S11	SES062	1.69226	18.9092	17.217
BLOCK06/SES062/SA062S21	SES062	2.82623	23.424	20.5977
BLOCK06/SES062/SA062S26	SES062	1.68012	20.8607	19.1805
BLOCK06/SES062/SA062S29	SES062	2.24501	21.8781	19.6331
BLOCK06/SES068/SA068S14	SES068	0.57947	19.0023	18.4228
BLOCK06/SES068/SA068S15	SES068	1.67482	20.7502	19.0754
BLOCK06/SES068/SA068S23	SES068	0.811594	18.2728	17.4612
BLOCK06/SES068/SA068S27	SES068	2.56908	21.7276	19.1585
BLOCK06/SES068/SA068S29	SES068	0.941164	19.0372	18.0961
BLOCK08/SES082/SA082S12	SES082	0.992554	17.9432	16.9507
BLOCK08/SES082/SA082S14	SES082	1.12083	17.5398	16.4189
BLOCK08/SES082/SA082S21	SES082	0.65579	17.8887	17.2329
BLOCK08/SES082/SA082S24	SES082	1.31808	19.7423	18.4242
BLOCK08/SES082/SA082S28	SES082	0.486038	17.6413	17.1553
BLOCK08/SES083/SA083S14	SES083	0.477812	18.6096	18.1318
BLOCK08/SES083/SA083S15	SES083	0.956722	19.2874	18.3307
BLOCK08/SES083/SA083S24	SES083	0.673994	18.6054	17.9314
BLOCK08/SES083/SA083S26	SES083	1.10058	18.9194	17.8188
BLOCK08/SES083/SA083S29	SES083	0.260239	18.9609	18.7006
BLOCK08/SES085/SA085S10	SES085	1.1139	19.3541	18.2402
BLOCK08/SES085/SA085S13	SES085	0.275862	17.823	17.5471
BLOCK08/SES085/SA085S22	SES085	0.57338	19.3722	18.7988
BLOCK08/SES085/SA085S26	SES085	0.530378	18.9603	18.4299
BLOCK08/SES085/SA085S28	SES085	1.24611	19.4172	18.1711
BLOCK08/SES087/SA087S15	SES087	1.74376	19.2141	17.4703
BLOCK08/SES087/SA087S16	SES087	2.02141	19.1431	17.1217
BLOCK08/SES087/SA087S24	SES087	1.53381	19.1503	17.6165
BLOCK08/SES087/SA087S26	SES087	1.35088	20.0323	18.6814
BLOCK08/SES087/SA087S29	SES087	1.52991	18.8808	17.3509
BLOCK09/SES099/SA099S15	SES099	1.98517	18.6294	16.6443
BLOCK09/SES099/SA099S16	SES099	1.82989	18.6963	16.8664
BLOCK09/SES099/SA099S24	SES099	1.51823	18.7267	17.2084
BLOCK09/SES099/SA099S26	SES099	2.3125	19.4046	17.0921
BLOCK09/SES099/SA099S29	SES099	2.28638	19.3311	17.0447
BLOCK10/SES101/SA101S11	SES101	0.709074	18.9329	18.2238
BLOCK10/SES101/SA101S13	SES101	1.85153	20.9704	19.1188
BLOCK10/SES101/SA101S22	SES101	1.02355	18.3356	17.312
BLOCK10/SES101/SA101S24	SES101	1.94903	19.4399	17.4909
BLOCK10/SES101/SA101S28	SES101	1.07528	18.3099	17.2346
BLOCK10/SES104/SA104S11	SES104	2.25178	21.6223	19.3705
BLOCK10/SES104/SA104S12	SES104	2.12959	19.6674	17.5378
BLOCK10/SES104/SA104S21	SES104	2.03145	19.7954	17.764
BLOCK10/SES104/SA104S24	SES104	1.42395	19.243	17.819
BLOCK10/SES104/SA104S28	SES104	1.74426	20.1738	18.4296
BLOCK10/SES105/SA105S12	SES105	1.34572	17.6248	16.279
BLOCK10/SES105/SA105S13	SES105	1.32858	18.2666	16.938
BLOCK10/SES105/SA105S22	SES105	0.871331	16.6559	15.7846
BLOCK10/SES105/SA105S26	SES105	1.53144	17.8773	16.3458
BLOCK10/SES105/SA105S29	SES105	1.5582	18.9308	17.3726
BLOCK10/SES106/SA106S09	SES106	1.78465	17.3703	15.5856
BLOCK10/SES106/SA106S11	SES106	1.93499	19.4381	17.5031
BLOCK10/SES106/SA106S22	SES106	4.09759	19.9231	15.8255
BLOCK10/SES106/SA106S27	SES106	1.66552	18.3969	16.7314
BLOCK10/SES106/SA106S29	SES106	1.44827	18.3585	16.9102
BLOCK11/SES117/SA117S12	SES117	1.54507	18.0848	16.5398
BLOCK11/SES117/SA117S13	SES117	0.627386	18.0307	17.4033
BLOCK11/SES117/SA117S23	SES117	1.99539	16.1998	14.2044
BLOCK11/SES117/SA117S25	SES117	1.70132	16.9711	15.2698
BLOCK11/SES117/SA117S28	SES117	1.31441	16.1074	14.793
BLOCK12/SES120/SA120S08	SES120	1.05919	16.1039	15.0447
BLOCK12/SES120/SA120S11	SES120	0.925523	14.4676	13.5421
BLOCK12/SES120/SA120S22	SES120	0.164881	18.207	18.0422
BLOCK12/SES120/SA120S24	SES120	0.975024	16.8793	15.9043
BLOCK12/SES120/SA120S28	SES120	0.469248	14.7805	14.3112
BLOCK12/SES125/SA125S13	SES125	2.1106	19.582	17.4714
BLOCK12/SES125/SA125S14	SES125	1.12078	17.9735	16.8527
BLOCK12/SES125/SA125S25	SES125	1.52656	18.8595	17.3329
BLOCK12/SES125/SA125S27	SES125	2.27908	20.8604	18.5813
BLOCK12/SES125/SA125S29	SES125	1.76761	19.1672	17.3995
BLOCK12/SES127/SA127S11	SES127	1.40074	18.5502	17.1494
BLOCK12/SES127/SA127S12	SES127	-0.149504	18.353	18.5025
BLOCK12/SES127/SA127S23	SES127	0.906015	18.8057	17.8997
BLOCK12/SES127/SA127S25	SES127	0.458439	17.9237	17.4653
BLOCK12/SES127/SA127S27	SES127	1.43054	18.8935	17.463
BLOCK12/SES129/SA129S11	SES129	2.48917	20.9795	18.4903
BLOCK12/SES129/SA129S12	SES129	1.81741	20.5852	18.7678
BLOCK12/SES129/SA129S22	SES129	1.78303	19.5343	17.7513
BLOCK12/SES129/SA129S27	SES129	2.07305	19.9113	17.8382
BLOCK12/SES129/SA129S29	SES129	2.05216	20.7977	18.7455
BLOCK14/SES142/SA142S11	SES142	2.4867	17.9685	15.4818
BLOCK14/SES142/SA142S12	SES142	1.87591	16.9089	15.033
BLOCK14/SES142/SA142S24	SES142	1.74569	17.7169	15.9712
BLOCK14/SES142/SA142S27	SES142	2.16271	18.6035	16.4408
BLOCK14/SES142/SA142S29	SES142	2.69463	18.0579	15.3633
BLOCK14/SES143/SA143S12	SES143	1.28574	17.8629	16.5771
BLOCK14/SES143/SA143S13	SES143	1.17237	17.4894	16.317
BLOCK14/SES143/SA143S23	SES143	1.14765	17.5449	16.3973
BLOCK14/SES143/SA143S25	SES143	1.67686	18.4499	16.773
BLOCK14/SES143/SA143S28	SES143	1.03159	17.2709	16.2393
BLOCK14/SES144/SA144S09	SES144	1.6511	19.0703	17.4192
BLOCK14/SES144/SA144S11	SES144	1.35845	17.9807	16.6223
BLOCK14/SES144/SA144S21	SES144	0.354984	17.4268	17.0718
BLOCK14/SES144/SA144S25	SES144	0.699701	17.3351	16.6354
BLOCK14/SES144/SA144S29	SES144	0.279957	18.4039	18.1239
BLOCK14/SES146/SA146S14	SES146	0.879665	17.1326	16.2529
BLOCK14/SES146/SA146S15	SES146	1.03666	17.441	16.4044
BLOCK14/SES146/SA146S24	SES146	1.04998	17.9974	16.9475
BLOCK14/SES146/SA146S26	SES146	1.38378	18.061	16.6772
BLOCK14/SES146/SA146S29	SES146	0.559759	16.1296	15.5698
BLOCK14/SES147/SA147S11	SES147	1.33073	17.7148	16.3841
BLOCK14/SES147/SA147S13	SES147	2.63927	19.4142	16.7749
BLOCK14/SES147/SA147S23	SES147	0.999798	17.3788	16.379
BLOCK14/SES147/SA147S26	SES147	1.75167	18.184	16.4324
BLOCK14/SES147/SA147S28	SES147	1.38822	17.7318	16.3436
BLOCK14/SES148/SA148S10	SES148	1.67183	18.4448	16.773
BLOCK14/SES148/SA148S12	SES148	1.2537	17.155	15.9012
BLOCK14/SES148/SA148S22	SES148	2.17066	20.0226	17.8519
BLOCK14/SES148/SA148S26	SES148	0.240528	18.5111	18.2706
BLOCK14/SES148/SA148S29	SES148	0.68721	17.9324	17.2451
BLOCK14/SES149/SA149S13	SES149	0.0798244	18.3035	18.2237
BLOCK14/SES149/SA149S14	SES149	0.844606	19.5557	18.7111
BLOCK14/SES149/SA149S24	SES149	1.7541	20.2929	18.5388
BLOCK14/SES149/SA149S26	SES149	2.38264	21.1359	18.7532
BLOCK14/SES149/SA149S28	SES149	2.45817	22.3621	19.9039
BLOCK15/SES158/SA158S13	SES158	2.11388	17.9815	15.8676
BLOCK15/SES158/SA158S14	SES158	2.92733	17.7655	14.8381
BLOCK15/SES158/SA158S23	SES158	1.76264	18.1926	16.43
BLOCK15/SES158/SA158S26	SES158	2.75831	17.2978	14.5394
BLOCK15/SES158/SA158S28	SES158	1.15762	17.503	16.3454
BLOCK16/SES162/SA162S10	SES162	0.648933	16.1237	15.4748
BLOCK16/SES162/SA162S11	SES162	1.52294	19.0582	17.5353
BLOCK16/SES162/SA162S21	SES162	2.3003	19.2428	16.9425
BLOCK16/SES162/SA162S24	SES162	1.61905	18.0838	16.4648
BLOCK16/SES162/SA162S27	SES162	1.6376	17.4096	15.772
BLOCK16/SES167/SA167S14	SES167	1.29705	19.8519	18.5548
BLOCK16/SES167/SA167S15	SES167	1.47077	18.7965	17.3257
BLOCK16/SES167/SA167S21	SES167	2.11985	19.5578	17.438
BLOCK16/SES167/SA167S25	SES167	2.42222	19.3355	16.9133
BLOCK16/SES167/SA167S29	SES167	2.43172	21.0475	18.6158
BLOCK17/SES172/SA172S12	SES172	2.03453	19.2202	17.1856
BLOCK17/SES172/SA172S13	SES172	1.69101	18.19	16.499
BLOCK17/SES172/SA172S23	SES172	1.78816	20.0038	18.2157
BLOCK17/SES172/SA172S27	SES172	1.62128	19.0374	17.4161
BLOCK17/SES172/SA172S29	SES172	2.50935	19.7837	17.2744
BLOCK17/SES175/SA175S11	SES175	0.747702	18.465	17.7173
BLOCK17/SES175/SA175S13	SES175	1.23382	18.9306	17.6968
BLOCK17/SES175/SA175S23	SES175	1.39132	19.2683	17.877
BLOCK17/SES175/SA175S25	SES175	0.651147	16.3732	15.722
BLOCK17/SES175/SA175S28	SES175	0.820744	18.7019	17.8812
BLOCK17/SES177/SA177S15	SES177	0.680939	18.4448	17.7639
BLOCK17/SES177/SA177S17	SES177	0.332747	18.2353	17.9026
BLOCK17/SES177/SA177S23	SES177	-0.12422	17.1288	17.2531
BLOCK17/SES177/SA177S26	SES177	1.08597	20.8379	19.7519
BLOCK17/SES177/SA177S28	SES177	0.529819	19.09	18.5602
BLOCK18/SES180/SA180S13	SES180	0.230001	17.4608	17.2308
BLOCK18/SES180/SA180S15	SES180	1.32903	18.0798	16.7508
BLOCK18/SES180/SA180S24	SES180	1.09672	19.3793	18.2826
BLOCK18/SES180/SA180S26	SES180	1.1459	19.2915	18.1456
BLOCK18/SES180/SA180S29	SES180	1.38313	18.3109	16.9278
BLOCK18/SES183/SA183S13	SES183	1.5957	17.303	15.7073
BLOCK18/SES183/SA183S14	SES183	0.500153	17.1056	16.6055
BLOCK18/SES183/SA183S24	SES183	1.8382	17.014	15.1758
BLOCK18/SES183/SA183S27	SES183	1.54833	17.5742	16.0259
BLOCK18/SES183/SA183S29	SES183	1.05199	18.1562	17.1042
BLOCK18/SES187/SA187S13	SES187	0.66589	17.1807	16.5148
BLOCK18/SES187/SA187S14	SES187	0.795773	17.2845	16.4887
BLOCK18/SES187/SA187S24	SES187	1.45098	16.6469	15.196
BLOCK18/SES187/SA187S27	SES187	1.2681	17.5128	16.2447
BLOCK18/SES187/SA187S29	SES187	1.3499	18.0086	16.6587
BLOCK18/SES189/SA189S10	SES189	1.78949	16.875	15.0855
BLOCK18/SES189/SA189S13	SES189	2.7024	16.383	13.6806
BLOCK18/SES189/SA189S24	SES189	3.26828	16.9725	13.7042
BLOCK18/SES189/SA189S26	SES189	1.45219	17.504	16.0518
BLOCK18/SES189/SA189S29	SES189	2.44261	17.6185	15.1759
BLOCK20/SES202/SA202S12	SES202	1.55627	15.7256	14.1693
BLOCK20/SES202/SA202S14	SES202	2.64949	18.0532	15.4037
BLOCK20/SES202/SA202S24	SES202	1.46351	17.3744	15.9109
BLOCK20/SES202/SA202S27	SES202	2.06877	19.7442	17.6755
BLOCK20/SES202/SA202S29	SES202	2.09423	19.175	17.0808
BLOCK20/SES206/SA206S15	SES206	-0.0648365	18.2251	18.29
BLOCK20/SES206/SA206S17	SES206	1.83301	20.5411	18.7081
BLOCK20/SES206/SA206S24	SES206	2.64032	21.0896	18.4493
BLOCK20/SES206/SA206S27	SES206	2.25286	19.883	17.6301
BLOCK20/SES206/SA206S29	SES206	1.50686	20.9909	19.484
BLOCK22/SES226/SA226S12	SES226	1.74387	18.5682	16.8243
BLOCK22/SES226/SA226S13	SES226	-0.728848	16.0626	16.7915
BLOCK22/SES226/SA226S20	SES226	1.52777	18.398	16.8702
BLOCK22/SES226/SA226S23	SES226	1.68553	19.028	17.3424
BLOCK22/SES226/SA226S28	SES226	2.04855	19.251	17.2024
BLOCK25/SES259/SA259S13	SES259	4.07622	20.6468	16.5706
BLOCK25/SES259/SA259S14	SES259	2.62815	19.8902	17.262
BLOCK25/SES259/SA259S22	SES259	2.40529	19.8073	17.402
BLOCK25/SES259/SA259S24	SES259	2.60336	21.0216	18.4182
BLOCK25/SES259/SA259S28	SES259	2.704	20.0726	17.3686
BLOCK27/SES270/SA270S14	SES270	2.95075	17.6498	14.6991
BLOCK27/SES270/SA270S16	SES270	1.0878	17.1798	16.092
BLOCK27/SES270/SA270S22	SES270	3.15947	18.4037	15.2442
BLOCK27/SES270/SA270S26	SES270	1.50225	16.0436	14.5413
BLOCK27/SES270/SA270S28	SES270	1.90249	18.1056	16.2031
BLOCK27/SES275/SA275S17	SES275	1.41796	18.4042	16.9863
BLOCK27/SES275/SA275S18	SES275	0.458178	18.1224	17.6642
BLOCK27/SES275/SA275S24	SES275	0.694826	17.0092	16.3144
BLOCK27/SES275/SA275S26	SES275	1.52916	18.7866	17.2575
BLOCK27/SES275/SA275S28	SES275	0.573603	18.4127	17.8391
BLOCK29/SES292/SA292S10	SES292	0.465332	18.0915	17.6261
BLOCK29/SES292/SA292S12	SES292	0.350704	17.4005	17.0498
BLOCK29/SES292/SA292S22	SES292	0.957451	19.2986	18.3412
BLOCK29/SES292/SA292S24	SES292	0.682699	18.8923	18.2096
BLOCK29/SES292/SA292S27	SES292	0.291821	18.5133	18.2215
BLOCK00/SES001/SA001S14	SES062	-2.40192	14.141	16.543
BLOCK00/SES001/SA001S14	SES082	-2.58077	13.9622	16.543
BLOCK00/SES001/SA001S14	SES106	-2.25956	14.2834	16.543
BLOCK00/SES001/SA001S14	SES206	-1.7267	14.8163	16.543
BLOCK00/SES001/SA001S15	SES062	-2.59219	15.0799	17.6721
BLOCK00/SES001/SA001S15	SES104	-2.64899	15.0231	17.6721
BLOCK00/SES001/SA001S15	SES106	-1.90083	15.7713	17.6721
BLOCK00/SES001/SA001S15	SES206	-1.56715	16.105	17.6721
BLOCK00/SES001/SA001S24	SES062	-2.8123	13.4563	16.2686
BLOCK00/SES001/SA001S24	SES082	-3.06246	13.2062	16.2686
BLOCK00/SES001/SA001S24	SES087	-1.96363	14.305	16.2686
BLOCK00/SES001/SA001S24	SES206	-1.93279	14.3358	16.2686
BLOCK00/SES001/SA001S27	SES062	-2.35611	15.6777	18.0338
BLOCK00/SES001/SA001S27	SES082	-2.21047	15.8234	18.0338
BLOCK00/SES001/SA001S27	SES087	-1.7914	16.2424	18.0338
BLOCK00/SES001/SA001S27	SES206	-2.18964	15.8442	18.0338
BLOCK00/SES001/SA001S29	SES062	-3.01739	13.058	16.0754
BLOCK00/SES001/SA001S29	SES082	-1.89992	14.1755	16.0754
BLOCK00/SES001/SA001S29	SES158	-1.58041	14.495	16.0754
BLOCK00/SES001/SA001S29	SES206	-2.52322	13.5522	16.0754
BLOCK00/SES003/SA003S11	SES002	-1.14941	15.8255	16.9749
BLOCK00/SES003/SA003S11	SES019	-1.98056	14.9944	16.9749
BLOCK00/SES003/SA003S11	SES082	-1.15577	15.8192	16.9749
BLOCK00/SES003/SA003S11	SES125	-2.04419	14.9308	16.9749
BLOCK00/SES003/SA003S15	SES016	-1.86254	16.5928	18.4554
BLOCK00/SES003/SA003S15	SES019	-1.92714	16.5282	18.4554
BLOCK00/SES003/SA003S15	SES062	-1.71599	16.7394	18.4554
BLOCK00/SES003/SA003S15	SES206	-1.46076	16.9946	18.4554
BLOCK00/SES003/SA003S22	SES002	-2.28229	15.2357	17.518
BLOCK00/SES003/SA003S22	SES062	-1.0811	16.4369	17.518
BLOCK00/SES003/SA003S22	SES082	-2.01607	15.5019	17.518
BLOCK00/SES003/SA003S22	SES087	-1.99825	15.5197	17.518
BLOCK00/SES003/SA003S25	SES062	-3.12324	13.5382	16.6614
BLOCK00/SES003/SA003S25	SES082	-1.83218	14.8292	16.6614
BLOCK00/SES003/SA003S25	SES087	-1.93773	14.7237	16.6614
BLOCK00/SES003/SA003S25	SES206	-2.3946	14.2668	16.6614
BLOCK00/SES003/SA003S29	SES002	-1.5866	15.1201	16.7067
BLOCK00/SES003/SA003S29	SES062	-2.43523	14.2715	16.7067
BLOCK00/SES003/SA003S29	SES082	-1.65655	15.0502	16.7067
BLOCK00/SES003/SA003S29	SES087	-2.26579	14.4409	16.7067
BLOCK00/SES004/SA004S12	SES083	-1.9812	14.6997	16.6809
BLOCK00/SES004/SA004S12	SES148	-2.84728	13.8336	16.6809
BLOCK00/SES004/SA004S12	SES172	-0.864232	15.8167	16.6809
BLOCK00/SES004/SA004S12	SES292	-1.43275	15.2482	16.6809
BLOCK00/SES004/SA004S17	SES083	-2.06147	14.7761	16.8376
BLOCK00/SES004/SA004S17	SES162	-1.49017	15.3474	16.8376
BLOCK00/SES004/SA004S17	SES172	-1.13025	15.7073	16.8376
BLOCK00/SES004/SA004S17	SES292	-1.88506	14.9525	16.8376
BLOCK00/SES004/SA004S24	SES083	-2.20315	14.4984	16.7015
BLOCK00/SES004/SA004S24	SES148	-2.56374	14.1378	16.7015
BLOCK00/SES004/SA004S24	SES172	-0.596413	16.1051	16.7015
BLOCK00/SES004/SA004S24	SES292	-1.22181	15.4797	16.7015
BLOCK00/SES004/SA004S26	SES083	-2.64365	13.8504	16.494
BLOCK00/SES004/SA004S26	SES127	-1.50449	14.9895	16.494
BLOCK00/SES004/SA004S26	SES148	-3.37779	13.1162	16.494
BLOCK00/SES004/SA004S26	SES292	-2.92004	13.574	16.494
BLOCK00/SES004/SA004S28	SES083	-1.54656	16.3075	17.8541
BLOCK00/SES004/SA004S28	SES127	-1.1323	16.7218	17.8541
BLOCK00/SES004/SA004S28	SES187	-0.821619	17.0324	17.8541
BLOCK00/SES004/SA004S28	SES292	-2.5604	15.2937	17.8541
BLOCK00/SES006/SA006S10	SES014	-4.58987	8.90234	13.4922
BLOCK00/SES006/SA006S10	SES158	-2.48056	11.0117	13.4922
BLOCK00/SES006/SA006S10	SES226	-4.20168	9.29052	13.4922
BLOCK00/SES006/SA006S10	SES270	-1.6106	11.8816	13.4922
BLOCK00/SES006/SA006S11	SES158	-1.81716	12.1518	13.9689
BLOCK00/SES006/SA006S11	SES226	-3.0532	10.9157	13.9689
BLOCK00/SES006/SA006S11	SES270	-1.546	12.4229	13.9689
BLOCK00/SES006/SA006S11	SES275	-3.13816	10.8308	13.9689
BLOCK00/SES006/SA006S23	SES062	-2.1454	14.3193	16.4647
BLOCK00/SES006/SA006S23	SES105	-4.0239	12.4408	16.4647
BLOCK00/SES006/SA006S23	SES158	-1.9707	14.494	16.4647
BLOCK00/SES006/SA006S23	SES275	-2.89914	13.5655	16.4647
BLOCK00/SES006/SA006S26	SES104	-4.07705	11.2874	15.3644
BLOCK00/SES006/SA006S26	SES158	-1.75925	13.6052	15.3644
BLOCK00/SES006/SA006S26	SES270	-0.66146	14.703	15.3644
BLOCK00/SES006/SA006S26	SES275	-2.86755	12.4969	15.3644
BLOCK00/SES006/SA006S28	SES007	-3.08913	10.8309	13.9201
BLOCK00/SES006/SA006S28	SES105	-3.54501	10.375	13.9201
BLOCK00/SES006/SA006S28	SES158	-1.76518	12.1549	13.9201
BLOCK00/SES006/SA006S28	SES275	-3.66873	10.2513	13.9201
BLOCK00/SES009/SA009S12	SES083	-2.92201	15.2084	18.1304
BLOCK00/SES009/SA009S12	SES148	-2.69263	15.4378	18.1304
BLOCK00/SES009/SA009S12	SES177	-1.53503	16.5954	18.1304
BLOCK00/SES009/SA009S12	SES292	-1.91145	16.2189	18.1304
BLOCK00/SES009/SA009S15	SES007	-0.0789185	18.7583	18.8372
BLOCK00/SES009/SA009S15	SES099	-3.59738	15.2399	18.8372
BLOCK00/SES009/SA009S15	SES148	-2.40729	16.43	18.8372
BLOCK00/SES009/SA009S15	SES172	-1.456	17.3813	18.8372
BLOCK00/SES009/SA009S24	SES146	-1.38001	17.1656	18.5456
BLOCK00/SES009/SA009S24	SES148	-2.81606	15.7295	18.5456
BLOCK00/SES009/SA009S24	SES177	-0.581438	17.9642	18.5456
BLOCK00/SES009/SA009S24	SES292	-1.45311	17.0925	18.5456
BLOCK00/SES009/SA009S26	SES083	-2.85667	14.9129	17.7696
BLOCK00/SES009/SA009S26	SES101	-2.53452	15.2351	17.7696
BLOCK00/SES009/SA009S26	SES120	-1.85809	15.9115	17.7696
BLOCK00/SES009/SA009S26	SES177	-1.01893	16.7506	17.7696
BLOCK00/SES009/SA009S29	SES083	-2.52115	16.0234	18.5445
BLOCK00/SES009/SA009S29	SES101	-2.34773	16.1968	18.5445
BLOCK00/SES009/SA009S29	SES177	-1.20391	17.3406	18.5445
BLOCK00/SES009/SA009S29	SES292	-1.55832	16.9862	18.5445
BLOCK01/SES011/SA011S10	SES019	-1.52293	16.1214	17.6444
BLOCK01/SES011/SA011S10	SES042	-0.469025	17.1753	17.6444
BLOCK01/SES011/SA011S10	SES082	-2.48066	15.1637	17.6444
BLOCK01/SES011/SA011S10	SES206	-1.82526	15.8191	17.6444
BLOCK01/SES011/SA011S11	SES019	-2.2096	14.3315	16.5411
BLOCK01/SES011/SA011S11	SES042	-1.96958	14.5716	16.5411
BLOCK01/SES011/SA011S11	SES082	-2.32929	14.2118	16.5411
BLOCK01/SES011/SA011S11	SES206	-2.22917	14.312	16.5411
BLOCK01/SES011/SA011S22	SES019	-1.23736	14.8305	16.0679
BLOCK01/SES011/SA011S22	SES042	-0.175779	15.8921	16.0679
BLOCK01/SES011/SA011S22	SES082	-2.08353	13.9843	16.0679
BLOCK01/SES011/SA011S22	SES206	-2.0192	14.0487	16.0679
BLOCK01/SES011/SA011S24	SES019	-2.10186	14.9014	17.0032
BLOCK01/SES011/SA011S24	SES042	-0.776014	16.2272	17.0032
BLOCK01/SES011/SA011S24	SES104	-2.26872	14.7345	17.0032
BLOCK01/SES011/SA011S24	SES206	-2.01405	14.9892	17.0032
BLOCK01/SES011/SA011S27	SES082	-0.684538	16.0165	16.701
BLOCK01/SES011/SA011S27	SES087	-1.86622	14.8348	16.701
BLOCK01/SES011/SA011S27	SES125	-1.41745	15.2836	16.701
BLOCK01/SES011/SA011S27	SES206	-1.55499	15.146	16.701
BLOCK01/SES012/SA012S11	SES007	-1.31427	18.0763	19.3906
BLOCK01/SES012/SA012S11	SES082	-2.03568	17.3549	19.3906
BLOCK01/SES012/SA012S11	SES083	-2.60429	16.7863	19.3906
BLOCK01/SES012/SA012S11	SES206	-1.96026	17.4303	19.3906
BLOCK01/SES012/SA012S14	SES082	-0.863651	18.2126	19.0762
BLOCK01/SES012/SA012S14	SES087	-2.35246	16.7237	19.0762
BLOCK01/SES012/SA012S14	SES206	-1.3886	17.6876	19.0762
BLOCK01/SES012/SA012S14	SES292	-2.03158	17.0446	19.0762
BLOCK01/SES012/SA012S24	SES082	-0.747969	16.8563	17.6043
BLOCK01/SES012/SA012S24	SES087	-1.75296	15.8513	17.6043
BLOCK01/SES012/SA012S24	SES120	-2.42892	15.1754	17.6043
BLOCK01/SES012/SA012S24	SES206	-1.10233	16.502	17.6043
BLOCK01/SES012/SA012S26	SES019	-3.49692	15.494	18.9909
BLOCK01/SES012/SA012S26	SES082	-2.6729	16.318	18.9909
BLOCK01/SES012/SA012S26	SES206	-0.724201	18.2667	18.9909
BLOCK01/SES012/SA012S26	SES292	-1.31153	17.6794	18.9909
BLOCK01/SES012/SA012S29	SES062	-1.90728	17.4511	19.3583
BLOCK01/SES012/SA012S29	SES082	-1.27197	18.0864	19.3583
BLOCK01/SES012/SA012S29	SES083	-3.18743	16.1709	19.3583
BLOCK01/SES012/SA012S29	SES206	-1.57421	17.7841	19.3583
BLOCK01/SES013/SA013S16	SES062	-3.0094	13.5078	16.5172
BLOCK01/SES013/SA013S16	SES106	-1.5728	14.9444	16.5172
BLOCK01/SES013/SA013S16	SES206	-2.05304	14.4641	16.5172
BLOCK01/SES013/SA013S16	SES226	-1.60513	14.9121	16.5172
BLOCK01/SES013/SA013S17	SES062	-2.28261	16.097	18.3796
BLOCK01/SES013/SA013S17	SES106	-2.7355	15.6441	18.3796
BLOCK01/SES013/SA013S17	SES206	-0.967485	17.4121	18.3796
BLOCK01/SES013/SA013S17	SES226	-1.19239	17.1872	18.3796
BLOCK01/SES013/SA013S23	SES104	-2.40124	14.9599	17.3611
BLOCK01/SES013/SA013S23	SES106	-1.51844	15.8427	17.3611
BLOCK01/SES013/SA013S23	SES206	-2.08624	15.2749	17.3611
BLOCK01/SES013/SA013S23	SES270	-1.37432	15.9868	17.3611
BLOCK01/SES013/SA013S25	SES042	-1.64831	16.5077	18.156
BLOCK01/SES013/SA013S25	SES104	-1.53504	16.621	18.156
BLOCK01/SES013/SA013S25	SES106	-1.46293	16.6931	18.156
BLOCK01/SES013/SA013S25	SES206	-1.00526	17.1508	18.156
BLOCK01/SES013/SA013S29	SES062	-3.48274	13.9002	17.383
BLOCK01/SES013/SA013S29	SES104	-3.27165	14.1113	17.383
BLOCK01/SES013/SA013S29	SES106	-2.26396	15.119	17.383
BLOCK01/SES013/SA013S29	SES206	-1.8979	15.4851	17.383
BLOCK02/SES021/SA021S13	SES016	-3.05297	15.6909	18.7438
BLOCK02/SES021/SA021S13	SES029	-1.79088	16.953	18.7438
BLOCK02/SES021/SA021S13	SES087	-1.9328	16.811	18.7438
BLOCK02/SES021/SA021S13	SES206	-1.81737	16.9265	18.7438
BLOCK02/SES021/SA021S15	SES087	-1.14841	18.8092	19.9576
BLOCK02/SES021/SA021S15	SES125	-1.20035	18.7572	19.9576
BLOCK02/SES021/SA021S15	SES206	-1.25429	18.7033	19.9576
BLOCK02/SES021/SA021S15	SES226	-2.34247	17.6151	19.9576
BLOCK02/SES021/SA021S23	SES062	-3.44369	13.3178	16.7615
BLOCK02/SES021/SA021S23	SES087	-1.45144	15.3101	16.7615
BLOCK02/SES021/SA021S23	SES206	-1.98728	14.7742	16.7615
BLOCK02/SES021/SA021S23	SES226	-1.0754	15.6861	16.7615
BLOCK02/SES021/SA021S27	SES002	-0.897959	18.0783	18.9762
BLOCK02/SES021/SA021S27	SES016	-4.02029	14.9559	18.9762
BLOCK02/SES021/SA021S27	SES019	-1.88574	17.0905	18.9762
BLOCK02/SES021/SA021S27	SES062	-2.25629	16.7199	18.9762
BLOCK02/SES021/SA021S29	SES087	-1.68487	16.9032	18.5881
BLOCK02/SES021/SA021S29	SES125	-1.29905	17.289	18.5881
BLOCK02/SES021/SA021S29	SES206	-1.47596	17.1121	18.5881
BLOCK02/SES021/SA021S29	SES226	-2.50325	16.0848	18.5881
BLOCK04/SES043/SA043S09	SES083	-1.64004	14.5127	16.1527
BLOCK04/SES043/SA043S09	SES101	-1.42592	14.7268	16.1527
BLOCK04/SES043/SA043S09	SES144	-0.99044	15.1623	16.1527
BLOCK04/SES043/SA043S09	SES172	-1.66788	14.4849	16.1527
BLOCK04/SES043/SA043S11	SES083	-0.926661	17.0512	17.9778
BLOCK04/SES043/SA043S11	SES101	-1.12359	16.8542	17.9778
BLOCK04/SES043/SA043S11	SES144	-0.500845	17.477	17.9778
BLOCK04/SES043/SA043S11	SES172	-1.33514	16.6427	17.9778
BLOCK04/SES043/SA043S23	SES083	-1.14479	16.413	17.5578
BLOCK04/SES043/SA043S23	SES144	-0.541656	17.0161	17.5578
BLOCK04/SES043/SA043S23	SES177	-1.59936	15.9584	17.5578
BLOCK04/SES043/SA043S23	SES275	-1.18826	16.3695	17.5578
BLOCK04/SES043/SA043S26	SES083	-1.5677	14.9013	16.469
BLOCK04/SES043/SA043S26	SES101	-1.34205	15.1269	16.469
BLOCK04/SES043/SA043S26	SES144	-0.119461	16.3495	16.469
BLOCK04/SES043/SA043S26	SES177	-1.45741	15.0116	16.469
BLOCK04/SES043/SA043S28	SES016	-2.23172	16.0904	18.3221
BLOCK04/SES043/SA043S28	SES083	-1.25033	17.0718	18.3221
BLOCK04/SES043/SA043S28	SES101	-0.887234	17.4349	18.3221
BLOCK04/SES043/SA043S28	SES144	-1.08593	17.2362	18.3221
BLOCK04/SES044/SA044S10	SES127	-3.6811	9.43671	13.1178
BLOCK04/SES044/SA044S10	SES144	-1.30369	11.8141	13.1178
BLOCK04/SES044/SA044S10	SES147	-3.46063	9.65718	13.1178
BLOCK04/SES044/SA044S10	SES148	-2.8708	10.247	13.1178
BLOCK04/SES044/SA044S11	SES101	-1.42738	14.1053	15.5327
BLOCK04/SES044/SA044S11	SES144	-0.621447	14.9112	15.5327
BLOCK04/SES044/SA044S11	SES147	-2.65662	12.876	15.5327
BLOCK04/SES044/SA044S11	SES177	-2.56262	12.97	15.5327
BLOCK04/SES044/SA044S24	SES007	-2.77616	13.596	16.3722
BLOCK04/SES044/SA044S24	SES101	-1.66159	14.7106	16.3722
BLOCK04/SES044/SA044S24	SES147	-2.84465	13.5275	16.3722
BLOCK04/SES044/SA044S24	SES177	-2.72786	13.6443	16.3722
BLOCK04/SES044/SA044S26	SES007	-1.81896	14.8472	16.6662
BLOCK04/SES044/SA044S26	SES016	-1.3848	15.2814	16.6662
BLOCK04/SES044/SA044S26	SES101	-1.0579	15.6083	16.6662
BLOCK04/SES044/SA044S26	SES147	-1.7389	14.9273	16.6662
BLOCK04/SES044/SA044S29	SES007	-2.1135	15.1269	17.2404
BLOCK04/SES044/SA044S29	SES101	-0.104263	17.1362	17.2404
BLOCK04/SES044/SA044S29	SES147	-2.09677	15.1436	17.2404
BLOCK04/SES044/SA044S29	SES177	-2.45275	14.7877	17.2404
BLOCK04/SES046/SA046S13	SES101	-1.35539	14.337	15.6924
BLOCK04/SES046/SA046S13	SES144	-1.28669	14.4057	15.6924
BLOCK04/SES046/SA046S13	SES147	-2.27185	13.4205	15.6924
BLOCK04/SES046/SA046S13	SES177	-2.20735	13.485	15.6924
BLOCK04/SES046/SA046S15	SES048	-0.446531	17.6247	18.0712
BLOCK04/SES046/SA046S15	SES083	-1.02185	17.0493	18.0712
BLOCK04/SES046/SA046S15	SES120	-2.72498	15.3462	18.0712
BLOCK04/SES046/SA046S15	SES148	-1.77546	16.2957	18.0712
BLOCK04/SES046/SA046S22	SES101	-1.28143	15.0673	16.3487
BLOCK04/SES046/SA046S22	SES144	-0.815973	15.5328	16.3487
BLOCK04/SES046/SA046S22	SES147	-2.31256	14.0362	16.3487
BLOCK04/SES046/SA046S22	SES172	-1.14085	15.2079	16.3487
BLOCK04/SES046/SA046S25	SES083	-1.85461	14.9699	16.8245
BLOCK04/SES046/SA046S25	SES127	-1.46947	15.355	16.8245
BLOCK04/SES046/SA046S25	SES144	-2.03996	14.7845	16.8245
BLOCK04/SES046/SA046S25	SES148	-2.03997	14.7845	16.8245
BLOCK04/SES046/SA046S28	SES007	-2.27474	14.3532	16.628
BLOCK04/SES046/SA046S28	SES105	-2.76947	13.8585	16.628
BLOCK04/SES046/SA046S28	SES147	-1.13138	15.4966	16.628
BLOCK04/SES046/SA046S28	SES148	-1.292	15.336	16.628
BLOCK04/SES049/SA049S16	SES104	-2.89573	12.9114	15.8071
BLOCK04/SES049/SA049S16	SES106	-2.42573	13.3814	15.8071
BLOCK04/SES049/SA049S16	SES120	-1.91636	13.8908	15.8071
BLOCK04/SES049/SA049S16	SES206	-1.50315	14.304	15.8071
BLOCK04/SES049/SA049S18	SES099	-1.89206	13.6775	15.5696
BLOCK04/SES049/SA049S18	SES104	-2.55444	13.0152	15.5696
BLOCK04/SES049/SA049S18	SES125	-2.48265	13.087	15.5696
BLOCK04/SES049/SA049S18	SES206	-1.74005	13.8296	15.5696
BLOCK04/SES049/SA049S25	SES087	-1.56928	14.9154	16.4847
BLOCK04/SES049/SA049S25	SES104	-0.741548	15.7432	16.4847
BLOCK04/SES049/SA049S25	SES125	-1.72518	14.7595	16.4847
BLOCK04/SES049/SA049S25	SES206	-0.9687	15.516	16.4847
BLOCK04/SES049/SA049S27	SES099	-0.851955	15.5957	16.4476
BLOCK04/SES049/SA049S27	SES104	-0.69169	15.756	16.4476
BLOCK04/SES049/SA049S27	SES125	-1.94705	14.5006	16.4476
BLOCK04/SES049/SA049S27	SES206	-1.34888	15.0988	16.4476
BLOCK04/SES049/SA049S29	SES099	-0.575865	17.262	17.8379
BLOCK04/SES049/SA049S29	SES104	-0.649281	17.1886	17.8379
BLOCK04/SES049/SA049S29	SES125	-1.27412	16.5637	17.8379
BLOCK04/SES049/SA049S29	SES206	-0.614033	17.2238	17.8379
BLOCK06/SES063/SA063S09	SES068	-1.94548	16.5995	18.545
BLOCK06/SES063/SA063S09	SES083	-1.34097	17.204	18.545
BLOCK06/SES063/SA063S09	SES177	-1.54828	16.9967	18.545
BLOCK06/SES063/SA063S09	SES187	-2.07156	16.4735	18.545
BLOCK06/SES063/SA063S10	SES068	-2.08515	15.6251	17.7102
BLOCK06/SES063/SA063S10	SES083	-1.3542	16.356	17.7102
BLOCK06/SES063/SA063S10	SES172	-2.04832	15.6619	17.7102
BLOCK06/SES063/SA063S10	SES187	-2.07214	15.6381	17.7102
BLOCK06/SES063/SA063S20	SES068	-2.21662	15.1608	17.3774
BLOCK06/SES063/SA063S20	SES083	-1.8423	15.5351	17.3774
BLOCK06/SES063/SA063S20	SES172	-1.067	16.3104	17.3774
BLOCK06/SES063/SA063S20	SES187	-1.29506	16.0823	17.3774
BLOCK06/SES063/SA063S24	SES029	-2.52883	15.7655	18.2943
BLOCK06/SES063/SA063S24	SES083	-1.4629	16.8314	18.2943
BLOCK06/SES063/SA063S24	SES177	-0.945929	17.3484	18.2943
BLOCK06/SES063/SA063S24	SES189	-1.48549	16.8088	18.2943
BLOCK06/SES063/SA063S27	SES083	-0.655378	16.9772	17.6326
BLOCK06/SES063/SA063S27	SES172	-1.62239	16.0102	17.6326
BLOCK06/SES063/SA063S27	SES187	-2.0722	15.5604	17.6326
BLOCK06/SES063/SA063S27	SES292	-2.25945	15.3732	17.6326
BLOCK06/SES067/SA067S12	SES083	-2.58407	15.9024	18.4865
BLOCK06/SES067/SA067S12	SES172	-2.31116	16.1753	18.4865
BLOCK06/SES067/SA067S12	SES202	-1.01824	17.4683	18.4865
BLOCK06/SES067/SA067S12	SES292	-2.41729	16.0692	18.4865
BLOCK06/SES067/SA067S14	SES085	-1.86106	17.6181	19.4791
BLOCK06/SES067/SA067S14	SES177	-1.82205	17.6571	19.4791
BLOCK06/SES067/SA067S14	SES183	-0.384159	19.095	19.4791
BLOCK06/SES067/SA067S14	SES202	-1.14304	18.3361	19.4791
BLOCK06/SES067/SA067S21	SES144	-1.10972	16.7335	17.8432
BLOCK06/SES067/SA067S21	SES177	-0.604023	17.2392	17.8432
BLOCK06/SES067/SA067S21	SES183	-0.275923	17.5673	17.8432
BLOCK06/SES067/SA067S21	SES189	-0.678446	17.1647	17.8432
BLOCK06/SES067/SA067S25	SES085	-1.47772	16.7398	18.2176
BLOCK06/SES067/SA067S25	SES177	-1.6217	16.5959	18.2176
BLOCK06/SES067/SA067S25	SES183	-0.836796	17.3808	18.2176
BLOCK06/SES067/SA067S25	SES202	-2.13345	16.0841	18.2176
BLOCK06/SES067/SA067S29	SES085	-2.86537	15.436	18.3014
BLOCK06/SES067/SA067S29	SES177	-2.74915	15.5522	18.3014
BLOCK06/SES067/SA067S29	SES183	-0.809332	17.4921	18.3014
BLOCK06/SES067/SA067S29	SES202	-0.588644	17.7127	18.3014
BLOCK06/SES069/SA069S12	SES029	-2.83697	15.6735	18.5104
BLOCK06/SES069/SA069S12	SES082	-0.586483	17.924	18.5104
BLOCK06/SES069/SA069S12	SES087	-1.47346	17.037	18.5104
BLOCK06/SES069/SA069S12	SES206	-1.00122	17.5092	18.5104
BLOCK06/SES069/SA069S13	SES029	-3.08083	15.2217	18.3025
BLOCK06/SES069/SA069S13	SES087	-1.21675	17.0858	18.3025
BLOCK06/SES069/SA069S13	SES206	-1.40485	16.8977	18.3025
BLOCK06/SES069/SA069S13	SES226	-0.559973	17.7426	18.3025
BLOCK06/SES069/SA069S23	SES029	-0.83386	19.0754	19.9092
BLOCK06/SES069/SA069S23	SES087	-0.668159	19.2411	19.9092
BLOCK06/SES069/SA069S23	SES206	-1.3087	18.6005	19.9092
BLOCK06/SES069/SA069S23	SES226	-0.250919	19.6583	19.9092
BLOCK06/SES069/SA069S25	SES087	-1.10764	17.9569	19.0645
BLOCK06/SES069/SA069S25	SES206	-3.03243	16.0321	19.0645
BLOCK06/SES069/SA069S25	SES226	-1.1575	17.907	19.0645
BLOCK06/SES069/SA069S25	SES270	-1.98085	17.0837	19.0645
BLOCK06/SES069/SA069S27	SES087	-1.8822	17.2295	19.1117
BLOCK06/SES069/SA069S27	SES206	-0.939096	18.1726	19.1117
BLOCK06/SES069/SA069S27	SES226	-0.430965	18.6808	19.1117
BLOCK06/SES069/SA069S27	SES270	-0.988573	18.1231	19.1117
BLOCK08/SES081/SA081S11	SES060	-1.9457	14.5403	16.486
BLOCK08/SES081/SA081S11	SES062	-1.98102	14.5049	16.486
BLOCK08/SES081/SA081S11	SES117	-3.22074	13.2652	16.486
BLOCK08/SES081/SA081S11	SES162	-2.64028	13.8457	16.486
BLOCK08/SES081/SA081S13	SES016	-1.38645	17.1597	18.5461
BLOCK08/SES081/SA081S13	SES060	-0.347809	18.1983	18.5461
BLOCK08/SES081/SA081S13	SES068	-0.801956	17.7442	18.5461
BLOCK08/SES081/SA081S13	SES129	-2.24725	16.2989	18.5461
BLOCK08/SES081/SA081S24	SES060	-0.837681	16.5241	17.3618
BLOCK08/SES081/SA081S24	SES068	-0.753611	16.6082	17.3618
BLOCK08/SES081/SA081S24	SES117	-2.26512	15.0967	17.3618
BLOCK08/SES081/SA081S24	SES275	-2.2135	15.1483	17.3618
BLOCK08/SES081/SA081S27	SES007	-1.32096	15.1713	16.4923
BLOCK08/SES081/SA081S27	SES060	-1.7366	14.7557	16.4923
BLOCK08/SES081/SA081S27	SES117	-1.04914	15.4432	16.4923
BLOCK08/SES081/SA081S27	SES275	-1.80601	14.6863	16.4923
BLOCK08/SES081/SA081S29	SES007	-0.772139	16.7877	17.5598
BLOCK08/SES081/SA081S29	SES060	-1.34628	16.2135	17.5598
BLOCK08/SES081/SA081S29	SES117	-1.71189	15.8479	17.5598
BLOCK08/SES081/SA081S29	SES275	-2.30401	15.2558	17.5598
BLOCK08/SES086/SA086S11	SES029	-4.35063	11.7914	16.1421
BLOCK08/SES086/SA086S11	SES082	-2.14855	13.9935	16.1421
BLOCK08/SES086/SA086S11	SES087	-0.754227	15.3878	16.1421
BLOCK08/SES086/SA086S11	SES206	-2.38681	13.7553	16.1421
BLOCK08/SES086/SA086S12	SES029	-2.84297	14.5138	17.3568
BLOCK08/SES086/SA086S12	SES082	-2.01349	15.3433	17.3568
BLOCK08/SES086/SA086S12	SES087	-0.0190258	17.3378	17.3568
BLOCK08/SES086/SA086S12	SES206	-1.34875	16.0081	17.3568
BLOCK08/SES086/SA086S20	SES029	-3.58205	14.6738	18.2558
BLOCK08/SES086/SA086S20	SES082	-2.88655	15.3693	18.2558
BLOCK08/SES086/SA086S20	SES087	-0.396788	17.8591	18.2558
BLOCK08/SES086/SA086S20	SES206	-1.40369	16.8522	18.2558
BLOCK08/SES086/SA086S24	SES087	-0.468401	16.8463	17.3147
BLOCK08/SES086/SA086S24	SES104	-2.07732	15.2373	17.3147
BLOCK08/SES086/SA086S24	SES120	-2.31055	15.0041	17.3147
BLOCK08/SES086/SA086S24	SES206	-0.397005	16.9177	17.3147
BLOCK08/SES086/SA086S28	SES029	-2.65756	15.5486	18.2062
BLOCK08/SES086/SA086S28	SES082	-2.04391	16.1623	18.2062
BLOCK08/SES086/SA086S28	SES087	-0.67766	17.5285	18.2062
BLOCK08/SES086/SA086S28	SES206	-0.977661	17.2285	18.2062
BLOCK08/SES089/SA089S13	SES087	-1.48031	14.7521	16.2324
BLOCK08/SES089/SA089S13	SES206	-1.94112	14.2913	16.2324
BLOCK08/SES089/SA089S13	SES226	-1.23945	14.993	16.2324
BLOCK08/SES089/SA089S13	SES270	-2.23234	14.0001	16.2324
BLOCK08/SES089/SA089S14	SES062	-2.19337	15.1582	17.3516
BLOCK08/SES089/SA089S14	SES087	-0.574831	16.7768	17.3516
BLOCK08/SES089/SA089S14	SES206	-1.26261	16.089	17.3516
BLOCK08/SES089/SA089S14	SES226	-1.81155	15.5401	17.3516
BLOCK08/SES089/SA089S23	SES087	-1.24042	13.8399	15.0803
BLOCK08/SES089/SA089S23	SES206	-1.33196	13.7484	15.0803
BLOCK08/SES089/SA089S23	SES226	-1.84416	13.2362	15.0803
BLOCK08/SES089/SA089S23	SES270	-2.70035	12.38	15.0803
BLOCK08/SES089/SA089S25	SES062	-2.60426	14.5844	17.1886
BLOCK08/SES089/SA089S25	SES087	-1.07449	16.1141	17.1886
BLOCK08/SES089/SA089S25	SES206	-2.34255	14.8461	17.1886
BLOCK08/SES089/SA089S25	SES226	-1.16243	16.0262	17.1886
BLOCK08/SES089/SA089S28	SES062	-1.72108	15.1954	16.9165
BLOCK08/SES089/SA089S28	SES087	-0.571789	16.3447	16.9165
BLOCK08/SES089/SA089S28	SES206	-1.02288	15.8936	16.9165
BLOCK08/SES089/SA089S28	SES226	-0.72913	16.1874	16.9165
BLOCK09/SES097/SA097S11	SES099	-0.189106	16.1393	16.3284
BLOCK09/SES097/SA097S11	SES125	-1.58611	14.7423	16.3284
BLOCK09/SES097/SA097S11	SES206	-1.31239	15.0161	16.3284
BLOCK09/SES097/SA097S11	SES226	-0.54175	15.7867	16.3284
BLOCK09/SES097/SA097S14	SES062	-1.75563	14.5935	16.3491
BLOCK09/SES097/SA097S14	SES099	-0.371037	15.9781	16.3491
BLOCK09/SES097/SA097S14	SES104	-1.65019	14.6989	16.3491
BLOCK09/SES097/SA097S14	SES206	-1.95934	14.3898	16.3491
BLOCK09/SES097/SA097S22	SES099	1.1093	17.4718	16.3625
BLOCK09/SES097/SA097S22	SES206	-1.53012	14.8324	16.3625
BLOCK09/SES097/SA097S22	SES226	-1.91392	14.4486	16.3625
BLOCK09/SES097/SA097S22	SES270	-0.0181942	16.3443	16.3625
BLOCK09/SES097/SA097S26	SES099	-0.317211	16.7403	17.0576
BLOCK09/SES097/SA097S26	SES120	-1.97615	15.0814	17.0576
BLOCK09/SES097/SA097S26	SES206	-1.40554	15.652	17.0576
BLOCK09/SES097/SA097S26	SES226	-2.76265	14.2949	17.0576
BLOCK09/SES097/SA097S28	SES099	-0.629766	16.043	16.6728
BLOCK09/SES097/SA097S28	SES120	-1.79815	14.8746	16.6728
BLOCK09/SES097/SA097S28	SES206	-2.15163	14.5212	16.6728
BLOCK09/SES097/SA097S28	SES226	-2.94266	13.7301	16.6728
BLOCK09/SES098/SA098S11	SES127	-2.50439	13.5112	16.0156
BLOCK09/SES098/SA098S11	SES144	-2.01755	13.9981	16.0156
BLOCK09/SES098/SA098S11	SES147	-1.30356	14.7121	16.0156
BLOCK09/SES098/SA098S11	SES148	-3.31339	12.7022	16.0156
BLOCK09/SES098/SA098S12	SES127	-3.74327	10.5602	14.3034
BLOCK09/SES098/SA098S12	SES144	-3.11467	11.1888	14.3034
BLOCK09/SES098/SA098S12	SES147	-1.98637	12.3171	14.3034
BLOCK09/SES098/SA098S12	SES189	-2.14071	12.1627	14.3034
BLOCK09/SES098/SA098S20	SES127	-3.33825	12.0152	15.3534
BLOCK09/SES098/SA098S20	SES147	-1.8402	13.5132	15.3534
BLOCK09/SES098/SA098S20	SES148	-3.02843	12.325	15.3534
BLOCK09/SES098/SA098S20	SES292	-1.25881	14.0946	15.3534
BLOCK09/SES098/SA098S23	SES127	-2.57357	13.8524	16.426
BLOCK09/SES098/SA098S23	SES147	-1.87818	14.5478	16.426
BLOCK09/SES098/SA098S23	SES187	-1.76026	14.6657	16.426
BLOCK09/SES098/SA098S23	SES292	-1.98343	14.4426	16.426
BLOCK09/SES098/SA098S27	SES127	-3.86092	11.3609	15.2219
BLOCK09/SES098/SA098S27	SES147	-3.52644	11.6954	15.2219
BLOCK09/SES098/SA098S27	SES148	-3.65471	11.5672	15.2219
BLOCK09/SES098/SA098S27	SES292	-2.12574	13.0961	15.2219
BLOCK10/SES102/SA102S13	SES101	-1.18682	14.1058	15.2926
BLOCK10/SES102/SA102S13	SES105	-1.46758	13.825	15.2926
BLOCK10/SES102/SA102S13	SES120	-2.36482	12.9278	15.2926
BLOCK10/SES102/SA102S13	SES158	-3.50906	11.7835	15.2926
BLOCK10/SES102/SA102S14	SES007	-0.413195	17.7577	18.1709
BLOCK10/SES102/SA102S14	SES101	0.442848	18.6137	18.1709
BLOCK10/SES102/SA102S14	SES105	-0.575373	17.5955	18.1709
BLOCK10/SES102/SA102S14	SES147	-3.68945	14.4814	18.1709
BLOCK10/SES102/SA102S22	SES007	-1.23186	16.3131	17.5449
BLOCK10/SES102/SA102S22	SES101	-0.199299	17.3456	17.5449
BLOCK10/SES102/SA102S22	SES105	-0.533813	17.0111	17.5449
BLOCK10/SES102/SA102S22	SES158	-2.45429	15.0906	17.5449
BLOCK10/SES102/SA102S25	SES007	-0.683119	17.2494	17.9325
BLOCK10/SES102/SA102S25	SES101	0.030323	17.9629	17.9325
BLOCK10/SES102/SA102S25	SES105	-0.893742	17.0388	17.9325
BLOCK10/SES102/SA102S25	SES147	-3.44757	14.485	17.9325
BLOCK10/SES102/SA102S27	SES007	-1.10444	15.654	16.7585
BLOCK10/SES102/SA102S27	SES101	0.302486	17.061	16.7585
BLOCK10/SES102/SA102S27	SES105	-1.20207	15.5564	16.7585
BLOCK10/SES102/SA102S27	SES147	-2.59138	14.1671	16.7585
BLOCK10/SES103/SA103S14	SES105	-2.73333	12.7235	15.4568
BLOCK10/SES103/SA103S14	SES106	-1.55702	13.8998	15.4568
BLOCK10/SES103/SA103S14	SES120	-2.88917	12.5676	15.4568
BLOCK10/SES103/SA103S14	SES206	-3.24293	12.2139	15.4568
BLOCK10/SES103/SA103S15	SES099	-2.32625	11.9813	14.3076
BLOCK10/SES103/SA103S15	SES101	-4.84518	9.46238	14.3076
BLOCK10/SES103/SA103S15	SES104	-2.8357	11.4719	14.3076
BLOCK10/SES103/SA103S15	SES125	-1.94752	12.36	14.3076
BLOCK10/SES103/SA103S24	SES104	-2.09192	15.1234	17.2153
BLOCK10/SES103/SA103S24	SES125	-2.12049	15.0948	17.2153
BLOCK10/SES103/SA103S24	SES148	-3.37623	13.8391	17.2153
BLOCK10/SES103/SA103S24	SES158	-1.83404	15.3812	17.2153
BLOCK10/SES103/SA103S26	SES104	-2.7388	11.9662	14.705
BLOCK10/SES103/SA103S26	SES106	-1.42192	13.2831	14.705
BLOCK10/SES103/SA103S26	SES125	-2.16971	12.5353	14.705
BLOCK10/SES103/SA103S26	SES148	-4.52543	10.1796	14.705
BLOCK10/SES103/SA103S28	SES104	-3.01136	11.1098	14.1212
BLOCK10/SES103/SA103S28	SES106	-1.45027	12.6709	14.1212
BLOCK10/SES103/SA103S28	SES125	-2.4203	11.7009	14.1212
BLOCK10/SES103/SA103S28	SES206	-3.55696	10.5642	14.1212
BLOCK12/SES121/SA121S12	SES042	-2.83681	10.9711	13.8079
BLOCK12/SES121/SA121S12	SES087	-2.1102	11.6977	13.8079
BLOCK12/SES121/SA121S12	SES105	-1.73332	12.0746	13.8079
BLOCK12/SES121/SA121S12	SES206	-2.40545	11.4025	13.8079
BLOCK12/SES121/SA121S14	SES007	-2.33872	11.2748	13.6135
BLOCK12/SES121/SA121S14	SES105	-2.55034	11.0632	13.6135
BLOCK12/SES121/SA121S14	SES106	-2.00579	11.6077	13.6135
BLOCK12/SES121/SA121S14	SES206	-2.62141	10.9921	13.6135
BLOCK12/SES121/SA121S23	SES105	-2.33436	11.7163	14.0506
BLOCK12/SES121/SA121S23	SES106	-0.735033	13.3156	14.0506
BLOCK12/SES121/SA121S23	SES120	-1.95073	12.0999	14.0506
BLOCK12/SES121/SA121S23	SES206	-0.746977	13.3036	14.0506
BLOCK12/SES121/SA121S25	SES007	-2.10702	9.84285	11.9499
BLOCK12/SES121/SA121S25	SES105	-2.42577	9.52409	11.9499
BLOCK12/SES121/SA121S25	SES106	-1.8784	10.0715	11.9499
BLOCK12/SES121/SA121S25	SES206	-3.19238	8.75748	11.9499
BLOCK12/SES121/SA121S27	SES087	-1.30646	12.4672	13.7737
BLOCK12/SES121/SA121S27	SES105	-3.74727	10.0264	13.7737
BLOCK12/SES121/SA121S27	SES120	-0.913357	12.8603	13.7737
BLOCK12/SES121/SA121S27	SES206	-1.84716	11.9265	13.7737
BLOCK12/SES124/SA124S16	SES042	-0.419856	15.7624	16.1822
BLOCK12/SES124/SA124S16	SES082	-1.4382	14.744	16.1822
BLOCK12/SES124/SA124S16	SES183	-2.59881	13.5834	16.1822
BLOCK12/SES124/SA124S16	SES206	-2.4818	13.7004	16.1822
BLOCK12/SES124/SA124S17	SES105	-2.83156	11.7628	14.5943
BLOCK12/SES124/SA124S17	SES149	-3.92531	10.669	14.5943
BLOCK12/SES124/SA124S17	SES158	-2.86824	11.7261	14.5943
BLOCK12/SES124/SA124S17	SES275	-1.96644	12.6279	14.5943
BLOCK12/SES124/SA124S23	SES105	-2.91782	15.0457	17.9635
BLOCK12/SES124/SA124S23	SES125	-0.416718	17.5468	17.9635
BLOCK12/SES124/SA124S23	SES129	-2.79652	15.167	17.9635
BLOCK12/SES124/SA124S23	SES158	-1.04917	16.9144	17.9635
BLOCK12/SES124/SA124S26	SES105	-3.75136	13.0751	16.8265
BLOCK12/SES124/SA124S26	SES125	-1.23109	15.5954	16.8265
BLOCK12/SES124/SA124S26	SES129	-3.21649	13.61	16.8265
BLOCK12/SES124/SA124S26	SES158	-1.70613	15.1203	16.8265
BLOCK12/SES124/SA124S28	SES104	-1.3949	15.5076	16.9025
BLOCK12/SES124/SA124S28	SES106	-0.97726	15.9253	16.9025
BLOCK12/SES124/SA124S28	SES125	-0.208097	16.6944	16.9025
BLOCK12/SES124/SA124S28	SES275	-2.70787	14.1947	16.9025
BLOCK12/SES126/SA126S13	SES007	-1.59675	14.0811	15.6778
BLOCK12/SES126/SA126S13	SES162	-2.42855	13.2493	15.6778
BLOCK12/SES126/SA126S13	SES177	-1.98514	13.6927	15.6778
BLOCK12/SES126/SA126S13	SES180	-1.67283	14.005	15.6778
BLOCK12/SES126/SA126S14	SES144	-1.25164	16.0519	17.3035
BLOCK12/SES126/SA126S14	SES148	-1.97913	15.3244	17.3035
BLOCK12/SES126/SA126S14	SES177	-0.852123	16.4514	17.3035
BLOCK12/SES126/SA126S14	SES180	-2.07318	15.2303	17.3035
BLOCK12/SES126/SA126S20	SES007	-1.23994	15.8353	17.0752
BLOCK12/SES126/SA126S20	SES162	-1.85364	15.2216	17.0752
BLOCK12/SES126/SA126S20	SES172	-2.75469	14.3205	17.0752
BLOCK12/SES126/SA126S20	SES180	-1.80831	15.2669	17.0752
BLOCK12/SES126/SA126S24	SES120	-0.750586	17.2401	17.9906
BLOCK12/SES126/SA126S24	SES162	-2.034	15.9566	17.9906
BLOCK12/SES126/SA126S24	SES177	-0.988283	17.0024	17.9906
BLOCK12/SES126/SA126S24	SES180	-1.28072	16.7099	17.9906
BLOCK12/SES126/SA126S26	SES120	-0.942633	16.0969	17.0395
BLOCK12/SES126/SA126S26	SES177	-1.45796	15.5816	17.0395
BLOCK12/SES126/SA126S26	SES180	-1.68554	15.354	17.0395
BLOCK12/SES126/SA126S26	SES202	-2.40818	14.6314	17.0395
BLOCK12/SES128/SA128S10	SES087	-2.20485	15.1906	17.3955
BLOCK12/SES128/SA128S10	SES206	-1.63363	15.7618	17.3955
BLOCK12/SES128/SA128S10	SES226	-0.815119	16.5803	17.3955
BLOCK12/SES128/SA128S10	SES270	-1.30201	16.0935	17.3955
BLOCK12/SES128/SA128S12	SES120	-1.51492	14.995	16.5099
BLOCK12/SES128/SA128S12	SES158	-2.16105	14.3488	16.5099
BLOCK12/SES128/SA128S12	SES206	-1.83031	14.6796	16.5099
BLOCK12/SES128/SA128S12	SES226	-1.80758	14.7023	16.5099
BLOCK12/SES128/SA128S21	SES106	-2.96894	12.8687	15.8376
BLOCK12/SES128/SA128S21	SES120	-2.73344	13.1042	15.8376
BLOCK12/SES128/SA128S21	SES206	-1.99257	13.845	15.8376
BLOCK12/SES128/SA128S21	SES226	-1.32825	14.5094	15.8376
BLOCK12/SES128/SA128S24	SES087	-1.81142	14.5181	16.3295
BLOCK12/SES128/SA128S24	SES120	-1.43663	14.8929	16.3295
BLOCK12/SES128/SA128S24	SES206	-1.65806	14.6715	16.3295
BLOCK12/SES128/SA128S24	SES226	-2.22493	14.1046	16.3295
BLOCK12/SES128/SA128S27	SES099	-1.19106	16.537	17.7281
BLOCK12/SES128/SA128S27	SES120	-1.28678	16.4413	17.7281
BLOCK12/SES128/SA128S27	SES206	-1.62994	16.0981	17.7281
BLOCK12/SES128/SA128S27	SES226	-1.67002	16.0581	17.7281
BLOCK13/SES130/SA130S13	SES143	-0.55225	15.7411	16.2933
BLOCK13/SES130/SA130S13	SES144	-0.322646	15.9707	16.2933
BLOCK13/SES130/SA130S13	SES146	-1.51666	14.7767	16.2933
BLOCK13/SES130/SA130S13	SES275	-2.49721	13.7961	16.2933
BLOCK13/SES130/SA130S15	SES143	-1.53581	16.4746	18.0104
BLOCK13/SES130/SA130S15	SES144	-0.714256	17.2961	18.0104
BLOCK13/SES130/SA130S15	SES146	-1.0703	16.9401	18.0104
BLOCK13/SES130/SA130S15	SES275	-1.70395	16.3064	18.0104
BLOCK13/SES130/SA130S23	SES127	-2.79343	13.2557	16.0491
BLOCK13/SES130/SA130S23	SES144	-1.65093	14.3982	16.0491
BLOCK13/SES130/SA130S23	SES146	-1.02134	15.0278	16.0491
BLOCK13/SES130/SA130S23	SES162	-1.64624	14.4029	16.0491
BLOCK13/SES130/SA130S25	SES127	-1.12187	17.297	18.4189
BLOCK13/SES130/SA130S25	SES144	-0.813066	17.6058	18.4189
BLOCK13/SES130/SA130S25	SES146	-0.711245	17.7076	18.4189
BLOCK13/SES130/SA130S25	SES275	-0.913404	17.5055	18.4189
BLOCK13/SES130/SA130S28	SES127	-1.12567	15.9009	17.0266
BLOCK13/SES130/SA130S28	SES144	-0.957787	16.0688	17.0266
BLOCK13/SES130/SA130S28	SES146	-0.903597	16.123	17.0266
BLOCK13/SES130/SA130S28	SES275	-0.721228	16.3054	17.0266
BLOCK13/SES131/SA131S13	SES002	-2.50938	11.9172	14.4266
BLOCK13/SES131/SA131S13	SES007	-2.75024	11.6763	14.4266
BLOCK13/SES131/SA131S13	SES099	-2.37821	12.0484	14.4266
BLOCK13/SES131/SA131S13	SES105	-2.94819	11.4784	14.4266
BLOCK13/SES131/SA131S14	SES104	-0.735569	15.9284	16.664
BLOCK13/SES131/SA131S14	SES106	-1.70343	14.9605	16.664
BLOCK13/SES131/SA131S14	SES125	-1.51087	15.1531	16.664
BLOCK13/SES131/SA131S14	SES148	-1.62451	15.0395	16.664
BLOCK13/SES131/SA131S20	SES104	-3.01064	11.0607	14.0713
BLOCK13/SES131/SA131S20	SES106	-2.14077	11.9306	14.0713
BLOCK13/SES131/SA131S20	SES125	-2.96479	11.1066	14.0713
BLOCK13/SES131/SA131S20	SES148	-2.2575	11.8138	14.0713
BLOCK13/SES131/SA131S22	SES099	-2.47965	13.4175	15.8971
BLOCK13/SES131/SA131S22	SES104	-2.43565	13.4615	15.8971
BLOCK13/SES131/SA131S22	SES125	-2.59994	13.2972	15.8971
BLOCK13/SES131/SA131S22	SES206	-2.82082	13.0763	15.8971
BLOCK13/SES131/SA131S29	SES087	-1.94102	12.9457	14.8867
BLOCK13/SES131/SA131S29	SES104	-3.51626	11.3705	14.8867
BLOCK13/SES131/SA131S29	SES125	-3.27862	11.6081	14.8867
BLOCK13/SES131/SA131S29	SES206	-3.23083	11.6559	14.8867
BLOCK13/SES132/SA132S11	SES083	-2.87057	15.0045	17.8751
BLOCK13/SES132/SA132S11	SES120	-0.281387	17.5937	17.8751
BLOCK13/SES132/SA132S11	SES127	-2.051	15.8241	17.8751
BLOCK13/SES132/SA132S11	SES275	-1.88675	15.9883	17.8751
BLOCK13/SES132/SA132S12	SES083	-2.29786	15.6744	17.9722
BLOCK13/SES132/SA132S12	SES143	-1.34258	16.6297	17.9722
BLOCK13/SES132/SA132S12	SES144	-1.52037	16.4519	17.9722
BLOCK13/SES132/SA132S12	SES148	-1.14382	16.8284	17.9722
BLOCK13/SES132/SA132S22	SES062	-0.892	17.392	18.284
BLOCK13/SES132/SA132S22	SES083	-1.4533	16.8307	18.284
BLOCK13/SES132/SA132S22	SES127	-1.42047	16.8636	18.284
BLOCK13/SES132/SA132S22	SES275	-0.886055	17.398	18.284
BLOCK13/SES132/SA132S24	SES007	-1.08649	17.859	18.9455
BLOCK13/SES132/SA132S24	SES083	-2.78158	16.1639	18.9455
BLOCK13/SES132/SA132S24	SES127	-2.12164	16.8238	18.9455
BLOCK13/SES132/SA132S24	SES275	-1.52767	17.4178	18.9455
BLOCK13/SES132/SA132S27	SES083	-2.40304	15.1051	17.5082
BLOCK13/SES132/SA132S27	SES120	-0.286619	17.2216	17.5082
BLOCK13/SES132/SA132S27	SES127	-2.24599	15.2622	17.5082
BLOCK13/SES132/SA132S27	SES275	-2.0829	15.4253	17.5082
BLOCK14/SES141/SA141S09	SES143	-1.38009	16.0824	17.4625
BLOCK14/SES141/SA141S09	SES144	-0.789761	16.6727	17.4625
BLOCK14/SES141/SA141S09	SES162	-1.68996	15.7725	17.4625
BLOCK14/SES141/SA141S09	SES180	-1.53794	15.9246	17.4625
BLOCK14/SES141/SA141S15	SES127	-1.45535	15.5266	16.9819
BLOCK14/SES141/SA141S15	SES144	-1.41282	15.5691	16.9819
BLOCK14/SES141/SA141S15	SES162	-2.01672	14.9652	16.9819
BLOCK14/SES141/SA141S15	SES180	-1.66676	15.3152	16.9819
BLOCK14/SES141/SA141S24	SES127	-1.0437	16.4341	17.4778
BLOCK14/SES141/SA141S24	SES144	-1.77435	15.7035	17.4778
BLOCK14/SES141/SA141S24	SES162	-1.63016	15.8477	17.4778
BLOCK14/SES141/SA141S24	SES183	-1.57839	15.8994	17.4778
BLOCK14/SES141/SA141S26	SES142	-0.865587	15.9447	16.8103
BLOCK14/SES141/SA141S26	SES144	-1.45205	15.3583	16.8103
BLOCK14/SES141/SA141S26	SES172	-1.02643	15.7839	16.8103
BLOCK14/SES141/SA141S26	SES180	-1.22159	15.5887	16.8103
BLOCK14/SES141/SA141S29	SES127	-0.799997	16.4346	17.2346
BLOCK14/SES141/SA141S29	SES142	-0.523563	16.711	17.2346
BLOCK14/SES141/SA141S29	SES144	-1.5907	15.6439	17.2346
BLOCK14/SES141/SA141S29	SES180	-1.23009	16.0045	17.2346
BLOCK15/SES157/SA157S08	SES083	-2.45758	15.2312	17.6888
BLOCK15/SES157/SA157S08	SES127	-2.20858	15.4802	17.6888
BLOCK15/SES157/SA157S08	SES148	-2.05213	15.6366	17.6888
BLOCK15/SES157/SA157S08	SES292	-2.88449	14.8043	17.6888
BLOCK15/SES157/SA157S11	SES083	-2.54173	15.6122	18.154
BLOCK15/SES157/SA157S11	SES127	-1.44106	16.7129	18.154
BLOCK15/SES157/SA157S11	SES148	-2.42539	15.7286	18.154
BLOCK15/SES157/SA157S11	SES292	-2.13963	16.0143	18.154
BLOCK15/SES157/SA157S21	SES127	-1.02336	16.8934	17.9168
BLOCK15/SES157/SA157S21	SES148	-0.592411	17.3244	17.9168
BLOCK15/SES157/SA157S21	SES158	-5.04146	12.8753	17.9168
BLOCK15/SES157/SA157S21	SES292	-1.6438	16.273	17.9168
BLOCK15/SES157/SA157S24	SES127	-1.44653	16.5093	17.9558
BLOCK15/SES157/SA157S24	SES148	-1.57122	16.3846	17.9558
BLOCK15/SES157/SA157S24	SES183	-1.93036	16.0254	17.9558
BLOCK15/SES157/SA157S24	SES292	-2.20497	15.7508	17.9558
BLOCK15/SES157/SA157S26	SES007	-0.904861	17.1709	18.0758
BLOCK15/SES157/SA157S26	SES127	-0.853096	17.2227	18.0758
BLOCK15/SES157/SA157S26	SES147	-2.71848	15.3573	18.0758
BLOCK15/SES157/SA157S26	SES148	-1.5347	16.5411	18.0758
BLOCK16/SES161/SA161S10	SES007	-2.01636	13.4151	15.4315
BLOCK16/SES161/SA161S10	SES105	-1.74227	13.6892	15.4315
BLOCK16/SES161/SA161S10	SES158	-1.72299	13.7085	15.4315
BLOCK16/SES161/SA161S10	SES275	-1.37238	14.0591	15.4315
BLOCK16/SES161/SA161S12	SES007	-2.59097	13.6277	16.2186
BLOCK16/SES161/SA161S12	SES105	-3.38921	12.8294	16.2186
BLOCK16/SES161/SA161S12	SES158	-2.0617	14.1569	16.2186
BLOCK16/SES161/SA161S12	SES275	-1.64249	14.5761	16.2186
BLOCK16/SES161/SA161S20	SES007	-2.23221	12.6415	14.8737
BLOCK16/SES161/SA161S20	SES105	-3.34667	11.527	14.8737
BLOCK16/SES161/SA161S20	SES158	-2.01189	12.8618	14.8737
BLOCK16/SES161/SA161S20	SES275	-2.40465	12.4691	14.8737
BLOCK16/SES161/SA161S23	SES007	-2.55878	13.3158	15.8746
BLOCK16/SES161/SA161S23	SES105	-2.14285	13.7317	15.8746
BLOCK16/SES161/SA161S23	SES148	-2.27963	13.5949	15.8746
BLOCK16/SES161/SA161S23	SES158	-2.4113	13.4633	15.8746
BLOCK16/SES161/SA161S28	SES007	-2.52886	13.7222	16.251
BLOCK16/SES161/SA161S28	SES105	-2.86869	13.3824	16.251
BLOCK16/SES161/SA161S28	SES158	-1.67634	14.5747	16.251
BLOCK16/SES161/SA161S28	SES206	-1.68372	14.5673	16.251
BLOCK16/SES164/SA164S11	SES104	-2.245	14.8287	17.0737
BLOCK16/SES164/SA164S11	SES125	-1.50784	15.5659	17.0737
BLOCK16/SES164/SA164S11	SES158	-0.176777	16.897	17.0737
BLOCK16/SES164/SA164S11	SES206	-1.99898	15.0748	17.0737
BLOCK16/SES164/SA164S13	SES099	-1.81601	13.7458	15.5618
BLOCK16/SES164/SA164S13	SES104	-2.19539	13.3664	15.5618
BLOCK16/SES164/SA164S13	SES125	-2.22129	13.3405	15.5618
BLOCK16/SES164/SA164S13	SES206	-1.91062	13.6512	15.5618
BLOCK16/SES164/SA164S24	SES002	-0.392489	15.65	16.0425
BLOCK16/SES164/SA164S24	SES099	-1.61421	14.4283	16.0425
BLOCK16/SES164/SA164S24	SES125	-2.61039	13.4321	16.0425
BLOCK16/SES164/SA164S24	SES226	-0.217857	15.8246	16.0425
BLOCK16/SES164/SA164S27	SES087	-1.24679	14.6618	15.9086
BLOCK16/SES164/SA164S27	SES125	-2.18373	13.7248	15.9086
BLOCK16/SES164/SA164S27	SES206	-2.0166	13.892	15.9086
BLOCK16/SES164/SA164S27	SES226	-1.40051	14.508	15.9086
BLOCK16/SES164/SA164S29	SES002	-0.095088	15.6783	15.7734
BLOCK16/SES164/SA164S29	SES019	-1.96135	13.812	15.7734
BLOCK16/SES164/SA164S29	SES125	-1.85472	13.9186	15.7734
BLOCK16/SES164/SA164S29	SES226	-2.24249	13.5309	15.7734
BLOCK16/SES169/SA169S13	SES117	-1.15112	15.6575	16.8087
BLOCK16/SES169/SA169S13	SES144	-1.20579	15.6029	16.8087
BLOCK16/SES169/SA169S13	SES146	-1.45196	15.3567	16.8087
BLOCK16/SES169/SA169S13	SES162	-1.10072	15.7079	16.8087
BLOCK16/SES169/SA169S14	SES144	-1.92653	16.1169	18.0434
BLOCK16/SES169/SA169S14	SES148	-1.91242	16.131	18.0434
BLOCK16/SES169/SA169S14	SES177	-1.3743	16.6691	18.0434
BLOCK16/SES169/SA169S14	SES180	-2.23621	15.8072	18.0434
BLOCK16/SES169/SA169S24	SES117	-1.21126	14.5272	15.7384
BLOCK16/SES169/SA169S24	SES144	-0.47072	15.2677	15.7384
BLOCK16/SES169/SA169S24	SES146	-0.808608	14.9298	15.7384
BLOCK16/SES169/SA169S24	SES162	-1.0026	14.7358	15.7384
BLOCK16/SES169/SA169S27	SES127	-1.17244	15.5322	16.7047
BLOCK16/SES169/SA169S27	SES129	-1.7665	14.9382	16.7047
BLOCK16/SES169/SA169S27	SES144	-1.55625	15.1484	16.7047
BLOCK16/SES169/SA169S27	SES146	-0.433628	16.2711	16.7047
BLOCK16/SES169/SA169S29	SES144	-0.930746	16.7674	17.6981
BLOCK16/SES169/SA169S29	SES162	-0.803442	16.8947	17.6981
BLOCK16/SES169/SA169S29	SES177	-2.29336	15.4047	17.6981
BLOCK16/SES169/SA169S29	SES180	-1.09585	16.6023	17.6981
BLOCK17/SES171/SA171S12	SES083	-1.67697	14.7844	16.4614
BLOCK17/SES171/SA171S12	SES148	-2.1305	14.3309	16.4614
BLOCK17/SES171/SA171S12	SES172	-1.62116	14.8402	16.4614
BLOCK17/SES171/SA171S12	SES292	-2.4949	13.9665	16.4614
BLOCK17/SES171/SA171S15	SES148	-2.00541	14.0054	16.0108
BLOCK17/SES171/SA171S15	SES177	-1.66973	14.341	16.0108
BLOCK17/SES171/SA171S15	SES180	-2.82548	13.1853	16.0108
BLOCK17/SES171/SA171S15	SES292	-2.45563	13.5551	16.0108
BLOCK17/SES171/SA171S22	SES007	-1.66478	15.9863	17.6511
BLOCK17/SES171/SA171S22	SES148	-1.6873	15.9638	17.6511
BLOCK17/SES171/SA171S22	SES177	-0.843742	16.8074	17.6511
BLOCK17/SES171/SA171S22	SES180	-2.5724	15.0787	17.6511
BLOCK17/SES171/SA171S25	SES101	-1.77165	13.4905	15.2622
BLOCK17/SES171/SA171S25	SES120	-2.64762	12.6146	15.2622
BLOCK17/SES171/SA171S25	SES177	-1.20555	14.0566	15.2622
BLOCK17/SES171/SA171S25	SES180	-2.62313	12.6391	15.2622
BLOCK17/SES171/SA171S27	SES177	-1.09512	15.1389	16.234
BLOCK17/SES171/SA171S27	SES180	-2.85914	13.3749	16.234
BLOCK17/SES171/SA171S27	SES189	-1.50897	14.7251	16.234
BLOCK17/SES171/SA171S27	SES292	-2.35376	13.8803	16.234
BLOCK17/SES173/SA173S13	SES162	-3.69752	12.9777	16.6752
BLOCK17/SES173/SA173S13	SES177	-2.04849	14.6267	16.6752
BLOCK17/SES173/SA173S13	SES180	-3.41132	13.2639	16.6752
BLOCK17/SES173/SA173S13	SES292	-1.33125	15.3439	16.6752
BLOCK17/SES173/SA173S14	SES007	-1.74081	13.9453	15.6861
BLOCK17/SES173/SA173S14	SES162	-3.31587	12.3702	15.6861
BLOCK17/SES173/SA173S14	SES177	-1.25352	14.4326	15.6861
BLOCK17/SES173/SA173S14	SES180	-3.08707	12.599	15.6861
BLOCK17/SES173/SA173S24	SES144	-3.2046	12.0666	15.2712
BLOCK17/SES173/SA173S24	SES162	-3.27298	11.9982	15.2712
BLOCK17/SES173/SA173S24	SES177	-1.29748	13.9737	15.2712
BLOCK17/SES173/SA173S24	SES180	-3.23666	12.0346	15.2712
BLOCK17/SES173/SA173S27	SES162	-3.9877	12.493	16.4807
BLOCK17/SES173/SA173S27	SES177	-2.4154	14.0653	16.4807
BLOCK17/SES173/SA173S27	SES180	-2.72326	13.7575	16.4807
BLOCK17/SES173/SA173S27	SES292	-1.02701	15.4537	16.4807
BLOCK17/SES173/SA173S29	SES162	-2.47394	13.1961	15.67
BLOCK17/SES173/SA173S29	SES175	-1.2391	14.4309	15.67
BLOCK17/SES173/SA173S29	SES177	-0.754688	14.9153	15.67
BLOCK17/SES173/SA173S29	SES292	-1.69881	13.9712	15.67
BLOCK18/SES182/SA182S10	SES144	-1.32801	15.0321	16.3601
BLOCK18/SES182/SA182S10	SES177	-1.77262	14.5874	16.3601
BLOCK18/SES182/SA182S10	SES180	-2.24033	14.1197	16.3601
BLOCK18/SES182/SA182S10	SES275	-0.584524	15.7755	16.3601
BLOCK18/SES182/SA182S12	SES144	-0.540499	16.0272	16.5677
BLOCK18/SES182/SA182S12	SES177	-1.14569	15.422	16.5677
BLOCK18/SES182/SA182S12	SES180	-1.55762	15.0101	16.5677
BLOCK18/SES182/SA182S12	SES275	-0.424068	16.1436	16.5677
BLOCK18/SES182/SA182S21	SES117	-1.84354	13.9372	15.7807
BLOCK18/SES182/SA182S21	SES144	-1.57484	14.2059	15.7807
BLOCK18/SES182/SA182S21	SES162	-1.65885	14.1219	15.7807
BLOCK18/SES182/SA182S21	SES180	-2.83739	12.9433	15.7807
BLOCK18/SES182/SA182S23	SES117	-1.4899	15.0625	16.5524
BLOCK18/SES182/SA182S23	SES144	-1.97844	14.574	16.5524
BLOCK18/SES182/SA182S23	SES180	-2.58414	13.9683	16.5524
BLOCK18/SES182/SA182S23	SES275	-0.896181	15.6563	16.5524
BLOCK18/SES182/SA182S25	SES007	-0.212863	15.994	16.2069
BLOCK18/SES182/SA182S25	SES162	-1.18442	15.0225	16.2069
BLOCK18/SES182/SA182S25	SES177	-1.19478	15.0121	16.2069
BLOCK18/SES182/SA182S25	SES180	-2.04036	14.1665	16.2069
BLOCK18/SES184/SA184S12	SES177	-1.93057	14.5898	16.5204
BLOCK18/SES184/SA184S12	SES180	-1.26085	15.2595	16.5204
BLOCK18/SES184/SA184S12	SES189	-1.90672	14.6137	16.5204
BLOCK18/SES184/SA184S12	SES292	-1.59741	14.923	16.5204
BLOCK18/SES184/SA184S13	SES101	-1.68533	14.9489	16.6343
BLOCK18/SES184/SA184S13	SES177	-1.69126	14.943	16.6343
BLOCK18/SES184/SA184S13	SES180	-1.99511	14.6392	16.6343
BLOCK18/SES184/SA184S13	SES292	-2.30456	14.3297	16.6343
BLOCK18/SES184/SA184S22	SES177	-1.42319	16.6005	18.0237
BLOCK18/SES184/SA184S22	SES180	-2.05472	15.969	18.0237
BLOCK18/SES184/SA184S22	SES189	-2.56566	15.4581	18.0237
BLOCK18/SES184/SA184S22	SES292	-2.3615	15.6622	18.0237
BLOCK18/SES184/SA184S25	SES101	-1.05123	17.634	18.6852
BLOCK18/SES184/SA184S25	SES177	-2.0853	16.5999	18.6852
BLOCK18/SES184/SA184S25	SES180	-1.69604	16.9891	18.6852
BLOCK18/SES184/SA184S25	SES292	-1.99708	16.6881	18.6852
BLOCK18/SES184/SA184S27	SES083	-1.47549	15.154	16.6295
BLOCK18/SES184/SA184S27	SES177	-1.19617	15.4334	16.6295
BLOCK18/SES184/SA184S27	SES202	-1.80276	14.8268	16.6295
BLOCK18/SES184/SA184S27	SES292	-2.05195	14.5776	16.6295
BLOCK20/SES204/SA204S12	SES062	-1.39365	16.8399	18.2335
BLOCK20/SES204/SA204S12	SES083	-2.85871	15.3748	18.2335
BLOCK20/SES204/SA204S12	SES206	-2.08356	16.15	18.2335
BLOCK20/SES204/SA204S12	SES226	-2.63864	15.5949	18.2335
BLOCK20/SES204/SA204S14	SES068	-1.48792	18.4222	19.9101
BLOCK20/SES204/SA204S14	SES087	-0.571878	19.3383	19.9101
BLOCK20/SES204/SA204S14	SES206	-1.7925	18.1176	19.9101
BLOCK20/SES204/SA204S14	SES226	-3.26113	16.649	19.9101
BLOCK20/SES204/SA204S22	SES068	-2.17078	16.6312	18.802
BLOCK20/SES204/SA204S22	SES082	-3.61938	15.1826	18.802
BLOCK20/SES204/SA204S22	SES083	-3.9175	14.8845	18.802
BLOCK20/SES204/SA204S22	SES206	-2.43837	16.3636	18.802
BLOCK20/SES204/SA204S25	SES062	-1.62981	16.7524	18.3822
BLOCK20/SES204/SA204S25	SES083	-3.24241	15.1398	18.3822
BLOCK20/SES204/SA204S25	SES206	-1.38495	16.9973	18.3822
BLOCK20/SES204/SA204S25	SES226	-2.28695	16.0953	18.3822
BLOCK20/SES204/SA204S27	SES068	-2.11597	15.8975	18.0134
BLOCK20/SES204/SA204S27	SES082	-3.01639	14.9971	18.0134
BLOCK20/SES204/SA204S27	SES087	-1.39634	16.6171	18.0134
BLOCK20/SES204/SA204S27	SES206	-2.09575	15.9177	18.0134
BLOCK20/SES207/SA207S10	SES127	-1.93999	14.6177	16.5577
BLOCK20/SES207/SA207S10	SES183	-2.25044	14.3073	16.5577
BLOCK20/SES207/SA207S10	SES189	-1.91777	14.6399	16.5577
BLOCK20/SES207/SA207S10	SES292	-2.16438	14.3933	16.5577
BLOCK20/SES207/SA207S11	SES127	-2.18371	13.9358	16.1195
BLOCK20/SES207/SA207S11	SES183	-1.56767	14.5519	16.1195
BLOCK20/SES207/SA207S11	SES187	-1.64013	14.4794	16.1195
BLOCK20/SES207/SA207S11	SES292	-1.37459	14.745	16.1195
BLOCK20/SES207/SA207S25	SES068	-1.68372	14.9446	16.6283
BLOCK20/SES207/SA207S25	SES083	-2.35553	14.2727	16.6283
BLOCK20/SES207/SA207S25	SES127	-1.17564	15.4526	16.6283
BLOCK20/SES207/SA207S25	SES187	-1.30384	15.3244	16.6283
BLOCK20/SES207/SA207S27	SES127	-2.35436	12.4192	14.7736
BLOCK20/SES207/SA207S27	SES183	-1.29272	13.4808	14.7736
BLOCK20/SES207/SA207S27	SES187	-1.82816	12.9454	14.7736
BLOCK20/SES207/SA207S27	SES292	-2.2722	12.5014	14.7736
BLOCK20/SES207/SA207S29	SES083	-2.93464	13.5957	16.5303
BLOCK20/SES207/SA207S29	SES085	-0.912885	15.6175	16.5303
BLOCK20/SES207/SA207S29	SES172	-1.45844	15.0719	16.5303
BLOCK20/SES207/SA207S29	SES189	-2.53314	13.9972	16.5303
BLOCK22/SES221/SA221S12	SES068	-1.16597	16.6543	17.8202
BLOCK22/SES221/SA221S12	SES143	-2.33132	15.4889	17.8202
BLOCK22/SES221/SA221S12	SES175	-1.47827	16.342	17.8202
BLOCK22/SES221/SA221S12	SES202	-1.66932	16.1509	17.8202
BLOCK22/SES221/SA221S15	SES085	-1.00105	14.8469	15.8479
BLOCK22/SES221/SA221S15	SES143	-2.28781	13.5601	15.8479
BLOCK22/SES221/SA221S15	SES175	-0.862103	14.9858	15.8479
BLOCK22/SES221/SA221S15	SES187	-2.12308	13.7249	15.8479
BLOCK22/SES221/SA221S23	SES068	-1.49869	15.2386	16.7373
BLOCK22/SES221/SA221S23	SES143	-1.99745	14.7399	16.7373
BLOCK22/SES221/SA221S23	SES175	-0.753225	15.9841	16.7373
BLOCK22/SES221/SA221S23	SES189	-0.910853	15.8264	16.7373
BLOCK22/SES221/SA221S27	SES085	0.164974	16.9604	16.7954
BLOCK22/SES221/SA221S27	SES143	-1.60116	15.1943	16.7954
BLOCK22/SES221/SA221S27	SES175	-0.494339	16.3011	16.7954
BLOCK22/SES221/SA221S27	SES189	-0.0918903	16.7036	16.7954
BLOCK22/SES221/SA221S29	SES085	-0.211903	14.7901	15.002
BLOCK22/SES221/SA221S29	SES143	-1.09104	13.911	15.002
BLOCK22/SES221/SA221S29	SES175	-0.0804558	14.9216	15.002
BLOCK22/SES221/SA221S29	SES187	-1.49555	13.5065	15.002
BLOCK22/SES223/SA223S11	SES143	-1.79789	12.9728	14.7707
BLOCK22/SES223/SA223S11	SES144	-3.16017	11.6105	14.7707
BLOCK22/SES223/SA223S11	SES175	-1.34805	13.4226	14.7707
BLOCK22/SES223/SA223S11	SES187	-2.58012	12.1905	14.7707
BLOCK22/SES223/SA223S13	SES068	-1.06414	13.5241	14.5882
BLOCK22/SES223/SA223S13	SES143	-2.51316	12.0751	14.5882
BLOCK22/SES223/SA223S13	SES146	-2.88524	11.703	14.5882
BLOCK22/SES223/SA223S13	SES202	-2.79028	11.798	14.5882
BLOCK22/SES223/SA223S22	SES143	-1.57531	13.7723	15.3476
BLOCK22/SES223/SA223S22	SES144	-3.01222	12.3354	15.3476
BLOCK22/SES223/SA223S22	SES175	-1.73362	13.614	15.3476
BLOCK22/SES223/SA223S22	SES187	-1.46011	13.8875	15.3476
BLOCK22/SES223/SA223S25	SES068	-1.59453	14.3495	15.944
BLOCK22/SES223/SA223S25	SES143	-2.67588	13.2681	15.944
BLOCK22/SES223/SA223S25	SES175	-1.09504	14.8489	15.944
BLOCK22/SES223/SA223S25	SES187	-2.04255	13.9014	15.944
BLOCK22/SES223/SA223S27	SES143	-1.76401	12.8953	14.6593
BLOCK22/SES223/SA223S27	SES146	-1.87787	12.7814	14.6593
BLOCK22/SES223/SA223S27	SES187	-1.91468	12.7446	14.6593
BLOCK22/SES223/SA223S27	SES292	-1.12437	13.5349	14.6593
BLOCK27/SES273/SA273S12	SES099	-0.624014	18.802	19.426
BLOCK27/SES273/SA273S12	SES104	-0.995733	18.4303	19.426
BLOCK27/SES273/SA273S12	SES125	-1.84608	17.5799	19.426
BLOCK27/SES273/SA273S12	SES206	-0.863806	18.5622	19.426
BLOCK27/SES273/SA273S13	SES099	-1.02892	18.7565	19.7854
BLOCK27/SES273/SA273S13	SES104	-1.13777	18.6477	19.7854
BLOCK27/SES273/SA273S13	SES206	-1.14077	18.6447	19.7854
BLOCK27/SES273/SA273S13	SES292	-1.205	18.5805	19.7854
BLOCK27/SES273/SA273S21	SES099	-0.252758	18.7899	19.0426
BLOCK27/SES273/SA273S21	SES148	-3.03401	16.0086	19.0426
BLOCK27/SES273/SA273S21	SES149	-1.42731	17.6153	19.0426
BLOCK27/SES273/SA273S21	SES177	-1.97813	17.0645	19.0426
BLOCK27/SES273/SA273S25	SES104	-1.29438	17.4565	18.7509
BLOCK27/SES273/SA273S25	SES125	-1.70507	17.0458	18.7509
BLOCK27/SES273/SA273S25	SES158	-0.92034	17.8306	18.7509
BLOCK27/SES273/SA273S25	SES206	-0.417706	18.3332	18.7509
BLOCK27/SES273/SA273S27	SES099	-0.697905	18.2178	18.9158
BLOCK27/SES273/SA273S27	SES104	-1.44182	17.4739	18.9158
BLOCK27/SES273/SA273S27	SES149	-1.21866	17.6971	18.9158
BLOCK27/SES273/SA273S27	SES275	-1.7408	17.1749	18.9158
BLOCK27/SES274/SA274S10	SES105	-2.07177	16.1646	18.2364
BLOCK27/SES274/SA274S10	SES125	-2.81773	15.4186	18.2364
BLOCK27/SES274/SA274S10	SES129	-1.28338	16.953	18.2364
BLOCK27/SES274/SA274S10	SES158	-3.91476	14.3216	18.2364
BLOCK27/SES274/SA274S11	SES105	-1.63963	17.4025	19.0422
BLOCK27/SES274/SA274S11	SES149	-2.42022	16.6219	19.0422
BLOCK27/SES274/SA274S11	SES158	-2.83805	16.2041	19.0422
BLOCK27/SES274/SA274S11	SES275	-1.17925	17.8629	19.0422
BLOCK27/SES274/SA274S21	SES105	-2.26605	15.7669	18.0329
BLOCK27/SES274/SA274S21	SES129	-0.97599	17.0569	18.0329
BLOCK27/SES274/SA274S21	SES149	-1.93529	16.0976	18.0329
BLOCK27/SES274/SA274S21	SES158	-5.11785	12.9151	18.0329
BLOCK27/SES274/SA274S24	SES105	-1.80901	17.3407	19.1497
BLOCK27/SES274/SA274S24	SES129	-0.966768	18.1829	19.1497
BLOCK27/SES274/SA274S24	SES149	-2.56497	16.5847	19.1497
BLOCK27/SES274/SA274S24	SES158	-4.63974	14.51	19.1497
BLOCK27/SES274/SA274S29	SES105	-2.26284	15.5647	17.8275
BLOCK27/SES274/SA274S29	SES106	-3.10773	14.7198	17.8275
BLOCK27/SES274/SA274S29	SES120	-1.59949	16.228	17.8275
BLOCK27/SES274/SA274S29	SES275	-1.14422	16.6833	17.8275
BLOCK27/SES276/SA276S16	SES148	-2.07551	14.7401	16.8156
BLOCK27/SES276/SA276S16	SES172	-1.64018	15.1754	16.8156
BLOCK27/SES276/SA276S16	SES180	-2.12246	14.6931	16.8156
BLOCK27/SES276/SA276S16	SES292	-1.32584	15.4897	16.8156
BLOCK27/SES276/SA276S17	SES101	-1.20297	16.5491	17.752
BLOCK27/SES276/SA276S17	SES177	-1.76854	15.9835	17.752
BLOCK27/SES276/SA276S17	SES180	-1.45994	16.2921	17.752
BLOCK27/SES276/SA276S17	SES292	-1.69193	16.0601	17.752
BLOCK27/SES276/SA276S24	SES101	-0.371227	17.7822	18.1535
BLOCK27/SES276/SA276S24	SES177	-1.10348	17.05	18.1535
BLOCK27/SES276/SA276S24	SES180	-1.77548	16.378	18.1535
BLOCK27/SES276/SA276S24	SES292	-2.91838	15.2351	18.1535
BLOCK27/SES276/SA276S26	SES101	-2.32503	16.4432	18.7683
BLOCK27/SES276/SA276S26	SES177	-0.946651	17.8216	18.7683
BLOCK27/SES276/SA276S26	SES180	-0.405956	18.3623	18.7683
BLOCK27/SES276/SA276S26	SES292	-0.468206	18.3	18.7683
BLOCK27/SES276/SA276S28	SES101	-1.54207	16.6806	18.2227
BLOCK27/SES276/SA276S28	SES177	-2.02927	16.1934	18.2227
BLOCK27/SES276/SA276S28	SES180	-0.682821	17.5399	18.2227
BLOCK27/SES276/SA276S28	SES292	-1.22437	16.9983	18.2227
BLOCK27/SES277/SA277S12	SES101	-1.55013	13.6326	15.1828
BLOCK27/SES277/SA277S12	SES177	-2.59397	12.5888	15.1828
BLOCK27/SES277/SA277S12	SES180	-3.00172	12.181	15.1828
BLOCK27/SES277/SA277S12	SES292	-2.96698	12.2158	15.1828
BLOCK27/SES277/SA277S14	SES177	-1.45349	13.1937	14.6472
BLOCK27/SES277/SA277S14	SES180	-2.38653	12.2607	14.6472
BLOCK27/SES277/SA277S14	SES189	-0.493755	14.1535	14.6472
BLOCK27/SES277/SA277S14	SES292	-2.98746	11.6598	14.6472
BLOCK27/SES277/SA277S21	SES177	-1.25391	15.3647	16.6186
BLOCK27/SES277/SA277S21	SES180	-2.23848	14.3801	16.6186
BLOCK27/SES277/SA277S21	SES189	-0.511801	16.1068	16.6186
BLOCK27/SES277/SA277S21	SES292	-2.94239	13.6762	16.6186
BLOCK27/SES277/SA277S24	SES144	-2.04639	12.3843	14.4307
BLOCK27/SES277/SA277S24	SES177	-1.65299	12.7777	14.4307
BLOCK27/SES277/SA277S24	SES180	-2.82656	11.6041	14.4307
BLOCK27/SES277/SA277S24	SES189	-0.80943	13.6212	14.4307
BLOCK27/SES277/SA277S29	SES177	-1.66437	16.2261	17.8905
BLOCK27/SES277/SA277S29	SES180	-2.47818	15.4123	17.8905
BLOCK27/SES277/SA277S29	SES202	-1.9418	15.9487	17.8905
BLOCK27/SES277/SA277S29	SES292	-2.98232	14.9082	17.8905
BLOCK27/SES279/SA279S09	SES120	-2.09753	15.9617	18.0593
BLOCK27/SES279/SA279S09	SES146	-2.43951	15.6197	18.0593
BLOCK27/SES279/SA279S09	SES206	-1.46078	16.5985	18.0593
BLOCK27/SES279/SA279S09	SES226	-2.93732	15.1219	18.0593
BLOCK27/SES279/SA279S10	SES099	-0.327202	17.7038	18.031
BLOCK27/SES279/SA279S10	SES206	-0.937666	17.0933	18.031
BLOCK27/SES279/SA279S10	SES226	-2.57197	15.459	18.031
BLOCK27/SES279/SA279S10	SES292	-0.734762	17.2962	18.031
BLOCK27/SES279/SA279S20	SES099	-2.2985	15.7509	18.0494
BLOCK27/SES279/SA279S20	SES206	-0.806499	17.2429	18.0494
BLOCK27/SES279/SA279S20	SES226	-2.3058	15.7436	18.0494
BLOCK27/SES279/SA279S20	SES292	-0.650927	17.3984	18.0494
BLOCK27/SES279/SA279S26	SES099	-1.03075	16.6524	17.6832
BLOCK27/SES279/SA279S26	SES206	-0.424568	17.2586	17.6832
BLOCK27/SES279/SA279S26	SES226	-2.57337	15.1098	17.6832
BLOCK27/SES279/SA279S26	SES292	-0.347002	17.3361	17.6832
BLOCK27/SES279/SA279S28	SES099	-0.979637	18.7496	19.7292
BLOCK27/SES279/SA279S28	SES120	-1.37412	18.3551	19.7292
BLOCK27/SES279/SA279S28	SES177	-1.72644	18.0028	19.7292
BLOCK27/SES279/SA279S28	SES206	-1.35839	18.3708	19.7292
BLOCK29/SES290/SA290S12	SES162	-1.17148	16.543	17.7145
BLOCK29/SES290/SA290S12	SES177	-1.4369	16.2776	17.7145
BLOCK29/SES290/SA290S12	SES180	-2.33881	15.3756	17.7145
BLOCK29/SES290/SA290S12	SES292	-2.17354	15.5409	17.7145
BLOCK29/SES290/SA290S13	SES007	-1.86748	15.4891	17.3565
BLOCK29/SES290/SA290S13	SES162	-2.88779	14.4688	17.3565
BLOCK29/SES290/SA290S13	SES177	-1.15635	16.2002	17.3565
BLOCK29/SES290/SA290S13	SES180	-1.90461	15.4519	17.3565
BLOCK29/SES290/SA290S22	SES177	-0.873777	15.8986	16.7724
BLOCK29/SES290/SA290S22	SES180	-1.7273	15.0451	16.7724
BLOCK29/SES290/SA290S22	SES202	-1.46836	15.3041	16.7724
BLOCK29/SES290/SA290S22	SES292	-1.28895	15.4835	16.7724
BLOCK29/SES290/SA290S25	SES162	-1.70615	15.8122	17.5184
BLOCK29/SES290/SA290S25	SES177	-1.60834	15.91	17.5184
BLOCK29/SES290/SA290S25	SES180	-1.76222	15.7562	17.5184
BLOCK29/SES290/SA290S25	SES292	-1.40991	16.1085	17.5184
BLOCK29/SES290/SA290S29	SES177	-0.487228	17.0787	17.566
BLOCK29/SES290/SA290S29	SES180	-1.19744	16.3685	17.566
BLOCK29/SES290/SA290S29	SES275	-1.34064	16.2253	17.566
BLOCK29/SES290/SA290S29	SES292	-1.41356	16.1524	17.566
BLOCK29/SES291/SA291S11	SES105	-3.30645	12.6471	15.9535
BLOCK29/SES291/SA291S11	SES125	-0.846109	15.1074	15.9535
BLOCK29/SES291/SA291S11	SES158	-1.1608	14.7927	15.9535
BLOCK29/SES291/SA291S11	SES275	-2.82434	13.1292	15.9535
BLOCK29/SES291/SA291S12	SES158	0.353022	17.0204	16.6674
BLOCK29/SES291/SA291S12	SES226	-2.0296	14.6378	16.6674
BLOCK29/SES291/SA291S12	SES270	0.478165	17.1456	16.6674
BLOCK29/SES291/SA291S12	SES275	-3.82073	12.8467	16.6674
BLOCK29/SES291/SA291S22	SES082	-1.17877	16.1607	17.3394
BLOCK29/SES291/SA291S22	SES158	-1.27892	16.0605	17.3394
BLOCK29/SES291/SA291S22	SES259	-1.87694	15.4625	17.3394
BLOCK29/SES291/SA291S22	SES275	-3.65667	13.6828	17.3394
BLOCK29/SES291/SA291S24	SES104	-0.017004	18.5442	18.5612
BLOCK29/SES291/SA291S24	SES125	-0.929356	17.6318	18.5612
BLOCK29/SES291/SA291S24	SES158	-0.570166	17.991	18.5612
BLOCK29/SES291/SA291S24	SES275	-3.44625	15.1149	18.5612
BLOCK29/SES291/SA291S27	SES158	-0.209528	17.5195	17.729
BLOCK29/SES291/SA291S27	SES172	-4.0475	13.6815	17.729
BLOCK29/SES291/SA291S27	SES275	-4.04255	13.6864	17.729
BLOCK29/SES291/SA291S27	SES292	-2.17395	15.555	17.729
Threshold search:
THR	-5.11785949514	9	0(0)	1(1000)
THR	-5.0229080001886	8.982	0(0)	0.998(998)
THR	-4.9279565052372	8.982	0(0)	0.998(998)
THR	-4.8330050102858	8.973	0(0)	0.997(997)
THR	-4.7380535153344	8.973	0(0)	0.997(997)
THR	-4.643102020383	8.973	0(0)	0.997(997)
THR	-4.5481505254316	8.955	0(0)	0.995(995)
THR	-4.4531990304802	8.946	0(0)	0.994(994)
THR	-4.3582475355288	8.946	0(0)	0.994(994)
THR	-4.2632960405774	8.937	0(0)	0.993(993)
THR	-4.168344545626	8.928	0(0)	0.992(992)
THR	-4.0733930506746	8.919	0(0)	0.991(991)
THR	-3.9784415557232	8.874	0(0)	0.986(986)
THR	-3.8834900607718	8.847	0(0)	0.983(983)
THR	-3.7885385658204	8.829	0(0)	0.981(981)
THR	-3.693587070869	8.793	0(0)	0.977(977)
THR	-3.5986355759176	8.739	0(0)	0.971(971)
THR	-3.5036840809662	8.676	0(0)	0.964(964)
THR	-3.4087325860148	8.613	0(0)	0.957(957)
THR	-3.3137810910634	8.559	0(0)	0.951(951)
THR	-3.218829596112	8.46	0(0)	0.94(940)
THR	-3.1238781011606	8.406	0(0)	0.934(934)
THR	-3.0289266062092	8.307	0(0)	0.923(923)
THR	-2.9339751112578	8.145	0(0)	0.905(905)
THR	-2.8390236163064	7.938	0(0)	0.882(882)
THR	-2.744072121355	7.731	0(0)	0.859(859)
THR	-2.6491206264036	7.596	0(0)	0.844(844)
THR	-2.5541691314522	7.317	0(0)	0.813(813)
THR	-2.4592176365008	7.128	0(0)	0.792(792)
THR	-2.3642661415494	6.858	0(0)	0.762(762)
THR	-2.269314646598	6.561	0(0)	0.729(729)
THR	-2.1743631516466	6.219	0(0)	0.691(691)
THR	-2.0794116566952	5.904	0(0)	0.656(656)
THR	-1.9844601617438	5.472	0(0)	0.608(608)
THR	-1.8895086667924	5.049	0(0)	0.561(561)
THR	-1.794557171841	4.68	0(0)	0.52(520)
THR	-1.6996056768896	4.338	0(0)	0.482(482)
THR	-1.6046541819382	3.906	0(0)	0.434(434)
THR	-1.5097026869868	3.519	0(0)	0.391(391)
THR	-1.4147511920354	3.06	0(0)	0.34(340)
THR	-1.319799697084	2.709	0(0)	0.301(301)
THR	-1.2248482021326	2.34	0(0)	0.26(260)
THR	-1.1298967071812	1.926	0(0)	0.214(214)
THR	-1.0349452122298	1.683	0(0)	0.187(187)
THR	-0.939993717278402	1.422	0(0)	0.158(158)
THR	-0.845042222327002	1.17	0(0)	0.13(130)
THR	-0.750090727375602	0.963	0(0)	0.107(107)
THR	-0.655139232424202	0.778	0.004(1)	0.086(86)
THR	-0.560187737472802	0.607	0.004(1)	0.067(67)
THR	-0.465236242521402	0.463	0.004(1)	0.051(51)
THR	-0.370284747570003	0.319	0.004(1)	0.035(35)
THR	-0.275333252618603	0.251	0.008(2)	0.027(27)
THR	-0.180381757667203	0.174	0.012(3)	0.018(18)
THR	-0.0854302627158025	0.128	0.02(5)	0.012(12)
THR	0.00952123223559745	0.087	0.024(6)	0.007(7)
THR	0.104472727186997	0.082	0.028(7)	0.006(6)
THR	0.199424222138397	0.077	0.032(8)	0.005(5)
THR	0.294375717089797	0.105	0.06(15)	0.005(5)
THR	0.389327212041197	0.099	0.072(18)	0.003(3)
THR	0.484278706992597	0.101	0.092(23)	0.001(1)
THR	0.579230201943997	0.133	0.124(31)	0.001(1)
THR	0.674181696895397	0.165	0.156(39)	0.001(1)
THR	0.769133191846797	0.193	0.184(46)	0.001(1)
THR	0.864084686798197	0.213	0.204(51)	0.001(1)
THR	0.959036181749597	0.245	0.236(59)	0.001(1)
THR	1.053987676701	0.285	0.276(69)	0.001(1)
THR	1.1489391716524	0.336	0.336(84)	0(0)
THR	1.2438906666038	0.356	0.356(89)	0(0)
THR	1.3388421615552	0.4	0.4(100)	0(0)
THR	1.4337936565066	0.452	0.452(113)	0(0)
THR	1.528745151458	0.504	0.504(126)	0(0)
THR	1.6236966464094	0.556	0.556(139)	0(0)
THR	1.7186481413608	0.612	0.612(153)	0(0)
THR	1.8135996363122	0.668	0.668(167)	0(0)
THR	1.9085511312636	0.712	0.712(178)	0(0)
THR	2.003502626215	0.74	0.74(185)	0(0)
THR	2.0984541211664	0.772	0.772(193)	0(0)
THR	2.1934056161178	0.804	0.804(201)	0(0)
THR	2.2883571110692	0.84	0.84(210)	0(0)
THR	2.3833086060206	0.856	0.856(214)	0(0)
THR	2.478260100972	0.88	0.88(220)	0(0)
THR	2.5732115959234	0.904	0.904(226)	0(0)
THR	2.6681630908748	0.928	0.928(232)	0(0)
THR	2.7631145858262	0.944	0.944(236)	0(0)
THR	2.8580660807776	0.948	0.948(237)	0(0)
THR	2.953017575729	0.956	0.956(239)	0(0)
THR	3.0479690706804	0.96	0.96(240)	0(0)
THR	3.1429205656318	0.96	0.96(240)	0(0)
THR	3.2378720605832	0.968	0.968(242)	0(0)
THR	3.3328235555346	0.976	0.976(244)	0(0)
THR	3.427775050486	0.976	0.976(244)	0(0)
THR	3.5227265454374	0.976	0.976(244)	0(0)
THR	3.6176780403888	0.976	0.976(244)	0(0)
THR	3.7126295353402	0.976	0.976(244)	0(0)
THR	3.8075810302916	0.984	0.984(246)	0(0)
THR	3.902532525243	0.988	0.988(247)	0(0)
THR	3.9974840201944	0.988	0.988(247)	0(0)
THR	4.0924355151458	0.992	0.992(248)	0(0)
THR	4.1873870100972	0.996	0.996(249)	0(0)
THR	4.2823385050486	0.996	0.996(249)	0(0)
THR	4.37729	0.996	0.996(249)	0(0)
THR	4.47224149495139	1	1(250)	0(0)


==============================================
THR: 0.199424222138397
Missed:     8/250=0.0320
FalseAlarm: 5/1000=0.0050
----------------------------------------------
==> CostDetection: 7.7
==============================================
